62 sequence; length of alignment 101
alifold output
   14    57  0  99.7%   0.009 UG:2    UA:60  
    5    67  0  99.9%   0.004 GC:62  
    6    66  0  99.9%   0.006 UA:62  
    8    64  0  99.8%   0.006 AU:62  
    7    65  0  99.8%   0.007 UA:62  
   13    58  0  99.8%   0.007 GC:62  
   84    92  0  99.7%   0.011 GC:62  
   82    94  0  99.7%   0.014 GC:62  
   12    59  0  99.7%   0.010 UA:62  
   83    93  0  99.7%   0.015 AU:62  
   15    56  0  99.6%   0.018 GC:62  
    9    63  0  99.6%   0.016 GC:62  
   11    60  0  99.4%   0.017 CG:62  
   85    91  0  97.7%   0.071 AU:62  
   81    95  1  98.0%   0.075 AU:61  
   16    55  0  95.6%   0.204 UA:62  
    4    68  0  94.1%   0.180 UA:62  
   80    96  0  84.1%   0.511 UG:62  
   21    42  0  74.4%   0.838 CG:62  
   22    41  0  74.4%   0.662 GC:62  
   28    35  0  74.2%   0.856 GC:62  
   27    36  1  74.0%   0.861 GC:59   GU:2   
   20    43  1  74.0%   0.850 CG:61  
   23    40  0  71.6%   0.720 AU:62  
   29    34  0  60.2%   0.938 AU:62  
    3    69  0  58.5%   0.949 UG:62  
   76    99  0  26.5%   1.575 UA:62   +
   36    42  0  24.8%   1.509 CG:60   UG:2    +
   75   100  0  25.1%   1.484 UA:62   +
   35    43  0  24.8%   1.532 CG:62   +
   34    44  0  20.3%   1.332 UA:62   +
   19    52  0  19.9%   1.274 AU:62   +
   18    47  0  17.0%   1.029 GC:62  
   17    48  0  16.7%   1.113 GU:62  
   18    53  0  16.1%   1.475 GU:62   +
   46    51  0  14.5%   1.800 GC:62   +
   45    52  0  14.4%   1.998 AU:62   +
    2    70  0  14.2%   0.863 GU:62   +
   74   101  0  14.1%   1.109 UA:62   +
   44    53  0  12.8%   1.706 AU:62   +
   32    47  0  12.6%   1.408 GC:62   +
   33    45  0  12.5%   0.816 UA:62   +
   76   100  0  10.7%   1.825 UA:62   +
   25    49  0   8.7%   0.872 GU:1    AU:61   +
   31    48  1  10.1%   1.304 AU:61   +
   24    50  0   8.8%   0.828 CG:62   +
   26    48  0   8.4%   0.991 AU:62   +
   33    46  0   8.4%   0.997 UG:62   +
    1    71  0   8.1%   0.639 AU:62   +
   27    47  1   8.0%   1.395 GC:61   +
   22    51  0   6.1%   1.022 GC:62   +
   75   101  0   6.0%   1.443 UA:62   +
   21    27  1   5.9%   0.518 CG:61   +
   20    28  1   5.8%   0.511 CG:61   +
   27    52  0   4.3%   1.791 GU:61   AU:1    +
   75    99  0   4.7%   0.698 UA:62   +
   28    51  0   4.6%   1.392 GC:62   +
   34    45  0   4.2%   1.320 UA:62   +
   76    98  0   4.1%   0.673 UA:62   +
   18    51  0   4.0%   0.865 GC:62   +
   19    49  0   3.7%   0.428 AU:62   +
   74   100  0   3.7%   0.532 UA:62   +
   30    50  0   3.7%   0.792 CG:62   +
   26    52  0   3.6%   1.088 AU:62   +
   17    52  0   3.6%   0.986 GU:62   +
   27    51  1   3.8%   1.418 GC:61   +
   25    53  0   2.2%   0.875 GU:1    AU:61   +
   76    97  0   3.1%   0.391 UG:62   +
   75    98  0   3.1%   0.409 UA:62   +
   29    49  0   2.9%   1.071 AU:62   +
   17    51  0   2.9%   0.839 GC:62   +
   17    24  0   2.8%   0.303 GC:62   +
   71    78  0   1.8%   0.488 UG:9    UA:53   +
   72    77  0   1.6%   0.267 UG:46   UA:16   +
   26    53  0   2.4%   1.087 AU:62   +
   74    99  0   2.4%   0.344 UA:62   +
   31    49  1   2.3%   1.041 AU:61   +
   17    47  0   1.7%   0.361 GC:62   +
   70    79  0   1.6%   0.525 UA:62   +
   30    46  0   1.5%   0.290 CG:62   +
   27    48  0   0.5%   1.268 GU:61   AU:1    +
   16    25  0   0.4%   0.069 UG:1    UA:61   +
   71    77  0   0.4%   0.300 UG:46   UA:16   +
   21    50  0   1.3%   0.582 CG:62   +
   70    78  0   0.3%   0.364 UG:9    UA:53   +
   22    49  0   1.3%   0.541 GU:62   +
   72    78  0   0.3%   0.245 UG:9    UA:53   +
   16    57  0   0.2%   0.157 UG:2    UA:60   +
   73    80  0   0.1%   0.077 GU:34   AU:28   +
   17    53  0   1.1%   0.898 GU:62   +
   69    80  0   1.1%   0.467 GU:62   +
   70    77  0   0.1%   0.320 UG:46   UA:16   +
   17    36  0   0.1%   0.155 GC:60   GU:2    +
   36    43  0   0.0%   1.175 CG:60   UG:2    +
    3    73  0   0.0%   0.330 UG:34   UA:28   +
   28    36  0   0.0%   0.636 GC:60   GU:2    +
   18    62  0   0.0%   0.846 GC:1    GU:61   +
    9    62  0   0.0%   0.008 GC:1    GU:61   +
    7    73  0   0.0%   0.009 UG:34   UA:28   +
   16    37  0   0.0%   0.032 UG:3    UA:59   +
   27    53  0   0.0%   1.462 GU:61   AU:1    +
   74    78  0   0.0%   0.113 UG:9    UA:53   +
   27    49  0   0.0%   1.083 GU:61   AU:1    +
   25    52  0   0.0%   0.737 GU:1    AU:61   +
   25    40  0   0.0%   0.264 GU:1    AU:61   +
   14    25  0   0.0%   0.001 UG:1    UA:61   +
    4    78  0   0.0%   0.062 UG:9    UA:53   +
    3    78  0   0.0%   0.325 UG:9    UA:53   +
    4    77  0   0.0%   0.061 UG:46   UA:16   +
    3    77  0   0.0%   0.325 UG:46   UA:16   +
    4    25  0   0.0%   0.001 UG:1    UA:61   +
   12    27  0   0.0%   0.001 UG:61   UA:1    +
   27    33  0   0.0%   0.183 GU:61   AU:1    +
   25    34  0   0.0%   0.028 GU:1    AU:61   +
   37    49  0   0.0%   0.634 GU:3    AU:59   +
   27    34  0   0.0%   0.186 GU:61   AU:1    +
    4    73  0   0.0%   0.063 UG:34   UA:28   +
   36    50  0   0.0%   0.985 CG:60   UG:2    +
   25    48  0   0.0%   0.390 GU:1    AU:61   +
   49    57  0   0.0%   0.659 UG:2    UA:60   +
    4    57  0   0.0%   0.000 UG:2    UA:60   +
   28    62  0   0.0%   0.590 GC:1    GU:61   +
    6    73  0   0.0%   0.005 UG:34   UA:28   +
   12    57  0   0.0%   0.001 UG:2    UA:60   +
   32    36  0   0.0%   0.232 GC:60   GU:2    +
    7    77  0   0.0%   0.004 UG:46   UA:16   +
   37    53  0   0.0%   0.563 GU:3    AU:59   +
    6    78  0   0.0%   0.003 UG:9    UA:53   +
    3    57  0   0.0%   0.000 UG:2    UA:60   +
   36    46  0   0.0%   0.864 CG:60   UG:2    +
   33    37  0   0.0%   0.012 UG:3    UA:59   +
   36    96  0   0.0%   0.579 CG:60   UG:2    +
    7    25  0   0.0%   0.000 UG:1    UA:61   +
   17    30  0   0.8%   0.221 GC:62   +
   18    52  0   0.8%   0.739 GU:62   +
   18    30  0   0.8%   0.162 GC:62   +
   23    48  0   0.7%   0.681 AU:62   +
   16    54  0   0.7%   0.147 UA:62   +
   28    47  0   0.7%   1.085 GC:62   +
   32    48  0   0.7%   1.210 GU:62   +
   19    53  0   0.7%   0.916 AU:62   +
    1    72  0   0.6%   0.329 AU:62   +
    2    71  0   0.6%   0.575 GU:62   +
    1    70  0   0.6%   0.086 AU:62   +
   75    97  0   0.6%   0.120 UG:62   +
   74    98  0   0.5%   0.123 UA:62   +
   19    48  0   0.5%   0.384 AU:62   +
   76   101  0   0.4%   1.385 UA:62   +
   33    44  0   0.4%   0.080 UA:62   +
   26    49  0   0.3%   0.687 AU:62   +
   34    43  0   0.3%   0.601 UG:62   +
   35    42  0   0.3%   0.513 CG:62   +
   18    49  0   0.3%   0.423 GU:62   +
   72    97  0   0.2%   0.189 UG:62   +
   71    98  0   0.2%   0.397 UA:62   +
   71   100  0   0.2%   0.415 UA:62   +
   72    99  0   0.2%   0.216 UA:62   +
   22    52  0   0.2%   0.965 GU:62   +
   72   100  0   0.2%   0.228 UA:62   +
   71    79  0   0.2%   0.429 UA:62   +
   17    56  0   0.2%   0.839 GC:62   +
   76    96  0   0.2%   0.048 UG:62   +
   15    58  0   0.2%   0.049 GC:62   +
   14    59  0   0.2%   0.042 UA:62   +
   84    94  0   0.2%   0.043 GC:62   +
   85    93  0   0.2%   0.063 AU:62   +
   70    99  0   0.2%   0.437 UA:62   +
   86    92  0   0.2%   0.040 GC:62   +
   17    49  0   0.2%   0.550 GU:62   +
    2    72  0   0.2%   0.373 GU:62   +
   29    33  0   0.1%   0.029 AU:62   +
   32    41  0   0.1%   0.253 GC:62   +
   18    24  0   0.1%   0.127 GC:62   +
   70   101  0   0.1%   0.443 UA:62   +
   71   101  0   0.1%   0.415 UA:62   +
   23    52  0   0.1%   0.795 AU:62   +
   74    79  0   0.1%   0.113 UA:62   +
   28    34  0   0.1%   0.200 GU:62   +
   21    28  0   0.1%   0.357 CG:62   +
    3    68  0   0.1%   0.022 UA:62   +
   24    46  0   0.1%   0.138 CG:62   +
   72   101  0   0.1%   0.219 UA:62   +
   71    99  0   0.1%   0.394 UA:62   +
   22    53  0   0.1%   0.856 GU:62   +
   89    94  0   0.1%   0.033 GC:62   +
   87    96  0   0.1%   0.182 CG:62   +
   18    48  0   0.1%   0.669 GU:62   +
   72    81  0   0.1%   0.147 UA:62   +
   70   100  0   0.1%   0.430 UA:62   +
   44    49  0   0.1%   0.996 AU:62   +
   80    97  0   0.1%   0.376 UG:62   +
   72    98  0   0.1%   0.188 UA:62   +
   72    79  0   0.1%   0.218 UA:62   +
   45    53  0   0.1%   1.513 AU:62   +
   16    46  0   0.1%   0.045 UG:62   +
   71    97  0   0.1%   0.358 UG:62   +
    2    74  0   0.1%   0.335 GU:62   +
   32    51  0   0.1%   0.991 GC:62   +
   78    95  1   0.1%   0.121 GU:9    AU:52   +
   48    54  0   0.1%   0.920 UA:62   +
   46    52  0   0.1%   1.624 GU:62   +
   70    98  0   0.1%   0.410 UA:62   +
   33    50  0   0.1%   0.918 UG:62   +
   18    35  0   0.1%   0.059 GC:62   +
   19    34  0   0.0%   0.012 AU:62   +
   30    42  0   0.0%   0.309 CG:62   +
   29    52  0   0.0%   1.188 AU:62   +
   17    21  0   0.0%   0.011 GC:62   +
   15    47  0   0.0%   0.012 GC:62   +
   74    97  0   0.0%   0.048 UG:62   +
   71    82  0   0.0%   0.348 UG:62   +
   49    54  0   0.0%   0.690 UA:62   +
   33    39  0   0.0%   0.019 UA:62   +
   16    50  0   0.0%   0.044 UG:62   +
   32    40  0   0.0%   0.251 GU:62   +
   80    98  0   0.0%   0.502 UA:62   +
    2    75  0   0.0%   0.335 GU:62   +
    1    75  0   0.0%   0.272 AU:62   +
   46    53  0   0.0%   1.407 GU:62   +
   13    67  0   0.0%   0.011 GC:62   +
   12    68  0   0.0%   0.075 UA:62   +
   14    66  0   0.0%   0.024 UA:62   +
   11    69  0   0.0%   0.328 CG:62   +
   19    61  0   0.0%   0.515 AU:62   +
   17    63  0   0.0%   0.822 GC:62   +
   34    38  0   0.0%   0.324 UA:62   +
   70    83  0   0.0%   0.400 UA:62   +
   15    51  0   0.0%   0.011 GC:62   +
   72    96  0   0.0%   0.143 UG:62   +
    1    76  0   0.0%   0.274 AU:62   +
   28    53  0   0.0%   1.148 GU:62   +
   28    49  0   0.0%   0.886 GU:62   +
   77    95  1   0.0%   0.096 GU:45   AU:16   +
   29    48  0   0.0%   0.922 AU:62   +
   69    75  0   0.0%   0.328 GU:62   +
   74    96  0   0.0%   0.024 UG:62   +
   75    96  0   0.0%   0.018 UG:62   +
    4    69  0   0.0%   0.377 UG:62   +
   69    76  0   0.0%   0.328 GU:62   +
   30    43  0   0.0%   0.310 CG:62   +
   16    23  0   0.0%   0.005 UA:62   +
    8    72  0   0.0%   0.050 AU:62   +
   44    52  0   0.0%   1.121 AU:62   +
   45    49  0   0.0%   1.036 AU:62   +
    9    61  0   0.0%   0.005 GU:62   +
   23    49  0   0.0%   0.490 AU:62   +
   15    24  0   0.0%   0.004 GC:62   +
   28    52  0   0.0%   1.341 GU:62   +
   80    99  0   0.0%   0.829 UA:62   +
   21    32  0   0.0%   0.181 CG:62   +
    1    74  0   0.0%   0.267 AU:62   +
   22    58  0   0.0%   0.485 GC:62   +
   24    32  0   0.0%   0.115 CG:62   +
   42    47  0   0.0%   1.464 GC:62   +
   42    51  0   0.0%   1.266 GC:62   +
    2    67  0   0.0%   0.003 GC:62   +
   82    92  0   0.0%   0.007 GC:62   +
   44    48  0   0.0%   1.218 AU:62   +
   86    91  0   0.0%   0.027 GU:62   +
   83    91  0   0.0%   0.006 AU:62   +
    9    71  0   0.0%   0.245 GU:62   +
    3    66  0   0.0%   0.003 UA:62   +
   81    93  0   0.0%   0.009 AU:62   +
   22    30  0   0.0%   0.080 GC:62   +
   49    55  0   0.0%   0.689 UA:62   +
    4    65  0   0.0%   0.002 UA:62   +
   23    33  0   0.0%   0.004 AU:62   +
   70    86  0   0.0%   0.398 UG:62   +
   71    85  0   0.0%   0.344 UA:62   +
   69    87  0   0.0%   0.371 GC:62   +
   69    74  0   0.0%   0.325 GU:62   +
   80   100  0   0.0%   0.952 UA:62   +
    3    79  0   0.0%   0.327 UA:62   +
   68    76  0   0.0%   0.071 AU:62   +
   72    84  0   0.0%   0.138 UG:62   +
   48    55  0   0.0%   0.919 UA:62   +
    2    80  0   0.0%   0.329 GU:62   +
   19    33  0   0.0%   0.002 AU:62   +
    5    64  0   0.0%   0.002 GU:62   +
   75    79  0   0.0%   0.099 UA:62   +
   41    50  0   0.0%   0.638 CG:62   +
   70    97  0   0.0%   0.399 UG:62   +
   12    60  0   0.0%   0.011 UG:62   +
   28    48  0   0.0%   1.041 GU:62   +
   16    45  0   0.0%   0.032 UA:62   +
   43    51  0   0.0%   1.270 GC:62   +
   42    49  0   0.0%   1.224 GU:62   +
   41    46  0   0.0%   0.516 CG:62   +
   22    56  0   0.0%   0.484 GC:62   +
   34    39  0   0.0%   0.324 UA:62   +
   16    22  0   0.0%   0.001 UG:62   +
   75    81  0   0.0%   0.015 UA:62   +
    2    76  0   0.0%   0.330 GU:62   +
   73    95  1   0.0%   0.013 GU:33   AU:28   +
   18    34  0   0.0%   0.048 GU:62   +
   29    53  0   0.0%   0.986 AU:62   +
   28    41  0   0.0%   0.626 GC:62   +
   43    48  0   0.0%   1.463 GU:62   +
   24    28  0   0.0%   0.283 CG:62   +
   43    53  0   0.0%   1.157 GU:62   +
   76    83  0   0.0%   0.009 UA:62   +
   75    82  0   0.0%   0.012 UG:62   +
   75    84  0   0.0%   0.010 UG:62   +
    3    99  0   0.0%   0.327 UA:62   +
   33    42  0   0.0%   0.238 UG:62   +
    3    98  0   0.0%   0.327 UA:62   +
   29    40  0   0.0%   0.556 AU:62   +
    3   100  0   0.0%   0.327 UA:62   +
   23    53  0   0.0%   0.672 AU:62   +
   68    74  0   0.0%   0.073 AU:62   +
   17    35  0   0.0%   0.143 GC:62   +
   74    83  0   0.0%   0.019 UA:62   +
   76    81  0   0.0%   0.012 UA:62   +
   74    85  0   0.0%   0.018 UA:62   +
   71    96  0   0.0%   0.344 UG:62   +
   22    34  0   0.0%   0.006 GU:62   +
   42    52  0   0.0%   1.356 GU:62   +
   68    75  0   0.0%   0.073 AU:62   +
   22    47  0   0.0%   0.598 GC:62   +
   74    81  0   0.0%   0.022 UA:62   +
    4    98  0   0.0%   0.062 UA:62   +
   43    47  0   0.0%   1.467 GC:62   +
    4    97  0   0.0%   0.061 UG:62   +
   39    52  0   0.0%   0.768 AU:62   +
    4    99  0   0.0%   0.062 UA:62   +
   38    53  0   0.0%   0.565 AU:62   +
   74    82  0   0.0%   0.019 UG:62   +
   11    18  0   0.0%   0.001 CG:62   +
   10    19  0   0.0%   0.001 UA:62   +
   39    48  0   0.0%   0.872 AU:62   +
    5    24  0   0.0%   0.001 GC:62   +
    6    23  0   0.0%   0.001 UA:62   +
   12    17  0   0.0%   0.001 UG:62   +
   22    48  0   0.0%   0.552 GU:62   +
   26    33  0   0.0%   0.002 AU:62   +
   38    49  0   0.0%   0.636 AU:62   +
   50    56  0   0.0%   0.424 GC:62   +
    7    22  0   0.0%   0.001 UG:62   +
   11    28  0   0.0%   0.001 CG:62   +
   33    43  0   0.0%   0.239 UG:62   +
   10    29  0   0.0%   0.001 UA:62   +
    3    97  0   0.0%   0.326 UG:62   +
   80   101  0   0.0%   0.704 UA:62   +
   21    43  0   0.0%   0.622 CG:62   +
   43    49  0   0.0%   1.228 GU:62   +
   76    82  0   0.0%   0.009 UG:62   +
   16    44  0   0.0%   0.031 UA:62   +
    9    30  0   0.0%   0.001 GC:62   +
    3   101  0   0.0%   0.327 UA:62   +
    9    70  0   0.0%   0.315 GU:62   +
   75    83  0   0.0%   0.011 UA:62   +
    5    76  0   0.0%   0.004 GU:62   +
   28    33  0   0.0%   0.175 GU:62   +
    4   100  0   0.0%   0.062 UA:62   +
   42    48  0   0.0%   1.459 GU:62   +
   34    42  0   0.0%   0.545 UG:62   +
   10    60  0   0.0%   0.001 UG:62   +
   26    34  0   0.0%   0.005 AU:62   +
   71    84  0   0.0%   0.342 UG:62   +
   72    83  0   0.0%   0.138 UA:62   +
    8    71  0   0.0%   0.237 AU:62   +
   21    46  0   0.0%   0.405 CG:62   +
   72    85  0   0.0%   0.138 UA:62   +
    5    75  0   0.0%   0.007 GU:62   +
   24    43  0   0.0%   0.334 CG:62   +
   70    85  0   0.0%   0.396 UA:62   +
   38    48  0   0.0%   0.871 AU:62   +
   26    40  0   0.0%   0.241 AU:62   +
   24    42  0   0.0%   0.331 CG:62   +
   92    97  0   0.0%   0.180 CG:62   +
   76    84  0   0.0%   0.007 UG:62   +
   32    49  0   0.0%   0.941 GU:62   +
   75    85  0   0.0%   0.010 UA:62   +
   51    60  0   0.0%   0.964 CG:62   +
   47    60  0   0.0%   0.883 CG:62   +
    3    26  0   0.0%   0.000 UA:62   +
   91    98  0   0.0%   0.315 UA:62   +
   74    84  0   0.0%   0.017 UG:62   +
   71    86  0   0.0%   0.344 UG:62   +
   46    61  0   0.0%   0.576 GU:62   +
   50    61  0   0.0%   0.412 GU:62   +
   52    59  0   0.0%   1.065 UA:62   +
   68    80  0   0.0%   0.069 AU:62   +
    5    56  0   0.0%   0.000 GC:62   +
    6    55  0   0.0%   0.000 UA:62   +
   70    96  0   0.0%   0.397 UG:62   +
    7    54  0   0.0%   0.000 UA:62   +
   48    59  0   0.0%   0.890 UA:62   +
   34    46  0   0.0%   1.081 UG:62   +
   68    72  0   0.0%   0.111 AU:62   +
   71    81  0   0.0%   0.339 UA:62   +
   13    61  0   0.0%   0.004 GU:62   +
   71    89  0   0.0%   0.343 UG:62   +
   70    90  0   0.0%   0.397 UA:62   +
   14    55  0   0.0%   0.001 UA:62   +
   72    88  0   0.0%   0.137 UA:62   +
   74    86  0   0.0%   0.017 UG:62   +
   33    38  0   0.0%   0.011 UA:62   +
   16    32  0   0.0%   0.029 UG:62   +
   43    52  0   0.0%   1.359 GU:62   +
    8    53  0   0.0%   0.000 AU:62   +
   13    56  0   0.0%   0.000 GC:62   +
   18    56  0   0.0%   0.853 GC:62   +
   69    91  0   0.0%   0.370 GU:62   +
   70    81  0   0.0%   0.394 UA:62   +
   29    61  0   0.0%   0.428 AU:62   +
    9    64  0   0.0%   0.010 GU:62   +
   30    60  0   0.0%   0.277 CG:62   +
   18    63  0   0.0%   0.846 GC:62   +
   72    82  0   0.0%   0.139 UG:62   +
   15    53  0   0.0%   0.007 GU:62   +
   71    83  0   0.0%   0.344 UA:62   +
   17    64  0   0.0%   0.816 GU:62   +
    3    96  0   0.0%   0.326 UG:62   +
   16    26  0   0.0%   0.024 UA:62   +
   15    49  0   0.0%   0.005 GU:62   +
    1    80  0   0.0%   0.270 AU:62   +
   76    85  0   0.0%   0.007 UA:62   +
   16    29  0   0.0%   0.025 UA:62   +
    9    51  0   0.0%   0.001 GC:62   +
   26    64  0   0.0%   0.440 AU:62   +
    4    96  0   0.0%   0.061 UG:62   +
   16    65  0   0.0%   0.132 UA:62   +
    2    58  0   0.0%   0.000 GC:62   +
   10    50  0   0.0%   0.001 UG:62   +
   14    19  0   0.0%   0.000 UA:62   +
    5    63  0   0.0%   0.000 GC:62   +
    6    65  0   0.0%   0.001 UA:62   +
   11    22  0   0.0%   0.000 CG:62   +
   10    23  0   0.0%   0.001 UA:62   +
   32    52  0   0.0%   1.077 GU:62   +
    9    24  0   0.0%   0.000 GC:62   +
   15    52  0   0.0%   0.007 GU:62   +
   70    84  0   0.0%   0.396 UG:62   +
   13    47  0   0.0%   0.000 GC:62   +
   15    30  0   0.0%   0.002 GC:62   +
   14    46  0   0.0%   0.001 UG:62   +
   50    58  0   0.0%   0.423 GC:62   +
    8    61  0   0.0%   0.000 AU:62   +
   22    40  0   0.0%   0.002 GU:62   +
   21    60  0   0.0%   0.465 CG:62   +
   75    86  0   0.0%   0.010 UG:62   +
   60    67  0   0.0%   0.013 GC:62   +
   17    33  0   0.0%   0.142 GU:62   +
    4   101  0   0.0%   0.062 UA:62   +
   39    53  0   0.0%   0.566 AU:62   +
   40    54  0   0.0%   0.280 UA:62   +
   87    97  0   0.0%   0.171 CG:62   +
   38    52  0   0.0%   0.766 AU:62   +
   61    66  0   0.0%   0.009 UA:62   +
   39    49  0   0.0%   0.636 AU:62   +
    5    74  0   0.0%   0.007 GU:62   +
   42    53  0   0.0%   1.153 GU:62   +
    8    52  0   0.0%   0.000 AU:62   +
    8    76  0   0.0%   0.006 AU:62   +
   49    59  0   0.0%   0.659 UA:62   +
   51    86  0   0.0%   0.955 CG:62   +
   50    87  0   0.0%   0.408 GC:62   +
   14    50  0   0.0%   0.001 UG:62   +
   52    85  0   0.0%   1.050 UA:62   +
   70    82  0   0.0%   0.394 UG:62   +
   49    88  0   0.0%   0.644 UA:62   +
   15    48  0   0.0%   0.005 GU:62   +
   46    56  0   0.0%   0.589 GC:62   +
   56    60  0   0.0%   0.025 CG:62   +
   63    97  0   0.0%   0.007 CG:62   +
   55    61  0   0.0%   0.048 AU:62   +
   28    40  0   0.0%   0.644 GU:62   +
   13    51  0   0.0%   0.000 GC:62   +
   43    94  0   0.0%   0.595 GC:62   +
    2    30  0   0.0%   0.000 GC:62   +
   53    84  0   0.0%   0.833 UG:62   +
    9    72  0   0.0%   0.053 GU:62   +
    3    29  0   0.0%   0.000 UA:62   +
   14    54  0   0.0%   0.001 UA:62   +
    7    66  0   0.0%   0.005 UA:62   +
   41    96  0   0.0%   0.231 CG:62   +
   48    89  0   0.0%   0.875 UG:62   +
    4    28  0   0.0%   0.000 UG:62   +
   64    96  0   0.0%   0.003 UG:62   +
   44    93  0   0.0%   0.617 AU:62   +
   35    97  0   0.0%   0.598 CG:62   +
   86    94  0   0.0%   0.028 GC:62   +
   63    82  0   0.0%   0.007 CG:62   +
   64    81  0   0.0%   0.002 UA:62   +
    6    26  0   0.0%   0.000 UA:62   +
   34    98  0   0.0%   0.796 UA:62   +
   40    45  0   0.0%   0.636 UA:62   +
   18    41  0   0.0%   0.051 GC:62   +
    8    74  0   0.0%   0.010 AU:62   +
   43    63  0   0.0%   0.601 GC:62   +
   19    40  0   0.0%   0.005 AU:62   +
    9    52  0   0.0%   0.000 GU:62   +
   61    99  0   0.0%   0.005 UA:62   +
   15    21  0   0.0%   0.000 GC:62   +
   58    69  0   0.0%   0.333 CG:62   +
   83    95  1   0.2%   0.068 AU:61   +
   27    35  1   0.1%   0.208 GC:61   +
   20    50  1   0.1%   0.429 CG:61   +
   88    95  1   0.1%   0.057 AU:61   +
   20    27  2   0.2%   0.043 CG:60   +
   16    31  1   0.1%   0.038 UA:61   +
   31    52  1   0.1%   1.095 AU:61   +
   20    60  1   0.0%   0.425 CG:61   +
   20    46  1   0.0%   0.413 CG:61   +
   79    95  1   0.0%   0.101 AU:61   +
   20    32  1   0.0%   0.182 CG:61   +
    8    62  1   0.0%   0.002 AU:61   +
   95   100  1   0.0%   0.786 UA:61   +
   31    40  1   0.0%   0.246 AU:61   +
    9    20  1   0.0%   0.001 GC:61   +
   20    42  1   0.0%   0.181 CG:61   +
   95   101  1   0.0%   0.537 UA:61   +
   31    53  1   0.0%   0.889 AU:61   +
   27    63  1   0.0%   0.908 GC:61   +
   45    62  1   0.0%   0.683 AU:61   +
   19    62  1   0.0%   0.513 AU:61   +
   13    20  1   0.0%   0.000 GC:61   +
   82    95  1   0.0%   0.036 GU:61   +
   27    41  1   0.0%   0.632 GC:61   +
    1    95  1   0.0%   0.270 AU:61   +
   95    99  1   0.0%   0.662 UA:61   +
   62    98  1   0.0%   0.005 UA:61   +
   42    95  1   0.0%   0.591 GU:61   +
   62    83  1   0.0%   0.005 UA:61   +
   85    95  1   0.0%   0.074 AU:61   +
   54    62  1   0.0%   0.049 AU:61   +
..(((((((.((((((((.((((...(((....)))...))))...))......))))))..)))))))..........((((((.....)))))).....
