9 sequence; length of alignment 150
alifold output
   42    52  0  99.8%   0.010 CG:7    UG:2   
   24   107  0  99.8%   0.013 CG:9   
   25   106  0  99.8%   0.011 CG:9   
   23   108  0  99.8%   0.017 GC:9   
   41    53  0  99.8%   0.010 GC:9   
   39    55  0  99.8%   0.010 CG:9   
   40    54  0  99.7%   0.010 AU:9   
   22   109  0  99.7%   0.020 GC:9   
   26   105  0  99.7%   0.019 UA:9   
   38    56  0  99.5%   0.014 AU:9   
   16   114  0  98.4%   0.102 UG:1    UA:8   
   43    51  0  99.2%   0.042 UA:9   
   28   102  0  98.4%   0.067 CG:9   
   15   115  0  98.2%   0.118 GC:9   
   19   111  0  97.6%   0.074 UA:9   
   44    50  0  97.4%   0.120 UA:9   
   29   101  0  97.3%   0.099 UA:9   
   20   110  0  97.2%   0.095 CG:9   
   27   104  0  95.9%   0.263 GC:9   
   17   113  0  95.5%   0.175 UA:9   
   37    57  0  87.1%   0.609 CG:9   
   30   100  0  87.1%   0.380 AU:9   
  122   134  0  79.1%   0.596 GC:9   
  121   135  0  79.1%   0.601 GC:9   
  120   136  0  78.9%   0.595 UA:9   
  123   133  0  78.9%   0.562 CG:9   
  119   137  0  78.4%   0.593 AU:9   
   75    84  0  76.7%   0.943 AU:9   
   76    83  0  76.6%   1.121 GC:9   
   74    85  0  76.5%   0.959 CG:9   
   73    86  0  76.3%   0.850 CG:9   
   72    87  0  75.8%   0.888 CG:9   
  118   138  0  63.0%   1.175 CG:9   
   36    60  0  61.1%   1.239 CG:9   
   32    67  0  60.0%   0.968 UA:9   
   31    68  0  59.6%   1.006 GC:9   
   33    66  2  58.9%   1.188 CG:7   
   35    61  0  58.1%   1.321 GC:9   
   34    65  0  56.2%   1.196 AU:9   
  116   139  0  27.5%   1.423 GC:9    +
  117   141  0  26.1%   1.754 CG:9   
  116   142  0  25.9%   2.076 GC:9   
   86    91  0  21.2%   1.259 GC:9    +
   85    92  0  21.2%   1.295 GC:9    +
   35    58  0  21.0%   1.002 GC:9    +
   14   116  0  19.7%   1.040 CG:1    UG:8    +
   83    95  0  20.7%   1.574 CG:9    +
   82    96  0  20.5%   1.338 GC:9    +
    3   146  0  20.4%   1.478 AU:9    +
    4   145  0  19.4%   1.133 CG:8    UG:1    +
    2   147  0  20.3%   1.415 CG:9    +
   62    76  0  19.2%   1.136 CG:9    +
   63    75  0  19.2%   1.206 UA:9    +
   64    74  0  19.0%   1.254 GC:9    +
   61    77  0  18.9%   1.309 CG:9    +
  118   147  0  16.5%   1.818 CG:9    +
  119   146  0  16.5%   1.732 AU:9    +
    2   141  0  15.8%   0.913 CG:9    +
    1   142  0  15.6%   0.917 GC:9    +
  123   141  0  15.1%   1.969 CG:9    +
  122   142  0  15.0%   1.859 GC:9    +
  121   143  0  14.8%   1.239 GC:9    +
  120   145  0  14.6%   1.705 UG:9    +
  124   140  0  14.3%   1.473 AU:9    +
  117   149  0  14.3%   1.772 CG:9    +
  117   138  0  14.0%   0.863 CG:9    +
  116   150  0  13.7%   2.059 GC:9    +
    3   140  0  12.4%   0.815 AU:9    +
  127   134  0  11.3%   0.929 GC:9    +
  126   135  0  11.3%   0.926 GC:9    +
   84    93  0  11.0%   1.022 UA:9    +
   36    57  0  10.6%   0.734 CG:9    +
   84    94  0  10.5%   1.197 UA:9    +
  125   130  1   9.6%   0.676 CG:8    +
   35    96  0   8.0%   1.471 GC:9    +
   36    95  0   8.0%   1.260 CG:9    +
   34    63  0   7.5%   0.618 AU:9    +
   33    64  0   6.8%   0.620 CG:9    +
  125   138  0   6.4%   1.479 CG:9    +
   66    73  2   7.0%   1.159 GC:7    +
   66    72  2   5.7%   0.920 GC:7    +
   35    62  0   4.7%   1.113 GC:9    +
   11   147  0   3.5%   0.833 CG:1    UG:8    +
    9   149  0   3.4%   0.538 CG:6    UG:3    +
  124   137  0   4.3%   0.604 AU:9    +
  123   138  0   4.3%   1.181 CG:9    +
  126   139  0   4.3%   1.244 GC:9    +
  122   139  0   4.2%   0.998 GC:9    +
    2   149  0   4.1%   1.162 CG:9    +
    1   150  0   4.1%   0.843 GC:9    +
  121   140  0   3.9%   0.987 GU:9    +
   27   103  0   3.8%   0.389 GU:9    +
   10   148  0   3.6%   0.387 UA:9    +
  128   137  0   3.4%   0.770 AU:9    +
    2   145  0   3.4%   0.672 CG:9    +
  142   149  0   3.2%   1.900 CG:9    +
  141   150  0   3.2%   1.857 GC:9    +
    1   146  0   3.1%   0.669 GU:9    +
   12   146  0   3.0%   0.804 AU:9    +
    6   144  0   2.9%   0.539 AU:9    +
    3   144  0   2.7%   0.593 AU:9    +
    5   145  0   2.6%   0.866 CG:9    +
   31    98  0   1.4%   0.645 GC:5    GU:4    +
    4   147  0   1.4%   0.888 CG:8    UG:1    +
  126   137  0   2.3%   0.843 GU:9    +
   86    97  0   1.2%   0.798 GC:7    GU:2    +
   85    98  0   1.1%   0.802 GC:5    GU:4    +
    9   130  0   0.0%   0.021 CG:6    UG:2    UA:1    +
   70    77  0   1.8%   0.658 CG:9    +
   71    76  0   1.8%   0.636 CG:9    +
    5   141  0   1.7%   0.583 CG:9    +
    8    13  0   0.7%   0.140 UG:5    UA:4    +
  133   139  0   1.6%   1.045 GC:9    +
  134   138  0   1.6%   1.537 CG:9    +
    4   122  0   0.5%   0.117 CG:8    UG:1    +
  140   148  0   1.5%   1.188 UA:9    +
  139   149  0   1.5%   1.480 CG:9    +
  125   145  0   1.5%   1.492 CG:9    +
  124   146  0   1.5%   1.503 AU:9    +
    6   140  0   1.5%   0.516 AU:9    +
  123   147  0   1.5%   1.685 CG:9    +
  126   144  0   1.4%   0.957 GU:9    +
  127   143  0   1.4%   0.810 GC:9    +
   79    98  0   0.4%   0.228 GC:5    GU:4    +
  132   140  0   1.4%   0.978 AU:9    +
   60    96  0   1.4%   0.852 GC:9    +
   31    97  0   0.4%   0.506 GC:7    GU:2    +
   61    95  0   1.4%   1.129 CG:9    +
    9   147  0   0.3%   0.515 CG:6    UG:3    +
    9   141  0   0.2%   0.428 CG:6    UG:3    +
   79    97  0   0.2%   0.145 GC:7    GU:2    +
   87    96  0   1.2%   1.096 GC:9    +
   11   145  0   0.2%   0.589 CG:1    UG:8    +
   17    66  0   0.1%   0.059 UG:7    UA:2    +
   32    66  0   0.1%   0.067 UG:7    UA:2    +
   63    93  0   1.1%   0.734 UA:9    +
   64    92  0   1.1%   0.793 GC:9    +
    9   121  0   0.1%   0.062 CG:6    UG:3    +
   98   147  0   0.1%   0.727 CG:5    UG:4    +
    4   149  0   0.1%   0.597 CG:8    UG:1    +
   19   114  0   0.1%   0.083 UG:1    UA:8    +
   14   145  0   0.1%   0.954 CG:1    UG:8    +
   33    60  0   1.1%   0.183 CG:9    +
   11   141  0   0.1%   0.417 CG:1    UG:8    +
   59    65  0   1.1%   0.568 AU:9    +
   35    97  0   0.1%   1.055 GC:7    GU:2    +
   69    77  0   1.0%   0.510 CG:9    +
   11   121  0   0.0%   0.068 CG:1    UG:8    +
   70    76  0   1.0%   0.495 CG:9    +
   13   144  0   0.0%   0.300 GU:5    AU:4    +
   77    97  0   0.0%   0.530 GC:7    GU:2    +
    9   122  0   0.0%   0.060 CG:6    UG:3    +
   76    98  0   0.0%   0.763 GC:5    GU:4    +
   42    95  0   0.0%   0.282 CG:7    UG:2    +
  114   146  0   0.0%   0.618 GU:1    AU:8    +
   82    97  0   0.0%   0.404 GC:7    GU:2    +
   60    97  0   0.0%   0.513 GC:7    GU:2    +
   13   120  0   0.0%   0.109 GU:5    AU:4    +
   97   106  0   0.0%   0.109 CG:7    UG:2    +
    9    15  0   0.0%   0.061 CG:6    UG:3    +
   35    42  0   0.0%   0.013 GC:7    GU:2    +
    1     9  0   0.0%   0.016 GC:6    GU:3    +
    4   141  0   0.0%   0.361 CG:8    UG:1    +
   42    60  0   0.0%   0.398 CG:7    UG:2    +
   56    66  0   0.0%   0.355 UG:7    UA:2    +
   63    81  0   0.0%   0.582 UG:1    UA:8    +
    9   145  0   0.0%   0.570 CG:6    UG:3    +
    4   138  0   0.0%   0.074 CG:8    UG:1    +
  114   144  0   0.0%   0.263 GU:1    AU:8    +
  130   140  0   0.0%   1.099 GU:8    AU:1    +
   13   146  0   0.0%   0.655 GU:5    AU:4    +
   13   140  0   0.0%   0.407 GU:5    AU:4    +
   42    77  0   0.0%   0.010 CG:7    UG:2    +
   60    98  0   0.0%   0.546 GC:5    GU:4    +
  114   140  0   0.0%   0.366 GU:1    AU:8    +
   97   102  0   0.0%   0.141 CG:7    UG:2    +
   11   110  0   0.0%   0.014 CG:1    UG:8    +
   64    98  0   0.0%   0.774 GC:5    GU:4    +
   87    97  0   0.0%   0.432 GC:7    GU:2    +
   11   116  0   0.0%   0.023 CG:1    UG:8    +
   17   114  0   0.0%   0.103 UG:1    UA:8    +
    9   116  0   0.0%   0.018 CG:6    UG:3    +
   86    98  0   0.0%   0.792 GC:5    GU:4    +
   29    66  0   0.0%   0.027 UG:7    UA:2    +
  130   137  0   0.0%   0.837 GU:8    AU:1    +
    1    11  0   0.0%   0.013 GC:1    GU:8    +
   42    82  0   0.0%   0.016 CG:7    UG:2    +
   43    81  0   0.0%   0.034 UG:1    UA:8    +
    4    18  0   0.0%   0.037 CG:8    UG:1    +
   35    98  0   0.0%   1.086 GC:5    GU:4    +
   65    81  0   0.0%   0.437 UG:1    UA:8    +
   81   100  0   0.0%   0.161 GU:1    AU:8    +
   54    81  0   0.0%   0.014 UG:1    UA:8    +
   11   149  0   0.0%   0.412 CG:1    UG:8    +
   66    97  0   0.0%   0.855 GC:7    AU:2    +
   85    97  0   0.0%   0.607 GC:7    GU:2    +
    1    14  0   0.0%   0.013 GC:1    GU:8    +
    4    15  0   0.0%   0.055 CG:8    UG:1    +
    9    18  0   0.0%   0.037 CG:6    UG:3    +
   64    97  0   0.0%   0.739 GC:7    GU:2    +
   14   141  0   0.0%   0.778 CG:1    UG:8    +
   14   147  0   0.0%   0.959 CG:1    UG:8    +
   98   102  0   0.0%   0.183 CG:5    UG:4    +
   87    98  0   0.0%   0.475 GC:5    GU:4    +
   77    98  0   0.0%   0.561 GC:5    GU:4    +
    4   116  0   0.0%   0.042 CG:8    UG:1    +
   26    66  0   0.0%   0.019 UG:7    UA:2    +
   82    98  0   0.0%   0.446 GC:5    GU:4    +
   14   149  0   0.0%   0.656 CG:1    UG:8    +
   11   122  0   0.0%   0.059 CG:1    UG:8    +
    4   127  0   0.0%   0.062 CG:8    UG:1    +
   11    18  0   0.0%   0.042 CG:1    UG:8    +
    9   138  0   0.0%   0.042 CG:6    UG:3    +
   76    97  0   0.0%   0.718 GC:7    GU:2    +
   29    81  0   0.0%   0.016 UG:1    UA:8    +
   97   149  0   0.0%   0.368 CG:7    UG:2    +
   11   138  0   0.0%   0.042 CG:1    UG:8    +
   97   147  0   0.0%   0.664 CG:7    UG:2    +
   14   126  0   0.0%   0.392 CG:1    UG:8    +
    4   121  0   0.0%   0.035 CG:8    UG:1    +
   32    81  0   0.0%   0.350 UG:1    UA:8    +
   42    76  0   0.0%   0.006 CG:7    UG:2    +
   98   126  0   0.0%   0.143 CG:5    UG:4    +
   97   127  0   0.0%   0.103 CG:7    UG:2    +
   19    66  0   0.0%   0.012 UG:7    UA:2    +
   42    57  0   0.0%   0.370 CG:7    UG:2    +
   11    15  0   0.0%   0.063 CG:1    UG:8    +
   57    98  0   0.0%   0.446 GC:5    GU:4    +
   97   126  0   0.0%   0.103 CG:7    UG:2    +
   98   149  0   0.0%   0.416 CG:5    UG:4    +
    9   110  0   0.0%   0.007 CG:6    UG:3    +
   56    81  0   0.0%   0.014 UG:1    UA:8    +
   31    42  0   0.0%   0.005 GC:7    GU:2    +
    9    95  0   0.0%   0.007 CG:6    UG:3    +
    9   133  0   0.0%   0.021 CG:6    UG:3    +
   81   140  0   0.0%   0.336 GU:1    AU:8    +
   13   137  0   0.0%   0.081 GU:5    AU:4    +
   66   103  0   0.0%   0.950 GU:7    AU:2    +
   31    96  0   1.0%   0.533 GC:9    +
   32    99  0   1.0%   0.530 UA:9    +
  130   135  1   1.4%   0.880 GC:8    +
   84    99  0   0.9%   0.872 UA:9    +
   32    95  0   0.9%   0.483 UG:9    +
    5   147  0   0.8%   0.745 CG:9    +
  118   145  0   0.8%   0.988 CG:9    +
  127   135  0   0.7%   0.788 GC:9    +
  119   144  0   0.7%   0.550 AU:9    +
   86    92  0   0.7%   1.071 GC:9    +
   69    79  0   0.7%   0.217 CG:9    +
  138   150  0   0.7%   1.486 GC:9    +
   87    91  0   0.7%   0.713 GC:9    +
   36    64  0   0.7%   0.857 CG:9    +
    6   146  0   0.7%   0.769 AU:9    +
   71    77  0   0.7%   0.661 CG:9    +
   72    76  0   0.6%   0.713 CG:9    +
  116   140  0   0.6%   1.135 GU:9    +
   58    64  0   0.6%   0.686 CG:9    +
    6    17  0   0.5%   0.099 AU:9    +
    7    16  0   0.5%   0.137 AU:9    +
   31   100  0   0.5%   0.727 GU:9    +
    5   121  0   0.5%   0.123 CG:9    +
    5    18  0   0.5%   0.097 CG:9    +
   31    61  0   0.5%   0.102 GC:9    +
   71    87  0   0.5%   0.239 CG:9    +
   44    49  0   0.5%   0.080 UA:9    +
  120   141  0   0.5%   1.064 UG:9    +
    8    15  0   0.5%   0.141 UG:9    +
    6   120  0   0.5%   0.117 AU:9    +
   32    60  0   0.4%   0.085 UG:9    +
   59    63  0   0.4%   0.321 AU:9    +
   58    66  2   1.1%   0.863 CG:7    +
   64    96  0   0.4%   1.065 GC:9    +
   65    95  0   0.4%   0.876 UG:9    +
   31    62  0   0.4%   0.111 GC:9    +
    2    15  0   0.4%   0.063 CG:9    +
  121   144  0   0.4%   0.976 GU:9    +
  143   149  0   0.4%   1.191 CG:9    +
  143   147  0   0.4%   1.421 CG:9    +
   65    93  0   0.3%   0.564 UA:9    +
   72    86  0   0.3%   0.271 CG:9    +
  144   148  0   0.3%   0.616 UA:9    +
  117   147  0   0.3%   1.282 CG:9    +
   33    95  0   0.3%   0.653 CG:9    +
    8   148  0   0.3%   0.132 UA:9    +
   19   113  0   0.3%   0.125 UA:9    +
    1    16  0   0.3%   0.061 GU:9    +
  139   145  0   0.3%   1.731 CG:9    +
   30    63  0   0.3%   0.060 AU:9    +
   91    95  0   0.3%   1.137 CG:9    +
   43    50  0   0.2%   0.047 UA:9    +
  117   145  0   0.2%   1.247 CG:9    +
  115   141  0   0.2%   0.469 CG:9    +
   35    65  0   0.2%   1.181 GU:9    +
   63    94  0   0.2%   0.674 UA:9    +
  116   146  0   0.2%   1.714 GU:9    +
   31    65  0   0.2%   0.106 GU:9    +
    5   138  0   0.2%   0.114 CG:9    +
   65    90  0   0.2%   0.480 UA:9    +
   69    76  0   0.2%   0.382 CG:9    +
    7    14  1   0.7%   0.139 AU:8    +
   68    77  0   0.2%   0.683 CG:9    +
   73    85  0   0.2%   0.243 CG:9    +
   62    95  0   0.2%   0.866 CG:9    +
    4    13  3   0.7%   0.101 CG:5    UA:1    +
   22    62  0   0.2%   0.032 GC:9    +
   23    61  0   0.2%   0.032 GC:9    +
   70    79  0   0.2%   0.233 CG:9    +
   21    63  0   0.2%   0.033 AU:9    +
   20    64  0   0.2%   0.034 CG:9    +
   64    91  0   0.2%   0.664 GC:9    +
  122   143  0   0.2%   0.989 GC:9    +
   57    65  0   0.2%   0.766 GU:9    +
  142   147  0   0.2%   1.940 CG:9    +
   18   115  0   0.2%   0.086 GC:9    +
   12   144  0   0.1%   0.246 AU:9    +
   16    67  0   0.1%   0.073 UA:9    +
   15    68  0   0.1%   0.082 GC:9    +
   58    79  0   0.1%   0.460 CG:9    +
  129   140  0   0.1%   0.816 AU:9    +
   31    69  0   0.1%   0.407 GC:9    +
   29   102  0   0.1%   0.089 UG:9    +
  116   143  0   0.1%   1.128 GC:9    +
    1     5  0   0.1%   0.026 GC:9    +
   68    79  0   0.1%   0.388 CG:9    +
   26    59  0   0.1%   0.026 UA:9    +
   27    58  0   0.1%   0.031 GC:9    +
   96   102  0   0.1%   0.769 CG:9    +
   64    71  0   0.1%   0.325 GC:9    +
  139   147  0   0.1%   1.714 CG:9    +
   18    65  0   0.1%   0.055 GU:9    +
   95   103  0   0.1%   0.856 GU:9    +
    1   117  0   0.1%   0.056 GC:9    +
   29    64  0   0.1%   0.042 UG:9    +
    2   116  0   0.1%   0.047 CG:9    +
   99   146  0   0.1%   0.688 AU:9    +
   58    82  0   0.1%   0.465 CG:9    +
    1   139  0   0.1%   0.062 GC:9    +
   96   149  0   0.1%   1.004 CG:9    +
   28    57  0   0.1%   0.027 CG:9    +
   95   150  0   0.1%   0.868 GC:9    +
  100   145  0   0.1%   0.738 UG:9    +
   24    60  0   0.1%   0.021 CG:9    +
  101   144  0   0.1%   0.271 AU:9    +
  102   143  0   0.1%   0.070 GC:9    +
    2   138  0   0.1%   0.052 CG:9    +
   60    83  0   0.1%   0.446 GC:9    +
  104   141  0   0.1%   0.451 CG:9    +
   35    83  0   0.1%   0.830 GC:9    +
  105   140  0   0.1%   0.356 AU:9    +
   36    82  0   0.1%   0.606 CG:9    +
   57    83  0   0.1%   0.404 GC:9    +
   64    69  0   0.1%   0.319 GC:9    +
   33    79  0   0.1%   0.564 CG:9    +
  106   139  0   0.1%   0.033 GC:9    +
   39    64  0   0.1%   0.260 CG:9    +
   40    63  0   0.1%   0.245 AU:9    +
   38    65  0   0.1%   0.383 AU:9    +
   34    84  0   0.1%   0.544 AU:9    +
   59    84  0   0.1%   0.117 AU:9    +
   28    35  0   0.1%   0.018 CG:9    +
   44    51  0   0.1%   0.079 UA:9    +
    1   143  0   0.1%   0.355 GC:9    +
   72    77  0   0.1%   0.695 CG:9    +
   32    80  0   0.1%   0.361 UA:9    +
   64    73  0   0.1%   0.319 GC:9    +
    6   137  0   0.1%   0.085 AU:9    +
   41    62  0   0.1%   0.197 GC:9    +
   45    58  0   0.1%   0.357 GC:9    +
   61    82  0   0.1%   0.710 CG:9    +
   78   100  0   0.1%   0.171 AU:9    +
   64    70  0   0.1%   0.311 GC:9    +
   27    36  0   0.1%   0.016 GC:9    +
   29    34  0   0.1%   0.016 UA:9    +
    3    14  1   0.6%   0.093 AU:8    +
   33    85  0   0.1%   0.567 CG:9    +
   12   140  0   0.1%   0.348 AU:9    +
   44    59  0   0.1%   0.087 UA:9    +
   47    56  0   0.1%   0.023 GU:9    +
  115   147  0   0.1%   0.632 CG:9    +
  127   139  0   0.1%   0.943 GC:9    +
    7   140  0   0.1%   0.403 AU:9    +
  127   142  0   0.1%   1.240 GC:9    +
  126   143  0   0.1%   0.813 GC:9    +
   60    68  0   0.1%   0.738 GC:9    +
    7   144  0   0.1%   0.288 AU:9    +
    8   122  0   0.1%   0.112 UG:9    +
   25    60  0   0.1%   0.022 CG:9    +
   31    36  0   0.1%   0.019 GC:9    +
   60    69  0   0.1%   0.434 GC:9    +
   58    85  0   0.1%   0.462 CG:9    +
  107   117  0   0.1%   0.028 GC:9    +
  127   137  0   0.1%   0.718 GU:9    +
   64    83  0   0.1%   0.656 GC:9    +
   65    82  0   0.1%   0.469 UG:9    +
   47    69  0   0.1%   0.031 GC:9    +
   48    68  0   0.1%   0.335 GC:9    +
   94   100  0   0.1%   0.433 AU:9    +
   53    60  0   0.1%   0.412 CG:9    +
   43    60  0   0.1%   0.430 UG:9    +
    8   145  0   0.1%   0.616 UG:9    +
    7   146  0   0.1%   0.555 AU:9    +
   46    70  0   0.1%   0.016 GC:9    +
  129   137  0   0.1%   0.552 AU:9    +
  108   116  0   0.1%   0.353 CG:9    +
   12   120  0   0.1%   0.042 AU:9    +
    8   119  0   0.1%   0.077 UA:9    +
  138   146  0   0.1%   1.939 GU:9    +
   54    59  0   0.1%   0.037 UA:9    +
   31    91  0   0.1%   0.403 GC:9    +
   45    71  0   0.0%   0.020 GC:9    +
   52    61  0   0.0%   0.370 GC:9    +
   28    95  0   0.0%   0.026 CG:9    +
  107   142  0   0.0%   0.313 GC:9    +
  106   143  0   0.0%   0.040 GC:9    +
  105   144  0   0.0%   0.250 AU:9    +
  108   141  0   0.0%   0.415 CG:9    +
   10   121  0   0.0%   0.055 UG:9    +
   32    90  0   0.0%   0.362 UA:9    +
   17   116  0   0.0%   0.428 UG:9    +
   29    94  0   0.0%   0.026 UA:9    +
  104   145  0   0.0%   0.618 CG:9    +
  126   140  0   0.0%   1.260 GU:9    +
   43    94  0   0.0%   0.046 UA:9    +
   41    96  0   0.0%   0.271 GC:9    +
   65    94  0   0.0%   0.500 UA:9    +
   44    93  0   0.0%   0.076 UA:9    +
    5    15  0   0.0%   0.039 CG:9    +
   27    96  0   0.0%   0.025 GC:9    +
  110   115  0   0.0%   0.066 GC:9    +
  125   133  0   0.0%   0.420 CG:9    +
  115   145  0   0.0%   0.615 CG:9    +
   77    83  0   0.0%   0.725 GC:9    +
   49    54  0   0.0%   0.041 AU:9    +
   45    92  0   0.0%   0.023 GC:9    +
    8   141  0   0.0%   0.446 UG:9    +
   31    58  0   0.0%   0.023 GC:9    +
   15   118  0   0.0%   0.091 GC:9    +
    3   137  0   0.0%   0.044 AU:9    +
    7   120  0   0.0%   0.097 AU:9    +
   37    60  0   0.0%   0.515 CG:9    +
  145   150  0   0.0%   1.543 GC:9    +
    5   149  0   0.0%   0.430 CG:9    +
   70    87  0   0.0%   0.162 CG:9    +
   53    64  0   0.0%   0.261 CG:9    +
    8    12  0   0.0%   0.009 UA:9    +
  111   144  0   0.0%   0.264 AU:9    +
   52    65  0   0.0%   0.382 GU:9    +
  144   149  0   0.0%   1.123 UG:9    +
   79    83  0   0.0%   0.317 GC:9    +
   87    92  0   0.0%   0.724 GC:9    +
   91   102  0   0.0%   0.453 CG:9    +
  118   141  0   0.0%   1.065 CG:9    +
   10   122  0   0.0%   0.054 UG:9    +
    2    18  0   0.0%   0.028 CG:9    +
  123   145  0   0.0%   1.511 CG:9    +
   96   107  0   0.0%   0.731 CG:9    +
  124   144  0   0.0%   0.714 AU:9    +
   95   108  0   0.0%   0.722 GC:9    +
   46    91  0   0.0%   0.019 GC:9    +
  126   134  0   0.0%   0.192 GC:9    +
   20   145  0   0.0%   0.616 CG:9    +
   21   144  0   0.0%   0.237 AU:9    +
  122   146  0   0.0%   1.557 GU:9    +
   90   103  0   0.0%   0.149 AU:9    +
    3    17  0   0.0%   0.040 AU:9    +
   36    41  0   0.0%   0.016 CG:9    +
   64    68  0   0.0%   0.613 GC:9    +
   22   143  0   0.0%   0.027 GC:9    +
   71    86  0   0.0%   0.162 CG:9    +
    3    10  0   0.0%   0.008 AU:9    +
   23   142  0   0.0%   0.309 GC:9    +
  133   142  0   0.0%   1.209 GC:9    +
  134   141  0   0.0%   1.589 CG:9    +
   24   141  0   0.0%   0.401 CG:9    +
   78    84  0   0.0%   0.227 AU:9    +
   10   119  0   0.0%   0.015 UA:9    +
  109   116  0   0.0%   0.348 CG:9    +
   62    79  0   0.0%   0.524 CG:9    +
   93   100  0   0.0%   0.480 AU:9    +
   34    43  0   0.0%   0.011 AU:9    +
  132   137  0   0.0%   0.550 AU:9    +
   32    64  0   0.0%   0.052 UG:9    +
   63    80  0   0.0%   0.585 UA:9    +
   63    78  0   0.0%   0.578 UA:9    +
   15   117  0   0.0%   0.094 GC:9    +
   51    63  0   0.0%   0.249 AU:9    +
   71    79  0   0.0%   0.226 CG:9    +
   65    80  0   0.0%   0.444 UA:9    +
   72    85  0   0.0%   0.222 CG:9    +
  125   141  0   0.0%   1.484 CG:9    +
  120   148  0   0.0%   0.672 UA:9    +
   69    87  0   0.0%   0.128 CG:9    +
   31    53  0   0.0%   0.010 GC:9    +
   30    54  0   0.0%   0.005 AU:9    +
    6    10  0   0.0%   0.007 AU:9    +
   16   149  0   0.0%   0.334 UG:9    +
   32    52  0   0.0%   0.005 UG:9    +
  119   140  0   0.0%   0.581 AU:9    +
   15   150  0   0.0%   0.222 GC:9    +
   35    63  0   0.0%   1.021 GU:9    +
   17   148  0   0.0%   0.231 UA:9    +
   29    55  0   0.0%   0.010 UG:9    +
   16   116  0   0.0%   0.405 UG:9    +
   60    70  0   0.0%   0.421 GC:9    +
    1    19  0   0.0%   0.033 GU:9    +
  106   118  0   0.0%   0.012 GC:9    +
   70    86  0   0.0%   0.158 CG:9    +
   43    59  0   0.0%   0.040 UA:9    +
   65    99  0   0.0%   0.545 UA:9    +
   60    71  0   0.0%   0.421 GC:9    +
   31    70  0   0.0%   0.393 GC:9    +
   45    74  0   0.0%   0.016 GC:9    +
   65    78  0   0.0%   0.436 UA:9    +
   46    73  0   0.0%   0.011 GC:9    +
  140   147  0   0.0%   1.820 UG:9    +
   47    72  0   0.0%   0.018 GC:9    +
   15   143  0   0.0%   0.096 GC:9    +
   64   100  0   0.0%   0.863 GU:9    +
   48    71  0   0.0%   0.017 GC:9    +
   32    86  0   0.0%   0.355 UG:9    +
   63   101  0   0.0%   0.674 UA:9    +
   44    75  0   0.0%   0.069 UA:9    +
    3     8  0   0.0%   0.004 AU:9    +
   62   102  0   0.0%   0.547 CG:9    +
  121   150  0   0.0%   1.078 GC:9    +
   71    85  0   0.0%   0.165 CG:9    +
  110   139  0   0.0%   0.050 GC:9    +
   32    59  0   0.0%   0.015 UA:9    +
   43    76  0   0.0%   0.035 UG:9    +
  140   149  0   0.0%   1.533 UG:9    +
   74    79  0   0.0%   0.397 CG:9    +
   76    84  0   0.0%   0.907 GU:9    +
  141   146  0   0.0%   2.048 GU:9    +
   62    82  0   0.0%   0.528 CG:9    +
   41    61  0   0.0%   0.361 GC:9    +
   95   100  0   0.0%   0.871 GU:9    +
   28    64  0   0.0%   0.027 CG:9    +
  117   122  0   0.0%   0.057 CG:9    +
   20   147  0   0.0%   0.626 CG:9    +
   52    62  0   0.0%   0.191 GC:9    +
   71    95  0   0.0%   0.543 CG:9    +
   15    20  0   0.0%   0.056 GC:9    +
  121   142  0   0.0%   1.007 GC:9    +
   36    48  0   0.0%   0.016 CG:9    +
   47    70  0   0.0%   0.021 GC:9    +
   48    69  0   0.0%   0.024 GC:9    +
   37    47  0   0.0%   0.005 CG:9    +
    1    20  0   0.0%   0.033 GC:9    +
   80   100  0   0.0%   0.168 AU:9    +
    9   112  1   0.0%   0.010 CG:6    UG:2    +
   10   111  0   0.0%   0.007 UA:9    +
   65    75  0   0.0%   0.749 UA:9    +
   19   148  0   0.0%   0.194 UA:9    +
  140   145  0   0.0%   1.835 UG:9    +
   48    53  0   0.0%   0.008 GC:9    +
   39    45  0   0.0%   0.003 CG:9    +
   47    54  0   0.0%   0.009 GU:9    +
   30    65  0   0.0%   0.029 AU:9    +
   21   146  0   0.0%   0.592 AU:9    +
   61   107  0   0.0%   0.748 CG:9    +
   62   106  0   0.0%   0.523 CG:9    +
   32    57  0   0.0%   0.011 UG:9    +
   60   108  0   0.0%   0.487 GC:9    +
    8   113  0   0.0%   0.067 UA:9    +
   65    79  0   0.0%   0.452 UG:9    +
   63   105  0   0.0%   0.650 UA:9    +
   55    62  0   0.0%   0.189 GC:9    +
  116   123  0   0.0%   0.344 GC:9    +
   55    61  0   0.0%   0.365 GC:9    +
   16   113  0   0.0%   0.057 UA:9    +
   72    79  0   0.0%   0.280 CG:9    +
   64   104  0   0.0%   0.754 GC:9    +
  122   150  0   0.0%   1.072 GC:9    +
  111   140  0   0.0%   0.366 AU:9    +
   31    92  0   0.0%   0.397 GC:9    +
   63    99  0   0.0%   0.689 UA:9    +
   65    76  0   0.0%   0.749 UG:9    +
   68    87  0   0.0%   0.354 CG:9    +
   56    60  0   0.0%   0.411 UG:9    +
  123   149  0   0.0%   1.219 CG:9    +
   92   102  0   0.0%   0.475 CG:9    +
   83   102  0   0.0%   0.590 CG:9    +
   10   149  0   0.0%   0.391 UG:9    +
   69    86  0   0.0%   0.125 CG:9    +
   82   103  0   0.0%   0.482 GU:9    +
   31    71  0   0.0%   0.392 GC:9    +
   45    56  0   0.0%   0.008 GU:9    +
   27   139  0   0.0%   0.191 GC:9    +
   44    48  0   0.0%   0.004 UG:9    +
    3    19  0   0.0%   0.039 AU:9    +
   62    86  0   0.0%   0.510 CG:9    +
   80   103  0   0.0%   0.137 AU:9    +
   79   104  0   0.0%   0.157 GC:9    +
   61    87  0   0.0%   0.686 CG:9    +
   40    44  0   0.0%   0.002 AU:9    +
   35    92  0   0.0%   0.819 GC:9    +
   28   138  0   0.0%   0.058 CG:9    +
   10   141  0   0.0%   0.395 UG:9    +
  116   144  0   0.0%   1.326 GU:9    +
   50    65  0   0.0%   0.408 AU:9    +
   62    77  0   0.0%   0.820 CG:9    +
   46    71  0   0.0%   0.012 GC:9    +
   79    96  0   0.0%   0.416 GC:9    +
   62    85  0   0.0%   0.517 CG:9    +
  131   140  0   0.0%   0.797 AU:9    +
   70    85  0   0.0%   0.163 CG:9    +
   61    86  0   0.0%   0.687 CG:9    +
   44    57  0   0.0%   0.427 UG:9    +
   63    85  0   0.0%   0.590 UG:9    +
   37    46  0   0.0%   0.003 CG:9    +
   36    47  0   0.0%   0.014 CG:9    +
   60    65  0   0.0%   0.828 GU:9    +
    2    95  0   0.0%   0.025 CG:9    +
    1    96  0   0.0%   0.033 GC:9    +
    1     8  0   0.0%   0.010 GU:9    +
   10   116  0   0.0%   0.015 UG:9    +
    1    10  0   0.0%   0.013 GU:9    +
   79   100  0   0.0%   0.271 GU:9    +
   63    95  0   0.0%   0.981 UG:9    +
   51    65  0   0.0%   0.383 AU:9    +
   69    95  0   0.0%   0.484 CG:9    +
   63    67  0   0.0%   0.573 UA:9    +
   30   103  0   0.0%   0.264 AU:9    +
   63    76  0   0.0%   0.891 UG:9    +
   27    65  0   0.0%   0.024 GU:9    +
   41    83  0   0.0%   0.019 GC:9    +
   27    33  0   0.0%   0.001 GC:9    +
   40    84  0   0.0%   0.017 AU:9    +
   73    79  0   0.0%   0.271 CG:9    +
   26    34  0   0.0%   0.001 UA:9    +
   39    85  0   0.0%   0.017 CG:9    +
  120   149  0   0.0%   1.075 UG:9    +
   31    63  0   0.0%   0.086 GU:9    +
   84   101  0   0.0%   0.771 UA:9    +
   22   108  0   0.0%   0.012 GC:9    +
   47    68  0   0.0%   0.327 GC:9    +
   68    95  0   0.0%   0.713 CG:9    +
   25    35  0   0.0%   0.001 CG:9    +
   37    86  0   0.0%   0.134 CG:9    +
   85    91  0   0.0%   0.271 GC:9    +
   57    68  0   0.0%   0.702 GC:9    +
   46    69  0   0.0%   0.012 GC:9    +
   63    77  0   0.0%   0.890 UG:9    +
   36    87  0   0.0%   0.594 CG:9    +
   70    95  0   0.0%   0.515 CG:9    +
   64    72  0   0.0%   0.303 GC:9    +
   31    37  0   0.0%   0.006 GC:9    +
   52    83  0   0.0%   0.020 GC:9    +
   53    82  0   0.0%   0.021 CG:9    +
   29    59  0   0.0%   0.016 UA:9    +
   28    60  0   0.0%   0.026 CG:9    +
  104   121  0   0.0%   0.087 CG:9    +
  105   120  0   0.0%   0.040 AU:9    +
   51    84  0   0.0%   0.024 AU:9    +
   31    83  0   0.0%   0.392 GC:9    +
   88   100  0   0.0%   0.159 AU:9    +
  131   137  0   0.0%   0.546 AU:9    +
   89   100  0   0.0%   0.159 AU:9    +
  125   147  0   0.0%   1.420 CG:9    +
  126   146  0   0.0%   1.502 GU:9    +
   94   103  0   0.0%   0.393 AU:9    +
   45    70  0   0.0%   0.010 GC:9    +
   43    49  0   0.0%   0.003 UA:9    +
   47    53  0   0.0%   0.006 GC:9    +
   31    39  0   0.0%   0.006 GC:9    +
  103   122  0   0.0%   0.176 UG:9    +
   82   100  0   0.0%   0.513 GU:9    +
   73    77  0   0.0%   0.681 CG:9    +
  102   123  0   0.0%   0.041 GC:9    +
   46    54  0   0.0%   0.007 GU:9    +
   32   101  0   0.0%   0.469 UA:9    +
   86    96  0   0.0%   1.258 GC:9    +
   32    82  0   0.0%   0.351 UG:9    +
   90   100  0   0.0%   0.175 AU:9    +
   32    38  0   0.0%   0.001 UA:9    +
   37    45  0   0.0%   0.001 CG:9    +
  118   149  0   0.0%   1.177 CG:9    +
   43    52  0   0.0%   0.030 UG:9    +
   18    68  0   0.0%   0.049 GC:9    +
   37    95  0   0.0%   0.397 CG:9    +
   39    46  0   0.0%   0.003 CG:9    +
   58   110  0   0.0%   0.476 CG:9    +
   36    46  0   0.0%   0.013 CG:9    +
  115   149  0   0.0%   0.319 CG:9    +
   10   145  0   0.0%   0.547 UG:9    +
   19    67  0   0.0%   0.013 UA:9    +
   50    63  0   0.0%   0.271 AU:9    +
   74    82  0   0.0%   0.346 CG:9    +
   38    44  0   0.0%   0.001 AU:9    +
   48    70  0   0.0%   0.016 GC:9    +
   61    79  0   0.0%   0.695 CG:9    +
   47    71  0   0.0%   0.019 GC:9    +
   44    80  0   0.0%   0.073 UA:9    +
   15   142  0   0.0%   0.376 GC:9    +
  128   144  0   0.0%   0.472 AU:9    +
   35    91  0   0.0%   0.821 GC:9    +
   32    94  0   0.0%   0.360 UA:9    +
   55    68  0   0.0%   0.329 GC:9    +
   29    99  0   0.0%   0.020 UA:9    +
  118   126  0   0.0%   0.005 CG:9    +
  117   127  0   0.0%   0.017 CG:9    +
   16   141  0   0.0%   0.458 UG:9    +
  129   144  0   0.0%   0.371 AU:9    +
    2   122  0   0.0%   0.032 CG:9    +
    8   149  0   0.0%   0.240 UG:9    +
   10   147  0   0.0%   0.456 UG:9    +
   56    67  0   0.0%   0.330 UA:9    +
    1   123  0   0.0%   0.041 GC:9    +
   73    87  0   0.0%   0.655 CG:9    +
   73    82  0   0.0%   0.221 CG:9    +
  138   143  0   0.0%   1.356 GC:9    +
   35    68  0   0.0%   1.128 GC:9    +
   68    76  0   0.0%   0.650 CG:9    +
  137   147  0   0.0%   1.499 UG:9    +
  117   121  0   0.0%   0.060 CG:9    +
   65    88  0   0.0%   0.439 UA:9    +
  110   140  0   0.0%   0.373 GU:9    +
   39    79  0   0.0%   0.017 CG:9    +
  110   117  0   0.0%   0.046 GC:9    +
    3    16  0   0.0%   0.050 AU:9    +
   27    61  0   0.0%   0.026 GC:9    +
   34   100  0   0.0%   0.681 AU:9    +
   68   102  0   0.0%   0.380 CG:9    +
   57    62  0   0.0%   0.550 GC:9    +
  113   144  0   0.0%   0.297 AU:9    +
   36   102  0   0.0%   0.820 CG:9    +
   35   103  0   0.0%   1.149 GU:9    +
  110   143  0   0.0%   0.054 GC:9    +
    1   144  0   0.0%   0.344 GU:9    +
   67   103  0   0.0%   0.442 AU:9    +
   60    92  0   0.0%   0.423 GC:9    +
  102   146  0   0.0%   0.632 GU:9    +
  110   150  0   0.0%   0.173 GC:9    +
  135   147  0   0.0%   1.480 CG:9    +
  136   146  0   0.0%   1.149 AU:9    +
  134   149  0   0.0%   1.053 CG:9    +
  137   145  0   0.0%   1.508 UG:9    +
  133   150  0   0.0%   0.673 GC:9    +
    2   121  0   0.0%   0.032 CG:9    +
   33   102  0   0.0%   0.599 CG:9    +
  111   146  0   0.0%   0.612 AU:9    +
    5   122  0   0.0%   0.095 CG:9    +
   32    78  0   0.0%   0.345 UA:9    +
    5   116  0   0.0%   0.048 CG:9    +
   46    53  0   0.0%   0.005 GC:9    +
   45    72  0   0.0%   0.012 GC:9    +
   52    69  0   0.0%   0.027 GC:9    +
   10   129  0   0.0%   0.014 UA:9    +
    3   120  0   0.0%   0.037 AU:9    +
  121   139  0   0.0%   0.602 GC:9    +
   49    65  0   0.0%   0.395 AU:9    +
  108   138  0   0.0%   0.032 CG:9    +
   18   146  0   0.0%   0.625 GU:9    +
   17   147  0   0.0%   0.650 UG:9    +
   74    86  0   0.0%   0.757 CG:9    +
   33    77  0   0.0%   0.545 CG:9    +
   92   110  0   0.0%   0.473 CG:9    +
    5   126  0   0.0%   0.068 CG:9    +
  109   141  0   0.0%   0.404 CG:9    +
   45    54  0   0.0%   0.006 GU:9    +
   52    58  0   0.0%   0.349 GC:9    +
    8   131  0   0.0%   0.074 UA:9    +
   53    57  0   0.0%   0.372 CG:9    +
  133   137  0   0.0%   0.737 GU:9    +
   29    67  0   0.0%   0.026 UA:9    +
   57    61  0   0.0%   0.726 GC:9    +
   52    70  0   0.0%   0.019 GC:9    +
   17    67  0   0.0%   0.050 UA:9    +
   12    17  0   0.0%   0.033 AU:9    +
  109   121  0   0.0%   0.050 CG:9    +
  107   139  0   0.0%   0.024 GC:9    +
  108   122  0   0.0%   0.049 CG:9    +
  107   123  0   0.0%   0.011 GC:9    +
   95   104  0   0.0%   0.754 GC:9    +
    1    17  0   0.0%   0.029 GU:9    +
    8   116  0   0.0%   0.074 UG:9    +
   33    57  0   0.0%   0.009 CG:9    +
   10    15  0   0.0%   0.057 UG:9    +
  102   150  0   0.0%   0.187 GC:9    +
   60   104  0   0.0%   0.523 GC:9    +
  110   120  0   0.0%   0.067 GU:9    +
  103   149  0   0.0%   0.403 UG:9    +
   19   110  0   0.0%   0.004 UG:9    +
   16   148  0   0.0%   0.209 UA:9    +
   37    64  0   0.0%   0.363 CG:9    +
    7    17  0   0.0%   0.095 AU:9    +
   36    79  0   0.0%   0.592 CG:9    +
   46    72  0   0.0%   0.007 GC:9    +
   30    84  0   0.0%   0.019 AU:9    +
    1   140  0   0.0%   0.048 GU:9    +
  113   140  0   0.0%   0.403 AU:9    +
   44    55  0   0.0%   0.063 UG:9    +
    1   118  0   0.0%   0.040 GC:9    +
  110   146  0   0.0%   0.618 GU:9    +
   45    73  0   0.0%   0.012 GC:9    +
   37    55  0   0.0%   0.004 CG:9    +
  138   144  0   0.0%   1.323 GU:9    +
   31   103  0   0.0%   0.675 GU:9    +
   18   150  0   0.0%   0.181 GC:9    +
    8   147  0   0.0%   0.504 UG:9    +
   65    89  0   0.0%   0.439 UA:9    +
   47    62  0   0.0%   0.189 GC:9    +
    8   121  0   0.0%   0.097 UG:9    +
   48    61  0   0.0%   0.358 GC:9    +
   28    79  0   0.0%   0.015 CG:9    +
    7   137  0   0.0%   0.075 AU:9    +
   21    65  0   0.0%   0.020 AU:9    +
  128   140  0   0.0%   0.899 AU:9    +
   15    69  0   0.0%   0.063 GC:9    +
   29    78  0   0.0%   0.016 UA:9    +
   52    68  0   0.0%   0.335 GC:9    +
   77    96  0   0.0%   0.825 GC:9    +
   46    56  0   0.0%   0.007 GU:9    +
   15   144  0   0.0%   0.306 GU:9    +
   59   100  0   0.0%   0.247 AU:9    +
    8   136  0   0.0%   0.074 UA:9    +
   28    82  0   0.0%   0.015 CG:9    +
  106   140  0   0.0%   0.352 GU:9    +
   18   142  0   0.0%   0.339 GC:9    +
   20   121  0   0.0%   0.105 CG:9    +
   20   141  0   0.0%   0.447 CG:9    +
   19   122  0   0.0%   0.091 UG:9    +
   18   123  0   0.0%   0.049 GC:9    +
   85   100  0   0.0%   0.768 GU:9    +
   60   103  0   0.0%   0.607 GU:9    +
   21   120  0   0.0%   0.046 AU:9    +
   91   110  0   0.0%   0.449 CG:9    +
    1   115  0   0.0%   0.032 GC:9    +
   14   114  1   0.0%   0.069 UG:1    UA:7    +
  136   140  0   0.0%   1.042 AU:9    +
   27    83  0   0.0%   0.015 GC:9    +
  110   142  0   0.0%   0.330 GC:9    +
   48    54  0   0.0%   0.008 GU:9    +
   54    67  0   0.0%   0.329 UA:9    +
   15   125  0   0.0%   0.086 GC:9    +
   21   140  0   0.0%   0.344 AU:9    +
  100   147  0   0.0%   0.742 UG:9    +
   41    91  0   0.0%   0.016 GC:9    +
   63    88  0   0.0%   0.578 UA:9    +
   27    70  0   0.0%   0.015 GC:9    +
   34    56  0   0.0%   0.008 AU:9    +
  101   146  0   0.0%   0.620 AU:9    +
   32    93  0   0.0%   0.356 UA:9    +
  138   142  0   0.0%   1.914 GC:9    +
   48    62  0   0.0%   0.183 GC:9    +
   19   149  0   0.0%   0.312 UG:9    +
  135   141  0   0.0%   1.608 CG:9    +
  118   122  0   0.0%   0.044 CG:9    +
    1   125  0   0.0%   0.040 GC:9    +
   25    31  0   0.0%   0.000 CG:9    +
   38    63  0   0.0%   0.228 AU:9    +
   76   143  0   0.0%   0.701 GC:9    +
   75   144  0   0.0%   0.744 AU:9    +
   47    63  0   0.0%   0.237 GU:9    +
   33    45  0   0.0%   0.001 CG:9    +
   77   142  0   0.0%   0.786 GC:9    +
  109   147  0   0.0%   0.574 CG:9    +
   74   145  0   0.0%   1.076 CG:9    +
   33    48  0   0.0%   0.001 CG:9    +
   43    48  0   0.0%   0.003 UG:9    +
   79    84  0   0.0%   0.299 GU:9    +
  126   142  0   0.0%   1.405 GC:9    +
   18   143  0   0.0%   0.056 GC:9    +
   33    82  0   0.0%   0.551 CG:9    +
   61    76  0   0.0%   0.364 CG:9    +
   39    57  0   0.0%   0.370 CG:9    +
  107   115  0   0.0%   0.033 GC:9    +
   61   102  0   0.0%   0.769 CG:9    +
   60    91  0   0.0%   0.425 GC:9    +
   65   105  0   0.0%   0.501 UA:9    +
   92   106  0   0.0%   0.447 CG:9    +
   91   107  0   0.0%   0.423 CG:9    +
   18   117  0   0.0%   0.058 GC:9    +
   26    30  0   0.0%   0.000 UA:9    +
   38    54  0   0.0%   0.002 AU:9    +
   43    75  0   0.0%   0.032 UA:9    +
   80    84  0   0.0%   0.229 AU:9    +
   99   103  0   0.0%   0.225 AU:9    +
  102   142  0   0.0%   0.333 GC:9    +
   63    90  0   0.0%   0.582 UA:9    +
   17   110  0   0.0%   0.041 UG:9    +
  120   147  0   0.0%   1.417 UG:9    +
    8   138  0   0.0%   0.095 UG:9    +
  113   146  0   0.0%   0.647 AU:9    +
   92   147  0   0.0%   1.005 CG:9    +
   93   146  0   0.0%   0.895 AU:9    +
   56    82  0   0.0%   0.021 UG:9    +
   57    71  0   0.0%   0.384 GC:9    +
  106   115  0   0.0%   0.033 GC:9    +
   19   141  0   0.0%   0.439 UG:9    +
   17   124  0   0.0%   0.089 UA:9    +
   16   111  0   0.0%   0.055 UA:9    +
   65   102  0   0.0%   0.523 UG:9    +
  100   148  0   0.0%   0.312 UA:9    +
   19   116  0   0.0%   0.388 UG:9    +
   58    95  0   0.0%   0.714 CG:9    +
   49    63  0   0.0%   0.259 AU:9    +
   34    44  0   0.0%   0.008 AU:9    +
   57    69  0   0.0%   0.393 GC:9    +
   18   139  0   0.0%   0.056 GC:9    +
   55    83  0   0.0%   0.014 GC:9    +
   27    71  0   0.0%   0.015 GC:9    +
   32    88  0   0.0%   0.352 UA:9    +
   16   124  0   0.0%   0.072 UA:9    +
   32    89  0   0.0%   0.352 UA:9    +
  116   120  0   0.0%   0.376 GU:9    +
   12   137  0   0.0%   0.015 AU:9    +
  107   118  0   0.0%   0.014 GC:9    +
   78   103  0   0.0%   0.135 AU:9    +
   57    70  0   0.0%   0.385 GC:9    +
   44    88  0   0.0%   0.067 UA:9    +
  103   147  0   0.0%   0.706 UG:9    +
   43    89  0   0.0%   0.033 UA:9    +
   60   100  0   0.0%   0.631 GU:9    +
  103   148  0   0.0%   0.276 UA:9    +
   56    80  0   0.0%   0.019 UA:9    +
   41    58  0   0.0%   0.343 GC:9    +
   57    96  0   0.0%   0.637 GC:9    +
   29    93  0   0.0%   0.016 UA:9    +
   54    60  0   0.0%   0.411 UG:9    +
  115   122  0   0.0%   0.070 CG:9    +
   32    79  0   0.0%   0.345 UG:9    +
   77   100  0   0.0%   0.643 GU:9    +
  104   147  0   0.0%   0.622 CG:9    +
   30    56  0   0.0%   0.002 AU:9    +
  110   118  0   0.0%   0.036 GC:9    +
   93   103  0   0.0%   0.446 AU:9    +
   32    49  0   0.0%   0.000 UA:9    +
   10    94  0   0.0%   0.004 UA:9    +
  100   149  0   0.0%   0.439 UG:9    +
   29    85  0   0.0%   0.016 UG:9    +
   89   103  0   0.0%   0.127 AU:9    +
   34    54  0   0.0%   0.009 AU:9    +
   35    53  0   0.0%   0.010 GC:9    +
   33    55  0   0.0%   0.002 CG:9    +
   35    69  0   0.0%   0.819 GC:9    +
   96   127  0   0.0%   0.724 CG:9    +
   32   102  0   0.0%   0.467 UG:9    +
   40    56  0   0.0%   0.008 AU:9    +
   29    35  0   0.0%   0.011 UG:9    +
   69    82  0   0.0%   0.147 CG:9    +
  110   144  0   0.0%   0.265 GU:9    +
   28    86  0   0.0%   0.015 CG:9    +
   64    84  0   0.0%   0.639 GU:9    +
   36    52  0   0.0%   0.015 CG:9    +
    7    19  0   0.0%   0.067 AU:9    +
  100   124  0   0.0%   0.166 UA:9    +
  104   110  0   0.0%   0.071 CG:9    +
    2   133  0   0.0%   0.032 CG:9    +
   35    70  0   0.0%   0.811 GC:9    +
   68    82  0   0.0%   0.377 CG:9    +
    1   134  0   0.0%   0.040 GC:9    +
   17   141  0   0.0%   0.475 UG:9    +
    1    92  0   0.0%   0.031 GC:9    +
   27    69  0   0.0%   0.015 GC:9    +
   29    95  0   0.0%   0.024 UG:9    +
   95   109  0   0.0%   0.718 GC:9    +
    8    18  0   0.0%   0.095 UG:9    +
   82   139  0   0.0%   0.364 GC:9    +
    8   111  0   0.0%   0.064 UA:9    +
   23   109  0   0.0%   0.016 GC:9    +
   33    87  0   0.0%   0.556 CG:9    +
   83   138  0   0.0%   0.584 CG:9    +
  115   121  0   0.0%   0.075 CG:9    +
   10   132  0   0.0%   0.013 UA:9    +
   48    65  0   0.0%   0.368 GU:9    +
  103   111  0   0.0%   0.161 UA:9    +
   63    89  0   0.0%   0.578 UA:9    +
   25   141  0   0.0%   0.395 CG:9    +
   72    82  0   0.0%   0.230 CG:9    +
   31   104  0   0.0%   0.591 GC:9    +
  103   141  0   0.0%   0.525 UG:9    +
   16    90  0   0.0%   0.054 UA:9    +
   33    52  0   0.0%   0.002 CG:9    +
   15    91  0   0.0%   0.063 GC:9    +
   73   147  0   0.0%   0.973 CG:9    +
  127   140  0   0.0%   1.077 GU:9    +
    6    16  0   0.0%   0.029 AU:9    +
   43    90  0   0.0%   0.037 UA:9    +
   58    77  0   0.0%   0.427 CG:9    +
   32    41  0   0.0%   0.000 UG:9    +
   44    89  0   0.0%   0.067 UA:9    +
   18    92  0   0.0%   0.039 GC:9    +
   35    39  0   0.0%   0.007 GC:9    +
   41    92  0   0.0%   0.013 GC:9    +
   57    63  0   0.0%   0.598 GU:9    +
    2   110  0   0.0%   0.024 CG:9    +
   17    93  0   0.0%   0.040 UA:9    +
   15    70  0   0.0%   0.063 GC:9    +
   71    82  0   0.0%   0.176 CG:9    +
    2   102  0   0.0%   0.024 CG:9    +
   43    47  0   0.0%   0.003 UG:9    +
   37    87  0   0.0%   0.132 CG:9    +
   17    89  0   0.0%   0.040 UA:9    +
  116   137  0   0.0%   0.350 GU:9    +
   17   149  0   0.0%   0.349 UG:9    +
   35   100  0   0.0%   1.172 GU:9    +
   72   147  0   0.0%   0.996 CG:9    +
   19   147  0   0.0%   0.613 UG:9    +
   88   103  0   0.0%   0.127 AU:9    +
   15    71  0   0.0%   0.063 GC:9    +
  123   127  0   0.0%   0.002 CG:9    +
   65    77  0   0.0%   0.747 UG:9    +
   37    79  0   0.0%   0.138 CG:9    +
   10    18  0   0.0%   0.035 UG:9    +
  133   140  0   0.0%   1.112 GU:9    +
   46    58  0   0.0%   0.346 GC:9    +
   53    86  0   0.0%   0.014 CG:9    +
  122   140  0   0.0%   0.861 GU:9    +
   12    19  0   0.0%   0.005 AU:9    +
   27    68  0   0.0%   0.025 GC:9    +
   78   140  0   0.0%   0.343 AU:9    +
    1   103  0   0.0%   0.032 GU:9    +
   79   139  0   0.0%   0.123 GC:9    +
   54    85  0   0.0%   0.018 UG:9    +
   20   112  1   0.4%   0.107 CG:8    +
   66    71  2   0.5%   0.501 GC:7    +
    9    13  3   0.0%   0.077 CG:3    UG:2    UA:1    +
   66    91  2   0.4%   0.863 GC:7    +
   66    92  2   0.4%   0.923 GC:7    +
   66    98  2   0.0%   0.892 GC:3    GU:4    +
  130   139  1   0.2%   0.967 GC:8    +
  130   142  1   0.2%   1.270 GC:8    +
    6    11  1   0.1%   0.024 AU:8    +
  130   134  1   0.1%   0.675 GC:8    +
   11   119  1   0.1%   0.031 UA:8    +
    6    14  1   0.1%   0.051 AU:8    +
   19   112  1   0.0%   0.036 UG:8    +
   14   119  1   0.0%   0.407 UA:8    +
  112   143  1   0.0%   0.054 GC:8    +
    7    11  1   0.0%   0.015 AU:8    +
   17   112  1   0.0%   0.044 UG:8    +
    3    11  1   0.0%   0.006 AU:8    +
   11   148  1   0.0%   0.293 UA:8    +
  112   139  1   0.0%   0.044 GC:8    +
   14    21  1   0.0%   0.070 UA:8    +
  123   130  1   0.0%   0.003 CG:8    +
  112   150  1   0.0%   0.170 GC:8    +
  130   143  1   0.0%   0.705 GC:8    +
  112   142  1   0.0%   0.324 GC:8    +
   14   148  1   0.0%   0.536 UA:8    +
   11   128  1   0.0%   0.021 UA:8    +
  112   117  1   0.0%   0.040 GC:8    +
  112   118  1   0.0%   0.030 GC:8    +
   91   112  1   0.0%   0.446 CG:8    +
  112   146  1   0.0%   0.614 GU:8    +
  112   144  1   0.0%   0.264 GU:8    +
   92   112  1   0.0%   0.470 CG:8    +
  112   140  1   0.0%   0.367 GU:8    +
   14   113  1   0.0%   0.070 UA:8    +
   11    93  1   0.0%   0.011 UA:8    +
   16   112  1   0.0%   0.055 UG:8    +
   11   131  1   0.0%   0.021 UA:8    +
    2   112  1   0.0%   0.024 CG:8    +
   37    66  2   0.1%   0.475 CG:7    +
   66    70  2   0.1%   0.427 GC:7    +
   61    66  2   0.0%   0.759 CG:7    +
   62    66  2   0.0%   0.583 CG:7    +
   66    74  2   0.0%   1.099 GC:7    +
   66    96  2   0.0%   1.160 GC:7    +
   28    66  2   0.0%   0.025 CG:7    +
   20    66  2   0.0%   0.023 CG:7    +
   66   104  2   0.0%   0.867 GC:7    +
   53    66  2   0.0%   0.350 CG:7    +
   36    66  2   0.0%   0.918 CG:7    +
   66    83  2   0.0%   0.805 GC:7    +
..............(((.((.(((((((((((((((((((((((.....))))))))..))...))))...(((((......)))))............))).)))))))).)))((((((((.........))))))..))........
