8 sequence; length of alignment 127
alifold output
   70   102  0 100.0%   0.000 GC:8   
   71   101  0 100.0%   0.000 CG:8   
   67   105  0 100.0%   0.000 CG:8   
   63   109  0 100.0%   0.000 CG:8   
   59   112  0 100.0%   0.000 CG:8   
   69   103  0 100.0%   0.000 GC:8   
   72   100  0 100.0%   0.000 CG:8   
   65   107  0 100.0%   0.000 CG:8   
   73    99  0 100.0%   0.002 GC:8   
   74    98  0 100.0%   0.003 CG:8   
   64   108  0 100.0%   0.001 AU:8   
   66   106  0  99.9%   0.002 GU:8   
   58   113  0  99.9%   0.003 UA:8   
   51   120  0  99.9%   0.003 AU:8   
   52   119  0  99.9%   0.003 UA:8   
   68   104  0  99.8%   0.005 UG:8   
   62   110  0  99.8%   0.006 CG:8   
   60   111  0  99.8%   0.005 CG:8   
   57   114  0  99.7%   0.009 UA:8   
   50   121  0  99.6%   0.033 CG:8   
   53   118  0  99.6%   0.022 GC:8   
   56   115  0  99.5%   0.014 UA:8   
   49   122  0  99.2%   0.085 CG:8   
   45   125  0  97.5%   0.137 GC:6    GU:2   
   75    97  0  98.3%   0.061 CG:8   
   46   124  0  97.7%   0.098 AU:8   
   55   116  0  94.2%   0.182 GU:7    AU:1   
   78    88  0  93.9%   0.186 GC:8   
   79    87  0  93.8%   0.183 CG:8   
   77    89  0  93.4%   0.202 GC:8   
   47   123  2  93.5%   0.208 CG:6   
   33    40  0  82.5%   0.775 GC:8   
   32    41  0  82.5%   0.896 GC:8   
   31    42  0  82.1%   0.891 UA:8   
   30    43  0  80.6%   0.942 CG:7    --:1   
   12    19  0  74.8%   0.686 CG:8   
   11    20  0  74.7%   0.815 GC:8   
   44   126  2  71.4%   0.762 AU:6   
    4    28  0  45.9%   1.319 GC:8   
    3    29  0  42.8%   1.305 CG:8   
    7    25  0  36.4%   1.336 AU:8   
    8    24  0  31.2%   1.232 AU:8   
    2    33  0  13.2%   0.823 CG:8    +
    3    32  0  13.2%   1.369 CG:8    +
    4    31  0  13.0%   1.401 GU:8    +
    1    34  0  13.0%   0.805 CG:7    --:1    +
    5    30  0  12.9%   0.887 GC:7    --:1    +
   13    25  0  10.8%   1.410 GU:1    AU:7    +
   12    26  0  11.1%   1.036 CG:8    +
   11    28  0  10.4%   1.462 GC:8    +
   10    29  0  10.2%   1.307 CG:8    +
   90    96  0  10.2%   0.913 GC:8    +
    9    22  0   9.2%   0.681 AU:8    +
   14    24  0   9.0%   1.311 AU:8    +
    4    10  0   6.8%   0.548 GC:8    +
    8    25  0   5.7%   1.368 AU:8    +
    9    24  0   5.6%   1.203 AU:8    +
    3    11  0   5.2%   0.463 CG:8    +
   20    29  0   4.6%   1.282 CG:8    +
   19    30  0   4.5%   0.956 GC:7    --:1    +
   48   123  2   5.1%   0.566 UG:6    +
   18    31  0   4.4%   0.724 AU:8    +
   17    32  0   4.2%   0.725 CG:8    +
   78    96  0   2.9%   0.418 GC:8    +
   79    95  1   3.0%   0.381 CG:7    +
    7    24  0   2.1%   0.309 AU:8    +
    6    25  0   2.1%   0.314 AU:8    +
   34    40  0   2.0%   0.682 GC:8    +
   33    41  0   2.0%   0.846 GC:8    +
    5   125  0   0.3%   0.434 GC:6    GU:2    +
    4   126  0   0.3%   0.945 GC:2    GU:6    +
   80    85  0   1.2%   0.162 AU:8    +
   43   126  0   0.1%   0.245 GC:2    GU:6    +
   83    89  0   1.1%   0.226 GC:8    +
   83    93  0   0.1%   0.170 GC:2    GU:6    +
   76    93  2   1.8%   0.216 AU:6    +
   77    93  0   0.1%   0.164 GC:2    GU:6    +
    3    26  0   1.1%   0.303 CG:8    +
   43   125  0   0.1%   0.227 GC:6    GU:2    +
   26   125  0   0.1%   0.422 GC:6    GU:2    +
   38   125  0   0.0%   0.049 GC:6    GU:2    +
   78    93  0   0.0%   0.153 GC:2    GU:6    +
   13    22  0   0.0%   0.247 GU:1    AU:7    +
   45   126  0   0.0%   0.336 GC:2    GU:6    +
    4   125  0   0.0%   0.891 GC:6    GU:2    +
   13    24  0   0.0%   0.664 GU:1    AU:7    +
    5   126  0   0.0%   0.415 GC:2    GU:6    +
   13    31  0   0.0%   0.511 GU:1    AU:7    +
    4    25  0   1.0%   0.339 GU:8    +
   34   125  0   0.0%   0.379 GC:6    GU:2    +
   33   126  0   0.0%   0.537 GC:2    GU:6    +
   26   126  0   0.0%   0.414 GC:2    GU:6    +
   29   126  0   0.0%   0.782 GC:2    GU:6    +
   38   126  0   0.0%   0.041 GC:2    GU:6    +
   93    97  0   0.0%   0.120 CG:2    UG:6    +
   87    93  0   0.0%   0.157 GC:2    GU:6    +
   11   126  0   0.0%   0.642 GC:2    GU:6    +
   19   125  0   0.0%   0.428 GC:6    GU:2    +
   29   125  0   0.0%   0.786 GC:6    GU:2    +
   19   126  0   0.0%   0.428 GC:2    GU:6    +
   11   125  0   0.0%   0.643 GC:6    GU:2    +
   17    26  0   0.9%   0.449 CG:8    +
   16    22  0   0.9%   0.389 AU:8    +
   18    25  0   0.9%   1.088 AU:8    +
   77    96  0   0.8%   0.197 GC:8    +
    5    24  0   0.8%   0.144 GU:8    +
   48   122  0   0.8%   0.113 UG:8    +
   15    24  0   0.7%   1.000 AU:8    +
   14    25  0   0.6%   1.240 AU:8    +
   28    45  0   0.6%   0.708 CG:8    +
   87    96  0   0.6%   0.291 GC:8    +
   19    24  0   0.4%   1.219 GU:8    +
   55   117  1   0.9%   0.195 GC:7    +
   15    22  0   0.4%   0.310 AU:8    +
   49   121  0   0.4%   0.064 CG:8    +
   20    26  0   0.4%   0.638 CG:8    +
   10    26  0   0.3%   0.323 CG:8    +
    6   124  0   0.3%   0.147 AU:8    +
    4    41  0   0.3%   0.921 GC:8    +
    5    40  0   0.3%   0.408 GC:8    +
   86    90  0   0.3%   0.087 CG:8    +
   85    91  0   0.3%   0.108 UA:8    +
   81    90  0   0.3%   0.062 CG:8    +
    5    10  0   0.3%   0.234 GC:8    +
   10    19  0   0.3%   0.246 CG:8    +
    5    28  0   0.3%   0.481 GC:8    +
   21    25  0   0.2%   1.046 AU:8    +
    6    24  0   0.2%   0.084 AU:8    +
    7    22  0   0.2%   0.040 AU:8    +
    5    25  0   0.2%   0.150 GU:8    +
   54   116  0   0.2%   0.037 AU:8    +
    4    12  0   0.2%   0.216 GC:8    +
    9    25  0   0.2%   1.085 AU:8    +
   26    47  0   0.2%   0.411 GC:8    +
    2    29  0   0.2%   0.040 CG:8    +
   19    28  0   0.2%   0.895 GC:8    +
   53   117  0   0.1%   0.028 GC:8    +
   77    86  0   0.1%   0.027 GC:8    +
   83    88  0   0.1%   0.087 GC:8    +
   75    90  0   0.1%   0.025 CG:8    +
   10    38  0   0.1%   0.492 CG:8    +
   22    27  0   0.1%   0.334 UA:8    +
    8    22  0   0.1%   0.035 AU:8    +
    2    34  0   0.1%   0.572 CG:8    +
    3    33  0   0.1%   1.123 CG:8    +
   17    29  0   0.1%   0.681 CG:8    +
    2    43  0   0.1%   0.312 CG:8    +
    5    12  0   0.1%   0.049 GC:8    +
   86    97  0   0.1%   0.061 CG:8    +
   78    85  0   0.1%   0.019 GU:8    +
   11    25  0   0.1%   1.075 GU:8    +
   12    38  0   0.1%   0.508 CG:8    +
    1     5  0   0.1%   0.013 CG:7    --:1    +
   27   124  0   0.1%   0.039 AU:8    +
   44   124  0   0.1%   0.040 AU:8    +
    4    17  0   0.0%   0.205 GC:8    +
   12    33  0   0.0%   0.770 CG:8    +
   39   124  0   0.0%   0.033 AU:8    +
   88    95  1   0.5%   0.261 CG:7    +
   12    29  0   0.0%   1.096 CG:8    +
   79    90  0   0.0%   0.079 CG:8    +
   34    41  0   0.0%   0.612 GC:8    +
    2    26  0   0.0%   0.011 CG:8    +
   11    17  0   0.0%   0.168 GC:8    +
    3    43  0   0.0%   0.854 CG:8    +
   16    24  0   0.0%   0.960 AU:8    +
   18    22  0   0.0%   0.315 AU:8    +
   15    25  0   0.0%   1.021 AU:8    +
   11    30  0   0.0%   0.891 GC:7    --:1    +
    2    32  0   0.0%   0.023 CG:8    +
    1    33  0   0.0%   0.014 CG:7    --:1    +
    4    30  0   0.0%   0.610 GC:7    --:1    +
    2    11  0   0.0%   0.007 CG:8    +
   89    97  0   0.0%   0.146 CG:8    +
   18    24  0   0.0%   0.921 AU:8    +
    1    29  0   0.0%   0.011 CG:7    --:1    +
   81    87  0   0.0%   0.066 CG:8    +
   88    98  0   0.0%   0.103 CG:8    +
   87    99  0   0.0%   0.096 GC:8    +
    4    20  0   0.0%   0.202 GC:8    +
   41   122  0   0.0%   0.260 CG:8    +
   73    79  0   0.0%   0.004 GC:8    +
   74    78  0   0.0%   0.004 CG:8    +
   14    22  0   0.0%   0.247 AU:8    +
   11    40  0   0.0%   0.641 GC:8    +
   79    83  0   0.0%   0.005 CG:8    +
    6    22  0   0.0%   0.004 AU:8    +
   12    34  0   0.0%   0.762 CG:8    +
   28    43  0   0.0%   0.631 CG:8    +
    4    24  0   0.0%   0.202 GU:8    +
   10    34  0   0.0%   0.741 CG:8    +
   22    29  0   0.0%   1.080 UG:8    +
   16    25  0   0.0%   1.007 AU:8    +
   12    32  0   0.0%   0.753 CG:8    +
   78    86  0   0.0%   0.018 GC:8    +
    3    19  0   0.0%   0.156 CG:8    +
   77    81  0   0.0%   0.002 GC:8    +
    2    19  0   0.0%   0.004 CG:8    +
    5   124  0   0.0%   0.377 GU:8    +
   85    90  0   0.0%   0.087 UG:8    +
   76    85  0   0.0%   0.002 AU:8    +
   78    89  0   0.0%   0.133 GC:8    +
    5    17  0   0.0%   0.032 GC:8    +
   24    29  0   0.0%   1.701 UG:8    +
   12    43  0   0.0%   0.502 CG:8    +
    1    26  0   0.0%   0.006 CG:7    --:1    +
   11    22  0   0.0%   0.620 GU:8    +
   11    24  0   0.0%   1.038 GU:8    +
    1    43  0   0.0%   0.276 CG:7    --:1    +
    1    11  0   0.0%   0.006 CG:7    --:1    +
   74    97  0   0.0%   0.003 CG:8    +
   17    33  0   0.0%   0.471 CG:8    +
   29    47  0   0.0%   0.774 GC:8    +
    5    20  0   0.0%   0.030 GC:8    +
   57   115  0   0.0%   0.009 UA:8    +
   38    47  0   0.0%   0.026 GC:8    +
    5    31  0   0.0%   0.624 GU:8    +
    8    31  0   0.0%   0.801 AU:8    +
   10    43  0   0.0%   0.485 CG:8    +
    9   124  0   0.0%   0.412 AU:8    +
   22    26  0   0.0%   0.688 UG:8    +
   86   100  0   0.0%   0.033 CG:8    +
   10    33  0   0.0%   0.743 CG:8    +
    9    31  0   0.0%   0.660 AU:8    +
   25    29  0   0.0%   1.779 UG:8    +
   77    88  0   0.0%   0.010 GC:8    +
   37    48  0   0.0%   0.002 AU:8    +
   75    83  0   0.0%   0.001 CG:8    +
   25    46  0   0.0%   1.019 UA:8    +
   25    44  0   0.0%   1.019 UA:8    +
    5    41  0   0.0%   0.392 GC:8    +
   11    41  0   0.0%   0.640 GC:8    +
   58   114  0   0.0%   0.005 UA:8    +
   45   124  0   0.0%   0.062 GU:8    +
   31    37  0   0.0%   0.405 UA:8    +
   30    38  0   0.0%   0.422 CG:7    --:1    +
    2    45  0   0.0%   0.300 CG:8    +
   73    96  0   0.0%   0.002 GC:8    +
    3    45  0   0.0%   0.843 CG:8    +
   43    49  0   0.0%   0.186 GC:8    +
    4    47  0   0.0%   0.888 GC:8    +
   77    85  0   0.0%   0.002 GU:8    +
   85    98  0   0.0%   0.077 UG:8    +
   83    96  0   0.0%   0.211 GC:8    +
    5    22  0   0.0%   0.028 GU:8    +
   43    47  0   0.0%   0.198 GC:8    +
   31    43  0   0.0%   0.753 UG:8    +
   75    98  0   0.0%   0.028 CG:8    +
   40    45  0   0.0%   0.284 CG:8    +
   44    48  0   0.0%   0.002 AU:8    +
   19    25  0   0.0%   1.260 GU:8    +
    5    47  0   0.0%   0.375 GC:8    +
   24    44  0   0.0%   0.940 UA:8    +
   72    77  0   0.0%   0.000 CG:8    +
   42    48  0   0.0%   0.163 AU:8    +
   56   114  0   0.0%   0.000 UA:8    +
    3    38  0   0.0%   0.840 CG:8    +
   35   124  0   0.0%   0.023 AU:8    +
   71    78  0   0.0%   0.000 CG:8    +
    2    38  0   0.0%   0.293 CG:8    +
   28    33  0   0.0%   0.899 CG:8    +
    4    48  0   0.0%   0.888 GU:8    +
    1    19  0   0.0%   0.005 CG:7    --:1    +
   60   112  0   0.0%   0.002 CG:8    +
   62   109  0   0.0%   0.000 CG:8    +
   57   113  0   0.0%   0.000 UA:8    +
   70    79  0   0.0%   0.000 GC:8    +
    4    40  0   0.0%   0.871 GC:8    +
   27    48  0   0.0%   0.008 AU:8    +
   30    45  0   0.0%   0.613 CG:7    --:1    +
   25    36  0   0.0%   1.018 UA:8    +
    3   122  0   0.0%   0.843 CG:8    +
   24    46  0   0.0%   0.940 UA:8    +
    1    38  0   0.0%   0.275 CG:7    --:1    +
    7   124  0   0.0%   0.479 AU:8    +
    1    45  0   0.0%   0.276 CG:7    --:1    +
   72    97  0   0.0%   0.000 CG:8    +
    6    31  0   0.0%   0.361 AU:8    +
   85   101  0   0.0%   0.077 UG:8    +
    1    32  0   0.0%   0.008 CG:7    --:1    +
    4    22  0   0.0%   0.199 GU:8    +
   24    37  0   0.0%   0.939 UA:8    +
   25    45  0   0.0%   1.019 UG:8    +
   31    44  0   0.0%   0.568 UA:8    +
   32    40  0   0.0%   0.421 GC:8    +
   26    30  0   0.0%   0.786 GC:7    --:1    +
   26    48  0   0.0%   0.389 GU:8    +
   41    45  0   0.0%   0.286 CG:8    +
   25    43  0   0.0%   1.028 UG:8    +
   71    98  0   0.0%   0.000 CG:8    +
   10    45  0   0.0%   0.476 CG:8    +
   26    49  0   0.0%   0.389 GC:8    +
    7    31  0   0.0%   0.727 AU:8    +
   17    43  0   0.0%   0.200 CG:8    +
   22    44  0   0.0%   0.319 UA:8    +
    3    34  0   0.0%   1.112 CG:8    +
   50   122  0   0.0%   0.051 CG:8    +
   26    41  0   0.0%   0.395 GC:8    +
   25    42  0   0.0%   1.018 UA:8    +
   47   122  0   0.0%   0.014 CG:8    +
   29    40  0   0.0%   0.779 GC:8    +
   70    99  0   0.0%   0.000 GC:8    +
   59   111  0   0.0%   0.000 CG:8    +
   16   124  0   0.0%   0.063 AU:8    +
   58   112  0   0.0%   0.000 UG:8    +
   74    83  0   0.0%   0.001 CG:8    +
   23    48  0   0.0%   0.000 AU:8    +
   83   102  0   0.0%   0.069 GC:8    +
   28    34  0   0.0%   0.892 CG:8    +
    8   124  0   0.0%   0.552 AU:8    +
   24    45  0   0.0%   0.940 UG:8    +
   60   110  0   0.0%   0.000 CG:8    +
   24    43  0   0.0%   0.949 UG:8    +
   12    45  0   0.0%   0.492 CG:8    +
   10    32  0   0.0%   0.735 CG:8    +
   11   124  0   0.0%   0.640 GU:8    +
   19    47  0   0.0%   0.408 GC:8    +
   17    34  0   0.0%   0.464 CG:8    +
   73    81  0   0.0%   0.001 GC:8    +
    4   124  0   0.0%   0.888 GU:8    +
    6    48  0   0.0%   0.096 AU:8    +
   21   124  0   0.0%   0.033 AU:8    +
    5    49  0   0.0%   0.375 GC:8    +
    2   122  0   0.0%   0.299 CG:8    +
   33    47  0   0.0%   0.528 GC:8    +
   16    31  0   0.0%   0.311 AU:8    +
   15    31  0   0.0%   0.325 AU:8    +
   18    48  0   0.0%   0.182 AU:8    +
   19   124  0   0.0%   0.426 GU:8    +
   48    54  0   0.0%   0.001 UA:8    +
   49    53  0   0.0%   0.000 CG:8    +
    3   121  0   0.0%   0.843 CG:8    +
   22    46  0   0.0%   0.319 UA:8    +
    4    50  0   0.0%   0.888 GC:8    +
   13   126  2   0.0%   0.263 GU:1    AU:5    +
   89    95  1   0.0%   0.257 CG:7    +
   75    95  1   0.0%   0.012 CG:7    +
   85    92  1   0.0%   0.078 UA:7    +
   86    95  1   0.0%   0.134 CG:7    +
   81    95  1   0.0%   0.126 CG:7    +
   74    95  1   0.0%   0.002 CG:7    +
   85    94  1   0.0%   0.077 UA:7    +
   47    55  1   0.0%   0.012 CG:7    +
   28   123  2   0.1%   0.662 CG:6    +
   42   126  2   0.0%   0.196 AU:6    +
   80    93  2   0.0%   0.142 AU:6    +
   40   123  2   0.0%   0.268 CG:6    +
   37   126  2   0.0%   0.029 AU:6    +
   82    93  2   0.0%   0.089 AU:6    +
   84    93  2   0.0%   0.097 AU:6    +
   10   123  2   0.0%   0.477 CG:6    +
   46   126  2   0.0%   0.301 AU:6    +
    6   126  2   0.0%   0.132 AU:6    +
    7   126  2   0.0%   0.482 AU:6    +
    8   126  2   0.0%   0.554 AU:6    +
    2   123  2   0.0%   0.300 CG:6    +
    9   126  2   0.0%   0.413 AU:6    +
    3   123  2   0.0%   0.843 CG:6    +
   49   123  2   0.0%   0.253 CG:6    +
   39   126  2   0.0%   0.027 AU:6    +
   14   126  2   0.0%   0.269 AU:6    +
   15   126  2   0.0%   0.078 AU:6    +
   17   123  2   0.0%   0.190 CG:6    +
   36   126  2   0.0%   0.021 AU:6    +
   12   123  2   0.0%   0.492 CG:6    +
   18   126  2   0.0%   0.202 AU:6    +
   27   126  2   0.0%   0.033 AU:6    +
   21   126  2   0.0%   0.035 AU:6    +
   23   126  2   0.0%   0.020 AU:6    +
   35   126  2   0.0%   0.021 AU:6    +
   16   126  2   0.0%   0.064 AU:6    +
   20   123  2   0.0%   0.382 CG:6    +
   22   123  2   0.0%   0.320 UG:6    +
..((..((..((......))...))..))((((......))))((((.(((((.((((((.((((((((((((((.(((.......))).......)))))))))))))))))))).))))))))).
