8 sequence; length of alignment 152
alifold output
  101   123  0  99.9%   0.003 UG:1    UA:7   
  103   121  0 100.0%   0.000 GC:8   
  102   122  0 100.0%   0.000 GC:8   
  105   119  0 100.0%   0.000 GC:8   
   62    71  0 100.0%   0.001 GC:8   
  104   120  0 100.0%   0.001 AU:8   
   63    70  0 100.0%   0.001 GC:8   
  106   118  0  99.9%   0.003 AU:8   
   61    72  0  99.8%   0.007 AU:8   
   60    73  0  99.8%   0.013 AU:8   
   35    44  0  99.8%   0.021 GC:8   
   34    45  0  99.7%   0.035 CG:8   
   36    43  0  99.7%   0.023 CG:8   
   59    74  0  99.7%   0.014 GC:8   
   33    46  0  99.5%   0.028 GC:8   
  100   124  0  99.4%   0.017 CG:8   
   14   136  0  99.3%   0.033 CG:8   
   18   133  0  99.2%   0.048 GC:8   
   19   132  0  99.2%   0.041 UA:8   
   13   137  1  99.0%   0.032 AU:7   
   20   131  0  98.3%   0.072 CG:8   
   64    69  0  98.0%   0.062 UA:8   
   29    91  0  97.8%   0.169 CG:8   
   28    92  0  97.8%   0.139 CG:8   
   30    90  0  97.7%   0.132 CG:8   
   52    77  0  97.0%   0.116 GC:8   
   53    76  0  97.0%   0.120 GC:8   
    4   144  0  96.9%   0.117 UA:8   
   27    93  0  96.9%   0.106 CG:8   
    3   145  0  96.9%   0.128 CG:8   
   54    75  0  96.9%   0.124 GC:8   
  107   117  1  97.4%   0.167 UA:7   
    5   143  0  96.5%   0.123 CG:8   
   12   138  0  96.5%   0.120 CG:8   
    2   146  0  96.4%   0.145 CG:8   
   95   129  2  96.3%   0.136 CG:6   
   94   130  0  95.6%   0.137 CG:8   
  108   116  0  93.8%   0.435 CG:5    UA:3   
   96   128  0  94.7%   0.187 UA:8   
   51    78  0  94.5%   0.182 UA:8   
   15   135  0  94.2%   0.181 UA:8   
   48    81  0  89.3%   0.554 GC:8   
   49    80  0  89.0%   0.728 GC:8   
   37    42  1  83.4%   0.459 UG:4    UA:3   
   47    82  0  78.1%   0.579 AU:8   
   31    89  0  77.0%   0.624 AU:8   
   17   134  0  62.9%   1.253 AU:8   
   16   134  0  35.7%   1.115 GU:8    +
    8   141  0  22.4%   1.446 AU:8    +
    9   141  0  20.5%   1.862 GU:8    +
    9   140  0  18.2%   1.167 GU:8    +
    1   148  0  16.2%   0.904 CG:8    +
  109   114  0  12.1%   0.767 AU:8    +
   10   140  0   8.8%   1.202 GU:8    +
    8   140  0   8.0%   0.637 AU:8    +
  108   115  0   5.8%   0.496 CG:5    UG:3    +
    7   141  0   6.7%   0.625 GU:8    +
   49    79  0   6.0%   0.588 GC:8    +
   48    80  0   5.8%   0.582 GC:8    +
   11   140  0   4.9%   1.207 AU:8    +
   10   141  0   4.6%   1.552 GU:8    +
   96   129  0   2.4%   0.388 UG:6    UA:2    +
   12   139  0   2.7%   0.345 CG:8    +
    4   147  0   2.5%   0.337 UA:8    +
    5   146  0   2.5%   0.381 CG:8    +
    3   148  0   2.5%   0.632 CG:8    +
   53    80  0   2.5%   0.606 GC:8    +
   52    81  0   2.5%   0.439 GC:8    +
   54    79  0   2.4%   0.503 GC:8    +
   49    83  0   1.4%   0.553 GC:1    GU:7    +
   48    84  0   1.4%   0.538 GC:5    GU:3    +
   95   130  0   2.4%   0.372 CG:8    +
  107   116  1   2.4%   0.265 UG:5    UA:2    +
   49    84  0   0.9%   0.607 GC:5    GU:3    +
  110   114  0   1.7%   0.467 GU:8    +
   50    82  0   1.4%   0.374 AU:8    +
   32    48  0   0.2%   0.127 CG:7    UG:1    +
   32    45  0   0.2%   0.039 CG:7    UG:1    +
   32    49  0   0.1%   0.130 CG:7    UG:1    +
   38    42  0   0.1%   0.176 UG:5    UA:3    +
   81    90  0   1.1%   0.382 CG:8    +
   80    91  0   1.1%   0.551 CG:8    +
   79    92  0   1.1%   0.449 CG:8    +
    6   141  0   1.0%   0.154 AU:8    +
   84    90  0   0.0%   0.234 CG:5    UG:3    +
   83    91  0   0.0%   0.246 CG:1    UG:7    +
   32    90  0   0.0%   0.071 CG:7    UG:1    +
   94   131  0   1.0%   0.208 CG:8    +
   83   143  0   0.0%   0.158 CG:1    UG:7    +
   83    90  0   0.0%   0.239 CG:1    UG:7    +
   59    84  0   0.0%   0.111 GC:5    GU:3    +
  108   113  0   0.0%   0.003 CG:5    UG:3    +
   32   136  0   0.0%   0.050 CG:7    UG:1    +
   45    84  0   0.0%   0.019 GC:5    GU:3    +
   84   138  0   0.0%   0.148 CG:5    UG:3    +
   39    84  0   0.0%   0.001 GC:5    GU:3    +
   40    83  0   0.0%   0.001 GC:1    GU:7    +
   83   139  0   0.0%   0.219 CG:1    UG:7    +
   16   137  0   0.0%   0.391 GC:1    GU:7    +
   48    83  0   0.0%   0.368 GC:1    GU:7    +
   84    91  0   0.0%   0.236 CG:5    UG:3    +
   83    92  0   0.0%   0.245 CG:1    UG:7    +
   42    82  0   0.0%   0.160 GU:5    AU:3    +
   84   143  0   0.0%   0.146 CG:5    UG:3    +
   40    84  0   0.0%   0.001 GC:5    GU:3    +
   52    84  0   0.0%   0.255 GC:5    GU:3    +
  107   115  0   0.0%   0.000 CG:1    UG:7    +
   59    83  0   0.0%   0.117 GC:1    GU:7    +
   53    84  0   0.0%   0.256 GC:5    GU:3    +
   54    83  0   0.0%   0.263 GC:1    GU:7    +
   45    83  0   0.0%   0.017 GC:1    GU:7    +
   10   137  0   0.0%   0.026 GC:1    GU:7    +
  112   116  0   0.0%   0.149 UG:5    UA:3    +
   54    84  0   0.0%   0.255 GC:5    GU:3    +
  107   113  0   0.0%   0.000 CG:1    UG:7    +
   84   139  0   0.0%   0.209 CG:5    UG:3    +
   84    92  0   0.0%   0.236 CG:5    UG:3    +
   53    83  0   0.0%   0.264 GC:1    GU:7    +
    9    84  0   0.0%   0.012 GC:5    GU:3    +
   83    93  0   0.0%   0.196 CG:1    UG:7    +
    9   137  0   0.0%   0.013 GC:1    GU:7    +
   33    84  0   0.0%   0.019 GC:5    GU:3    +
   10    84  0   0.0%   0.026 GC:5    GU:3    +
   32   143  0   0.0%   0.077 CG:7    UG:1    +
   83   146  0   0.0%   0.263 CG:1    UG:7    +
   52    83  0   0.0%   0.263 GC:1    GU:7    +
   84   145  0   0.0%   0.150 CG:5    UG:3    +
   32    91  0   0.0%   0.072 CG:7    UG:1    +
   32   139  0   0.0%   0.141 CG:7    UG:1    +
   80    92  0   0.8%   0.616 CG:8    +
   81    91  0   0.8%   0.450 CG:8    +
   79    93  0   0.8%   0.466 CG:8    +
   82    90  0   0.8%   0.456 UG:8    +
   29    48  0   0.7%   0.104 CG:8    +
   28    49  0   0.7%   0.106 CG:8    +
   30    48  0   0.7%   0.135 CG:8    +
   29    49  0   0.7%   0.169 CG:8    +
    7   140  0   0.4%   0.077 GU:8    +
   30    52  0   0.4%   0.105 CG:8    +
   29    53  0   0.4%   0.138 CG:8    +
   28    54  0   0.4%   0.107 CG:8    +
   95   127  0   0.3%   0.064 CG:8    +
   31    51  0   0.3%   0.059 AU:8    +
   96   126  0   0.3%   0.061 UA:8    +
   50    83  1   0.8%   0.249 AU:7    +
  111   115  0   0.3%   0.221 CG:8    +
   11    19  0   0.2%   0.044 AU:8    +
   12    18  0   0.2%   0.054 CG:8    +
   10    20  0   0.2%   0.055 GC:8    +
   34    43  0   0.2%   0.042 CG:8    +
   33    44  0   0.2%   0.042 GC:8    +
  139   150  0   0.2%   0.152 GC:8    +
    1   146  0   0.2%   0.047 CG:8    +
  138   151  0   0.2%   0.085 GC:8    +
  141   148  0   0.2%   1.467 UG:8    +
    6    15  0   0.2%   0.032 AU:8    +
    5    16  0   0.2%   0.032 CG:8    +
    7    14  0   0.2%   0.032 GC:8    +
    4    17  0   0.2%   0.039 UA:8    +
    3    18  0   0.2%   0.039 CG:8    +
    3     9  0   0.1%   0.028 CG:8    +
    2    10  0   0.1%   0.030 CG:8    +
    2   145  0   0.1%   0.043 CG:8    +
  133   139  0   0.1%   0.141 CG:8    +
  132   140  0   0.1%   0.931 AU:8    +
    4     8  0   0.1%   0.022 UA:8    +
   50    87  0   0.1%   0.124 AU:8    +
   49    88  0   0.1%   0.489 GC:8    +
   51    86  0   0.1%   0.095 UA:8    +
  131   141  0   0.1%   1.122 GU:8    +
  134   138  0   0.1%   0.725 UG:8    +
   27    92  0   0.1%   0.025 CG:8    +
   28    91  0   0.1%   0.079 CG:8    +
   29    90  0   0.1%   0.109 CG:8    +
   77    90  0   0.1%   0.077 CG:8    +
   76    91  0   0.1%   0.083 CG:8    +
   75    92  0   0.1%   0.083 CG:8    +
   30    49  0   0.1%   0.117 CG:8    +
   29    92  0   0.1%   0.162 CG:8    +
    2   130  0   0.1%   0.026 CG:8    +
   49    81  0   0.1%   0.471 GC:8    +
   30    91  0   0.1%   0.124 CG:8    +
    1   131  0   0.1%   0.016 CG:8    +
   48    82  0   0.1%   0.559 GU:8    +
   28    93  0   0.1%   0.135 CG:8    +
    4   128  0   0.1%   0.033 UA:8    +
    5   127  0   0.1%   0.026 CG:8    +
   28    53  0   0.1%   0.050 CG:8    +
   27    54  0   0.1%   0.016 CG:8    +
   29    52  0   0.1%   0.080 CG:8    +
   78    89  0   0.1%   0.276 AU:8    +
   48    89  0   0.1%   0.634 GU:8    +
   91   133  0   0.1%   0.150 GC:8    +
   90   134  0   0.1%   0.797 GU:8    +
   96   127  0   0.1%   0.060 UG:8    +
   89   135  0   0.1%   0.283 UA:8    +
   54    74  0   0.0%   0.036 GC:8    +
   55    73  0   0.0%   0.011 AU:8    +
   53    75  0   0.0%   0.036 GC:8    +
  146   151  0   0.0%   0.171 GC:8    +
   88   136  0   0.0%   0.032 CG:8    +
  145   152  0   0.0%   0.057 GC:8    +
   52    76  0   0.0%   0.034 GC:8    +
   27    49  0   0.0%   0.008 CG:8    +
   28    48  0   0.0%   0.008 CG:8    +
   85    89  0   0.0%   0.219 AU:8    +
    3   143  0   0.0%   0.032 CG:8    +
   53    79  0   0.0%   0.234 GC:8    +
   52    80  0   0.0%   0.333 GC:8    +
    4   142  0   0.0%   0.030 UA:8    +
  136   152  0   0.0%   0.019 GC:8    +
    2     9  0   0.0%   0.006 CG:8    +
    1    10  0   0.0%   0.006 CG:8    +
   24    96  0   0.0%   0.007 AU:8    +
  145   151  0   0.0%   0.061 GC:8    +
  146   150  0   0.0%   0.165 GC:8    +
   77    93  0   0.0%   0.080 CG:8    +
   33    88  0   0.0%   0.026 GC:8    +
   64    68  0   0.0%   0.005 UG:8    +
   56    73  0   0.0%   0.009 AU:8    +
   65    77  0   0.0%   0.035 GC:8    +
   64    78  0   0.0%   0.080 UA:8    +
   48    88  0   0.0%   0.424 GC:8    +
   66    76  0   0.0%   0.037 GC:8    +
  148   152  0   0.0%   0.412 GC:8    +
   86   140  0   0.0%   0.910 AU:8    +
   14   138  0   0.0%   0.058 CG:8    +
   27   139  0   0.0%   0.147 CG:8    +
   26   140  0   0.0%   0.902 AU:8    +
   28   138  0   0.0%   0.135 CG:8    +
   87   139  0   0.0%   0.118 UG:8    +
   81   145  0   0.0%   0.334 CG:8    +
   82   144  0   0.0%   0.334 UA:8    +
   85   141  0   0.0%   1.039 AU:8    +
   80   146  0   0.0%   0.601 CG:8    +
   82    92  0   0.0%   0.429 UG:8    +
   74    93  0   0.0%   0.049 CG:8    +
   25   141  0   0.0%   1.035 AU:8    +
   81    93  0   0.0%   0.370 CG:8    +
   63    79  0   0.0%   0.265 GC:8    +
   61    82  0   0.0%   0.263 AU:8    +
   81    92  0   0.0%   0.416 CG:8    +
    6    89  0   0.0%   0.014 AU:8    +
    7    88  0   0.0%   0.014 GC:8    +
    5    90  0   0.0%   0.014 CG:8    +
   47    89  0   0.0%   0.410 AU:8    +
    2   148  0   0.0%   0.359 CG:8    +
   82    91  0   0.0%   0.426 UG:8    +
   68    74  0   0.0%   0.012 GC:8    +
   80    93  0   0.0%   0.533 CG:8    +
    9    14  0   0.0%   0.025 GC:8    +
   56    72  0   0.0%   0.003 AU:8    +
   30   138  0   0.0%   0.128 CG:8    +
   29   139  0   0.0%   0.228 CG:8    +
    8    87  0   0.0%   0.012 AU:8    +
    8    15  0   0.0%   0.021 AU:8    +
    4    91  0   0.0%   0.021 UG:8    +
    3    92  0   0.0%   0.023 CG:8    +
    2    93  0   0.0%   0.014 CG:8    +
   15   136  0   0.0%   0.078 UG:8    +
   31    87  0   0.0%   0.024 AU:8    +
  134   142  0   0.0%   0.676 UA:8    +
  135   141  0   0.0%   1.103 AU:8    +
   69    73  0   0.0%   0.031 AU:8    +
   16   133  0   0.0%   0.013 GC:8    +
   62    81  0   0.0%   0.202 GC:8    +
   62    80  0   0.0%   0.366 GC:8    +
   47    87  0   0.0%   0.209 AU:8    +
   82    86  0   0.0%   0.268 UA:8    +
  133   143  0   0.0%   0.063 CG:8    +
   88   138  0   0.0%   0.058 CG:8    +
    3   146  0   0.0%   0.109 CG:8    +
   49    87  0   0.0%   0.468 GU:8    +
    5   145  0   0.0%   0.094 CG:8    +
   93   133  0   0.0%   0.095 GC:8    +
  133   138  0   0.0%   0.056 CG:8    +
   33    87  0   0.0%   0.023 GU:8    +
   53    81  0   0.0%   0.351 GC:8    +
   54    80  0   0.0%   0.516 GC:8    +
   20   130  0   0.0%   0.022 CG:8    +
   11   141  0   0.0%   1.195 AU:8    +
   52    82  0   0.0%   0.409 GU:8    +
   26    51  0   0.0%   0.002 AU:8    +
   54    76  0   0.0%   0.093 GC:8    +
   12   136  0   0.0%   0.016 CG:8    +
    4   145  0   0.0%   0.097 UG:8    +
   57    72  0   0.0%   0.003 AU:8    +
   53    77  0   0.0%   0.089 GC:8    +
   68    75  0   0.0%   0.039 GC:8    +
  145   150  0   0.0%   0.058 GC:8    +
   92   134  0   0.0%   0.794 GU:8    +
   63    80  0   0.0%   0.367 GC:8    +
   14   139  0   0.0%   0.120 CG:8    +
  136   140  0   0.0%   0.921 GU:8    +
   15   138  0   0.0%   0.107 UG:8    +
    6   140  0   0.0%   0.013 AU:8    +
   59    75  0   0.0%   0.039 GC:8    +
   59    73  0   0.0%   0.007 GU:8    +
   38    85  0   0.0%   0.009 UA:8    +
   13   140  0   0.0%   0.908 AU:8    +
   19   131  0   0.0%   0.021 UG:8    +
   20   146  0   0.0%   0.177 CG:8    +
    4   146  0   0.0%   0.107 UG:8    +
   58    73  0   0.0%   0.007 AU:8    +
   19   147  0   0.0%   0.118 UA:8    +
   28    52  0   0.0%   0.037 CG:8    +
   27    53  0   0.0%   0.004 CG:8    +
   36    45  0   0.0%   0.020 CG:8    +
   35    46  0   0.0%   0.008 GC:8    +
   96   130  0   0.0%   0.306 UG:8    +
   75    93  0   0.0%   0.079 CG:8    +
   20   148  0   0.0%   0.422 CG:8    +
   54    88  0   0.0%   0.165 GC:8    +
   76    92  0   0.0%   0.079 CG:8    +
  143   152  0   0.0%   0.043 GC:8    +
   25    96  0   0.0%   0.004 AU:8    +
   55    87  0   0.0%   0.016 AU:8    +
    5    10  0   0.0%   0.012 CG:8    +
   94   127  0   0.0%   0.006 CG:8    +
   77    91  0   0.0%   0.076 CG:8    +
   19    26  0   0.0%   0.016 UA:8    +
   79   148  0   0.0%   0.739 CG:8    +
   60    72  0   0.0%   0.003 AU:8    +
   57    73  0   0.0%   0.007 AU:8    +
   18    27  0   0.0%   0.025 GC:8    +
   48    79  0   0.0%   0.085 GC:8    +
   18   150  0   0.0%   0.033 GC:8    +
   53    89  0   0.0%   0.361 GU:8    +
    4    11  0   0.0%   0.008 UA:8    +
    3     7  0   0.0%   0.001 CG:8    +
    2    92  0   0.0%   0.011 CG:8    +
    3    91  0   0.0%   0.020 CG:8    +
   49    82  0   0.0%   0.559 GU:8    +
    1    93  0   0.0%   0.003 CG:8    +
   23    96  0   0.0%   0.001 AU:8    +
   26    96  0   0.0%   0.004 AU:8    +
   54    77  0   0.0%   0.090 GC:8    +
   43    81  0   0.0%   0.018 GC:8    +
   41    82  0   0.0%   0.005 AU:8    +
  143   151  0   0.0%   0.053 GC:8    +
   76    93  0   0.0%   0.078 CG:8    +
   21    96  0   0.0%   0.001 AU:8    +
   20    97  0   0.0%   0.015 CG:8    +
   51    85  0   0.0%   0.075 UA:8    +
    3    10  0   0.0%   0.020 CG:8    +
   92   133  0   0.0%   0.142 GC:8    +
   35    88  0   0.0%   0.006 GC:8    +
   95   131  0   0.0%   0.215 CG:8    +
   91   134  0   0.0%   0.797 GU:8    +
    7    20  0   0.0%   0.011 GC:8    +
    4     9  0   0.0%   0.018 UG:8    +
    9    20  0   0.0%   0.013 GC:8    +
   19    98  0   0.0%   0.016 UA:8    +
    8    19  0   0.0%   0.009 AU:8    +
   58    72  0   0.0%   0.002 AU:8    +
   48    87  0   0.0%   0.420 GU:8    +
   77    92  0   0.0%   0.076 CG:8    +
   25    51  0   0.0%   0.000 AU:8    +
   59    81  0   0.0%   0.203 GC:8    +
   28   145  0   0.0%   0.136 CG:8    +
   48    95  0   0.0%   0.423 GC:8    +
   27   146  0   0.0%   0.189 CG:8    +
   49    94  0   0.0%   0.471 GC:8    +
   30   145  0   0.0%   0.128 CG:8    +
   29   146  0   0.0%   0.269 CG:8    +
   62    67  0   0.0%   0.000 GC:8    +
    1   139  0   0.0%   0.007 CG:8    +
    9    95  0   0.0%   0.013 GC:8    +
    2   138  0   0.0%   0.017 CG:8    +
   40    88  0   0.0%   0.004 GC:8    +
   36    40  0   0.0%   0.000 CG:8    +
   47    96  0   0.0%   0.209 AU:8    +
   41    87  0   0.0%   0.008 AU:8    +
    8    96  0   0.0%   0.010 AU:8    +
   58    82  0   0.0%   0.258 AU:8    +
   65    70  0   0.0%   0.001 GC:8    +
   82   145  0   0.0%   0.344 UG:8    +
   81   146  0   0.0%   0.435 CG:8    +
   16    20  0   0.0%   0.025 GC:8    +
   79    91  0   0.0%   0.302 CG:8    +
  100   127  0   0.0%   0.035 CG:8    +
   80    90  0   0.0%   0.400 CG:8    +
   30   136  0   0.0%   0.095 CG:8    +
    7    12  0   0.0%   0.000 GC:8    +
   60    82  0   0.0%   0.260 AU:8    +
  141   147  0   0.0%   1.135 UA:8    +
   20   143  0   0.0%   0.070 CG:8    +
   10    94  0   0.0%   0.026 GC:8    +
    4   143  0   0.0%   0.028 UG:8    +
    7    95  0   0.0%   0.012 GC:8    +
   59    71  0   0.0%   0.000 GC:8    +
   22    96  0   0.0%   0.001 AU:8    +
    6    96  0   0.0%   0.012 AU:8    +
  141   146  0   0.0%   1.186 UG:8    +
   19   144  0   0.0%   0.054 UA:8    +
   82   142  0   0.0%   0.302 UA:8    +
   10    19  0   0.0%   0.011 GU:8    +
   59    72  0   0.0%   0.002 GU:8    +
   81   143  0   0.0%   0.326 CG:8    +
  112   117  0   0.0%   0.026 UA:8    +
  146   152  0   0.0%   0.156 GC:8    +
   28   146  0   0.0%   0.239 CG:8    +
   29   145  0   0.0%   0.166 CG:8    +
   77    97  0   0.0%   0.039 CG:8    +
  143   150  0   0.0%   0.054 GC:8    +
   39    89  0   0.0%   0.203 GU:8    +
   59    70  0   0.0%   0.000 GC:8    +
   29    93  0   0.0%   0.160 CG:8    +
  140   147  0   0.0%   1.001 UA:8    +
   30    92  0   0.0%   0.119 CG:8    +
   38    43  0   0.0%   0.025 UG:8    +
   19    24  0   0.0%   0.015 UA:8    +
   78    96  0   0.0%   0.063 AU:8    +
   79    90  0   0.0%   0.298 CG:8    +
   39    46  0   0.0%   0.005 GC:8    +
  140   148  0   0.0%   1.297 UG:8    +
  133   148  0   0.0%   0.412 CG:8    +
    1   145  0   0.0%   0.007 CG:8    +
   52    79  0   0.0%   0.226 GC:8    +
   15    21  0   0.0%   0.012 UA:8    +
  134   147  0   0.0%   0.765 UA:8    +
   38    47  0   0.0%   0.008 UA:8    +
   34    48  0   0.0%   0.101 CG:8    +
   55    82  0   0.0%   0.261 AU:8    +
   19    25  0   0.0%   0.015 UA:8    +
   29   136  0   0.0%   0.132 CG:8    +
    5    97  0   0.0%   0.012 CG:8    +
    9    30  0   0.0%   0.012 GC:8    +
   10    29  0   0.0%   0.026 GC:8    +
   46    97  0   0.0%   0.006 CG:8    +
   30   143  0   0.0%   0.124 CG:8    +
  131   150  0   0.0%   0.076 GC:8    +
  139   151  0   0.0%   0.137 GC:8    +
   36    49  0   0.0%   0.087 CG:8    +
  130   151  0   0.0%   0.138 GC:8    +
  101   126  0   0.0%   0.020 UA:8    +
  138   152  0   0.0%   0.063 GC:8    +
   79   146  0   0.0%   0.493 CG:8    +
    9   133  0   0.0%   0.013 GC:8    +
   24    51  0   0.0%   0.000 AU:8    +
   27    91  0   0.0%   0.009 CG:8    +
   28    90  0   0.0%   0.063 CG:8    +
   80   145  0   0.0%   0.494 CG:8    +
    8   134  0   0.0%   0.010 AU:8    +
   27   148  0   0.0%   0.434 CG:8    +
   82    93  0   0.0%   0.380 UG:8    +
    2    18  0   0.0%   0.011 CG:8    +
   27   130  0   0.0%   0.049 CG:8    +
    5   148  0   0.0%   0.534 CG:8    +
    9    28  0   0.0%   0.012 GC:8    +
   29   138  0   0.0%   0.162 CG:8    +
   53    88  0   0.0%   0.165 GC:8    +
   20   145  0   0.0%   0.073 CG:8    +
   28   139  0   0.0%   0.196 CG:8    +
   87   138  0   0.0%   0.052 UG:8    +
   10    27  0   0.0%   0.026 GC:8    +
   52    88  0   0.0%   0.163 GC:8    +
   53    87  0   0.0%   0.164 GU:8    +
    5     9  0   0.0%   0.011 CG:8    +
    2   131  0   0.0%   0.022 CG:8    +
   28   148  0   0.0%   0.484 CG:8    +
    4    98  0   0.0%   0.019 UA:8    +
    2     7  0   0.0%   0.000 CG:8    +
    9    29  0   0.0%   0.012 GC:8    +
   54    87  0   0.0%   0.163 GU:8    +
    9   152  0   0.0%   0.648 GC:8    +
   10   151  0   0.0%   0.381 GC:8    +
   10    28  0   0.0%   0.026 GC:8    +
   20   127  0   0.0%   0.020 CG:8    +
   28   130  0   0.0%   0.099 CG:8    +
   18   134  0   0.0%   0.692 GU:8    +
    2   136  0   0.0%   0.017 CG:8    +
   19    23  0   0.0%   0.015 UA:8    +
  136   141  0   0.0%   1.054 GU:8    +
   29   130  0   0.0%   0.129 CG:8    +
   19   128  0   0.0%   0.020 UA:8    +
   89   136  0   0.0%   0.231 UG:8    +
  101   124  0   0.0%   0.007 UG:8    +
   61    73  0   0.0%   0.010 AU:8    +
   52    89  0   0.0%   0.359 GU:8    +
   39    44  0   0.0%   0.016 GC:8    +
    9    94  0   0.0%   0.012 GC:8    +
   63    71  0   0.0%   0.001 GC:8    +
   15    22  0   0.0%   0.012 UA:8    +
   75    97  0   0.0%   0.041 CG:8    +
   35    87  0   0.0%   0.005 GU:8    +
    2   139  0   0.0%   0.017 CG:8    +
    7   133  0   0.0%   0.012 GC:8    +
   19   146  0   0.0%   0.167 UG:8    +
   20   138  0   0.0%   0.070 CG:8    +
    6   134  0   0.0%   0.012 AU:8    +
  133   145  0   0.0%   0.065 CG:8    +
   56    82  0   0.0%   0.260 AU:8    +
   15    24  0   0.0%   0.012 UA:8    +
   27   131  0   0.0%   0.066 CG:8    +
   76   130  0   0.0%   0.045 CG:8    +
    3   138  0   0.0%   0.025 CG:8    +
  134   144  0   0.0%   0.703 UA:8    +
    7    30  0   0.0%   0.011 GC:8    +
  132   141  0   0.0%   1.056 AU:8    +
   54    81  0   0.0%   0.349 GC:8    +
   14    18  0   0.0%   0.036 CG:8    +
   28   131  0   0.0%   0.116 CG:8    +
   88    97  0   0.0%   0.013 CG:8    +
    9   151  0   0.0%   0.648 GC:8    +
  135   140  0   0.0%   0.968 AU:8    +
   10    14  0   0.0%   0.023 GC:8    +
    2   143  0   0.0%   0.017 CG:8    +
   10   150  0   0.0%   0.381 GC:8    +
   48   151  0   0.0%   0.422 GC:8    +
   49   150  0   0.0%   0.471 GC:8    +
    1     9  0   0.0%   0.000 CG:8    +
   13    19  0   0.0%   0.015 AU:8    +
   54    82  0   0.0%   0.409 GU:8    +
   24   141  0   0.0%   1.033 AU:8    +
    5   139  0   0.0%   0.017 CG:8    +
   87    98  0   0.0%   0.012 UA:8    +
    2    48  0   0.0%   0.011 CG:8    +
    9    15  0   0.0%   0.024 GU:8    +
    1    49  0   0.0%   0.002 CG:8    +
   77   138  0   0.0%   0.078 CG:8    +
    1   143  0   0.0%   0.007 CG:8    +
   76   139  0   0.0%   0.142 CG:8    +
   88    92  0   0.0%   0.141 CG:8    +
   27    48  0   0.0%   0.000 CG:8    +
   59    76  0   0.0%   0.037 GC:8    +
   82   147  0   0.0%   0.395 UA:8    +
   30   127  0   0.0%   0.091 CG:8    +
   53    82  0   0.0%   0.410 GU:8    +
   62    72  0   0.0%   0.004 GU:8    +
   81   148  0   0.0%   0.679 CG:8    +
   16    28  0   0.0%   0.011 GC:8    +
  133   146  0   0.0%   0.168 CG:8    +
    1   136  0   0.0%   0.007 CG:8    +
  134   145  0   0.0%   0.714 UG:8    +
  106   114  0   0.0%   0.000 AU:8    +
   31    82  0   0.0%   0.020 AU:8    +
    4    10  0   0.0%   0.018 UG:8    +
   62    70  0   0.0%   0.000 GC:8    +
   25   140  0   0.0%   0.897 AU:8    +
   66    75  0   0.0%   0.035 GC:8    +
   56    87  0   0.0%   0.015 AU:8    +
   47    51  0   0.0%   0.020 AU:8    +
   19   139  0   0.0%   0.123 UG:8    +
    1   130  0   0.0%   0.002 CG:8    +
  140   149  1   0.2%   0.948 UA:7    +
   47    83  1   0.2%   0.225 AU:7    +
   37    41  1   0.1%   0.013 UA:7    +
   60    83  1   0.0%   0.118 AU:7    +
   31   137  1   0.0%   0.236 AU:7    +
   11   137  1   0.0%   0.017 AU:7    +
   37    86  1   0.0%   0.157 UA:7    +
   85   137  1   0.0%   0.016 AU:7    +
   19   149  1   0.0%   0.025 UA:7    +
   37    43  1   0.0%   0.173 UG:7    +
   86   137  1   0.0%   0.021 AU:7    +
   41    83  1   0.0%   0.005 AU:7    +
   83   144  1   0.0%   0.150 UA:7    +
   31    83  1   0.0%   0.020 AU:7    +
   57    83  1   0.0%   0.113 AU:7    +
   37    48  1   0.0%   0.240 UG:7    +
  137   144  1   0.0%   0.045 UA:7    +
   55    83  1   0.0%   0.116 AU:7    +
    4   149  1   0.0%   0.150 UA:7    +
   21   137  1   0.0%   0.012 AU:7    +
   78   137  1   0.0%   0.072 AU:7    +
   11    83  1   0.0%   0.015 AU:7    +
  132   137  1   0.0%   0.021 AU:7    +
    3   129  2   0.1%   0.035 CG:6    +
   94   129  2   0.0%   0.013 CG:6    +
  129   152  2   0.0%   0.133 GC:6    +
   28   129  2   0.0%   0.099 CG:6    +
   29   129  2   0.0%   0.129 CG:6    +
   30   129  2   0.0%   0.091 CG:6    +
   77   129  2   0.0%   0.044 CG:6    +
   20   129  2   0.0%   0.020 CG:6    +
.((((......((((.((((......(((((.(((((....)))))(((.((((....((((((....)))))))))).)))......)))))(((...(((((((((.......)))))))))...)))))))))))....))))......
