6 sequence; length of alignment 101
alifold output
   14    57  0  99.7%   0.010 UG:2    UA:4   
    5    67  0  99.9%   0.006 GC:6   
    6    66  0  99.8%   0.008 UA:6   
    8    64  0  99.8%   0.008 AU:6   
    7    65  0  99.8%   0.009 UA:6   
   13    58  0  99.8%   0.008 GC:6   
   12    59  0  99.7%   0.011 UA:6   
   15    56  0  99.6%   0.023 GC:6   
    9    63  0  99.5%   0.023 GC:6   
   11    60  0  99.5%   0.017 CG:6   
   16    55  0  95.7%   0.201 UA:6   
   84    92  0  95.1%   0.294 GC:6   
   82    94  0  95.1%   0.151 GC:6   
   83    93  0  95.1%   0.160 AU:6   
    4    68  0  93.7%   0.193 UA:6   
   81    95  0  93.2%   0.217 AU:6   
   85    91  0  93.2%   0.452 AU:6   
   80    96  0  76.7%   0.700 UG:6   
   27    36  0  73.8%   0.792 GC:4    GU:2   
   21    42  0  74.2%   0.777 CG:6   
   22    41  0  74.2%   0.667 GC:6   
   28    35  0  74.0%   0.795 GC:6   
   20    43  1  73.3%   0.791 CG:5   
   23    40  0  71.4%   0.726 AU:6   
   29    34  0  60.0%   0.942 AU:6   
    3    69  0  56.4%   0.978 UG:6   
   36    42  0  23.7%   1.529 CG:4    UG:2    +
   35    43  0  23.7%   1.583 CG:6    +
   19    52  0  21.0%   1.293 AU:6    +
   34    44  0  19.8%   1.380 UA:6    +
   18    47  0  17.2%   1.019 GC:6   
   18    53  0  17.0%   1.476 GU:6    +
   17    48  0  16.8%   1.109 GU:6   
    2    70  0  13.6%   0.842 GU:6    +
   46    51  0  12.7%   1.786 GC:6    +
   45    52  0  12.7%   1.959 AU:6    +
   33    45  0  12.2%   0.839 UA:6    +
   44    53  0  11.3%   1.702 AU:6    +
   32    47  0  11.1%   1.409 GC:6    +
   24    50  0  11.0%   0.928 CG:6    +
   25    49  0  10.9%   0.969 AU:6    +
   26    48  0  10.5%   1.083 AU:6    +
   27    47  0  10.1%   1.416 GC:6    +
   75   100  0   9.6%   1.366 UA:6    +
   31    48  0   9.2%   1.298 AU:6    +
   76    99  0   9.1%   1.436 UA:6    +
    1    71  0   7.7%   0.618 AU:6    +
   22    51  0   7.6%   1.102 GC:6    +
   33    46  0   7.5%   0.990 UG:6    +
   75    99  0   6.0%   0.994 UA:6    +
   74   101  0   5.3%   0.962 UA:6    +
   76    98  0   5.2%   0.957 UA:6    +
   28    51  0   5.0%   1.392 GC:6    +
   74   100  0   4.7%   0.804 UA:6    +
   27    52  0   4.7%   1.808 GU:6    +
   73    87  0   4.5%   0.429 GC:6    +
   27    51  0   4.5%   1.445 GC:6    +
   72    88  0   4.5%   0.563 UA:6    +
   74    86  0   4.5%   0.436 UG:6    +
   71    89  0   4.4%   0.753 UG:6    +
   75    85  0   4.4%   0.429 UA:6    +
   76   100  0   4.3%   1.497 UA:6    +
   26    52  0   4.2%   1.164 AU:6    +
   76    84  0   4.2%   0.417 UG:6    +
   70    90  0   4.2%   0.780 UA:6    +
   76    97  0   4.0%   0.624 UG:6    +
   75    98  0   4.0%   0.652 UA:6    +
   19    49  0   3.9%   0.442 AU:6    +
   18    51  0   3.8%   0.841 GC:6    +
   34    45  0   3.7%   1.316 UA:6    +
   29    49  0   3.4%   1.146 AU:6    +
   17    52  0   3.4%   0.970 GU:6    +
   69    91  0   3.3%   0.720 GU:6    +
   17    24  0   3.1%   0.330 GC:6    +
   74    99  0   3.1%   0.584 UA:6    +
   17    51  0   3.0%   0.843 GC:6    +
   30    50  0   3.0%   0.757 CG:6    +
   21    27  0   2.8%   0.313 CG:6    +
   75   101  0   2.6%   1.196 UA:6    +
   26    53  0   2.6%   1.165 AU:6    +
   25    53  0   2.6%   0.943 AU:6    +
   71    78  0   1.6%   0.450 UG:3    UA:3    +
   20    28  1   2.7%   0.303 CG:5    +
   31    49  0   1.9%   1.042 AU:6    +
   17    47  0   1.8%   0.357 GC:6    +
   72    78  0   0.7%   0.278 UG:3    UA:3    +
   30    46  0   1.7%   0.279 CG:6    +
   21    50  0   1.5%   0.531 CG:6    +
   70    79  0   1.4%   0.500 UA:6    +
   22    49  0   1.4%   0.561 GU:6    +
   70    78  0   0.2%   0.341 UG:3    UA:3    +
   72    77  0   1.2%   0.217 UA:6    +
   16    57  0   0.2%   0.155 UG:2    UA:4    +
   36    43  0   0.1%   1.211 CG:4    UG:2    +
    9    62  0   0.1%   0.018 GC:1    GU:5    +
   17    53  0   1.1%   0.887 GU:6    +
   33    44  0   1.1%   0.164 UA:6    +
   17    36  0   0.0%   0.144 GC:4    GU:2    +
   18    62  0   0.0%   0.836 GC:1    GU:5    +
   28    36  0   0.0%   0.570 GC:4    GU:2    +
   74    78  0   0.0%   0.123 UG:3    UA:3    +
   16    37  0   0.0%   0.032 UG:2    UA:4    +
   78    95  0   0.0%   0.128 GU:3    AU:3    +
    4    78  0   0.0%   0.068 UG:3    UA:3    +
    3    78  0   0.0%   0.334 UG:3    UA:3    +
    4    57  0   0.0%   0.003 UG:2    UA:4    +
    3    57  0   0.0%   0.001 UG:2    UA:4    +
   28    62  0   0.0%   0.538 GC:1    GU:5    +
   57    74  0   0.0%   0.020 GU:2    AU:4    +
   37    49  0   0.0%   0.673 GU:2    AU:4    +
   49    57  0   0.0%   0.697 UG:2    UA:4    +
   36    50  0   0.0%   1.000 CG:4    UG:2    +
   32    36  0   0.0%   0.232 GC:4    GU:2    +
   36    96  0   0.0%   0.577 CG:4    UG:2    +
   62    97  0   0.0%   0.009 CG:1    UG:5    +
   33    37  0   0.0%   0.012 UG:2    UA:4    +
   37    95  0   0.0%   0.002 GU:2    AU:4    +
   52    78  0   0.0%   1.058 UG:3    UA:3    +
   12    57  0   0.0%   0.002 UG:2    UA:4    +
   37    53  0   0.0%   0.587 GU:2    AU:4    +
   36    46  0   0.0%   0.855 CG:4    UG:2    +
   33    57  0   0.0%   0.535 UG:2    UA:4    +
   57    72  0   0.0%   0.054 GU:2    AU:4    +
   62    69  0   0.0%   0.335 CG:1    UG:5    +
    6    78  0   0.0%   0.005 UG:3    UA:3    +
    6    57  0   0.0%   0.002 UG:2    UA:4    +
   57    70  0   0.0%   0.314 GU:2    AU:4    +
   34    43  0   1.0%   0.695 UG:6    +
   35    42  0   1.0%   0.603 CG:6    +
   69    80  0   1.0%   0.468 GU:6    +
   23    48  0   0.8%   0.694 AU:6    +
   75    97  0   0.8%   0.301 UG:6    +
   18    52  0   0.8%   0.713 GU:6    +
   16    54  0   0.7%   0.147 UA:6    +
   28    47  0   0.7%   1.057 GC:6    +
   19    53  0   0.7%   0.940 AU:6    +
   74    98  0   0.7%   0.314 UA:6    +
    1    72  0   0.6%   0.317 AU:6    +
   71    79  0   0.6%   0.459 UA:6    +
    2    71  0   0.6%   0.558 GU:6    +
   32    48  0   0.5%   1.216 GU:6    +
    1    70  0   0.5%   0.083 AU:6    +
   27    48  0   0.5%   1.262 GU:6    +
   19    48  0   0.5%   0.388 AU:6    +
   72    99  0   0.5%   0.429 UA:6    +
   71   100  0   0.5%   0.606 UA:6    +
   16    25  0   0.4%   0.076 UA:6    +
   17    30  0   0.4%   0.181 GC:6    +
   72   100  0   0.4%   0.447 UA:6    +
   18    30  0   0.4%   0.097 GC:6    +
   32    41  0   0.4%   0.293 GC:6    +
   26    49  0   0.3%   0.755 AU:6    +
   72    97  0   0.3%   0.353 UG:6    +
   71    98  0   0.3%   0.548 UA:6    +
   18    49  0   0.3%   0.411 GU:6    +
   76    96  0   0.3%   0.219 UG:6    +
   22    52  0   0.3%   1.004 GU:6    +
   70   101  0   0.3%   0.591 UA:6    +
   70    99  0   0.2%   0.565 UA:6    +
   71    99  0   0.2%   0.564 UA:6    +
   71    77  0   0.2%   0.276 UA:6    +
   84    94  0   0.2%   0.276 GC:6    +
   85    93  0   0.2%   0.304 AU:6    +
   86    92  0   0.2%   0.243 GC:6    +
   71   101  0   0.2%   0.599 UA:6    +
   72    98  0   0.2%   0.373 UA:6    +
   83    95  0   0.2%   0.173 AU:6    +
   69    92  0   0.2%   0.530 GC:6    +
   70   100  0   0.2%   0.570 UA:6    +
   72    79  0   0.2%   0.255 UA:6    +
   17    49  0   0.2%   0.544 GU:6    +
   17    56  0   0.2%   0.829 GC:6    +
   15    58  0   0.2%   0.051 GC:6    +
   14    59  0   0.2%   0.040 UA:6    +
   76   101  0   0.2%   1.123 UA:6    +
   72   101  0   0.2%   0.426 UA:6    +
   74    96  0   0.2%   0.192 UG:6    +
   29    33  0   0.1%   0.031 AU:6    +
   23    52  0   0.1%   0.809 AU:6    +
   18    24  0   0.1%   0.139 GC:6    +
   27    35  0   0.1%   0.138 GC:6    +
   30    42  0   0.1%   0.293 CG:6    +
   28    34  0   0.1%   0.135 GU:6    +
   24    46  0   0.1%   0.152 CG:6    +
   88    95  0   0.1%   0.252 AU:6    +
   89    94  0   0.1%   0.223 GC:6    +
   87    96  0   0.1%   0.402 CG:6    +
   22    53  0   0.1%   0.901 GU:6    +
    2    72  0   0.1%   0.355 GU:6    +
   74    79  0   0.1%   0.133 UA:6    +
   73    80  0   0.1%   0.070 GU:6    +
   68    93  0   0.1%   0.095 AU:6    +
    3    68  0   0.1%   0.023 UA:6    +
   21    28  0   0.1%   0.224 CG:6    +
   33    39  0   0.1%   0.031 UA:6    +
   77    95  0   0.1%   0.095 AU:6    +
   80    97  0   0.1%   0.476 UG:6    +
   32    40  0   0.1%   0.264 GU:6    +
   16    46  0   0.1%   0.049 UG:6    +
   18    48  0   0.1%   0.655 GU:6    +
   71    97  0   0.1%   0.499 UG:6    +
   70    98  0   0.1%   0.532 UA:6    +
   92    97  0   0.1%   0.297 CG:6    +
   34    38  0   0.1%   0.333 UA:6    +
   72    81  0   0.1%   0.154 UA:6    +
   44    49  0   0.1%   1.056 AU:6    +
   15    47  0   0.1%   0.016 GC:6    +
   74    97  0   0.1%   0.208 UG:6    +
   70    77  0   0.1%   0.313 UA:6    +
   45    53  0   0.1%   1.490 AU:6    +
   17    21  0   0.1%   0.013 GC:6    +
   48    54  0   0.1%   0.935 UA:6    +
    2    74  0   0.0%   0.322 GU:6    +
   30    43  0   0.0%   0.293 CG:6    +
   46    52  0   0.0%   1.605 GU:6    +
   69    76  0   0.0%   0.344 GU:6    +
   16    50  0   0.0%   0.047 UG:6    +
   91    98  0   0.0%   0.550 UA:6    +
   80    98  0   0.0%   0.629 UA:6    +
    2    75  0   0.0%   0.325 GU:6    +
   29    52  0   0.0%   1.227 AU:6    +
   18    35  0   0.0%   0.041 GC:6    +
   76    83  0   0.0%   0.023 UA:6    +
   19    34  0   0.0%   0.010 AU:6    +
   15    51  0   0.0%   0.016 GC:6    +
   32    51  0   0.0%   1.027 GC:6    +
   71    82  0   0.0%   0.345 UG:6    +
   49    54  0   0.0%   0.726 UA:6    +
   16    31  0   0.0%   0.034 UA:6    +
    1    76  0   0.0%   0.266 AU:6    +
   75    96  0   0.0%   0.173 UG:6    +
   33    50  0   0.0%   0.945 UG:6    +
   31    52  0   0.0%   1.091 AU:6    +
   13    67  0   0.0%   0.012 GC:6    +
   12    68  0   0.0%   0.080 UA:6    +
   14    66  0   0.0%   0.024 UA:6    +
   19    61  0   0.0%   0.528 AU:6    +
   17    63  0   0.0%   0.813 GC:6    +
   11    69  0   0.0%   0.338 CG:6    +
   72    96  0   0.0%   0.295 UG:6    +
   75    84  0   0.0%   0.020 UG:6    +
   16    23  0   0.0%   0.008 UA:6    +
    1    75  0   0.0%   0.263 AU:6    +
   69    75  0   0.0%   0.340 GU:6    +
   28    53  0   0.0%   1.118 GU:6    +
   46    53  0   0.0%   1.388 GU:6    +
   15    24  0   0.0%   0.007 GC:6    +
   28    49  0   0.0%   0.861 GU:6    +
   70    83  0   0.0%   0.382 UA:6    +
   29    48  0   0.0%   0.958 AU:6    +
   63    97  0   0.0%   0.013 CG:6    +
   64    96  0   0.0%   0.008 UG:6    +
   74    85  0   0.0%   0.024 UA:6    +
    4    69  0   0.0%   0.391 UG:6    +
   44    52  0   0.0%   1.169 AU:6    +
   23    49  0   0.0%   0.505 AU:6    +
   95   100  0   0.0%   0.666 UA:6    +
   65    95  0   0.0%   0.009 AU:6    +
   79    95  0   0.0%   0.127 AU:6    +
   80    99  0   0.0%   0.822 UA:6    +
   28    52  0   0.0%   1.313 GU:6    +
    9    61  0   0.0%   0.006 GU:6    +
   45    49  0   0.0%   1.061 AU:6    +
   22    58  0   0.0%   0.520 GC:6    +
    2    94  0   0.0%   0.322 GC:6    +
   61    99  0   0.0%   0.009 UA:6    +
   21    32  0   0.0%   0.115 CG:6    +
    8    72  0   0.0%   0.045 AU:6    +
   69    94  0   0.0%   0.510 GC:6    +
    1    95  0   0.0%   0.265 AU:6    +
   42    47  0   0.0%   1.512 GC:6    +
   75    82  0   0.0%   0.016 UG:6    +
    1    74  0   0.0%   0.258 AU:6    +
   82    92  0   0.0%   0.021 GC:6    +
   34    39  0   0.0%   0.333 UA:6    +
   83    91  0   0.0%   0.124 AU:6    +
   24    32  0   0.0%   0.125 CG:6    +
    7    73  0   0.0%   0.008 UG:6    +
   68    95  0   0.0%   0.086 AU:6    +
    3    73  0   0.0%   0.335 UG:6    +
   27    53  0   0.0%   1.468 GU:6    +
   81    93  0   0.0%   0.018 AU:6    +
   70    86  0   0.0%   0.382 UG:6    +
   42    51  0   0.0%   1.341 GC:6    +
   74    83  0   0.0%   0.021 UA:6    +
   71    85  0   0.0%   0.344 UA:6    +
   69    87  0   0.0%   0.381 GC:6    +
    2    67  0   0.0%   0.003 GC:6    +
   76    82  0   0.0%   0.016 UG:6    +
   76    81  0   0.0%   0.017 UA:6    +
    3    66  0   0.0%   0.003 UA:6    +
    3    79  0   0.0%   0.336 UA:6    +
   72    84  0   0.0%   0.149 UG:6    +
   44    48  0   0.0%   1.257 AU:6    +
   31    40  0   0.0%   0.247 AU:6    +
    2    76  0   0.0%   0.321 GU:6    +
   86    91  0   0.0%   0.323 GU:6    +
    2    80  0   0.0%   0.320 GU:6    +
   28    41  0   0.0%   0.563 GC:6    +
   92    96  0   0.0%   0.324 CG:6    +
   33    42  0   0.0%   0.251 UG:6    +
    5    56  0   0.0%   0.003 GC:6    +
   80   100  0   0.0%   0.832 UA:6    +
    6    55  0   0.0%   0.003 UA:6    +
   23    33  0   0.0%   0.006 AU:6    +
   68    76  0   0.0%   0.078 AU:6    +
   11    18  0   0.0%   0.002 CG:6    +
   10    19  0   0.0%   0.002 UA:6    +
    4    65  0   0.0%   0.004 UA:6    +
    7    54  0   0.0%   0.003 UA:6    +
   74    81  0   0.0%   0.022 UA:6    +
   22    30  0   0.0%   0.048 GC:6    +
   75    83  0   0.0%   0.016 UA:6    +
   29    40  0   0.0%   0.560 AU:6    +
    5    24  0   0.0%   0.002 GC:6    +
    6    23  0   0.0%   0.002 UA:6    +
   72    85  0   0.0%   0.150 UA:6    +
    9    71  0   0.0%   0.242 GU:6    +
   75    79  0   0.0%   0.121 UA:6    +
   43    51  0   0.0%   1.350 GC:6    +
    7    22  0   0.0%   0.002 UG:6    +
   12    17  0   0.0%   0.002 UG:6    +
   69    74  0   0.0%   0.335 GU:6    +
   14    25  0   0.0%   0.003 UA:6    +
   70    97  0   0.0%   0.518 UG:6    +
   43    53  0   0.0%   1.217 GU:6    +
    4    25  0   0.0%   0.002 UA:6    +
   49    55  0   0.0%   0.726 UA:6    +
   72    83  0   0.0%   0.148 UA:6    +
   75    81  0   0.0%   0.016 UA:6    +
    5    64  0   0.0%   0.003 GU:6    +
   71    84  0   0.0%   0.341 UG:6    +
   67    96  0   0.0%   0.008 CG:6    +
    2    92  0   0.0%   0.320 GC:6    +
    8    53  0   0.0%   0.002 AU:6    +
   41    46  0   0.0%   0.523 CG:6    +
   25    52  0   0.0%   0.774 AU:6    +
   70    85  0   0.0%   0.380 UA:6    +
   19    33  0   0.0%   0.002 AU:6    +
   28    48  0   0.0%   1.012 GU:6    +
   16    45  0   0.0%   0.032 UA:6    +
   48    55  0   0.0%   0.935 UA:6    +
   41    50  0   0.0%   0.667 CG:6    +
   76    85  0   0.0%   0.289 UA:6    +
   27    49  0   0.0%   1.081 GU:6    +
   11    28  0   0.0%   0.002 CG:6    +
   10    29  0   0.0%   0.002 UA:6    +
    9    30  0   0.0%   0.002 GC:6    +
    1    93  0   0.0%   0.262 AU:6    +
   71    86  0   0.0%   0.344 UG:6    +
   12    27  0   0.0%   0.002 UG:6    +
   22    56  0   0.0%   0.519 GC:6    +
   42    49  0   0.0%   1.292 GU:6    +
    3    99  0   0.0%   0.336 UA:6    +
    3    98  0   0.0%   0.336 UA:6    +
    2    58  0   0.0%   0.001 GC:6    +
   16    22  0   0.0%   0.002 UG:6    +
   12    60  0   0.0%   0.011 UG:6    +
    3   100  0   0.0%   0.337 UA:6    +
    4    77  0   0.0%   0.067 UA:6    +
    9    51  0   0.0%   0.003 GC:6    +
   33    43  0   0.0%   0.252 UG:6    +
   18    34  0   0.0%   0.033 GU:6    +
   10    50  0   0.0%   0.003 UG:6    +
   67    73  0   0.0%   0.008 CG:6    +
   17    35  0   0.0%   0.136 GC:6    +
   43    48  0   0.0%   1.514 GU:6    +
   24    28  0   0.0%   0.226 CG:6    +
   71    96  0   0.0%   0.483 UG:6    +
    5    76  0   0.0%   0.008 GU:6    +
    4    98  0   0.0%   0.068 UA:6    +
   66    74  0   0.0%   0.011 AU:6    +
   23    53  0   0.0%   0.688 AU:6    +
   95   101  0   0.0%   0.402 UA:6    +
   43    47  0   0.0%   1.520 GC:6    +
   68    72  0   0.0%   0.111 AU:6    +
   13    47  0   0.0%   0.001 GC:6    +
   14    46  0   0.0%   0.002 UG:6    +
   34    42  0   0.0%   0.557 UG:6    +
   22    34  0   0.0%   0.006 GU:6    +
   68    75  0   0.0%   0.078 AU:6    +
    4    97  0   0.0%   0.067 UG:6    +
   22    47  0   0.0%   0.604 GC:6    +
    4    99  0   0.0%   0.068 UA:6    +
   21    43  0   0.0%   0.563 CG:6    +
    3    26  0   0.0%   0.001 UA:6    +
   25    40  0   0.0%   0.267 AU:6    +
   43    49  0   0.0%   1.300 GU:6    +
   68    74  0   0.0%   0.077 AU:6    +
   74    82  0   0.0%   0.019 UG:6    +
   42    52  0   0.0%   1.411 GU:6    +
   75    86  0   0.0%   0.292 UG:6    +
    8    52  0   0.0%   0.001 AU:6    +
   65    75  0   0.0%   0.009 AU:6    +
   24    43  0   0.0%   0.350 CG:6    +
    3    97  0   0.0%   0.335 UG:6    +
   93   100  0   0.0%   0.634 UA:6    +
   39    52  0   0.0%   0.798 AU:6    +
   80   101  0   0.0%   0.570 UA:6    +
   38    53  0   0.0%   0.592 AU:6    +
   50    56  0   0.0%   0.440 GC:6    +
   29    53  0   0.0%   1.024 AU:6    +
   26    33  0   0.0%   0.002 AU:6    +
    3    77  0   0.0%   0.333 UA:6    +
    3   101  0   0.0%   0.337 UA:6    +
   21    46  0   0.0%   0.343 CG:6    +
    4   100  0   0.0%   0.068 UA:6    +
   39    48  0   0.0%   0.893 AU:6    +
    9    70  0   0.0%   0.312 GU:6    +
   16    44  0   0.0%   0.031 UA:6    +
   38    49  0   0.0%   0.677 AU:6    +
   24    42  0   0.0%   0.343 CG:6    +
   93    98  0   0.0%   0.433 UA:6    +
   27    33  0   0.0%   0.110 GU:6    +
   29    61  0   0.0%   0.442 AU:6    +
   27    63  0   0.0%   0.891 GC:6    +
   30    60  0   0.0%   0.240 CG:6    +
   28    33  0   0.0%   0.108 GU:6    +
    9    52  0   0.0%   0.002 GU:6    +
   25    34  0   0.0%   0.029 AU:6    +
   42    48  0   0.0%   1.505 GU:6    +
   73    95  0   0.0%   0.154 GU:6    +
   74    84  0   0.0%   0.019 UG:6    +
   93    99  0   0.0%   0.624 UA:6    +
    8    71  0   0.0%   0.230 AU:6    +
   33    38  0   0.0%   0.012 UA:6    +
   91    97  0   0.0%   0.388 UG:6    +
   71    90  0   0.0%   0.613 UA:6    +
   26    64  0   0.0%   0.490 AU:6    +
   22    48  0   0.0%   0.557 GU:6    +
   58    73  0   0.0%   0.018 CG:6    +
   59    72  0   0.0%   0.054 AU:6    +
   26    34  0   0.0%   0.005 AU:6    +
   62    78  1   0.0%   0.009 UG:3    UA:2    +
   10    60  0   0.0%   0.002 UG:6    +
   61    79  0   0.0%   0.005 UA:6    +
   60    71  0   0.0%   0.236 GU:6    +
   27    34  0   0.0%   0.112 GU:6    +
   95    99  0   0.0%   0.652 UA:6    +
    5    75  0   0.0%   0.009 GU:6    +
   38    48  0   0.0%   0.890 AU:6    +
   10    23  0   0.0%   0.002 UA:6    +
   11    22  0   0.0%   0.002 CG:6    +
   25    48  0   0.0%   0.398 AU:6    +
    9    24  0   0.0%   0.002 GC:6    +
   60    80  0   0.0%   0.010 GU:6    +
   14    19  0   0.0%   0.001 UA:6    +
   51    60  0   0.0%   0.992 CG:6    +
   69    93  0   0.0%   0.513 GU:6    +
   70    96  0   0.0%   0.516 UG:6    +
   26    40  0   0.0%   0.242 AU:6    +
   11    50  0   0.0%   0.002 CG:6    +
   71    81  0   0.0%   0.337 UA:6    +
   43    52  0   0.0%   1.418 GU:6    +
   52    59  0   0.0%   1.072 UA:6    +
   70    81  0   0.0%   0.377 UA:6    +
   51    86  0   0.0%   0.983 CG:6    +
   50    87  0   0.0%   0.423 GC:6    +
   27    41  0   0.0%   0.563 GC:6    +
   72    82  0   0.0%   0.148 UG:6    +
   52    85  0   0.0%   1.058 UA:6    +
   50    61  0   0.0%   0.427 GU:6    +
   49    88  0   0.0%   0.682 UA:6    +
   71    83  0   0.0%   0.342 UA:6    +
   93    97  0   0.0%   0.282 UG:6    +
   47    60  0   0.0%   0.901 CG:6    +
   53    84  0   0.0%   0.840 UG:6    +
   68    91  0   0.0%   0.073 AU:6    +
    2    30  0   0.0%   0.000 GC:6    +
   43    94  0   0.0%   0.631 GC:6    +
    3    29  0   0.0%   0.001 UA:6    +
   42    95  0   0.0%   0.623 GU:6    +
   68    80  0   0.0%   0.074 AU:6    +
   13    61  0   0.0%   0.004 GU:6    +
   48    59  0   0.0%   0.906 UA:6    +
   46    61  0   0.0%   0.551 GU:6    +
   11    82  0   0.0%   0.009 CG:6    +
   13    80  0   0.0%   0.006 GU:6    +
   19    74  0   0.0%   0.528 AU:6    +
   12    81  0   0.0%   0.007 UA:6    +
   18    75  0   0.0%   0.832 GU:6    +
    4    28  0   0.0%   0.001 UG:6    +
   17    76  0   0.0%   0.807 GU:6    +
   14    79  0   0.0%   0.018 UA:6    +
   23    70  0   0.0%   0.594 AU:6    +
   24    69  0   0.0%   0.699 CG:6    +
   10    83  0   0.0%   0.002 UA:6    +
   41    96  0   0.0%   0.244 CG:6    +
   34    46  0   0.0%   1.092 UG:6    +
   44    93  0   0.0%   0.623 AU:6    +
   16    77  0   0.0%   0.130 UA:6    +
   48    89  0   0.0%   0.892 UG:6    +
    6    26  0   0.0%   0.001 UA:6    +
    5    87  0   0.0%   0.004 GC:6    +
    7    25  0   0.0%   0.002 UA:6    +
   22    71  0   0.0%   0.731 GU:6    +
   15    49  0   0.0%   0.007 GU:6    +
   70    89  0   0.0%   0.380 UG:6    +
    6    86  0   0.0%   0.004 UG:6    +
    3    96  0   0.0%   0.334 UG:6    +
    4    73  0   0.0%   0.066 UG:6    +
   18    56  0   0.0%   0.841 GC:6    +
   72    89  0   0.0%   0.423 UG:6    +
    4    88  0   0.0%   0.066 UA:6    +
   15    53  0   0.0%   0.010 GU:6    +
    4    96  0   0.0%   0.066 UG:6    +
   54    76  0   0.0%   0.047 AU:6    +
    7    85  0   0.0%   0.005 UA:6    +
   53    77  0   0.0%   0.840 UA:6    +
   35    97  0   0.0%   0.622 CG:6    +
    1    80  0   0.0%   0.261 AU:6    +
   32    49  0   0.0%   0.974 GU:6    +
   71    88  0   0.0%   0.342 UA:6    +
   34    98  0   0.0%   0.815 UA:6    +
   55    75  0   0.0%   0.049 AU:6    +
   70    84  0   0.0%   0.379 UG:6    +
    9    64  0   0.0%   0.015 GU:6    +
   63    96  0   0.0%   0.008 CG:6    +
   16    26  0   0.0%   0.027 UA:6    +
    2    56  0   0.0%   0.000 GC:6    +
   14    55  0   0.0%   0.002 UA:6    +
    3    55  0   0.0%   0.001 UA:6    +
   28    40  0   0.0%   0.580 GU:6    +
   15    52  0   0.0%   0.010 GU:6    +
   63    69  0   0.0%   0.334 CG:6    +
   13    56  0   0.0%   0.001 GC:6    +
   61    98  0   0.0%   0.005 UA:6    +
   14    50  0   0.0%   0.002 UG:6    +
   33    99  0   0.0%   0.521 UA:6    +
    4    54  0   0.0%   0.001 UA:6    +
    3    89  0   0.0%   0.334 UG:6    +
    3    23  0   0.0%   0.000 UA:6    +
    2    24  0   0.0%   0.000 GC:6    +
    4    22  0   0.0%   0.000 UG:6    +
    5    21  0   0.0%   0.000 GC:6    +
   50    58  0   0.0%   0.439 GC:6    +
   13    51  0   0.0%   0.001 GC:6    +
    6    65  0   0.0%   0.002 UA:6    +
   82    95  0   0.0%   0.132 GU:6    +
    9    72  0   0.0%   0.053 GU:6    +
   64    68  0   0.0%   0.074 UA:6    +
   91   100  0   0.0%   0.747 UA:6    +
    5    63  0   0.0%   0.002 GC:6    +
   13    48  0   0.0%   0.001 GU:6    +
   60    67  0   0.0%   0.013 GC:6    +
   38    52  0   0.0%   0.795 AU:6    +
   16    29  0   0.0%   0.027 UA:6    +
   56    73  0   0.0%   0.020 CG:6    +
   49    59  0   0.0%   0.696 UA:6    +
    4   101  0   0.0%   0.068 UA:6    +
   55    74  0   0.0%   0.049 AU:6    +
   56    82  0   0.0%   0.017 CG:6    +
   18    41  0   0.0%   0.035 GC:6    +
   32    58  0   0.0%   0.321 GC:6    +
   87    97  0   0.0%   0.354 CG:6    +
   40    97  0   0.0%   0.250 UG:6    +
   16    32  0   0.0%   0.029 UG:6    +
   22    40  0   0.0%   0.002 GU:6    +
    5    53  0   0.0%   0.001 GU:6    +
   61    66  0   0.0%   0.009 UA:6    +
    7    77  0   0.0%   0.005 UA:6    +
    8    74  0   0.0%   0.009 AU:6    +
   19    40  0   0.0%   0.004 AU:6    +
    2    95  0   0.0%   0.321 GU:6    +
    8    76  0   0.0%   0.008 AU:6    +
   31    53  0   0.0%   0.885 AU:6    +
   93   101  0   0.0%   0.372 UA:6    +
   21    60  0   0.0%   0.405 CG:6    +
    2    93  0   0.0%   0.319 GU:6    +
   15    48  0   0.0%   0.007 GU:6    +
   91    99  0   0.0%   0.738 UA:6    +
    8    61  0   0.0%   0.001 AU:6    +
   15    30  0   0.0%   0.003 GC:6    +
   70    82  0   0.0%   0.377 UG:6    +
    6    73  0   0.0%   0.005 UG:6    +
   54    75  0   0.0%   0.048 AU:6    +
    5    58  0   0.0%   0.002 GC:6    +
   42    53  0   0.0%   1.207 GU:6    +
   18    63  0   0.0%   0.834 GC:6    +
    4    59  0   0.0%   0.001 UA:6    +
   17    64  0   0.0%   0.806 GU:6    +
   39    49  0   0.0%   0.679 AU:6    +
   39    53  0   0.0%   0.594 AU:6    +
   80    84  0   0.0%   0.191 UG:6    +
   46    91  0   0.0%   0.547 GU:6    +
   40    54  0   0.0%   0.285 UA:6    +
   47    86  0   0.0%   0.892 CG:6    +
   48    85  0   0.0%   0.891 UA:6    +
   46    56  0   0.0%   0.564 GC:6    +
   13    49  0   0.0%   0.001 GU:6    +
   46    87  0   0.0%   0.547 GC:6    +
   69    95  0   0.0%   0.510 GU:6    +
   43    92  0   0.0%   0.630 GC:6    +
   15    21  0   0.0%   0.000 GC:6    +
   44    91  0   0.0%   0.622 AU:6    +
   80    85  0   0.0%   0.195 UA:6    +
   16    65  0   0.0%   0.132 UA:6    +
   90    95  0   0.0%   0.232 AU:6    +
   43    63  0   0.0%   0.637 GC:6    +
   32    52  0   0.0%   1.094 GU:6    +
   56    60  0   0.0%   0.026 CG:6    +
   66    95  0   0.0%   0.008 AU:6    +
   58    69  0   0.0%   0.342 CG:6    +
   55    61  0   0.0%   0.048 AU:6    +
   86    94  0   0.0%   0.219 GC:6    +
   42    93  0   0.0%   0.622 GU:6    +
   66    93  0   0.0%   0.006 AU:6    +
    7    66  0   0.0%   0.006 UA:6    +
   35    46  0   0.0%   0.900 CG:6    +
   40    45  0   0.0%   0.629 UA:6    +
   85    95  0   0.0%   0.312 AU:6    +
   42    64  0   0.0%   0.624 GU:6    +
   51    82  0   0.0%   0.983 CG:6    +
   22    35  0   0.0%   0.006 GC:6    +
   49    84  0   0.0%   0.682 UG:6    +
    9    75  0   0.0%   0.019 GU:6    +
   91    96  0   0.0%   0.428 UG:6    +
   14    54  0   0.0%   0.002 UA:6    +
   52    81  0   0.0%   1.057 UA:6    +
    4    79  0   0.0%   0.067 UA:6    +
    2    91  0   0.0%   0.318 GU:6    +
   17    33  0   0.0%   0.135 GU:6    +
   40    46  0   0.0%   0.527 UG:6    +
    3    60  0   0.0%   0.001 UG:6    +
   20    27  1   0.1%   0.024 CG:5    +
   20    50  1   0.1%   0.358 CG:5    +
   20    60  1   0.0%   0.355 CG:5    +
   62    98  1   0.0%   0.013 UA:5    +
   20    46  1   0.0%   0.346 CG:5    +
    9    20  1   0.0%   0.002 GC:5    +
   20    32  1   0.0%   0.108 CG:5    +
    8    62  1   0.0%   0.002 AU:5    +
   20    42  1   0.0%   0.108 CG:5    +
   13    20  1   0.0%   0.001 GC:5    +
   20    73  1   0.0%   0.347 CG:5    +
   45    62  1   0.0%   0.656 AU:5    +
   19    62  1   0.0%   0.530 AU:5    +
   44    62  1   0.0%   0.630 AU:5    +
..(((((((.((((((((.((((...(((....)))...))))...))......))))))..)))))))..........((((((.....)))))).....
