22 sequence; length of alignment 101
alifold output
   82    90  0  97.0%   0.186 GC:16   GU:6   
   80    92  0  97.0%   0.198 GC:22  
   81    91  0  97.0%   0.186 AU:22  
   83    89  0  95.0%   0.246 AU:22  
   79    93  0  94.8%   0.234 AU:22  
   14    57  1  94.1%   0.183 CG:20   UG:1   
   13    58  1  94.0%   0.177 GU:5    AU:16  
   15    56  0  93.9%   0.235 GC:22  
   12    59  0  93.8%   0.227 UA:22  
   11    60  1  92.4%   0.313 CG:20   UG:1   
   16    55  0  90.5%   0.408 UG:1    UA:21  
   78    94  0  74.6%   0.713 UG:22  
   35    44  0  68.6%   1.257 UG:1    UA:21  
   33    46  0  68.5%   0.899 UG:22  
   36    43  0  68.5%   1.612 CG:22  
   34    45  0  68.3%   1.194 UA:22  
   32    47  0  66.7%   1.187 GC:21   GU:1   
    4    65  0  57.5%   1.047 CG:1    UG:12   UA:8    --:1   
    3    66  1  59.6%   1.024 UA:20   --:1   
    2    67  1  59.6%   1.018 GC:20   --:1   
   31    48  0  46.0%   1.719 AU:22  
    5    64  1  34.2%   1.389 GU:20   --:1   
   19    52  0  28.7%   1.341 AU:22  
   21    50  0  27.9%   1.617 CG:22  
   22    49  0  27.3%   1.584 GU:22  
   21    42  0  25.6%   1.203 CG:22   +
   22    41  0  25.6%   1.142 GC:22   +
   20    43  0  25.4%   1.077 CG:22   +
   27    36  0  25.4%   1.170 GC:22   +
   28    35  0  24.6%   1.070 AU:22   +
   23    40  0  24.6%   1.147 AU:22   +
   18    53  0  23.1%   1.485 GU:22  
   29    34  0  16.2%   0.912 AU:22   +
   24    50  0  16.1%   1.585 CG:22   +
   25    49  0  16.1%   1.385 AU:22   +
    9    61  0  11.9%   0.992 GU:19   AU:3    +
    7    62  1  11.9%   0.967 CG:1    UG:15   UA:4    --:1    +
   22    51  0  11.4%   1.720 GC:22   +
   23    48  0  10.9%   1.341 AU:22   +
    8    61  1   9.6%   0.689 GU:1    AU:20   +
   27    51  0   9.5%   1.696 GC:22   +
   26    52  0   9.1%   1.409 AU:22   +
    5    67  1   9.0%   1.615 GC:20   --:1    +
    5    63  1   8.5%   0.714 GC:20   --:1    +
    4    68  1   8.2%   1.035 UA:20   --:1    +
    6    62  1   7.0%   0.578 CG:1    UG:15   UA:4    --:1    +
   44    53  0   6.3%   1.493 GU:1    AU:21   +
   26    48  0   7.1%   0.981 AU:22   +
   46    51  0   7.1%   1.492 GC:22   +
   45    52  0   7.1%   1.705 AU:22   +
   30    50  0   6.8%   1.332 CG:22   +
    3    69  0   5.0%   0.859 CG:1    UG:20   --:1    +
   18    47  0   4.9%   0.594 GC:21   GU:1    +
   17    24  0   5.9%   0.690 GC:22   +
   25    53  0   5.6%   1.250 AU:22   +
   27    47  0   4.0%   1.034 GC:21   GU:1    +
   17    48  0   4.8%   0.751 GU:22   +
    7    65  1   3.9%   1.035 CG:1    UG:12   UA:7    --:1    +
   62    70  0   3.0%   1.095 GU:18   AU:4    +
   18    51  0   3.6%   0.687 GC:22   +
   34    65  0   2.6%   1.440 UG:14   UA:8    +
    8    64  1   3.5%   0.955 GU:1    AU:20   +
   31    49  0   3.4%   1.609 AU:22   +
   17    52  0   3.3%   0.852 GU:22   +
   63    69  0   3.2%   0.968 CG:22   +
   29    70  0   3.0%   0.763 AU:22   +
   30    69  0   3.0%   0.748 CG:22   +
   28    71  0   3.0%   0.778 AU:22   +
   27    72  0   2.9%   1.188 GU:22   +
    4    22  0   1.7%   0.216 CG:1    UG:20   --:1    +
   26    73  0   2.7%   0.735 AU:22   +
   33    66  0   2.7%   0.978 UA:22   +
   32    67  0   2.6%   1.162 GC:22   +
   64    68  0   2.6%   1.118 UA:22   +
   39    60  1   2.6%   0.425 CG:19   UG:2    +
   38    61  0   2.6%   0.830 AU:22   +
   41    57  0   2.6%   0.788 CG:22   +
   42    56  0   2.6%   0.809 GC:22   +
   40    59  0   2.5%   0.727 UA:22   +
   34    44  0   1.2%   0.484 UG:1    UA:21   +
    3    65  0   0.1%   0.115 CG:1    UG:12   UA:8    --:1    +
    3    62  0   0.1%   0.107 CG:1    UG:16   UA:4    --:1    +
   25    74  0   2.0%   0.754 AU:22   +
    4    37  0   0.0%   0.088 CG:1    UG:18   UA:2    --:1    +
    2     6  0   0.0%   0.006 GC:1    GU:19   UA:1    --:1    +
    4    62  0   0.0%   0.094 CG:1    UG:16   UA:4    --:1    +
   46    63  0   2.0%   0.964 GC:22   +
   71    83  0   2.0%   0.404 UA:22   +
   72    82  0   2.0%   0.377 UG:22   +
   70    84  0   1.9%   0.572 UG:22   +
   73    81  0   1.9%   0.368 UA:22   +
   69    85  0   1.9%   0.722 GC:22   +
   74    80  0   1.9%   0.389 UG:22   +
   45    64  0   1.9%   1.230 AU:22   +
   51    57  0   1.8%   1.230 CG:22   +
   50    58  0   1.8%   1.160 GU:22   +
   29    49  0   1.7%   1.315 AU:22   +
   21    27  0   1.7%   0.328 CG:22   +
   49    59  0   1.7%   1.352 UA:22   +
   10    62  1   1.1%   0.686 CG:1    UG:16   UA:4    +
   17    47  0   0.6%   0.379 GC:21   GU:1    +
   19    49  0   1.5%   0.257 AU:22   +
   84    90  0   0.5%   0.201 GC:16   GU:6    +
   86    93  0   0.5%   0.173 GU:2    AU:20   +
   36    42  0   1.5%   0.931 CG:22   +
   37    71  0   0.5%   0.259 GU:20   AU:2    +
   47    62  3   2.0%   1.327 CG:18   UA:1    +
   35    43  0   1.3%   0.891 UG:22   +
   48    60  0   1.2%   1.322 UG:22   +
   17    51  0   1.2%   0.626 GC:22   +
   65    75  0   0.2%   0.693 GU:14   AU:8    +
   65    78  0   0.2%   0.693 GU:14   AU:8    +
    3    23  1   1.7%   0.217 UA:20   --:1    +
    2    24  1   1.7%   0.217 GC:20   --:1    +
   49    62  0   0.2%   1.677 UG:18   UA:4    +
   16    62  0   0.2%   0.759 UG:18   UA:4    +
    9    64  0   0.2%   0.773 GU:19   AU:3    +
    6    65  2   1.5%   0.710 UG:12   UA:7    --:1    +
    5    21  1   1.6%   0.206 GC:20   --:1    +
   75    79  0   1.1%   0.236 UA:22   +
   15    47  0   0.1%   0.068 GC:21   GU:1    +
   47    69  0   0.1%   0.973 CG:21   UG:1    +
   16    65  0   0.1%   0.770 UG:14   UA:8    +
    4    18  0   0.1%   0.017 CG:1    UG:20   --:1    +
   65    72  0   0.1%   0.752 GU:14   AU:8    +
   65    74  0   0.1%   0.737 GU:14   AU:8    +
   44    72  0   0.1%   0.617 GU:1    AU:21   +
   49    86  0   0.0%   1.083 UG:2    UA:20   +
   12    86  0   0.0%   0.122 UG:2    UA:20   +
   62    75  0   0.0%   0.733 GU:18   AU:4    +
   33    44  0   0.0%   0.067 UG:1    UA:21   +
    9    89  0   0.0%   0.284 GU:19   AU:3    +
    4    69  0   0.0%   0.778 CG:1    UG:20   --:1    +
   65    73  0   0.0%   0.745 GU:14   AU:8    +
   55    70  0   0.0%   0.279 GU:1    AU:21   +
   44    49  0   0.0%   1.302 GU:1    AU:21   +
    9    16  0   0.0%   0.016 GU:19   AU:3    +
   65    71  0   0.0%   0.770 GU:14   AU:8    +
   12    65  0   0.0%   0.625 UG:14   UA:8    +
   47    60  0   0.0%   0.776 CG:21   UG:1    +
   53    65  0   0.0%   1.460 UG:14   UA:8    +
   64    86  0   0.0%   0.714 UG:2    UA:20   +
    9    74  0   0.0%   0.276 GU:19   AU:3    +
    9    77  0   0.0%   0.277 GU:19   AU:3    +
   62    71  0   0.0%   0.850 GU:18   AU:4    +
   58    62  0   0.0%   0.741 UG:18   UA:4    +
   44    52  0   0.0%   1.161 GU:1    AU:21   +
   55    61  0   0.0%   0.729 GU:1    AU:21   +
    9    70  0   0.0%   0.306 GU:19   AU:3    +
    9    71  0   0.0%   0.275 GU:19   AU:3    +
   80    90  0   0.0%   0.108 GC:16   GU:6    +
   49    55  0   0.0%   1.076 UG:1    UA:21   +
   18    90  0   0.0%   0.784 GC:16   GU:6    +
   47    84  0   0.0%   0.671 CG:21   UG:1    +
    3    87  0   0.0%   0.563 CG:1    UG:20   --:1    +
   65    70  0   0.0%   0.908 GU:14   AU:8    +
   44    91  0   0.0%   0.503 GU:1    AU:21   +
   75    86  0   0.0%   0.127 UG:2    UA:20   +
    9    72  0   0.0%   0.274 GU:19   AU:3    +
    9    73  0   0.0%   0.274 GU:19   AU:3    +
   16    37  0   0.0%   0.097 UG:20   UA:2    +
   62    78  0   0.0%   0.718 GU:18   AU:4    +
   12    62  0   0.0%   0.604 UG:18   UA:4    +
   55    77  0   0.0%   0.106 GU:1    AU:21   +
   44    64  0   0.0%   1.001 GU:1    AU:21   +
   62    77  0   0.0%   0.726 GU:18   AU:4    +
   35    65  0   0.0%   1.301 UG:14   UA:8    +
   44    48  0   0.0%   1.283 GU:1    AU:21   +
   48    55  0   0.0%   1.059 UG:1    UA:21   +
   61    65  0   0.0%   1.256 UG:14   UA:8    +
    9    75  0   0.0%   0.275 GU:19   AU:3    +
   37    72  0   0.0%   0.209 GU:20   AU:2    +
   27    90  0   0.0%   0.983 GC:16   GU:6    +
    4    87  0   0.0%   0.626 CG:1    UG:20   --:1    +
   65    89  0   0.0%   0.665 GU:14   AU:8    +
   72    86  0   0.0%   0.226 UG:2    UA:20   +
   22    47  0   0.0%   0.629 GC:21   GU:1    +
   58    65  0   0.0%   0.760 UG:14   UA:8    +
    9    33  0   0.0%   0.007 GU:19   AU:3    +
   47    87  0   0.0%   0.673 CG:21   UG:1    +
    3    32  0   0.0%   0.080 CG:1    UG:20   --:1    +
   62    74  0   0.0%   0.800 GU:18   AU:4    +
   62    72  0   0.0%   0.822 GU:18   AU:4    +
    4    17  0   0.0%   0.004 CG:1    UG:20   --:1    +
   49    65  0   0.0%   1.685 UG:14   UA:8    +
   42    47  0   0.0%   1.031 GC:21   GU:1    +
   33    62  0   0.0%   0.871 UG:18   UA:4    +
   62    73  0   0.0%   0.815 GU:18   AU:4    +
   46    90  0   0.0%   0.565 GC:16   GU:6    +
   16    44  0   0.0%   0.100 UG:1    UA:21   +
   65    77  0   0.0%   0.663 GU:14   AU:8    +
    3    18  0   0.0%   0.004 CG:1    UG:20   --:1    +
   47    57  0   0.0%   0.764 CG:21   UG:1    +
    4    94  0   0.0%   0.625 CG:1    UG:20   --:1    +
    3    84  0   0.0%   0.561 CG:1    UG:20   --:1    +
   60    90  0   0.0%   0.309 GC:16   GU:6    +
   33    37  0   0.0%   0.031 UG:20   UA:2    +
    9    34  0   0.0%   0.005 GU:19   AU:3    +
   48    86  0   0.0%   1.033 UG:2    UA:20   +
   52    65  0   0.0%   1.690 UG:14   UA:8    +
   53    62  0   0.0%   1.437 UG:18   UA:4    +
   86    91  0   0.0%   0.072 GU:2    AU:20   +
   44    73  0   0.0%   0.607 GU:1    AU:21   +
   37    73  0   0.0%   0.205 GU:20   AU:2    +
   69    90  0   0.0%   0.566 GC:16   GU:6    +
   90    94  0   0.0%   0.314 CG:16   UG:6    +
    3    94  0   0.0%   0.562 CG:1    UG:20   --:1    +
   55    74  0   0.0%   0.187 GU:1    AU:21   +
   74    86  0   0.0%   0.231 UG:2    UA:20   +
   73    86  0   0.0%   0.220 UG:2    UA:20   +
   37    61  0   0.0%   0.573 GU:20   AU:2    +
   17    90  0   0.0%   0.708 GC:16   GU:6    +
   33    65  0   0.0%   0.883 UG:14   UA:8    +
   55    64  0   0.0%   0.674 GU:1    AU:21   +
   48    65  0   0.0%   1.641 UG:14   UA:8    +
   43    47  0   0.0%   1.255 GC:21   GU:1    +
   35    62  0   0.0%   1.192 UG:18   UA:4    +
   48    62  0   0.0%   1.610 UG:18   UA:4    +
    3    17  0   0.0%   0.004 CG:1    UG:20   --:1    +
   37    49  0   0.0%   1.046 GU:20   AU:2    +
   37    64  0   0.0%   0.579 GU:20   AU:2    +
   55    71  0   0.0%   0.238 GU:1    AU:21   +
    4    15  0   0.0%   0.003 CG:1    UG:20   --:1    +
    4    32  0   0.0%   0.080 CG:1    UG:20   --:1    +
   62    93  0   0.0%   0.713 GU:18   AU:4    +
   55    78  0   0.0%   0.100 GU:1    AU:21   +
   62    89  0   0.0%   0.715 GU:18   AU:4    +
   44    75  0   0.0%   0.513 GU:1    AU:21   +
    9    48  0   0.0%   0.005 GU:19   AU:3    +
   44    71  0   0.0%   0.631 GU:1    AU:21   +
    9    78  0   0.0%   0.275 GU:19   AU:3    +
   44    74  0   0.0%   0.591 GU:1    AU:21   +
   65    91  0   0.0%   0.664 GU:14   AU:8    +
   44    70  0   0.0%   0.670 GU:1    AU:21   +
   71    86  0   0.0%   0.252 UG:2    UA:20   +
    4    27  0   0.0%   0.079 CG:1    UG:20   --:1    +
    3    46  0   0.0%   0.082 CG:1    UG:20   --:1    +
    3    15  0   0.0%   0.004 CG:1    UG:20   --:1    +
    9    52  0   0.0%   0.005 GU:19   AU:3    +
   70    86  0   0.0%   0.421 UG:2    UA:20   +
    3    22  0   0.0%   0.009 CG:1    UG:20   --:1    +
   12    44  0   0.0%   0.044 UG:1    UA:21   +
   22    90  0   0.0%   1.104 GC:16   GU:6    +
    3    50  0   0.0%   0.083 CG:1    UG:20   --:1    +
    3    27  0   0.0%   0.079 CG:1    UG:20   --:1    +
   62    91  0   0.0%   0.714 GU:18   AU:4    +
   37    74  0   0.0%   0.190 GU:20   AU:2    +
   44    89  0   0.0%   0.503 GU:1    AU:21   +
   37    70  0   0.0%   0.221 GU:20   AU:2    +
   55    72  0   0.0%   0.210 GU:1    AU:21   +
    9    35  0   0.0%   0.005 GU:19   AU:3    +
   43    90  0   0.0%   0.678 GC:16   GU:6    +
    9    93  0   0.0%   0.278 GU:19   AU:3    +
   28    52  0   1.0%   1.298 AU:22   +
   16    25  0   1.0%   0.179 UA:22   +
   20    50  0   0.9%   0.509 CG:22   +
   17    53  0   0.9%   0.756 GU:22   +
   33    45  0   0.8%   0.181 UA:22   +
   70    76  0   0.8%   0.435 UA:22   +
   27    53  0   0.8%   1.540 GU:22   +
   69    77  0   0.8%   0.597 GU:22   +
   32    39  1   0.8%   0.134 GC:19   GU:2    +
   11    17  1   0.8%   0.131 CG:20   UG:1    +
   31    40  0   0.8%   0.461 AU:22   +
   18    52  0   0.7%   0.612 GU:22   +
   11    18  1   0.7%   0.198 CG:20   UG:1    +
   10    18  1   0.7%   0.117 CG:1    UG:20   +
   51    60  0   0.7%   1.255 CG:22   +
   33    38  0   0.7%   0.130 UA:22   +
   15    24  0   0.7%   0.182 GC:22   +
   52    59  0   0.7%   1.365 UA:22   +
   37    41  2   1.3%   0.545 GC:20   +
   16    23  0   0.7%   0.181 UA:22   +
   50    61  0   0.7%   1.650 GU:22   +
   30    42  0   0.6%   0.489 CG:22   +
   12    17  0   0.6%   0.143 UG:22   +
   42    67  0   0.6%   1.270 GC:22   +
   16    54  0   0.6%   0.195 UA:22   +
   19    53  0   0.5%   0.943 AU:22   +
   39    69  1   0.5%   0.494 CG:19   UG:2    +
   40    68  0   0.5%   0.776 UA:22   +
   38    70  0   0.5%   0.366 AU:22   +
   82    92  0   0.5%   0.240 GC:22   +
   83    91  0   0.5%   0.259 AU:22   +
    1     7  1   0.0%   0.007 GU:1    UG:1    AU:18   --:1    +
   10    65  1   0.0%   0.655 CG:1    UG:12   UA:8    +
   87    92  0   0.5%   0.157 GC:22   +
    7    13  1   0.0%   0.005 GC:1    UG:5    UA:14   --:1    +
    9    90  1   0.0%   0.279 GC:15   GU:4    AU:2    +
   81    93  0   0.5%   0.257 AU:22   +
   17    30  0   0.5%   0.333 GC:22   +
   28    49  0   0.5%   1.211 AU:22   +
   29    52  0   0.5%   1.271 AU:22   +
   23    49  0   0.5%   1.202 AU:22   +
   20    27  0   0.4%   0.086 CG:22   +
   69    74  0   0.4%   0.596 GU:22   +
   85    94  0   0.4%   0.379 CG:22   +
   68    75  0   0.4%   0.449 AU:22   +
   28    53  0   0.4%   1.129 AU:22   +
   61    66  0   0.4%   1.126 UA:22   +
   22    52  0   0.4%   1.617 GU:22   +
   22    56  0   0.4%   1.200 GC:22   +
   60    67  0   0.4%   1.010 GC:22   +
   21    57  0   0.4%   0.978 CG:22   +
   68    78  0   0.3%   0.457 AU:22   +
   18    24  0   0.3%   0.400 GC:22   +
   19    61  0   0.3%   1.041 AU:22   +
   20    60  0   0.3%   0.544 CG:22   +
   32    41  0   0.2%   0.439 GC:22   +
   23    52  0   0.2%   1.288 AU:22   +
   45    53  0   0.2%   1.350 AU:22   +
   64    79  0   0.2%   0.732 UA:22   +
   66    77  0   0.2%   0.527 AU:22   +
   63    80  0   0.2%   0.481 CG:22   +
   66    74  0   0.2%   0.595 AU:22   +
    2    70  1   0.7%   0.503 GU:20   --:1    +
   64    76  0   0.2%   0.728 UA:22   +
   30    46  0   0.2%   0.120 CG:22   +
   15    63  0   0.2%   0.367 GC:22   +
   15    67  0   0.2%   0.685 GC:22   +
   22    53  0   0.2%   1.508 GU:22   +
   26    49  0   0.1%   0.981 AU:22   +
   19    48  0   0.1%   0.222 AU:22   +
   17    61  0   0.1%   1.180 GU:22   +
   46    52  0   0.1%   1.525 GU:22   +
   18    63  0   0.1%   1.030 GC:22   +
   29    48  0   0.1%   0.926 AU:22   +
   27    52  0   0.1%   1.612 GU:22   +
   16    66  0   0.1%   0.589 UA:22   +
   17    64  0   0.1%   1.211 GU:22   +
   22    30  0   0.1%   0.139 GC:22   +
   17    63  0   0.1%   0.934 GC:22   +
    7    17  1   0.1%   0.028 CG:1    UG:19   --:1    +
   11    27  1   0.1%   0.106 CG:20   UG:1    +
    8    16  1   0.1%   0.028 GU:1    AU:20   +
   27    49  0   0.1%   1.376 GU:22   +
   12    26  0   0.1%   0.057 UA:22   +
   17    21  0   0.1%   0.176 GC:22   +
   15    21  0   0.1%   0.093 GC:22   +
   24    57  0   0.1%   0.695 CG:22   +
   14    22  1   0.1%   0.092 CG:20   UG:1    +
   77    94  0   0.1%   0.103 UG:22   +
   24    32  0   0.1%   0.312 CG:22   +
   23    58  0   0.1%   0.817 AU:22   +
   18    49  0   0.1%   0.288 GU:22   +
   73    80  0   0.1%   0.160 UG:22   +
   23    33  0   0.1%   0.128 AU:22   +
   26    53  0   0.1%   1.033 AU:22   +
   69    75  0   0.1%   0.515 GU:22   +
   72    81  0   0.1%   0.151 UA:22   +
   68    77  0   0.1%   0.420 AU:22   +
   74    79  0   0.1%   0.174 UA:22   +
   16    46  0   0.1%   0.117 UG:22   +
   18    30  0   0.1%   0.144 GC:22   +
   71    82  0   0.1%   0.181 UG:22   +
   28    34  0   0.1%   0.044 AU:22   +
   22    34  0   0.1%   0.108 GU:22   +
   71    76  0   0.1%   0.233 UA:22   +
   18    36  0   0.1%   0.128 GC:22   +
   14    69  1   0.1%   0.241 CG:20   UG:1    +
    6    18  1   0.1%   0.024 CG:1    UG:19   --:1    +
   17    75  0   0.1%   0.720 GU:22   +
   16    76  0   0.1%   0.271 UA:22   +
   19    35  0   0.1%   0.057 AU:22   +
   70    83  0   0.1%   0.351 UA:22   +
   13    70  1   0.1%   0.113 GU:5    AU:16   +
   15    77  0   0.1%   0.155 GU:22   +
   18    74  0   0.1%   0.793 GU:22   +
   46    70  0   0.1%   0.746 GU:22   +
   29    33  0   0.1%   0.033 AU:22   +
   74    81  0   0.1%   0.316 UA:22   +
   15    39  1   0.1%   0.062 GC:19   GU:2    +
   16    38  0   0.1%   0.110 UA:22   +
   67    87  0   0.1%   0.713 CG:22   +
   17    49  0   0.1%   0.473 GU:22   +
   75    80  0   0.1%   0.223 UG:22   +
   45    71  0   0.1%   0.726 AU:22   +
   73    82  0   0.1%   0.307 UG:22   +
   28    48  0   0.1%   0.969 AU:22   +
   48    68  0   0.1%   1.279 UA:22   +
   27    34  0   0.1%   0.130 GU:22   +
   72    83  0   0.1%   0.311 UA:22   +
   19    73  0   0.1%   0.537 AU:22   +
   66    73  0   0.1%   0.581 AU:22   +
   27    35  0   0.1%   0.136 GU:22   +
   26    35  0   0.1%   0.034 AU:22   +
   51    84  0   0.1%   0.956 CG:22   +
   50    85  0   0.1%   0.999 GC:22   +
   52    83  0   0.1%   1.086 UA:22   +
   11    87  1   0.1%   0.182 CG:20   UG:1    +
   61    76  0   0.1%   0.680 UA:22   +
   28    33  0   0.0%   0.032 AU:22   +
   66    71  0   0.0%   0.608 AU:22   +
   53    82  0   0.0%   0.851 UG:22   +
   43    56  0   0.0%   0.856 GC:22   +
   27    48  0   0.0%   1.191 GU:22   +
   68    74  0   0.0%   0.468 AU:22   +
   11    69  1   0.0%   0.327 CG:20   UG:1    +
   26    74  0   0.0%   0.632 AU:22   +
   25    75  0   0.0%   0.606 AU:22   +
   60    77  0   0.0%   0.325 GU:22   +
   34    43  0   0.0%   0.677 UG:22   +
   12    68  0   0.0%   0.324 UA:22   +
   17    67  0   0.0%   1.243 GC:22   +
   66    72  0   0.0%   0.584 AU:22   +
   24    46  0   0.0%   0.313 CG:22   +
   27    73  0   0.0%   1.089 GU:22   +
   59    78  0   0.0%   0.277 AU:22   +
   69    78  0   0.0%   0.533 GU:22   +
   71    84  0   0.0%   0.331 UG:22   +
   16    68  0   0.0%   0.471 UA:22   +
   16    31  0   0.0%   0.099 UA:22   +
   58    79  0   0.0%   0.153 UA:22   +
   68    73  0   0.0%   0.470 AU:22   +
   10    60  1   0.0%   0.089 CG:1    UG:20   +
    3     8  1   0.0%   0.007 CG:1    UA:19   --:1    +
   18    48  0   0.0%   0.414 GU:22   +
   14    27  1   0.0%   0.022 CG:20   UG:1    +
   56    69  0   0.0%   0.487 CG:22   +
   69    73  0   0.0%   0.541 GU:22   +
   48    87  0   0.0%   1.040 UG:22   +
   28    72  0   0.0%   0.677 AU:22   +
   11    15  1   0.0%   0.013 CG:20   UG:1    +
   22    36  0   0.0%   0.110 GC:22   +
   25    52  0   0.0%   0.889 AU:22   +
   67    94  0   0.0%   0.704 CG:22   +
   58    76  0   0.0%   0.157 UA:22   +
   75    94  0   0.0%   0.129 UG:22   +
   59    75  0   0.0%   0.283 AU:22   +
   22    48  0   0.0%   0.608 GU:22   +
   23    35  0   0.0%   0.123 AU:22   +
   20    32  0   0.0%   0.036 CG:22   +
   49    54  0   0.0%   1.018 UA:22   +
   68    93  0   0.0%   0.407 AU:22   +
   48    54  0   0.0%   1.000 UA:22   +
   35    42  0   0.0%   0.752 UG:22   +
   54    71  0   0.0%   0.181 AU:22   +
   57    77  0   0.0%   0.270 GU:22   +
   19    33  0   0.0%   0.044 AU:22   +
   30    43  0   0.0%   0.430 CG:22   +
   60    72  0   0.0%   0.420 GU:22   +
   12    79  0   0.0%   0.114 UA:22   +
   11    80  1   0.0%   0.173 CG:20   UG:1    +
   33    76  0   0.0%   0.469 UA:22   +
   32    77  0   0.0%   0.445 GU:22   +
   60    74  0   0.0%   0.399 GU:22   +
   17    36  0   0.0%   0.288 GC:22   +
   10    17  1   0.0%   0.015 CG:1    UG:20   +
   13    78  1   0.0%   0.074 GU:5    AU:16   +
   13    64  1   0.0%   0.560 GU:5    AU:16   +
    4     9  1   0.0%   0.007 UG:19   UA:1    --:1    +
   18    34  0   0.0%   0.108 GU:22   +
   66    70  0   0.0%   0.741 AU:22   +
   18    35  0   0.0%   0.110 GU:22   +
   69    92  0   0.0%   0.572 GC:22   +
   26    33  0   0.0%   0.024 AU:22   +
   11    43  1   0.0%   0.095 CG:20   UG:1    +
   16    50  0   0.0%   0.109 UG:22   +
   25    34  0   0.0%   0.059 AU:22   +
   16    22  0   0.0%   0.092 UG:22   +
   12    42  0   0.0%   0.046 UG:22   +
   21    60  0   0.0%   0.975 CG:22   +
    8    33  1   0.0%   0.016 GU:1    AU:20   +
    4     8  1   0.0%   0.006 CG:1    UA:19   --:1    +
    3     9  1   0.0%   0.006 UG:19   UA:1    --:1    +
   50    67  0   0.0%   1.654 GC:22   +
   73    79  0   0.0%   0.143 UA:22   +
   23    75  0   0.0%   0.757 AU:22   +
   68    72  0   0.0%   0.473 AU:22   +
   19    34  0   0.0%   0.044 AU:22   +
   19    58  0   0.0%   0.566 AU:22   +
   15    51  0   0.0%   0.060 GC:22   +
   29    71  0   0.0%   0.626 AU:22   +
   57    67  0   0.0%   0.924 GC:22   +
   52    66  0   0.0%   1.501 UA:22   +
   18    92  0   0.0%   0.786 GC:22   +
   63    87  0   0.0%   0.465 CG:22   +
   46    53  0   0.0%   1.317 GU:22   +
   72    79  0   0.0%   0.147 UA:22   +
   64    69  0   0.0%   1.096 UG:22   +
   58    66  0   0.0%   0.571 UA:22   +
   46    61  0   0.0%   1.082 GU:22   +
   72    80  0   0.0%   0.147 UG:22   +
   21    32  0   0.0%   0.159 CG:22   +
   17    93  0   0.0%   0.711 GU:22   +
   57    63  0   0.0%   0.585 GC:22   +
   54    64  0   0.0%   0.617 AU:22   +
   32    48  0   0.0%   1.300 GU:22   +
   25    48  0   0.0%   0.453 AU:22   +
   26    34  0   0.0%   0.024 AU:22   +
   15    30  0   0.0%   0.048 GC:22   +
    8    75  1   0.0%   0.362 GU:1    AU:20   +
   16    29  0   0.0%   0.093 UA:22   +
   66    75  0   0.0%   0.509 AU:22   +
   56    80  0   0.0%   0.187 CG:22   +
   19    91  0   0.0%   0.531 AU:22   +
   71    81  0   0.0%   0.162 UA:22   +
   72    76  0   0.0%   0.200 UA:22   +
   19    70  0   0.0%   0.564 AU:22   +
   43    73  0   0.0%   0.785 GU:22   +
   18    71  0   0.0%   0.782 GU:22   +
   25    35  0   0.0%   0.060 AU:22   +
   17    35  0   0.0%   0.282 GU:22   +
   20    57  0   0.0%   0.482 CG:22   +
   20    69  0   0.0%   0.602 CG:22   +
   84    89  0   0.0%   0.145 GU:22   +
   71    80  0   0.0%   0.174 UG:22   +
    4    86  1   0.0%   0.626 UG:2    UA:18   --:1    +
   14    32  1   0.0%   0.013 CG:20   UG:1    +
   49    68  0   0.0%   1.316 UA:22   +
   27    33  0   0.0%   0.119 GU:22   +
   56    60  0   0.0%   0.460 CG:22   +
    6    84  1   0.0%   0.261 CG:1    UG:19   --:1    +
   23    77  0   0.0%   0.755 AU:22   +
    8    72  1   0.0%   0.360 GU:1    AU:20   +
   59    73  0   0.0%   0.372 AU:22   +
   74    94  0   0.0%   0.230 UG:22   +
   48    59  0   0.0%   1.126 UA:22   +
   13    33  1   0.0%   0.005 GU:5    AU:16   +
   31    78  0   0.0%   0.521 AU:22   +
   76    93  0   0.0%   0.080 AU:22   +
   29    35  0   0.0%   0.667 AU:22   +
   27    41  0   0.0%   0.813 GC:22   +
   81    89  0   0.0%   0.099 AU:22   +
   24    69  0   0.0%   0.767 CG:22   +
   23    70  0   0.0%   0.787 AU:22   +
   14    94  1   0.0%   0.077 CG:20   UG:1    +
   27    74  0   0.0%   1.073 GU:22   +
   70    81  0   0.0%   0.332 UA:22   +
    8    71  1   0.0%   0.360 GU:1    AU:20   +
   61    68  0   0.0%   0.907 UA:22   +
   28    73  0   0.0%   0.674 AU:22   +
   22    75  0   0.0%   1.111 GU:22   +
   22    71  0   0.0%   1.107 GU:22   +
   26    75  0   0.0%   0.553 AU:22   +
   22    58  0   0.0%   1.161 GU:22   +
   11    22  1   0.0%   0.153 CG:20   UG:1    +
   48    83  0   0.0%   1.030 UA:22   +
   28    40  0   0.0%   0.710 AU:22   +
   46    85  0   0.0%   0.565 GC:22   +
   17    72  0   0.0%   0.706 GU:22   +
   70    82  0   0.0%   0.336 UG:22   +
   79    91  0   0.0%   0.081 AU:22   +
    7    22  1   0.0%   0.083 CG:1    UG:19   --:1    +
   50    56  0   0.0%   1.058 GC:22   +
   43    92  0   0.0%   0.680 GC:22   +
   10    15  1   0.0%   0.003 CG:1    UG:20   +
   42    93  0   0.0%   0.577 GU:22   +
   22    78  0   0.0%   1.106 GU:22   +
   17    91  0   0.0%   0.709 GU:22   +
   74    87  0   0.0%   0.236 UG:22   +
   29    72  0   0.0%   0.624 AU:22   +
   73    88  0   0.0%   0.217 UA:22   +
   19    89  0   0.0%   0.532 AU:22   +
   15    20  0   0.0%   0.010 GC:22   +
   74    82  0   0.0%   0.315 UG:22   +
   41    94  0   0.0%   0.519 CG:22   +
    8    70  1   0.0%   0.391 GU:1    AU:20   +
   73    83  0   0.0%   0.302 UA:22   +
   49    82  0   0.0%   1.069 UG:22   +
    7    18  1   0.0%   0.022 CG:1    UG:19   --:1    +
   45    49  0   0.0%   1.283 AU:22   +
   23    74  0   0.0%   0.753 AU:22   +
    8    78  1   0.0%   0.360 GU:1    AU:20   +
   75    81  0   0.0%   0.208 UA:22   +
   33    42  0   0.0%   0.439 UG:22   +
   11    32  1   0.0%   0.092 CG:20   UG:1    +
   25    73  0   0.0%   0.515 AU:22   +
   26    72  0   0.0%   0.444 AU:22   +
   14    60  1   0.0%   0.145 CG:20   UG:1    +
   13    61  1   0.0%   0.542 GU:5    AU:16   +
   27    63  0   0.0%   1.121 GC:22   +
   12    31  0   0.0%   0.044 UA:22   +
   42    74  0   0.0%   0.665 GU:22   +
   23    53  0   0.0%   1.157 AU:22   +
   26    64  0   0.0%   0.944 AU:22   +
   20    46  0   0.0%   0.387 CG:22   +
   43    53  0   0.0%   1.321 GU:22   +
    8    73  1   0.0%   0.359 GU:1    AU:20   +
   51    80  0   0.0%   0.945 CG:22   +
   29    53  0   0.0%   1.056 AU:22   +
   74    83  0   0.0%   0.314 UA:22   +
   27    39  1   0.0%   0.470 GC:19   GU:2    +
   75    82  0   0.0%   0.210 UG:22   +
   73    94  0   0.0%   0.218 UG:22   +
   61    69  0   0.0%   0.962 UG:22   +
   15    93  0   0.0%   0.145 GU:22   +
   27    92  0   0.0%   0.984 GC:22   +
   32    51  0   0.0%   0.983 GC:22   +
    8    12  1   0.0%   0.005 GU:1    AU:20   +
   54    78  0   0.0%   0.042 AU:22   +
   18    64  0   0.0%   1.280 GU:22   +
   31    52  0   0.0%   1.355 AU:22   +
   27    71  0   0.0%   0.881 GU:22   +
   26    93  0   0.0%   0.542 AU:22   +
   28    91  0   0.0%   0.570 AU:22   +
    8    74  1   0.0%   0.359 GU:1    AU:20   +
   52    79  0   0.0%   1.076 UA:22   +
   16    94  0   0.0%   0.261 UG:22   +
    8    91  1   0.0%   0.360 GU:1    AU:20   +
   33    50  0   0.0%   1.238 UG:22   +
   30    60  0   0.0%   0.365 CG:22   +
   51    69  0   0.0%   1.244 CG:22   +
    6    15  1   0.0%   0.004 CG:1    UG:19   --:1    +
    6    17  1   0.0%   0.005 CG:1    UG:19   --:1    +
   10    69  1   0.0%   0.291 CG:1    UG:20   +
   52    68  0   0.0%   1.322 UA:22   +
   72    84  0   0.0%   0.303 UG:22   +
   17    56  0   0.0%   0.731 GC:22   +
   15    36  0   0.0%   0.050 GC:22   +
   67    84  0   0.0%   0.698 CG:22   +
   29    61  0   0.0%   0.913 AU:22   +
   50    70  0   0.0%   1.165 GU:22   +
   41    69  0   0.0%   0.812 CG:22   +
   73    84  0   0.0%   0.297 UG:22   +
   54    58  0   0.0%   0.173 AU:22   +
   22    77  0   0.0%   1.110 GU:22   +
   53    79  0   0.0%   0.842 UA:22   +
   12    29  0   0.0%   0.043 UA:22   +
   16    26  0   0.0%   0.099 UA:22   +
   77    84  0   0.0%   0.161 UG:22   +
   33    43  0   0.0%   0.408 UG:22   +
   43    67  0   0.0%   1.343 GC:22   +
   49    57  0   0.0%   1.164 UG:22   +
   31    77  0   0.0%   0.524 AU:22   +
    6    69  1   0.0%   0.411 CG:1    UG:19   --:1    +
   13    71  1   0.0%   0.072 GU:5    AU:16   +
   78    83  0   0.0%   0.136 UA:22   +
   58    68  0   0.0%   0.391 UA:22   +
   70    79  0   0.0%   0.346 UA:22   +
   53    59  0   0.0%   1.099 UA:22   +
   12    66  0   0.0%   0.427 UA:22   +
   63    84  0   0.0%   0.461 CG:22   +
   60    73  0   0.0%   0.411 GU:22   +
   64    83  0   0.0%   0.708 UA:22   +
    3    55  1   0.0%   0.083 UG:1    UA:19   --:1    +
   28    70  0   0.0%   0.502 AU:22   +
   72    94  0   0.0%   0.222 UG:22   +
   13    49  1   0.0%   0.003 GU:5    AU:16   +
   70    88  0   0.0%   0.417 UA:22   +
   67    80  0   0.0%   0.706 CG:22   +
   71    87  0   0.0%   0.256 UG:22   +
   32    74  0   0.0%   0.523 GU:22   +
   34    66  0   0.0%   1.154 UA:22   +
   49    60  0   0.0%   1.299 UG:22   +
   22    67  0   0.0%   1.640 GC:22   +
   18    41  0   0.0%   0.113 GC:22   +
   71    79  0   0.0%   0.173 UA:22   +
   12    23  0   0.0%   0.103 UA:22   +
    7    84  1   0.0%   0.394 CG:1    UG:19   --:1    +
    7    60  1   0.0%   0.013 CG:1    UG:19   --:1    +
   13    75  1   0.0%   0.071 GU:5    AU:16   +
   19    40  0   0.0%   0.045 AU:22   +
   18    73  0   0.0%   0.779 GU:22   +
   14    18  1   0.0%   0.082 CG:20   UG:1    +
   34    42  0   0.0%   0.699 UG:22   +
   12    76  0   0.0%   0.111 UA:22   +
   59    64  0   0.0%   0.843 AU:22   +
   18    75  0   0.0%   0.790 GU:22   +
   32    36  0   0.0%   0.373 GC:22   +
   46    89  0   0.0%   0.568 GU:22   +
   60    71  0   0.0%   0.443 GU:22   +
   43    51  0   0.0%   1.319 GC:22   +
   63    94  0   0.0%   0.459 CG:22   +
   32    75  0   0.0%   0.446 GU:22   +
   61    82  0   0.0%   0.666 UG:22   +
   31    75  0   0.0%   0.529 AU:22   +
   19    72  0   0.0%   0.526 AU:22   +
   17    41  0   0.0%   0.283 GC:22   +
   39    46  1   0.0%   0.327 CG:19   UG:2    +
   16    45  0   0.0%   0.099 UA:22   +
   26    40  0   0.0%   0.362 AU:22   +
   28    89  0   0.0%   0.571 AU:22   +
   19    74  0   0.0%   0.534 AU:22   +
   15    41  0   0.0%   0.051 GC:22   +
   26    91  0   0.0%   0.542 AU:22   +
   12    19  0   0.0%   0.069 UA:22   +
   71    94  0   0.0%   0.248 UG:22   +
   61    79  0   0.0%   0.666 UA:22   +
   12    18  0   0.0%   0.114 UG:22   +
   18    40  0   0.0%   0.113 GU:22   +
    6    22  1   0.0%   0.079 CG:1    UG:19   --:1    +
   38    71  0   0.0%   0.300 AU:22   +
   69    89  0   0.0%   0.570 GU:22   +
   14    42  1   0.0%   0.012 CG:20   UG:1    +
   18    72  0   0.0%   0.780 GU:22   +
   52    80  0   0.0%   1.076 UG:22   +
   40    45  0   0.0%   0.685 UA:22   +
   77    83  0   0.0%   0.166 UA:22   +
   61    81  0   0.0%   0.663 UA:22   +
   24    60  0   0.0%   0.695 CG:22   +
   42    51  0   0.0%   1.095 GC:22   +
   34    46  0   0.0%   0.913 UG:22   +
   17    74  0   0.0%   0.704 GU:22   +
    8    34  1   0.0%   0.014 GU:1    AU:20   +
   11    82  1   0.0%   0.170 CG:20   UG:1    +
   23    61  0   0.0%   1.249 AU:22   +
   63    82  0   0.0%   0.459 CG:22   +
   57    75  0   0.0%   0.269 GU:22   +
   41    46  0   0.0%   0.701 CG:22   +
   64    81  0   0.0%   0.704 UA:22   +
   32    40  0   0.0%   0.434 GU:22   +
   32    63  0   0.0%   0.581 GC:22   +
   66    89  0   0.0%   0.492 AU:22   +
   24    94  0   0.0%   0.605 CG:22   +
   53    57  0   0.0%   1.089 UG:22   +
   31    64  0   0.0%   1.020 AU:22   +
   12    81  0   0.0%   0.112 UA:22   +
   40    69  0   0.0%   0.801 UG:22   +
   18    67  0   0.0%   1.315 GC:22   +
   14    84  1   0.0%   0.075 CG:20   UG:1    +
    8    77  1   0.0%   0.360 GU:1    AU:20   +
   30    94  0   0.0%   0.378 CG:22   +
   70    94  0   0.0%   0.417 UG:22   +
   19    71  0   0.0%   0.528 AU:22   +
    7    94  1   0.0%   0.393 CG:1    UG:19   --:1    +
   12    50  0   0.0%   0.044 UG:22   +
   78    82  0   0.0%   0.136 UG:22   +
   25    33  0   0.0%   0.057 AU:22   +
   15    64  0   0.0%   0.624 GU:22   +
   14    50  1   0.0%   0.011 CG:20   UG:1    +
    7    15  1   0.0%   0.003 CG:1    UG:19   --:1    +
   48    69  0   0.0%   1.329 UG:22   +
   34    38  0   0.0%   0.357 UA:22   +
   15    49  0   0.0%   0.057 GU:22   +
   17    73  0   0.0%   0.703 GU:22   +
   12    69  0   0.0%   0.265 UG:22   +
   17    39  1   0.0%   0.289 GC:19   GU:2    +
   88    93  0   0.0%   0.115 AU:22   +
   17    92  0   0.0%   0.708 GC:22   +
   13    53  1   0.0%   0.003 GU:5    AU:16   +
   59    72  0   0.0%   0.376 AU:22   +
   30    87  0   0.0%   0.381 CG:22   +
   59    74  0   0.0%   0.355 AU:22   +
   13    34  1   0.0%   0.003 GU:5    AU:16   +
   15    85  0   0.0%   0.145 GC:22   +
    7    69  1   0.0%   0.545 CG:1    UG:19   --:1    +
   49    66  0   0.0%   1.493 UA:22   +
   27    75  0   0.0%   0.995 GU:22   +
   11    94  1   0.0%   0.174 CG:20   UG:1    +
   28    74  0   0.0%   0.658 AU:22   +
   16    84  0   0.0%   0.260 UG:22   +
   24    43  0   0.0%   0.648 CG:22   +
   12    28  0   0.0%   0.048 UA:22   +
   12    54  0   0.0%   0.044 UA:22   +
   31    93  0   0.0%   0.519 AU:22   +
   15    92  0   0.0%   0.144 GC:22   +
   45    91  0   0.0%   0.584 AU:22   +
   46    58  0   0.0%   0.546 GU:22   +
   23    78  0   0.0%   0.750 AU:22   +
   19    77  0   0.0%   0.534 AU:22   +
   66    78  0   0.0%   0.507 AU:22   +
   17    58  0   0.0%   0.730 GU:22   +
    8    93  1   0.0%   0.360 GU:1    AU:20   +
   35    45  0   0.0%   0.982 UA:22   +
   12    27  0   0.0%   0.049 UG:22   +
   16    59  0   0.0%   0.290 UA:22   +
   50    75  0   0.0%   1.000 GU:22   +
   12    60  0   0.0%   0.179 UG:22   +
   32    92  0   0.0%   0.435 GC:22   +
   18    78  0   0.0%   0.784 GU:22   +
    6    32  1   0.0%   0.010 CG:1    UG:19   --:1    +
   49    76  0   0.0%   1.077 UA:22   +
   25    93  0   0.0%   0.592 AU:22   +
   18    56  0   0.0%   0.825 GC:22   +
    8    35  1   0.0%   0.014 GU:1    AU:20   +
   43    63  0   0.0%   0.928 GC:22   +
   64    88  0   0.0%   0.708 UA:22   +
   22    74  0   0.0%   1.108 GU:22   +
   72    87  0   0.0%   0.230 UG:22   +
   42    64  0   0.0%   1.046 GU:22   +
   71    88  0   0.0%   0.248 UA:22   +
   29    73  0   0.0%   0.621 AU:22   +
   54    61  0   0.0%   0.668 AU:22   +
   32    72  0   0.0%   0.541 GU:22   +
   73    87  0   0.0%   0.224 UG:22   +
   34    76  0   0.0%   0.737 UA:22   +
   48    66  0   0.0%   1.449 UA:22   +
   16    57  0   0.0%   0.284 UG:22   +
   54    75  0   0.0%   0.051 AU:22   +
   68    91  0   0.0%   0.402 AU:22   +
   15    74  0   0.0%   0.140 GU:22   +
   21    46  0   0.0%   0.511 CG:22   +
   72    88  0   0.0%   0.221 UA:22   +
   25    77  0   0.0%   0.599 AU:22   +
   23    73  0   0.0%   0.750 AU:22   +
   77    88  0   0.0%   0.079 UA:22   +
   70    80  0   0.0%   0.344 UG:22   +
   78    87  0   0.0%   0.057 UG:22   +
   27    56  0   0.0%   0.954 GC:22   +
   16    28  0   0.0%   0.097 UA:22   +
   13    40  1   0.0%   0.003 GU:5    AU:16   +
   53    76  0   0.0%   0.849 UA:22   +
   38    72  0   0.0%   0.274 AU:22   +
   59    91  0   0.0%   0.271 AU:22   +
   20    42  0   0.0%   0.033 CG:22   +
   36    87  0   0.0%   0.687 CG:22   +
   18    39  1   0.0%   0.119 GC:19   GU:2    +
   36    80  0   0.0%   0.684 CG:22   +
   45    72  0   0.0%   0.695 AU:22   +
   42    52  0   0.0%   1.287 GU:22   +
   76    89  0   0.0%   0.079 AU:22   +
   35    88  0   0.0%   0.686 UA:22   +
   18    91  0   0.0%   0.784 GU:22   +
   13    48  1   0.0%   0.003 GU:5    AU:16   +
   35    81  0   0.0%   0.684 UA:22   +
   21    69  0   0.0%   1.044 CG:22   +
   36    46  0   0.0%   0.963 CG:22   +
   41    50  0   0.0%   1.299 CG:22   +
    5    90  1   0.0%   0.875 GC:16   GU:4    --:1    +
   61    83  0   0.0%   0.667 UA:22   +
   31    73  0   0.0%   0.621 AU:22   +
   43    49  0   0.0%   1.650 GU:22   +
   84    92  0   0.0%   0.177 GC:22   +
    6    94  1   0.0%   0.260 CG:1    UG:19   --:1    +
   21    43  0   0.0%   0.854 CG:22   +
   42    49  0   0.0%   1.425 GU:22   +
   83    93  0   0.0%   0.252 AU:22   +
   68    89  0   0.0%   0.404 AU:22   +
   17    40  0   0.0%   0.282 GU:22   +
   60    64  0   0.0%   0.861 GU:22   +
   19    75  0   0.0%   0.535 AU:22   +
   40    83  0   0.0%   0.505 UA:22   +
   39    84  1   0.0%   0.171 CG:19   UG:2    +
   41    82  0   0.0%   0.515 CG:22   +
   60    92  0   0.0%   0.310 GC:22   +
   34    82  0   0.0%   0.728 UG:22   +
   43    48  0   0.0%   1.636 GU:22   +
   80    85  0   0.0%   0.186 GC:22   +
   52    60  0   0.0%   1.350 UG:22   +
   16    27  0   0.0%   0.100 UG:22   +
    6    60  1   0.0%   0.010 CG:1    UG:19   --:1    +
   25    40  0   0.0%   0.394 AU:22   +
    2    90  1   0.0%   0.441 GC:16   GU:4    --:1    +
   24    42  0   0.0%   0.649 CG:22   +
   43    52  0   0.0%   1.511 GU:22   +
   80    93  0   0.0%   0.190 GU:22   +
   12    25  0   0.0%   0.035 UA:22   +
   87    93  0   0.0%   0.150 GU:22   +
   21    80  0   0.0%   0.883 CG:22   +
   61    84  0   0.0%   0.668 UG:22   +
   46    71  0   0.0%   0.703 GU:22   +
   30    57  0   0.0%   0.356 CG:22   +
   59    93  0   0.0%   0.270 AU:22   +
   11    57  1   0.0%   0.092 CG:20   UG:1    +
   33    83  0   0.0%   0.458 UA:22   +
   75    83  0   0.0%   0.209 UA:22   +
   74    88  0   0.0%   0.227 UA:22   +
   26    77  0   0.0%   0.547 AU:22   +
   10    94  1   0.0%   0.145 CG:1    UG:20   +
   29    58  0   0.0%   0.474 AU:22   +
   75    87  0   0.0%   0.131 UG:22   +
   29    77  0   0.0%   0.522 AU:22   +
   16    82  0   0.0%   0.259 UG:22   +
   15    75  0   0.0%   0.141 GU:22   +
   74    84  0   0.0%   0.308 UG:22   +
   21    94  0   0.0%   0.883 CG:22   +
   38    48  0   0.0%   1.006 AU:22   +
   60    85  0   0.0%   0.313 GC:22   +
   20    80  0   0.0%   0.441 CG:22   +
   40    76  0   0.0%   0.514 UA:22   +
   25    72  0   0.0%   0.511 AU:22   +
   11    50  1   0.0%   0.092 CG:20   UG:1    +
   21    87  0   0.0%   0.886 CG:22   +
   32    85  0   0.0%   0.434 GC:22   +
   11    42  1   0.0%   0.090 CG:20   UG:1    +
   57    74  0   0.0%   0.346 GU:22   +
   25    78  0   0.0%   0.593 AU:22   +
   14    46  1   0.0%   0.011 CG:20   UG:1    +
   54    72  0   0.0%   0.151 AU:22   +
   32    73  0   0.0%   0.538 GU:22   +
   56    94  0   0.0%   0.185 CG:22   +
   59    77  0   0.0%   0.277 AU:22   +
   75    84  0   0.0%   0.203 UG:22   +
   36    50  0   0.0%   1.561 CG:22   +
   61    88  0   0.0%   0.666 UA:22   +
    8    49  1   0.0%   0.014 GU:1    AU:20   +
   53    81  0   0.0%   0.841 UA:22   +
   61    94  0   0.0%   0.664 UG:22   +
   15    70  0   0.0%   0.179 GU:22   +
   50    63  0   0.0%   1.313 GC:22   +
   12    94  0   0.0%   0.114 UG:22   +
   45    89  0   0.0%   0.585 AU:22   +
   26    71  0   0.0%   0.444 AU:22   +
   58    94  0   0.0%   0.148 UG:22   +
   46    56  0   0.0%   0.656 GC:22   +
   31    74  0   0.0%   0.606 AU:22   +
   28    78  0   0.0%   0.570 AU:22   +
   46    67  0   0.0%   1.224 GC:22   +
   57    93  0   0.0%   0.259 GU:22   +
   46    92  0   0.0%   0.566 GC:22   +
   52    57  0   0.0%   1.289 UG:22   +
   16    42  0   0.0%   0.100 UG:22   +
   10    32  1   0.0%   0.077 CG:1    UG:20   +
   45    93  0   0.0%   0.584 AU:22   +
    6    50  1   0.0%   0.010 CG:1    UG:19   --:1    +
   13    73  1   0.0%   0.070 GU:5    AU:16   +
    7    50  1   0.0%   0.012 CG:1    UG:19   --:1    +
   33    84  0   0.0%   0.459 UG:22   +
   89    94  0   0.0%   0.311 UG:22   +
   60    75  0   0.0%   0.320 GU:22   +
   59    70  0   0.0%   0.443 AU:22   +
   31    72  0   0.0%   0.625 AU:22   +
   14    80  1   0.0%   0.076 CG:20   UG:1    +
   31    35  0   0.0%   0.368 AU:22   +
   18    89  0   0.0%   0.785 GU:22   +
   54    77  0   0.0%   0.047 AU:22   +
   48    88  0   0.0%   1.034 UA:22   +
   16    43  0   0.0%   0.099 UG:22   +
   39    43  1   0.0%   0.717 CG:19   UG:2    +
   67    82  0   0.0%   0.695 CG:22   +
   20    94  0   0.0%   0.441 CG:22   +
   18    58  0   0.0%   0.824 GU:22   +
   64    94  0   0.0%   0.707 UG:22   +
   70    87  0   0.0%   0.425 UG:22   +
   52    81  0   0.0%   1.075 UA:22   +
   28    75  0   0.0%   0.580 AU:22   +
   39    57  1   0.0%   0.132 CG:19   UG:2    +
   38    58  0   0.0%   0.108 AU:22   +
    2    47  1   0.0%   0.082 GC:19   GU:1    --:1    +
   51    82  0   0.0%   0.943 CG:22   +
   15    73  0   0.0%   0.140 GU:22   +
   42    48  0   0.0%   1.411 GU:22   +
   15    53  0   0.0%   0.058 GU:22   +
   29    74  0   0.0%   0.605 AU:22   +
   50    64  0   0.0%   1.563 GU:22   +
   19    78  0   0.0%   0.529 AU:22   +
   22    63  0   0.0%   1.346 GC:22   +
   87    91  0   0.0%   0.076 GU:22   +
   53    80  0   0.0%   0.842 UG:22   +
   43    74  0   0.0%   0.769 GU:22   +
   18    61  0   0.0%   1.256 GU:22   +
   34    83  0   0.0%   0.728 UA:22   +
   10    43  1   0.0%   0.077 CG:1    UG:20   +
    5    47  1   0.0%   0.077 GC:19   GU:1    --:1    +
   17    71  0   0.0%   0.705 GU:22   +
   13    93  1   0.0%   0.070 GU:5    AU:16   +
   66    91  0   0.0%   0.490 AU:22   +
    7    32  1   0.0%   0.012 CG:1    UG:19   --:1    +
   45    74  0   0.0%   0.673 AU:22   +
   18    77  0   0.0%   0.789 GU:22   +
   13    72  1   0.0%   0.071 GU:5    AU:16   +
   13    77  1   0.0%   0.070 GU:5    AU:16   +
    6    46  1   0.0%   0.009 CG:1    UG:19   --:1    +
   17    78  0   0.0%   0.709 GU:22   +
   42    58  0   0.0%   0.608 GU:22   +
   39    50  1   0.0%   0.925 CG:19   UG:2    +
    8    53  1   0.0%   0.014 GU:1    AU:20   +
   82    89  0   0.0%   0.100 GU:22   +
   18    70  0   0.0%   0.816 GU:22   +
   23    34  0   0.0%   0.119 AU:22   +
   45    73  0   0.0%   0.688 AU:22   +
   14    87  1   0.0%   0.079 CG:20   UG:1    +
   57    78  0   0.0%   0.260 GU:22   +
   36    60  0   0.0%   0.775 CG:22   +
   23    89  0   0.0%   0.751 AU:22   +
   58    84  0   0.0%   0.152 UG:22   +
   57    85  0   0.0%   0.261 GC:22   +
    6    87  1   0.0%   0.260 CG:1    UG:19   --:1    +
   27    70  0   0.0%   0.916 GU:22   +
   56    82  0   0.0%   0.187 CG:22   +
   57    61  0   0.0%   0.886 GU:22   +
   22    92  0   0.0%   1.104 GC:22   +
   13    74  1   0.0%   0.070 GU:5    AU:16   +
   27    67  0   0.0%   1.413 GC:22   +
   59    71  0   0.0%   0.404 AU:22   +
   31    53  0   0.0%   1.163 AU:22   +
   15    48  0   0.0%   0.057 GU:22   +
   20    87  0   0.0%   0.444 CG:22   +
   32    78  0   0.0%   0.437 GU:22   +
   28    77  0   0.0%   0.575 AU:22   +
   22    73  0   0.0%   1.107 GU:22   +
   15    52  0   0.0%   0.058 GU:22   +
   78    84  0   0.0%   0.129 UG:22   +
    8    89  1   0.0%   0.359 GU:1    AU:20   +
   58    69  0   0.0%   0.445 UG:22   +
   54    73  0   0.0%   0.145 AU:22   +
   60    70  0   0.0%   0.482 GU:22   +
   52    82  0   0.0%   1.074 UG:22   +
   15    33  0   0.0%   0.048 GU:22   +
   23    91  0   0.0%   0.749 AU:22   +
   57    92  0   0.0%   0.258 GC:22   +
   22    35  0   0.0%   0.101 GU:22   +
   22    39  1   0.0%   0.103 GC:19   GU:2    +
   45    70  0   0.0%   0.751 AU:22   +
   35    76  0   0.0%   0.691 UA:22   +
   42    75  0   0.0%   0.587 GU:22   +
   11    46  1   0.0%   0.092 CG:20   UG:1    +
   25    58  0   0.0%   0.574 AU:22   +
   64    87  0   0.0%   0.712 UG:22   +
   27    78  0   0.0%   0.984 GU:22   +
   22    72  0   0.0%   1.105 GU:22   +
   12    45  0   0.0%   0.043 UA:22   +
   19    64  0   0.0%   1.026 AU:22   +
   10    19  2   0.6%   0.137 UA:20   +
    2    39  2   0.0%   0.088 GC:17   GU:2    --:1    +
    4    66  1   0.2%   0.747 UA:20   --:1    +
   10    44  2   0.0%   0.080 UG:1    UA:19   +
    1     6  2   0.0%   0.003 GU:1    AU:18   --:1    +
    6    13  2   0.0%   0.005 UG:5    UA:14   --:1    +
    4    13  2   0.0%   0.004 UG:5    UA:14   --:1    +
    3    13  2   0.0%   0.004 UG:5    UA:14   --:1    +
   37    47  2   0.0%   0.651 GC:19   GU:1    +
    7    86  2   0.0%   0.393 UG:2    UA:17   --:1    +
    2    63  1   0.1%   0.109 GC:20   --:1    +
    3    19  1   0.1%   0.018 UA:20   --:1    +
    2    20  1   0.1%   0.018 GC:20   --:1    +
    3    68  1   0.1%   0.419 UA:20   --:1    +
    5    36  1   0.0%   0.083 GC:20   --:1    +
    2    11  1   0.0%   0.010 GC:20   --:1    +
    5    11  1   0.0%   0.011 GC:20   --:1    +
    3    38  1   0.0%   0.088 UA:20   --:1    +
    2    71  1   0.0%   0.441 GU:20   --:1    +
    5    24  1   0.0%   0.147 GC:20   --:1    +
    5    61  1   0.0%   0.082 GU:20   --:1    +
    4    25  1   0.0%   0.082 UA:20   --:1    +
    2    72  1   0.0%   0.441 GU:20   --:1    +
    5    85  1   0.0%   0.876 GC:20   --:1    +
    3    26  1   0.0%   0.081 UA:20   --:1    +
    2    77  1   0.0%   0.442 GU:20   --:1    +
    3    76  1   0.0%   0.563 UA:20   --:1    +
    2    30  1   0.0%   0.081 GC:20   --:1    +
    3    29  1   0.0%   0.081 UA:20   --:1    +
    5    75  1   0.0%   0.875 GU:20   --:1    +
    2    73  1   0.0%   0.440 GU:20   --:1    +
    5    20  1   0.0%   0.010 GC:20   --:1    +
    4    76  1   0.0%   0.625 UA:20   --:1    +
    4    28  1   0.0%   0.081 UA:20   --:1    +
    2    10  1   0.0%   0.003 GU:20   --:1    +
    5    12  1   0.0%   0.004 GU:20   --:1    +
    2    36  1   0.0%   0.081 GC:20   --:1    +
    5    10  1   0.0%   0.002 GU:20   --:1    +
    2    74  1   0.0%   0.440 GU:20   --:1    +
    2    75  1   0.0%   0.440 GU:20   --:1    +
    5    30  1   0.0%   0.075 GC:20   --:1    +
    4    31  1   0.0%   0.081 UA:20   --:1    +
    2    64  1   0.0%   0.092 GU:20   --:1    +
    2    56  1   0.0%   0.083 GC:20   --:1    +
    4    54  1   0.0%   0.083 UA:20   --:1    +
    3    88  1   0.0%   0.563 UA:20   --:1    +
    2    89  1   0.0%   0.441 GU:20   --:1    +
    5    92  1   0.0%   0.875 GC:20   --:1    +
    2    61  1   0.0%   0.083 GU:20   --:1    +
    5    53  1   0.0%   0.078 GU:20   --:1    +
    4    19  1   0.0%   0.013 UA:20   --:1    +
    5    70  1   0.0%   0.907 GU:20   --:1    +
    5    74  1   0.0%   0.873 GU:20   --:1    +
    2    21  1   0.0%   0.010 GC:20   --:1    +
    5    71  1   0.0%   0.875 GU:20   --:1    +
    5    16  1   0.0%   0.004 GU:20   --:1    +
    5    73  1   0.0%   0.873 GU:20   --:1    +
    2    85  1   0.0%   0.441 GC:20   --:1    +
    5    72  1   0.0%   0.874 GU:20   --:1    +
    4    23  1   0.0%   0.147 UA:20   --:1    +
    2    78  1   0.0%   0.441 GU:20   --:1    +
    4    83  1   0.0%   0.624 UA:20   --:1    +
    5    77  1   0.0%   0.874 GU:20   --:1    +
    5    33  1   0.0%   0.074 GU:20   --:1    +
    5    78  1   0.0%   0.874 GU:20   --:1    +
    5    93  1   0.0%   0.875 GU:20   --:1    +
    2    12  1   0.0%   0.005 GU:20   --:1    +
    2    92  1   0.0%   0.441 GC:20   --:1    +
    4    26  1   0.0%   0.080 UA:20   --:1    +
    5    51  1   0.0%   0.077 GC:20   --:1    +
    4    79  1   0.0%   0.624 UA:20   --:1    +
    2    33  1   0.0%   0.079 GU:20   --:1    +
    5    34  1   0.0%   0.074 GU:20   --:1    +
    2    51  1   0.0%   0.082 GC:20   --:1    +
    5    56  1   0.0%   0.078 GC:20   --:1    +
    4    88  1   0.0%   0.625 UA:20   --:1    +
    3    28  1   0.0%   0.079 UA:20   --:1    +
    4    45  1   0.0%   0.083 UA:20   --:1    +
    2    35  1   0.0%   0.079 GU:20   --:1    +
    5    91  1   0.0%   0.874 GU:20   --:1    +
   10    28  2   0.1%   0.090 UA:20   +
   37    63  2   0.1%   0.333 GC:20   +
   62    90  4   0.0%   0.712 GC:12   GU:6    +
   24    37  2   0.1%   0.312 CG:20   +
   10    88  2   0.0%   0.152 UA:20   +
   10    59  2   0.0%   0.089 UA:20   +
   21    37  2   0.0%   0.162 CG:20   +
   10    81  2   0.0%   0.143 UA:20   +
   10    76  2   0.0%   0.142 UA:20   +
   10    31  2   0.0%   0.078 UA:20   +
   10    23  2   0.0%   0.140 UA:20   +
   10    68  2   0.0%   0.348 UA:20   +
   10    66  2   0.0%   0.458 UA:20   +
   30    37  2   0.0%   0.053 CG:20   +
   10    83  2   0.0%   0.141 UA:20   +
   10    29  2   0.0%   0.077 UA:20   +
   20    37  2   0.0%   0.034 CG:20   +
   10    25  2   0.0%   0.071 UA:20   +
   10    26  2   0.0%   0.071 UA:20   +
.((((.....((((((.((.((........((((((......)))))))).)).))))))...))))..........((((((.....)))))).......
