5 sequence; length of alignment 152
alifold output
   92   110  0  99.8%   0.025 CG:5   
   93   109  0  99.8%   0.025 CG:5   
   94   108  0  99.8%   0.026 AU:5   
   91   111  1  99.7%   0.023 GU:2    AU:2   
   90   112  0  99.4%   0.031 UA:5   
   95   107  0  98.7%   0.059 CG:5   
   89   113  0  98.5%   0.060 CG:5   
   96   106  0  97.4%   0.086 CG:5   
   79    87  0  90.8%   0.270 GC:5   
   80    86  0  90.7%   0.281 GC:5   
   78    88  0  86.8%   0.444 CG:5   
   29    40  0  85.3%   0.421 GC:5   
   28    41  0  85.3%   0.701 GC:5   
   27    42  0  85.2%   0.689 AU:5   
   30    39  0  85.0%   0.712 UA:5   
   26    43  0  85.0%   0.703 CG:5   
    9    17  0  83.5%   0.455 CG:5   
    8    18  0  83.5%   0.455 GC:5   
    7    19  0  83.4%   0.456 GC:5   
   10    16  0  83.3%   0.459 UA:5   
   31    38  0  83.0%   0.778 UA:5   
   11    15  0  80.6%   0.521 GC:5   
   97   104  0  75.9%   0.639 CG:5   
   25    44  0  74.2%   0.962 CG:5   
   81    85  0  68.7%   0.792 AU:5   
   54   131  0  64.3%   1.096 CG:4    UG:1   
   62   122  0  64.7%   1.326 CG:5   
   63   121  0  64.7%   1.315 CG:5   
   61   123  0  64.7%   0.964 CG:5   
   64   120  0  64.6%   1.269 CG:5   
   55   130  0  64.3%   1.099 CG:5   
   56   129  0  64.2%   1.103 UA:5   
   57   128  0  63.7%   1.107 CG:5   
   53   132  0  63.3%   1.130 AU:5   
   60   124  0  60.0%   1.034 AU:5   
   52   133  0  55.5%   1.739 GU:5   
  137   144  0  40.8%   2.314 GC:5   
  138   143  1  39.9%   2.346 GC:4   
  136   145  0  38.7%   2.082 AU:5   
   48    66  0  34.8%   1.116 CG:5    +
   49    65  0  34.8%   1.126 UA:5    +
   50    64  0  34.7%   1.163 GC:5    +
   51    63  0  34.5%   1.184 GC:5    +
   49   148  0  34.3%   2.642 UA:5   
   48   149  0  34.3%   2.860 CG:5   
   52    62  0  34.2%   1.190 GC:5    +
   50   147  0  34.2%   1.909 GC:5   
   47    67  0  33.2%   1.117 UA:5    +
    4    22  0  32.6%   1.235 GC:5   
   47   150  0  32.2%   2.866 UG:5   
   46   151  0  28.4%   2.251 UG:5   
    2    23  0  25.7%   1.190 GC:5   
  135   146  0  23.2%   2.043 GC:5    +
   51   146  0  21.1%   1.715 GC:5   
  143   150  0  20.7%   3.072 CG:5    +
  144   149  0  20.6%   3.122 CG:5    +
  142   151  0  20.4%   2.209 CG:5    +
   45   152  0  19.7%   1.565 UA:5   
  123   142  0  19.6%   1.820 GC:5    +
  124   141  0  19.6%   1.942 UA:5    +
  122   143  0  19.6%   1.725 GC:5    +
  125   140  0  19.6%   1.889 CG:5    +
    1    24  0  19.5%   0.958 AU:5   
  121   144  0  19.5%   1.631 GC:5    +
   46    68  0  18.8%   0.962 UG:5    +
  126   139  0  18.4%   1.828 UA:5    +
  120   145  0  16.3%   1.562 GU:5    +
    5    32  0  14.6%   1.032 CG:5    +
    4    33  0  14.6%   1.251 GC:5    +
    6    31  0  14.5%   0.906 AU:5    +
    9    28  0  14.5%   0.997 CG:5    +
   10    27  0  14.4%   1.068 UA:5    +
   11    26  0  14.3%   1.082 GC:5    +
   41   149  0  14.2%   1.379 CG:5    +
   42   148  0  14.2%   1.197 UA:5    +
   40   150  0  14.1%   1.385 CG:5    +
    7    30  0  14.1%   1.055 GU:5    +
   12    25  0  14.1%   0.934 GC:5    +
   47   138  0  12.3%   1.442 UG:4    UA:1    +
   43   147  0  12.6%   1.041 GC:5    +
   48   137  0  12.5%   1.468 CG:5    +
   44   146  0  11.9%   1.131 GC:5    +
   46   139  0  11.7%   1.253 UA:5    +
   49   136  0  11.2%   1.467 UA:5    +
   23   130  0  10.7%   1.405 CG:5    +
   22   131  0  10.7%   1.466 CG:5    +
   21   132  0  10.5%   0.979 AU:5    +
   24   129  0  10.4%   1.466 UA:5    +
   23   149  0   9.9%   1.649 CG:5    +
   22   150  0   9.8%   1.690 CG:5    +
   20   133  0   9.4%   1.102 GU:5    +
   13    24  0   9.3%   1.194 GU:5    +
   47   139  0   8.8%   1.716 UA:5    +
   24   148  0   8.7%   1.655 UA:5    +
   46   140  0   8.5%   1.582 UG:5    +
    3    34  0   8.4%   0.767 UG:5    +
   49   137  0   8.3%   1.818 UG:5    +
   48   138  1   8.7%   1.822 CG:4    +
   45   140  0   8.0%   0.805 UG:5    +
   45   141  0   7.8%   0.992 UA:5    +
   25   128  0   7.8%   1.160 CG:5    +
    5    20  0   7.1%   0.564 CG:5    +
   99   104  0   7.0%   0.852 CG:5    +
   88   119  0   6.2%   0.886 GC:5    +
   87   120  0   6.2%   1.041 CG:5    +
   48   135  0   6.1%   0.902 CG:5    +
   86   121  0   6.1%   1.120 CG:5    +
   47   136  0   5.9%   0.895 UA:5    +
   49   134  0   5.7%   0.886 UA:5    +
   23   150  0   5.2%   1.869 CG:5    +
   22   151  0   5.2%   1.704 CG:5    +
   80   125  0   4.9%   0.630 GC:5    +
  117   125  0   4.8%   0.818 GC:5    +
  118   124  0   4.8%   1.158 AU:5    +
  119   123  0   4.7%   1.442 CG:5    +
   24   149  0   4.6%   1.896 UG:5    +
  139   145  0   4.5%   2.154 AU:5    +
  116   126  0   4.5%   0.700 AU:5    +
    2    22  0   4.4%   0.419 GC:5    +
  137   147  0   4.4%   2.208 GC:5    +
   79   126  0   4.4%   0.518 GU:5    +
    3    21  0   4.3%   0.413 UA:5    +
  140   144  0   4.3%   2.153 GC:5    +
   83   123  0   4.3%   0.859 CG:5    +
   84   122  0   4.3%   0.939 CG:5    +
   81   124  0   4.1%   1.051 AU:5    +
  138   146  1   4.5%   2.532 GC:4    +
   45   138  0   2.8%   0.394 UG:4    UA:1    +
   46   137  0   3.8%   0.746 UG:5    +
   66   119  0   3.7%   0.765 GC:5    +
   44   142  0   3.3%   0.593 GC:5    +
   68   119  0   2.8%   0.829 GC:5    +
   69   118  0   2.7%   0.476 UA:5    +
  132   141  0   2.6%   1.459 UA:5    +
  133   140  0   2.5%   1.771 UG:5    +
   50   133  0   2.3%   0.914 GU:5    +
   97   106  0   2.3%   0.504 CG:5    +
   22   123  0   2.3%   0.918 CG:5    +
   23   122  0   2.2%   0.859 CG:5    +
   43   143  0   2.2%   0.401 GC:5    +
   21   124  0   2.2%   0.437 AU:5    +
   85   122  0   2.2%   1.207 UG:5    +
   20   125  0   2.2%   0.601 GC:5    +
   84   123  0   2.2%   0.982 CG:5    +
  131   142  0   2.1%   1.262 GC:5    +
   24   121  0   2.1%   0.925 UG:5    +
  129   145  0   1.9%   1.189 AU:5    +
  128   146  0   1.9%   1.486 GC:5    +
   82   125  0   1.9%   0.546 GC:5    +
   13    23  0   1.9%   0.735 GC:5    +
    7    23  0   1.8%   0.760 GC:5    +
    8    22  0   1.8%   0.877 GC:5    +
   98   104  0   1.8%   0.455 UG:5    +
   81   126  0   1.8%   0.760 AU:5    +
   82   124  0   1.8%   0.750 GU:5    +
   83   122  0   1.7%   0.596 CG:5    +
   84   121  0   1.7%   0.601 CG:5    +
  135   144  0   1.7%   0.859 GC:5    +
   11    19  0   1.6%   0.528 GC:5    +
   12    18  0   1.6%   0.353 GC:5    +
    6    24  0   1.6%   0.548 AU:5    +
  130   143  0   1.6%   1.173 GC:5    +
   15    20  0   1.6%   0.625 CG:5    +
   10    20  0   1.5%   0.533 UG:5    +
   85   120  0   1.4%   0.804 UG:5    +
  130   144  0   1.4%   1.191 GC:5    +
  134   145  0   1.4%   0.845 AU:5    +
  137   143  0   1.4%   1.349 GC:5    +
   69    77  0   1.2%   0.226 UA:5    +
   68    78  0   1.2%   0.509 GC:5    +
  144   150  0   1.2%   2.958 CG:5    +
  143   151  0   1.2%   2.385 CG:5    +
   96   107  0   1.2%   0.203 CG:5    +
  126   138  0   0.1%   0.989 UG:4    UA:1    +
  133   138  0   0.1%   1.332 UG:4    UA:1    +
  132   138  0   0.1%   1.226 UG:4    UA:1    +
   46   138  0   0.0%   0.606 UG:4    UA:1    +
   54   123  0   0.0%   0.093 CG:4    UG:1    +
  138   145  0   0.0%   1.946 GU:4    AU:1    +
   49   138  0   0.0%   1.595 UG:4    UA:1    +
  124   138  0   0.0%   1.348 UG:4    UA:1    +
   54    68  0   0.0%   0.324 CG:4    UG:1    +
   17    54  0   0.0%   0.208 GC:4    GU:1    +
   20    54  0   0.0%   0.349 GC:4    GU:1    +
    3   138  0   0.0%   0.368 UG:4    UA:1    +
    2    54  0   0.0%   0.526 GC:4    GU:1    +
   44    54  0   0.0%   0.227 GC:4    GU:1    +
   24   138  0   0.0%   1.007 UG:4    UA:1    +
   54   130  0   0.0%   0.244 CG:4    UG:1    +
   54   122  0   0.0%   0.088 CG:4    UG:1    +
  145   149  0   1.0%   2.645 UG:5    +
   25   120  0   1.0%   0.654 CG:5    +
   52   145  0   0.9%   0.904 GU:5    +
  131   143  0   0.9%   1.265 GC:5    +
   69   116  0   0.8%   0.251 UA:5    +
    4    23  0   0.8%   0.833 GC:5    +
  138   142  1   1.2%   1.327 GC:4    +
   17    22  0   0.7%   0.854 GC:5    +
   51    58  0   0.7%   0.123 GC:5    +
   50    59  0   0.7%   0.121 GC:5    +
   52    57  0   0.7%   0.113 GC:5    +
  128   144  0   0.7%   1.008 GC:5    +
  137   142  0   0.6%   1.236 GC:5    +
  120   146  0   0.6%   1.621 GC:5    +
  117   147  0   0.6%   1.003 GC:5    +
    2    24  0   0.6%   0.898 GU:5    +
  127   145  0   0.6%   0.488 AU:5    +
   83   131  0   0.5%   0.843 CG:5    +
   84   130  0   0.5%   0.918 CG:5    +
   85   129  0   0.5%   1.060 UA:5    +
   86   128  0   0.5%   0.908 CG:5    +
   82   132  0   0.5%   0.806 GU:5    +
   45    70  0   0.5%   0.094 UA:5    +
   52    61  0   0.5%   0.122 GC:5    +
  117   146  0   0.5%   0.891 GC:5    +
   48   140  0   0.5%   1.521 CG:5    +
   49   139  0   0.4%   1.557 UA:5    +
   85   121  0   0.4%   0.863 UG:5    +
   81   133  0   0.4%   1.202 AU:5    +
   86   120  0   0.4%   0.583 CG:5    +
    5   149  0   0.4%   0.553 CG:5    +
  100   104  0   0.4%   0.549 CG:5    +
   47   141  0   0.4%   1.301 UA:5    +
   40   151  0   0.4%   0.679 CG:5    +
   41   150  0   0.4%   1.174 CG:5    +
   42   149  0   0.4%   1.164 UG:5    +
   17    23  0   0.4%   0.795 GC:5    +
   49    60  0   0.3%   0.064 UA:5    +
  127   133  0   0.3%   0.755 AU:5    +
   51    62  0   0.3%   0.110 GC:5    +
   69   115  0   0.3%   0.166 UA:5    +
   13    22  0   0.3%   0.650 GC:5    +
   89   117  0   0.3%   0.125 CG:5    +
   78   131  0   0.3%   0.793 CG:5    +
   45    77  0   0.3%   0.117 UA:5    +
   44    78  0   0.3%   0.283 GC:5    +
   77   132  0   0.3%   0.679 AU:5    +
   51   132  0   0.3%   0.730 GU:5    +
  118   145  0   0.3%   0.374 AU:5    +
  126   134  0   0.3%   0.582 UA:5    +
   98   102  0   0.3%   0.049 UA:5    +
    3   151  0   0.3%   0.432 UG:5    +
   76   133  0   0.3%   0.735 AU:5    +
   13    18  0   0.3%   0.264 GC:5    +
   16    24  0   0.3%   0.851 AU:5    +
   12    19  0   0.2%   0.332 GC:5    +
  125   135  0   0.2%   0.693 CG:5    +
   87   117  0   0.2%   0.163 CG:5    +
    5   150  0   0.2%   0.550 CG:5    +
  126   148  0   0.2%   1.616 UA:5    +
   69    76  0   0.2%   0.088 UA:5    +
    4   147  0   0.2%   0.743 GC:5    +
   10    21  0   0.2%   0.393 UA:5    +
   31    37  0   0.2%   0.334 UA:5    +
   90   116  0   0.2%   0.102 UA:5    +
   46    76  0   0.2%   0.386 UA:5    +
   86   117  0   0.2%   0.156 CG:5    +
   58   128  0   0.2%   0.567 CG:5    +
   78   128  0   0.2%   0.739 CG:5    +
   22    29  0   0.2%   0.671 CG:5    +
   23    28  0   0.2%   0.887 CG:5    +
   20    48  0   0.2%   0.371 GC:5    +
   23   151  0   0.2%   1.533 CG:5    +
   21    30  0   0.2%   0.463 AU:5    +
    3   148  0   0.2%   0.406 UA:5    +
  143   149  0   0.2%   2.105 CG:5    +
  142   150  0   0.2%   1.766 CG:5    +
   14    24  0   0.2%   0.678 AU:5    +
   12    23  0   0.2%   0.581 GC:5    +
   21    47  0   0.2%   0.204 AU:5    +
  125   149  0   0.2%   1.930 CG:5    +
   24   150  0   0.2%   1.788 UG:5    +
   45    71  0   0.2%   0.071 UA:5    +
   50    63  0   0.2%   0.083 GC:5    +
   69    74  0   0.2%   0.046 UA:5    +
  124   136  0   0.2%   1.196 UA:5    +
  133   148  0   0.2%   1.737 UA:5    +
   79   147  0   0.2%   0.930 GC:5    +
   80   146  0   0.2%   0.874 GC:5    +
    5   151  0   0.2%   0.566 CG:5    +
   93   106  0   0.2%   0.030 CG:5    +
   92   107  0   0.2%   0.030 CG:5    +
   94   105  0   0.2%   0.030 AU:5    +
  128   132  0   0.2%   1.177 GU:5    +
   95   104  0   0.2%   0.030 CG:5    +
   91   108  1   0.2%   0.030 GU:2    AU:2    +
   90   109  0   0.2%   0.033 UG:5    +
   89   110  0   0.2%   0.033 CG:5    +
   13    25  0   0.1%   0.644 GC:5    +
   81   145  0   0.1%   0.565 AU:5    +
   63   150  0   0.1%   1.799 CG:5    +
   64   149  0   0.1%   1.769 CG:5    +
   69    75  0   0.1%   0.058 UG:5    +
   62   151  0   0.1%   1.305 CG:5    +
   85   118  0   0.1%   0.411 UA:5    +
    2   119  0   0.1%   0.554 GC:5    +
   20    31  0   0.1%   0.627 GU:5    +
   69   114  0   0.1%   0.128 UA:5    +
   67    85  0   0.1%   0.402 AU:5    +
    3   118  0   0.1%   0.384 UA:5    +
   66    86  0   0.1%   0.400 GC:5    +
   82   144  0   0.1%   0.223 GC:5    +
   46    70  0   0.1%   0.378 UA:5    +
   68    84  0   0.1%   0.410 GC:5    +
   47   151  0   0.1%   2.022 UG:5    +
   51   133  0   0.1%   0.791 GU:5    +
   30    38  0   0.1%   0.313 UA:5    +
    3   152  0   0.1%   0.422 UA:5    +
   48   150  0   0.1%   2.523 CG:5    +
   46   152  0   0.1%   1.663 UA:5    +
  120   147  0   0.1%   1.653 GC:5    +
   69   117  0   0.1%   0.195 UG:5    +
   25   149  0   0.1%   1.182 CG:5    +
    2   147  0   0.1%   0.558 GC:5    +
   23    51  0   0.1%   0.619 CG:5    +
   24    50  0   0.1%   0.696 UG:5    +
   45    72  0   0.1%   0.068 UA:5    +
   45    68  0   0.1%   0.026 UG:5    +
   22    51  0   0.1%   0.670 CG:5    +
   23    50  0   0.1%   0.605 CG:5    +
  132   136  0   0.1%   1.058 UA:5    +
   88   111  0   0.1%   0.142 GU:5    +
   12    26  0   0.1%   0.669 GC:5    +
   80   126  0   0.1%   0.404 GU:5    +
   51   147  0   0.1%   1.468 GC:5    +
  135   143  0   0.1%   0.743 GC:5    +
   52   144  0   0.1%   0.794 GC:5    +
   46    67  0   0.1%   0.022 UA:5    +
   46    71  0   0.1%   0.360 UA:5    +
  132   149  0   0.1%   1.847 UG:5    +
   25   150  0   0.1%   1.195 CG:5    +
   22    52  0   0.1%   0.671 CG:5    +
   26   149  0   0.1%   0.845 CG:5    +
  121   146  0   0.1%   1.643 GC:5    +
   62   150  0   0.1%   1.784 CG:5    +
   63   149  0   0.1%   1.762 CG:5    +
   61   151  0   0.1%   0.919 CG:5    +
  120   144  0   0.1%   0.634 GC:5    +
    2    25  0   0.1%   0.535 GC:5    +
   49   149  0   0.1%   2.491 UG:5    +
    9    20  0   0.1%   0.355 CG:5    +
  129   133  0   0.1%   1.275 AU:5    +
   47    75  0   0.1%   0.399 UG:5    +
   25   151  0   0.1%   0.984 CG:5    +
   21    45  0   0.1%   0.175 AU:5    +
    3    35  0   0.1%   0.362 UA:5    +
   26   150  0   0.1%   0.857 CG:5    +
   66   146  0   0.1%   1.110 GC:5    +
   45   139  0   0.1%   0.202 UA:5    +
   23   137  0   0.1%   0.942 CG:5    +
   64   121  0   0.1%   1.034 CG:5    +
   63   122  0   0.1%   1.048 CG:5    +
   75   125  0   0.1%   0.125 GC:5    +
   56    60  0   0.1%   0.037 UA:5    +
   62   123  0   0.1%   1.053 CG:5    +
   74   126  0   0.0%   0.033 AU:5    +
  127   132  0   0.0%   0.613 AU:5    +
   24   136  0   0.0%   1.007 UA:5    +
   10   148  0   0.0%   0.537 UA:5    +
  135   147  0   0.0%   1.347 GC:5    +
   11   147  0   0.0%   0.567 GC:5    +
    9   149  0   0.0%   0.474 CG:5    +
   67   145  0   0.0%   0.440 AU:5    +
  121   143  0   0.0%   0.746 GC:5    +
   12    58  0   0.0%   0.390 GC:5    +
   13    57  0   0.0%   0.352 GC:5    +
   11    59  0   0.0%   0.536 GC:5    +
   69    73  0   0.0%   0.023 UA:5    +
   12   143  0   0.0%   0.394 GC:5    +
   11   144  0   0.0%   0.540 GC:5    +
  135   145  0   0.0%   0.828 GU:5    +
   13   142  0   0.0%   0.358 GC:5    +
   79   125  0   0.0%   0.195 GC:5    +
   14    56  0   0.0%   0.023 AU:5    +
   23   140  0   0.0%   0.944 CG:5    +
  133   141  0   0.0%   1.467 UA:5    +
   45    73  0   0.0%   0.066 UA:5    +
  124   150  0   0.0%   2.197 UG:5    +
   56    67  0   0.0%   0.389 UA:5    +
   57    66  0   0.0%   0.415 CG:5    +
    7   147  0   0.0%   0.535 GC:5    +
   56   139  0   0.0%   0.805 UA:5    +
    8   146  0   0.0%   0.241 GC:5    +
   20    46  0   0.0%   0.339 GU:5    +
   55   140  0   0.0%   0.745 CG:5    +
   31    36  0   0.0%   0.300 UA:5    +
   58   137  0   0.0%   0.663 CG:5    +
   12   146  0   0.0%   0.400 GC:5    +
   55    68  0   0.0%   0.333 CG:5    +
  135   142  0   0.0%   0.733 GC:5    +
   24   139  0   0.0%   1.010 UA:5    +
   49   135  0   0.0%   0.743 UG:5    +
   76   124  0   0.0%   0.436 AU:5    +
   24   151  0   0.0%   1.568 UG:5    +
   22    44  0   0.0%   0.653 CG:5    +
   46    72  0   0.0%   0.354 UA:5    +
  137   145  0   0.0%   1.990 GU:5    +
   68   144  0   0.0%   0.515 GC:5    +
   11    24  0   0.0%   0.666 GU:5    +
  133   137  0   0.0%   1.334 UG:5    +
   69    82  0   0.0%   0.110 UG:5    +
  122   145  0   0.0%   1.372 GU:5    +
   24   152  0   0.0%   1.386 UA:5    +
   45   118  0   0.0%   0.098 UA:5    +
   44   119  0   0.0%   0.265 GC:5    +
  123   144  0   0.0%   1.417 GC:5    +
   25   135  0   0.0%   0.772 CG:5    +
    2     9  0   0.0%   0.008 GC:5    +
  132   139  0   0.0%   1.446 UA:5    +
    3     8  0   0.0%   0.008 UG:5    +
    5   117  0   0.0%   0.481 CG:5    +
   10    60  0   0.0%   0.518 UA:5    +
   85   139  0   0.0%   0.991 UA:5    +
   84   140  0   0.0%   0.788 CG:5    +
   87   137  0   0.0%   0.889 CG:5    +
  122   142  0   0.0%   0.796 GC:5    +
   12    24  0   0.0%   0.521 GU:5    +
   45   151  0   0.0%   0.820 UG:5    +
    3   141  0   0.0%   0.376 UA:5    +
   23    43  0   0.0%   0.589 CG:5    +
   46   117  0   0.0%   0.371 UG:5    +
    5   140  0   0.0%   0.487 CG:5    +
   19    51  0   0.0%   0.248 CG:5    +
   68    83  0   0.0%   0.390 GC:5    +
   18    52  0   0.0%   0.243 CG:5    +
   65    69  0   0.0%   0.380 AU:5    +
    2   142  0   0.0%   0.543 GC:5    +
   11    25  0   0.0%   0.257 GC:5    +
   19    50  0   0.0%   0.244 CG:5    +
   78   130  0   0.0%   0.744 CG:5    +
   18    51  0   0.0%   0.241 CG:5    +
   48   151  0   0.0%   2.021 CG:5    +
   75    84  0   0.0%   0.035 GC:5    +
   66   147  0   0.0%   1.179 GC:5    +
    1    10  0   0.0%   0.006 AU:5    +
   75    86  0   0.0%   0.035 GC:5    +
   52   132  0   0.0%   0.700 GU:5    +
   76    85  0   0.0%   0.048 AU:5    +
    5    68  0   0.0%   0.476 CG:5    +
    4    69  0   0.0%   0.695 GU:5    +
  144   151  0   0.0%   2.390 CG:5    +
   84   120  0   0.0%   0.356 CG:5    +
   52   142  0   0.0%   0.891 GC:5    +
   49   150  0   0.0%   2.504 UG:5    +
   21    46  0   0.0%   0.175 AU:5    +
   74    85  0   0.0%   0.031 AU:5    +
   45    74  0   0.0%   0.065 UA:5    +
   46   150  0   0.0%   1.676 UG:5    +
   48   128  0   0.0%   0.587 CG:5    +
  113   119  0   0.0%   0.435 GC:5    +
   51   143  0   0.0%   0.561 GC:5    +
   53   133  0   0.0%   0.943 AU:5    +
   75    89  0   0.0%   0.029 GC:5    +
   49   127  0   0.0%   0.397 UA:5    +
   55   122  0   0.0%   0.097 CG:5    +
   53   124  0   0.0%   0.093 AU:5    +
   50   144  0   0.0%   0.528 GC:5    +
   47   129  0   0.0%   0.629 UA:5    +
  145   150  0   0.0%   2.614 UG:5    +
  130   147  0   0.0%   1.405 GC:5    +
    3    70  0   0.0%   0.360 UA:5    +
   43   144  0   0.0%   0.237 GC:5    +
   20    49  0   0.0%   0.352 GU:5    +
   46    73  0   0.0%   0.350 UA:5    +
   47   152  0   0.0%   1.768 UA:5    +
   13    19  0   0.0%   0.254 GC:5    +
   23   121  0   0.0%   0.605 CG:5    +
   83   121  0   0.0%   0.385 CG:5    +
   24   120  0   0.0%   0.684 UG:5    +
   63   120  0   0.0%   0.435 CG:5    +
   86   113  0   0.0%   0.105 CG:5    +
   44    69  0   0.0%   0.234 GU:5    +
   62   121  0   0.0%   0.479 CG:5    +
   19   137  0   0.0%   0.251 CG:5    +
   61   122  0   0.0%   0.123 CG:5    +
  128   147  0   0.0%   1.384 GC:5    +
  122   144  0   0.0%   1.343 GC:5    +
   21    49  0   0.0%   0.186 AU:5    +
   75   119  0   0.0%   0.265 GC:5    +
   56   121  0   0.0%   0.100 UG:5    +
   22   122  0   0.0%   0.664 CG:5    +
  147   151  0   0.0%   1.855 CG:5    +
   15   140  0   0.0%   0.248 CG:5    +
  121   145  0   0.0%   1.339 GU:5    +
   84   117  0   0.0%   0.031 CG:5    +
   52   125  0   0.0%   0.526 GC:5    +
   57   120  0   0.0%   0.093 CG:5    +
  119   149  0   0.0%   1.659 CG:5    +
   20    47  0   0.0%   0.337 GU:5    +
   46   130  0   0.0%   0.606 UG:5    +
  131   146  0   0.0%   1.447 GC:5    +
   31    39  0   0.0%   0.603 UA:5    +
   18   137  0   0.0%   0.246 CG:5    +
    3    20  0   0.0%   0.007 UG:5    +
   66    78  0   0.0%   0.395 GC:5    +
  133   139  0   0.0%   1.545 UA:5    +
   23   117  0   0.0%   0.604 CG:5    +
    4    25  0   0.0%   0.415 GC:5    +
   80   124  0   0.0%   0.496 GU:5    +
   50   126  0   0.0%   0.432 GU:5    +
   85   114  0   0.0%   0.286 UA:5    +
   45    76  0   0.0%   0.065 UA:5    +
   60   126  0   0.0%   0.339 AU:5    +
   44   143  0   0.0%   0.454 GC:5    +
   24   116  0   0.0%   0.680 UA:5    +
   74    90  0   0.0%   0.020 AU:5    +
  126   150  0   0.0%   1.834 UG:5    +
  146   151  0   0.0%   2.218 CG:5    +
   46    75  0   0.0%   0.349 UG:5    +
   47   137  0   0.0%   0.694 UG:5    +
   47    70  0   0.0%   0.420 UA:5    +
   85   116  0   0.0%   0.321 UA:5    +
  126   149  0   0.0%   1.827 UG:5    +
   52   146  0   0.0%   1.411 GC:5    +
   75   133  0   0.0%   0.683 GU:5    +
   52   143  0   0.0%   0.864 GC:5    +
    4    24  0   0.0%   0.756 GU:5    +
   13   145  0   0.0%   0.352 GU:5    +
   79    86  0   0.0%   0.018 GC:5    +
  128   133  0   0.0%   1.269 GU:5    +
    5   137  0   0.0%   0.482 CG:5    +
    8    83  0   0.0%   0.233 GC:5    +
    9    82  0   0.0%   0.442 CG:5    +
    7    84  0   0.0%   0.507 GC:5    +
   66    84  0   0.0%   0.378 GC:5    +
   83    88  0   0.0%   0.132 CG:5    +
   20   147  0   0.0%   0.687 GC:5    +
    5   131  0   0.0%   0.480 CG:5    +
   78   135  0   0.0%   0.415 CG:5    +
   19   135  0   0.0%   0.247 CG:5    +
   18   135  0   0.0%   0.244 CG:5    +
    6    85  0   0.0%   0.350 AU:5    +
   10    81  0   0.0%   0.515 UA:5    +
   76   132  0   0.0%   0.589 AU:5    +
  123   143  0   0.0%   1.477 GC:5    +
    4   132  0   0.0%   0.697 GU:5    +
   26    44  0   0.0%   0.651 CG:5    +
   82    89  0   0.0%   0.011 GC:5    +
  125   151  0   0.0%   1.422 CG:5    +
   65    85  0   0.0%   0.374 AU:5    +
    5   135  0   0.0%   0.480 CG:5    +
   80    87  0   0.0%   0.184 GC:5    +
  115   126  0   0.0%   0.246 AU:5    +
   51   125  0   0.0%   0.526 GC:5    +
  125   150  0   0.0%   1.926 CG:5    +
   75   147  0   0.0%   0.699 GC:5    +
   74   132  0   0.0%   0.574 AU:5    +
    8    61  0   0.0%   0.230 GC:5    +
    4   119  0   0.0%   0.704 GC:5    +
   55   137  0   0.0%   0.893 CG:5    +
   56   136  0   0.0%   0.716 UA:5    +
   59   135  0   0.0%   0.223 CG:5    +
  132   140  0   0.0%   1.398 UG:5    +
   57   135  0   0.0%   0.513 CG:5    +
   54   138  1   0.0%   0.871 CG:3    UG:1    +
   45    75  0   0.0%   0.064 UG:5    +
    2    78  0   0.0%   0.528 GC:5    +
   23    79  0   0.0%   0.599 CG:5    +
  126   136  0   0.0%   0.813 UA:5    +
   73   133  0   0.0%   0.661 AU:5    +
   30    37  0   0.0%   0.292 UA:5    +
   22    80  0   0.0%   0.661 CG:5    +
   45   131  0   0.0%   0.327 UG:5    +
   64    79  0   0.0%   0.373 CG:5    +
   63    80  0   0.0%   0.384 CG:5    +
  128   145  0   0.0%   0.996 GU:5    +
   51   144  0   0.0%   0.477 GC:5    +
  133   150  0   0.0%   1.948 UG:5    +
    3    77  0   0.0%   0.359 UA:5    +
  126   137  0   0.0%   0.994 UG:5    +
   80    85  0   0.0%   0.021 GU:5    +
  131   147  0   0.0%   1.419 GC:5    +
   51   126  0   0.0%   0.443 GU:5    +
  133   149  0   0.0%   1.947 UG:5    +
    2    15  0   0.0%   0.005 GC:5    +
    4    87  0   0.0%   0.694 GC:5    +
    3    14  0   0.0%   0.005 UA:5    +
   48    75  0   0.0%   0.390 CG:5    +
   75   146  0   0.0%   0.629 GC:5    +
   19    28  0   0.0%   0.518 CG:5    +
   18    29  0   0.0%   0.236 CG:5    +
   17    30  0   0.0%   0.486 GU:5    +
  140   146  0   0.0%   2.225 GC:5    +
   16    31  0   0.0%   0.450 AU:5    +
    5    12  0   0.0%   0.002 CG:5    +
   15    32  0   0.0%   0.523 CG:5    +
  132   137  0   0.0%   1.229 UG:5    +
   89   135  0   0.0%   0.231 CG:5    +
   46    74  0   0.0%   0.348 UA:5    +
    2   146  0   0.0%   0.541 GC:5    +
   41   122  0   0.0%   0.226 CG:5    +
   40   123  0   0.0%   0.224 CG:5    +
   61    68  0   0.0%   0.356 CG:5    +
   42   121  0   0.0%   0.223 UG:5    +
   47    76  0   0.0%   0.403 UA:5    +
   90   134  0   0.0%   0.200 UA:5    +
   61   131  0   0.0%   0.840 CG:5    +
   79    84  0   0.0%   0.018 GC:5    +
   62   130  0   0.0%   1.203 CG:5    +
   73   132  0   0.0%   0.560 AU:5    +
   46   136  0   0.0%   0.370 UA:5    +
    7    62  0   0.0%   0.505 GC:5    +
  145   152  0   0.0%   1.446 UA:5    +
    9    29  0   0.0%   0.439 CG:5    +
    5    82  0   0.0%   0.475 CG:5    +
    4    83  0   0.0%   0.693 GC:5    +
   60   132  0   0.0%   0.884 AU:5    +
    3    88  0   0.0%   0.360 UG:5    +
   49    74  0   0.0%   0.396 UA:5    +
   72   133  0   0.0%   0.660 AU:5    +
   47    71  0   0.0%   0.399 UA:5    +
   82   119  0   0.0%   0.247 GC:5    +
   81    90  0   0.0%   0.264 AU:5    +
   58   150  0   0.0%   1.150 CG:5    +
   57   151  0   0.0%   0.927 CG:5    +
   59   149  0   0.0%   1.122 CG:5    +
   76    90  0   0.0%   0.035 AU:5    +
  141   145  0   0.0%   1.702 AU:5    +
   60    69  0   0.0%   0.032 AU:5    +
   25    43  0   0.0%   0.299 CG:5    +
    3   139  0   0.0%   0.370 UA:5    +
  104   119  0   0.0%   0.916 GC:5    +
   20   146  0   0.0%   0.666 GC:5    +
  126   135  0   0.0%   0.582 UG:5    +
  103   120  0   0.0%   0.595 CG:5    +
  133   151  0   0.0%   1.442 UG:5    +
  100   122  0   0.0%   0.693 CG:5    +
   22   149  0   0.0%   1.019 CG:5    +
  101   121  0   0.0%   0.643 CG:5    +
   99   123  0   0.0%   0.782 CG:5    +
  105   118  0   0.0%   0.128 UA:5    +
  140   147  0   0.0%   1.861 GC:5    +
    4   146  0   0.0%   0.697 GC:5    +
   47   116  0   0.0%   0.391 UA:5    +
    3   150  0   0.0%   0.385 UG:5    +
   46    77  0   0.0%   0.379 UA:5    +
   26   137  0   0.0%   0.435 CG:5    +
  119   131  0   0.0%   1.134 CG:5    +
  118   132  0   0.0%   0.864 AU:5    +
   39   124  0   0.0%   0.227 AU:5    +
  125   137  0   0.0%   1.088 CG:5    +
   52    58  0   0.0%   0.081 GC:5    +
   46   141  0   0.0%   1.156 UA:5    +
   20   119  0   0.0%   0.360 GC:5    +
    2    89  0   0.0%   0.529 GC:5    +
   12    22  0   0.0%   0.661 GC:5    +
   52    59  0   0.0%   0.081 GC:5    +
  117   133  0   0.0%   0.901 GU:5    +
   59   130  0   0.0%   0.567 CG:5    +
   24   128  0   0.0%   0.762 UG:5    +
   10    28  0   0.0%   0.790 UG:5    +
   58   131  0   0.0%   0.579 CG:5    +
   45    50  0   0.0%   0.022 UG:5    +
    5    50  0   0.0%   0.471 CG:5    +
   11    23  0   0.0%   0.704 GC:5    +
   70   133  0   0.0%   0.687 AU:5    +
   91   133  1   0.0%   0.705 GU:2    AU:2    +
   78   149  0   0.0%   1.327 CG:5    +
    8    62  0   0.0%   0.231 GC:5    +
   57   121  0   0.0%   0.130 CG:5    +
   58   120  0   0.0%   0.089 CG:5    +
    7    63  0   0.0%   0.505 GC:5    +
   75   132  0   0.0%   0.582 GU:5    +
   19   120  0   0.0%   0.243 CG:5    +
   56   152  0   0.0%   0.642 UA:5    +
   47    68  0   0.0%   0.704 UG:5    +
   92   131  0   0.0%   0.586 CG:5    +
   93   130  0   0.0%   0.570 CG:5    +
   76   145  0   0.0%   0.102 AU:5    +
    6    49  0   0.0%   0.348 AU:5    +
   24    44  0   0.0%   0.674 UG:5    +
   71   132  0   0.0%   0.566 AU:5    +
   23   120  0   0.0%   0.601 CG:5    +
   18   121  0   0.0%   0.240 CG:5    +
   21   133  0   0.0%   0.728 AU:5    +
    8    30  0   0.0%   0.505 GU:5    +
   47   134  0   0.0%   0.392 UA:5    +
   66   125  0   0.0%   0.594 GC:5    +
   69   134  0   0.0%   0.438 UA:5    +
   85   117  0   0.0%   0.293 UG:5    +
   23    75  0   0.0%   0.598 CG:5    +
  146   150  0   0.0%   2.735 CG:5    +
   65   126  0   0.0%   0.376 AU:5    +
    3    36  0   0.0%   0.355 UA:5    +
  101   106  0   0.0%   0.123 CG:5    +
   74   133  0   0.0%   0.673 AU:5    +
  124   152  0   0.0%   1.422 UA:5    +
   15   123  0   0.0%   0.242 CG:5    +
    8   147  0   0.0%   0.258 GC:5    +
   14   124  0   0.0%   0.017 AU:5    +
   25   121  0   0.0%   0.646 CG:5    +
  132   150  0   0.0%   1.844 UG:5    +
    4    26  0   0.0%   0.409 GC:5    +
   59   128  0   0.0%   0.543 CG:5    +
   22   121  0   0.0%   0.661 CG:5    +
   13   125  0   0.0%   0.346 GC:5    +
   51    59  0   0.0%   0.090 GC:5    +
  123   146  0   0.0%   1.732 GC:5    +
  122   147  0   0.0%   1.709 GC:5    +
   75    83  0   0.0%   0.023 GC:5    +
   24    74  0   0.0%   0.677 UA:5    +
  124   139  0   0.0%   1.262 UA:5    +
   53    69  0   0.0%   0.005 AU:5    +
   46   135  0   0.0%   0.370 UG:5    +
   67   124  0   0.0%   0.779 AU:5    +
  132   151  0   0.0%   1.337 UG:5    +
   50   145  0   0.0%   0.522 GU:5    +
   62    80  0   0.0%   0.390 CG:5    +
   63    79  0   0.0%   0.382 CG:5    +
   26    50  0   0.0%   0.440 CG:5    +
   45   137  0   0.0%   0.095 UG:5    +
   25    51  0   0.0%   0.534 CG:5    +
   27    49  0   0.0%   0.421 AU:5    +
   47    72  0   0.0%   0.392 UA:5    +
   28    48  0   0.0%   0.443 GC:5    +
   19    32  0   0.0%   0.520 CG:5    +
  137   146  0   0.0%   2.158 GC:5    +
   64    75  0   0.0%   0.377 CG:5    +
   45   136  0   0.0%   0.090 UA:5    +
    5    75  0   0.0%   0.473 CG:5    +
   79   119  0   0.0%   0.332 GC:5    +
   86   151  0   0.0%   0.947 CG:5    +
   87   150  0   0.0%   1.389 CG:5    +
   80    84  0   0.0%   0.017 GC:5    +
   20    25  0   0.0%   0.615 GC:5    +
   53   145  0   0.0%   0.340 AU:5    +
   19   130  0   0.0%   0.244 CG:5    +
   18   131  0   0.0%   0.242 CG:5    +
   29    47  0   0.0%   0.163 GU:5    +
  120   125  0   0.0%   1.058 GC:5    +
   17    24  0   0.0%   0.876 GU:5    +
  100   107  0   0.0%   0.099 CG:5    +
   13    33  0   0.0%   0.623 GC:5    +
   17   132  0   0.0%   0.210 GU:5    +
    8    23  0   0.0%   0.689 GC:5    +
    4    19  0   0.0%   0.001 GC:5    +
    3   149  0   0.0%   0.384 UG:5    +
   28   125  0   0.0%   0.515 GC:5    +
  132   152  0   0.0%   1.069 UA:5    +
   68   146  0   0.0%   1.092 GC:5    +
   23    44  0   0.0%   0.588 CG:5    +
   97   128  0   0.0%   0.841 CG:5    +
   20   132  0   0.0%   0.435 GU:5    +
   27   126  0   0.0%   0.418 AU:5    +
   26   120  0   0.0%   0.473 CG:5    +
   45    51  0   0.0%   0.024 UG:5    +
   77    90  0   0.0%   0.076 AU:5    +
   21   145  0   0.0%   0.506 AU:5    +
   95   131  0   0.0%   0.598 CG:5    +
   43   146  0   0.0%   0.238 GC:5    +
   33    44  0   0.0%   0.509 CG:5    +
   96   130  0   0.0%   0.635 CG:5    +
   98   127  0   0.0%   0.093 UA:5    +
  124   151  0   0.0%   1.689 UG:5    +
   80   133  0   0.0%   0.915 GU:5    +
   63   128  0   0.0%   1.171 CG:5    +
   68   147  0   0.0%   1.160 GC:5    +
   32    45  0   0.0%   0.288 GU:5    +
   78   120  0   0.0%   0.533 CG:5    +
   64   128  0   0.0%   1.160 CG:5    +
  121   147  0   0.0%   1.684 GC:5    +
    7    24  0   0.0%   0.642 GU:5    +
    2   144  0   0.0%   0.540 GC:5    +
   64   150  0   0.0%   1.774 CG:5    +
   94   132  0   0.0%   0.611 AU:5    +
  122   146  0   0.0%   1.663 GC:5    +
   63   151  0   0.0%   1.288 CG:5    +
   51   142  0   0.0%   0.584 GC:5    +
   12   126  0   0.0%   0.384 GU:5    +
   20    45  0   0.0%   0.330 GU:5    +
   50   143  0   0.0%   0.607 GC:5    +
   79    85  0   0.0%   0.020 GU:5    +
   87   149  0   0.0%   1.375 CG:5    +
  119   150  0   0.0%   1.670 CG:5    +
   86   150  0   0.0%   1.448 CG:5    +
   46    50  0   0.0%   0.022 UG:5    +
   47   140  0   0.0%   1.450 UG:5    +
    1    90  0   0.0%   0.322 AU:5    +
   44    63  0   0.0%   0.228 GC:5    +
   46    51  0   0.0%   0.024 UG:5    +
   96   104  0   0.0%   0.011 CG:5    +
  100   106  0   0.0%   0.146 CG:5    +
   43    64  0   0.0%   0.143 GC:5    +
  121   142  0   0.0%   0.763 GC:5    +
  120   143  0   0.0%   0.688 GC:5    +
   16   133  0   0.0%   0.169 AU:5    +
   20    78  0   0.0%   0.350 GC:5    +
   91   132  1   0.0%   0.611 GU:2    AU:2    +
  101   109  0   0.0%   0.013 CG:5    +
  102   108  0   0.0%   0.029 AU:5    +
   72   132  0   0.0%   0.559 AU:5    +
  100   110  0   0.0%   0.036 CG:5    +
   22    50  0   0.0%   0.651 CG:5    +
   56   128  0   0.0%   0.216 UG:5    +
  103   107  0   0.0%   0.076 CG:5    +
   42    65  0   0.0%   0.138 UA:5    +
   19    79  0   0.0%   0.242 CG:5    +
    5   128  0   0.0%   0.477 CG:5    +
   18    80  0   0.0%   0.240 CG:5    +
   41    66  0   0.0%   0.137 CG:5    +
   57    80  0   0.0%   0.043 CG:5    +
   87   113  0   0.0%   0.092 CG:5    +
   56    81  0   0.0%   0.013 UA:5    +
   81   132  0   0.0%   1.034 AU:5    +
   58    79  0   0.0%   0.040 CG:5    +
   35    42  0   0.0%   0.142 AU:5    +
    1   145  0   0.0%   0.322 AU:5    +
    5   130  0   0.0%   0.477 CG:5    +
   55   128  0   0.0%   0.208 CG:5    +
    3    37  0   0.0%   0.355 UA:5    +
   71   133  0   0.0%   0.666 AU:5    +
  125   130  0   0.0%   1.023 CG:5    +
   55    82  0   0.0%   0.006 CG:5    +
  121   125  0   0.0%   1.106 GC:5    +
   87   128  0   0.0%   0.821 CG:5    +
   99   106  0   0.0%   0.309 CG:5    +
   45    82  0   0.0%   0.083 UG:5    +
   56   127  0   0.0%   0.015 UA:5    +
   44    83  0   0.0%   0.249 GC:5    +
   11    18  0   0.0%   0.325 GC:5    +
  119   128  0   0.0%   1.104 CG:5    +
   59    66  0   0.0%   0.410 CG:5    +
  120   126  0   0.0%   0.959 GU:5    +
  126   130  0   0.0%   0.924 UG:5    +
  125   131  0   0.0%   1.039 CG:5    +
   52   124  0   0.0%   0.523 GU:5    +
  145   151  0   0.0%   2.093 UG:5    +
  140   145  0   0.0%   2.055 GU:5    +
   64   117  0   0.0%   0.377 CG:5    +
    2    26  0   0.0%   0.526 GC:5    +
   52   147  0   0.0%   1.481 GC:5    +
   99   107  0   0.0%   0.262 CG:5    +
    6   145  0   0.0%   0.349 AU:5    +
   88   126  0   0.0%   0.527 GU:5    +
   78   137  0   0.0%   0.836 CG:5    +
   45   150  0   0.0%   1.309 UG:5    +
   41   151  0   0.0%   0.658 CG:5    +
   42   150  0   0.0%   1.153 UG:5    +
   78    82  0   0.0%   0.080 CG:5    +
   59   137  0   0.0%   0.646 CG:5    +
   40    68  0   0.0%   0.139 CG:5    +
   77   126  0   0.0%   0.083 AU:5    +
   69    80  0   0.0%   0.102 UG:5    +
   85   152  0   0.0%   0.826 UA:5    +
    3   134  0   0.0%   0.368 UA:5    +
   47    66  0   0.0%   0.015 UG:5    +
  142   149  0   0.0%   1.730 CG:5    +
  132   148  0   0.0%   1.609 UA:5    +
   79    83  0   0.0%   0.009 GC:5    +
    2    33  0   0.0%   0.526 GC:5    +
    5    44  0   0.0%   0.470 CG:5    +
   39    69  0   0.0%   0.142 AU:5    +
    3    27  0   0.0%   0.141 UA:5    +
   44    48  0   0.0%   0.240 GC:5    +
   47    74  0   0.0%   0.386 UA:5    +
   83   117  0   0.0%   0.020 CG:5    +
   22   140  0   0.0%   0.994 CG:5    +
   29   124  0   0.0%   0.236 GU:5    +
   62    79  0   0.0%   0.390 CG:5    +
  126   131  0   0.0%   0.940 UG:5    +
   61    80  0   0.0%   0.030 CG:5    +
  117   145  0   0.0%   0.268 GU:5    +
   83   151  0   0.0%   0.848 CG:5    +
    4    45  0   0.0%   0.689 GU:5    +
   84   150  0   0.0%   1.444 CG:5    +
   13   144  0   0.0%   0.353 GC:5    +
    7    41  0   0.0%   0.503 GC:5    +
    6    42  0   0.0%   0.347 AU:5    +
    8    40  0   0.0%   0.228 GC:5    +
   45    67  0   0.0%   0.007 UA:5    +
   46    81  0   0.0%   0.361 UA:5    +
   55    66  0   0.0%   0.368 CG:5    +
   57   140  0   0.0%   0.782 CG:5    +
   69   122  0   0.0%   0.649 UG:5    +
    3   120  0   0.0%   0.368 UG:5    +
   84   149  0   0.0%   1.430 CG:5    +
   83   150  0   0.0%   1.350 CG:5    +
   56    65  0   0.0%   0.376 UA:5    +
    5    43  0   0.0%   0.470 CG:5    +
    5    17  0   0.0%   0.001 CG:5    +
  108   115  0   0.0%   0.032 UA:5    +
   51   145  0   0.0%   0.470 GU:5    +
    4    18  0   0.0%   0.000 GC:5    +
   22   117  0   0.0%   0.662 CG:5    +
   56   141  0   0.0%   0.527 UA:5    +
   20    24  0   0.0%   0.989 GU:5    +
   47    73  0   0.0%   0.388 UA:5    +
   82    87  0   0.0%   0.096 GC:5    +
    3    32  0   0.0%   0.142 UG:5    +
   47    51  0   0.0%   0.031 UG:5    +
   50   146  0   0.0%   0.781 GC:5    +
   58   123  0   0.0%   0.128 CG:5    +
   33   120  0   0.0%   0.331 CG:5    +
    4   142  0   0.0%   0.697 GC:5    +
   75    87  0   0.0%   0.024 GC:5    +
   48    52  0   0.0%   0.021 CG:5    +
   69    79  0   0.0%   0.102 UG:5    +
    2    84  0   0.0%   0.527 GC:5    +
   23   135  0   0.0%   0.929 CG:5    +
   34   119  0   0.0%   0.220 GC:5    +
   31   122  0   0.0%   0.550 UG:5    +
   59   122  0   0.0%   0.129 CG:5    +
   90   115  0   0.0%   0.038 UA:5    +
   69    81  0   0.0%   0.101 UA:5    +
   19   150  0   0.0%   0.261 CG:5    +
   85   151  0   0.0%   1.092 UG:5    +
   61   121  0   0.0%   0.115 CG:5    +
   62   120  0   0.0%   0.438 CG:5    +
   85   149  0   0.0%   1.581 UG:5    +
   85   148  0   0.0%   1.357 UA:5    +
  111   118  0   0.0%   0.126 UA:5    +
   95   123  0   0.0%   0.617 CG:5    +
   96   122  0   0.0%   0.744 CG:5    +
   97   121  0   0.0%   0.937 CG:5    +
   94   124  0   0.0%   0.613 AU:5    +
    3    38  0   0.0%   0.355 UA:5    +
   24   141  0   0.0%   1.006 UA:5    +
  110   119  0   0.0%   0.424 GC:5    +
   24   134  0   0.0%   0.997 UA:5    +
   18   151  0   0.0%   0.270 CG:5    +
   30   123  0   0.0%   0.522 UG:5    +
  116   145  0   0.0%   0.255 AU:5    +
   46   115  0   0.0%   0.360 UA:5    +
   78   123  0   0.0%   0.572 CG:5    +
   31    35  0   0.0%   0.294 UA:5    +
   59   120  0   0.0%   0.089 CG:5    +
   68    89  0   0.0%   0.392 GC:5    +
   45   116  0   0.0%   0.083 UA:5    +
   47   135  0   0.0%   0.397 UG:5    +
   58   121  0   0.0%   0.126 CG:5    +
   44   144  0   0.0%   0.369 GC:5    +
    3    39  0   0.0%   0.355 UA:5    +
   95   106  0   0.0%   0.020 CG:5    +
   24   127  0   0.0%   0.761 UA:5    +
    7    48  0   0.0%   0.503 GC:5    +
   19   149  0   0.0%   0.273 CG:5    +
   95   128  0   0.0%   0.568 CG:5    +
   62    66  0   0.0%   0.759 CG:5    +
    2    19  0   0.0%   0.004 GC:5    +
   90   117  0   0.0%   0.094 UG:5    +
   66    87  0   0.0%   0.384 GC:5    +
   30    82  0   0.0%   0.438 UG:5    +
   29    83  0   0.0%   0.152 GC:5    +
   33    79  0   0.0%   0.284 CG:5    +
    7    15  0   0.0%   0.001 GC:5    +
   45   115  0   0.0%   0.082 UA:5    +
   25   117  0   0.0%   0.521 CG:5    +
   31    81  0   0.0%   0.464 UA:5    +
   83   120  0   0.0%   0.341 CG:5    +
   34    78  0   0.0%   0.210 GC:5    +
    5   120  0   0.0%   0.476 CG:5    +
    7    31  0   0.0%   0.782 GU:5    +
   78   150  0   0.0%   1.340 CG:5    +
   18   150  0   0.0%   0.259 CG:5    +
   84   137  0   0.0%   0.938 CG:5    +
   25   140  0   0.0%   0.773 CG:5    +
    9   131  0   0.0%   0.441 CG:5    +
    4   133  0   0.0%   0.695 GU:5    +
   17    33  0   0.0%   0.489 GC:5    +
   59   123  0   0.0%   0.128 CG:5    +
    8   132  0   0.0%   0.231 GU:5    +
  114   126  0   0.0%   0.235 AU:5    +
   59    79  0   0.0%   0.041 CG:5    +
   85   136  0   0.0%   0.900 UA:5    +
   80   119  0   0.0%   0.332 GC:5    +
   24   118  0   0.0%   0.686 UA:5    +
    7    64  0   0.0%   0.504 GC:5    +
    3   140  0   0.0%   0.369 UG:5    +
   58    80  0   0.0%   0.040 CG:5    +
   52    86  0   0.0%   0.436 GC:5    +
   28    84  0   0.0%   0.431 GC:5    +
    2    61  0   0.0%   0.526 GC:5    +
   34    41  0   0.0%   0.345 GC:5    +
   86   135  0   0.0%   0.520 CG:5    +
   82    86  0   0.0%   0.106 GC:5    +
    9   130  0   0.0%   0.440 CG:5    +
   23   128  0   0.0%   0.687 CG:5    +
    8    63  0   0.0%   0.230 GC:5    +
   51    57  0   0.0%   0.022 GC:5    +
   53    85  0   0.0%   0.002 AU:5    +
   10   129  0   0.0%   0.514 UA:5    +
   46   114  0   0.0%   0.359 UA:5    +
   97   113  0   0.0%   0.313 CG:5    +
   61    66  0   0.0%   0.399 CG:5    +
    7   144  0   0.0%   0.506 GC:5    +
   57   122  0   0.0%   0.133 CG:5    +
   50    58  0   0.0%   0.020 GC:5    +
   22    68  0   0.0%   0.661 CG:5    +
   98   112  0   0.0%   0.096 UA:5    +
   10   130  0   0.0%   0.514 UG:5    +
   13   146  0   0.0%   0.358 GC:5    +
   98   120  0   0.0%   0.683 UG:5    +
  123   145  0   0.0%   1.438 GU:5    +
   69   127  0   0.0%   0.274 UA:5    +
   24    51  0   0.0%   0.692 UG:5    +
   21    69  0   0.0%   0.183 AU:5    +
   48    68  0   0.0%   0.704 CG:5    +
    2    48  0   0.0%   0.526 GC:5    +
    3   136  0   0.0%   0.368 UA:5    +
    2    40  0   0.0%   0.526 GC:5    +
   46   116  0   0.0%   0.361 UA:5    +
    6   133  0   0.0%   0.349 AU:5    +
   45   117  0   0.0%   0.086 UG:5    +
    5    51  0   0.0%   0.470 CG:5    +
   47    80  0   0.0%   0.389 UG:5    +
   64    68  0   0.0%   0.696 CG:5    +
   59   117  0   0.0%   0.046 CG:5    +
   82   126  0   0.0%   0.378 GU:5    +
   12   142  0   0.0%   0.386 GC:5    +
   11   143  0   0.0%   0.529 GC:5    +
   47   149  0   0.0%   1.761 UG:5    +
   77   124  0   0.0%   0.472 AU:5    +
   46   149  0   0.0%   1.661 UG:5    +
    4    64  0   0.0%   0.689 GC:5    +
   11    64  0   0.0%   0.529 GC:5    +
   12    63  0   0.0%   0.383 GC:5    +
   10    65  0   0.0%   0.513 UA:5    +
    1    85  0   0.0%   0.321 AU:5    +
   13    62  0   0.0%   0.346 GC:5    +
   76   126  0   0.0%   0.043 AU:5    +
   80    92  0   0.0%   0.094 GC:5    +
    9    66  0   0.0%   0.439 CG:5    +
   27    85  0   0.0%   0.418 AU:5    +
   79    93  0   0.0%   0.094 GC:5    +
   12   147  0   0.0%   0.417 GC:5    +
   59    68  0   0.0%   0.365 CG:5    +
    7   132  0   0.0%   0.506 GU:5    +
    1    49  0   0.0%   0.321 AU:5    +
    4   144  0   0.0%   0.695 GC:5    +
   23    52  0   0.0%   0.604 CG:5    +
   44   145  0   0.0%   0.365 GU:5    +
    2    83  0   0.0%   0.527 GC:5    +
   63    68  0   0.0%   0.706 CG:5    +
    7   133  0   0.0%   0.505 GU:5    +
   51    87  0   0.0%   0.439 GC:5    +
  126   151  0   0.0%   1.326 UG:5    +
    5    79  0   0.0%   0.473 CG:5    +
   84   151  0   0.0%   0.942 CG:5    +
    3    60  0   0.0%   0.355 UA:5    +
   52    63  0   0.0%   0.815 GC:5    +
   46    52  0   0.0%   0.014 UG:5    +
   25    34  0   0.0%   0.503 CG:5    +
   67    90  0   0.0%   0.384 AU:5    +
   44   147  0   0.0%   0.906 GC:5    +
    8   143  0   0.0%   0.231 GC:5    +
   46   134  0   0.0%   0.364 UA:5    +
   90   113  0   0.0%   0.036 UG:5    +
   23    80  0   0.0%   0.599 CG:5    +
   41    50  0   0.0%   0.151 CG:5    +
   40    51  0   0.0%   0.153 CG:5    +
    9   150  0   0.0%   0.459 CG:5    +
    3    82  0   0.0%   0.358 UG:5    +
    7    22  0   0.0%   0.656 GC:5    +
    3   127  0   0.0%   0.368 UA:5    +
    8    19  0   0.0%   0.306 GC:5    +
    4    86  0   0.0%   0.692 GC:5    +
   24    81  0   0.0%   0.677 UA:5    +
   68   125  0   0.0%   0.580 GC:5    +
    3    65  0   0.0%   0.355 UA:5    +
    7    18  0   0.0%   0.000 GC:5    +
   25    80  0   0.0%   0.518 CG:5    +
    3   114  0   0.0%   0.359 UA:5    +
   40   131  0   0.0%   0.378 CG:5    +
   41   130  0   0.0%   0.377 CG:5    +
    4   126  0   0.0%   0.694 GU:5    +
  124   131  0   0.0%   1.322 UG:5    +
   83   128  0   0.0%   0.730 CG:5    +
   39   132  0   0.0%   0.379 AU:5    +
   78   122  0   0.0%   0.575 CG:5    +
   15   131  0   0.0%   0.242 CG:5    +
   78   117  0   0.0%   0.211 CG:5    +
   24    35  0   0.0%   0.673 UA:5    +
   14   145  0   0.0%   0.018 AU:5    +
   14   132  0   0.0%   0.018 AU:5    +
   24    79  0   0.0%   0.677 UG:5    +
   23    82  0   0.0%   0.600 CG:5    +
   62    68  0   0.0%   0.715 CG:5    +
   90   114  0   0.0%   0.029 UA:5    +
   18    34  0   0.0%   0.443 CG:5    +
   43    49  0   0.0%   0.146 GU:5    +
   24   137  0   0.0%   1.008 UG:5    +
   98   106  0   0.0%   0.211 UG:5    +
   42   129  0   0.0%   0.373 UA:5    +
   86   149  0   0.0%   1.434 CG:5    +
   12    41  0   0.0%   0.379 GC:5    +
   13    40  0   0.0%   0.341 GC:5    +
   80   147  0   0.0%   0.933 GC:5    +
    3    52  0   0.0%   0.355 UG:5    +
   11    42  0   0.0%   0.525 GU:5    +
   47    53  0   0.0%   0.014 UA:5    +
    9    44  0   0.0%   0.439 CG:5    +
   24    43  0   0.0%   0.672 UG:5    +
    4    78  0   0.0%   0.692 GC:5    +
   28   147  0   0.0%   0.458 GC:5    +
   10    43  0   0.0%   0.510 UG:5    +
   85   115  0   0.0%   0.294 UA:5    +
   46    66  0   0.0%   0.006 UG:5    +
    2    45  0   0.0%   0.526 GU:5    +
   20    26  0   0.0%   0.605 GC:5    +
   69    88  0   0.0%   0.103 UG:5    +
    1   126  0   0.0%   0.322 AU:5    +
   29   146  0   0.0%   0.159 GC:5    +
    5    80  0   0.0%   0.473 CG:5    +
    3   115  0   0.0%   0.359 UA:5    +
   49    67  0   0.0%   0.762 UA:5    +
    3   116  0   0.0%   0.359 UA:5    +
   40   149  0   0.0%   0.547 CG:5    +
   13   133  0   0.0%   0.345 GU:5    +
  119   151  0   0.0%   1.168 CG:5    +
   95   110  0   0.0%   0.035 CG:5    +
   38   133  0   0.0%   0.386 AU:5    +
   45   149  0   0.0%   1.299 UG:5    +
   67   126  0   0.0%   0.388 AU:5    +
   96   109  0   0.0%   0.088 CG:5    +
   94   111  0   0.0%   0.020 AU:5    +
   79   144  0   0.0%   0.251 GC:5    +
   85   150  0   0.0%   1.594 UG:5    +
   46   148  0   0.0%   1.458 UA:5    +
    8    45  0   0.0%   0.228 GU:5    +
   41    51  0   0.0%   0.153 CG:5    +
   42    50  0   0.0%   0.152 UG:5    +
   80   143  0   0.0%   0.341 GC:5    +
   18    32  0   0.0%   0.516 CG:5    +
    9   128  0   0.0%   0.440 CG:5    +
  114   145  0   0.0%   0.069 AU:5    +
   26    32  0   0.0%   0.567 CG:5    +
   48    79  0   0.0%   0.383 CG:5    +
   10   127  0   0.0%   0.514 UA:5    +
   18   128  0   0.0%   0.240 CG:5    +
   10   149  0   0.0%   0.545 UG:5    +
    2    41  0   0.0%   0.526 GC:5    +
   26    79  0   0.0%   0.426 CG:5    +
   69   113  0   0.0%   0.102 UG:5    +
  115   145  0   0.0%   0.079 AU:5    +
   33    43  0   0.0%   0.423 CG:5    +
  113   125  0   0.0%   0.336 GC:5    +
   82   142  0   0.0%   0.302 GC:5    +
   40    52  0   0.0%   0.144 CG:5    +
   13   143  0   0.0%   0.352 GC:5    +
   70   126  0   0.0%   0.043 AU:5    +
   10    38  0   0.0%   0.510 UA:5    +
    1    42  0   0.0%   0.321 AU:5    +
   45    52  0   0.0%   0.014 UG:5    +
    2   125  0   0.0%   0.537 GC:5    +
  113   146  0   0.0%   0.626 GC:5    +
   75   144  0   0.0%   0.048 GC:5    +
   74   145  0   0.0%   0.072 AU:5    +
   45    53  0   0.0%   0.006 UA:5    +
  114   124  0   0.0%   0.611 AU:5    +
   63    75  0   0.0%   0.387 CG:5    +
   84   113  0   0.0%   0.014 CG:5    +
    2    87  0   0.0%   0.527 GC:5    +
   52    56  0   0.0%   0.011 GU:5    +
   12   144  0   0.0%   0.391 GC:5    +
   24   140  0   0.0%   1.011 UG:5    +
   19   151  0   0.0%   0.272 CG:5    +
  112   126  0   0.0%   0.231 AU:5    +
   68    86  0   0.0%   0.400 GC:5    +
    1   133  0   0.0%   0.322 AU:5    +
   47   114  0   0.0%   0.388 UA:5    +
   62    75  0   0.0%   0.395 CG:5    +
   23   131  0   0.0%   1.166 CG:5    +
    2   143  0   0.0%   0.539 GC:5    +
   42    74  0   0.0%   0.138 UA:5    +
   51    64  0   0.0%   0.806 GC:5    +
   56   123  0   0.0%   0.101 UG:5    +
    3    53  0   0.0%   0.355 UA:5    +
   61   150  0   0.0%   1.406 CG:5    +
   24   130  0   0.0%   1.236 UG:5    +
   62   149  0   0.0%   1.756 CG:5    +
   93   113  0   0.0%   0.029 CG:5    +
   11   126  0   0.0%   0.529 GU:5    +
    5    11  0   0.0%   0.000 CG:5    +
   85   112  0   0.0%   0.274 UA:5    +
   78   151  0   0.0%   0.838 CG:5    +
  117   144  0   0.0%   0.234 GC:5    +
   45   114  0   0.0%   0.081 UA:5    +
   42    72  0   0.0%   0.137 UA:5    +
    5   123  0   0.0%   0.476 CG:5    +
   97   107  0   0.0%   0.371 CG:5    +
   30    36  0   0.0%   0.290 UA:5    +
   51    61  0   0.0%   0.053 GC:5    +
   58    68  0   0.0%   0.365 CG:5    +
   41    75  0   0.0%   0.137 CG:5    +
    9   151  0   0.0%   0.470 CG:5    +
   22   137  0   0.0%   0.990 CG:5    +
    3    81  0   0.0%   0.358 UA:5    +
   48   130  0   0.0%   0.625 CG:5    +
   61    82  0   0.0%   0.031 CG:5    +
   47   148  0   0.0%   1.558 UA:5    +
    3   137  0   0.0%   0.368 UG:5    +
   66    89  0   0.0%   0.383 GC:5    +
   75   126  0   0.0%   0.038 GU:5    +
   49   129  0   0.0%   0.630 UA:5    +
   88   147  0   0.0%   0.979 GC:5    +
   34    42  0   0.0%   0.346 GU:5    +
   20   142  0   0.0%   0.662 GC:5    +
   27    31  0   0.0%   0.569 AU:5    +
   47    65  0   0.0%   0.014 UA:5    +
   55   123  0   0.0%   0.094 CG:5    +
   44    49  0   0.0%   0.231 GU:5    +
   82   133  0   0.0%   0.872 GU:5    +
  133   152  0   0.0%   1.173 UA:5    +
   48   117  0   0.0%   0.388 CG:5    +
   58    66  0   0.0%   0.409 CG:5    +
   11   145  0   0.0%   0.533 GU:5    +
   16    49  0   0.0%   0.169 AU:5    +
   10   150  0   0.0%   0.533 UG:5    +
    5    88  0   0.0%   0.474 CG:5    +
    3   117  0   0.0%   0.359 UG:5    +
    1    45  0   0.0%   0.321 AU:5    +
    1    46  0   0.0%   0.321 AU:5    +
   43   145  0   0.0%   0.231 GU:5    +
   17    48  0   0.0%   0.208 GC:5    +
    4   124  0   0.0%   0.694 GU:5    +
   15    50  0   0.0%   0.241 CG:5    +
   24   122  0   0.0%   0.847 UG:5    +
   99   117  0   0.0%   0.248 CG:5    +
   90   118  0   0.0%   0.149 UA:5    +
    2   133  0   0.0%   0.537 GU:5    +
   25    75  0   0.0%   0.517 CG:5    +
   79   133  0   0.0%   0.902 GU:5    +
   50    62  0   0.0%   0.051 GC:5    +
   63   130  0   0.0%   1.194 CG:5    +
  124   140  0   0.0%   1.209 UG:5    +
  115   132  0   0.0%   0.618 AU:5    +
   34    40  0   0.0%   0.345 GC:5    +
    6   126  0   0.0%   0.348 AU:5    +
   20    33  0   0.0%   0.611 GC:5    +
    5    66  0   0.0%   0.470 CG:5    +
   97   109  0   0.0%   0.308 CG:5    +
   62   131  0   0.0%   1.203 CG:5    +
   45    80  0   0.0%   0.082 UG:5    +
   47   118  0   0.0%   0.400 UA:5    +
   47   115  0   0.0%   0.388 UA:5    +
   43    69  0   0.0%   0.145 GU:5    +
    3    79  0   0.0%   0.358 UG:5    +
    6    10  0   0.0%   0.002 AU:5    +
   88   124  0   0.0%   0.904 GU:5    +
   96   110  0   0.0%   0.088 CG:5    +
   43   142  0   0.0%   0.148 GC:5    +
   28    33  0   0.0%   0.575 GC:5    +
   46    80  0   0.0%   0.360 UG:5    +
   24   115  0   0.0%   0.676 UA:5    +
  111   127  0   0.0%   0.011 UA:5    +
    3    67  0   0.0%   0.355 UA:5    +
  114   133  0   0.0%   0.702 AU:5    +
   69   141  0   0.0%   0.497 UA:5    +
    1    69  0   0.0%   0.321 AU:5    +
   23   123  0   0.0%   0.772 CG:5    +
   62   117  0   0.0%   0.395 CG:5    +
   65   145  0   0.0%   0.417 AU:5    +
   47    52  0   0.0%   0.021 UG:5    +
   12   125  0   0.0%   0.383 GC:5    +
   43    84  0   0.0%   0.144 GC:5    +
   77   133  0   0.0%   0.758 AU:5    +
   24    76  0   0.0%   0.676 UA:5    +
   56   122  0   0.0%   0.102 UG:5    +
   66   144  0   0.0%   0.520 GC:5    +
    7    46  0   0.0%   0.503 GU:5    +
   45   148  0   0.0%   1.096 UA:5    +
   49   116  0   0.0%   0.394 UA:5    +
   61   117  0   0.0%   0.035 CG:5    +
   89   123  0   0.0%   0.640 CG:5    +
    6    45  0   0.0%   0.347 AU:5    +
   45    81  0   0.0%   0.082 UA:5    +
   66    83  0   0.0%   0.375 GC:5    +
    4   143  0   0.0%   0.695 GC:5    +
    9   140  0   0.0%   0.442 CG:5    +
   41   140  0   0.0%   0.145 CG:5    +
    4    89  0   0.0%   0.693 GC:5    +
   51    86  0   0.0%   0.438 GC:5    +
   50    87  0   0.0%   0.429 GC:5    +
  117   126  0   0.0%   0.573 GU:5    +
   64   130  0   0.0%   1.183 CG:5    +
   63   131  0   0.0%   1.195 CG:5    +
    2   132  0   0.0%   0.537 GU:5    +
   45   135  0   0.0%   0.091 UG:5    +
   68   142  0   0.0%   0.613 GC:5    +
    4    59  0   0.0%   0.689 GC:5    +
   83   130  0   0.0%   0.743 CG:5    +
   98   118  0   0.0%   0.206 UA:5    +
   10   139  0   0.0%   0.514 UA:5    +
   43   119  0   0.0%   0.153 GC:5    +
   43    48  0   0.0%   0.155 GC:5    +
   73   126  0   0.0%   0.013 AU:5    +
    8    15  0   0.0%   0.004 GC:5    +
   68    87  0   0.0%   0.392 GC:5    +
   26   128  0   0.0%   0.625 CG:5    +
   77    85  0   0.0%   0.088 AU:5    +
   88   125  0   0.0%   0.620 GC:5    +
   41   121  0   0.0%   0.220 CG:5    +
   22   130  0   0.0%   0.748 CG:5    +
   84    88  0   0.0%   0.138 CG:5    +
   42   120  0   0.0%   0.186 UG:5    +
   40   122  0   0.0%   0.223 CG:5    +
  126   140  0   0.0%   1.471 UG:5    +
   42   139  0   0.0%   0.142 UA:5    +
   59    75  0   0.0%   0.047 CG:5    +
    3   130  0   0.0%   0.367 UG:5    +
   46    79  0   0.0%   0.360 UG:5    +
  108   116  0   0.0%   0.069 UA:5    +
    8    47  0   0.0%   0.228 GU:5    +
   75    90  0   0.0%   0.026 GU:5    +
   10    17  0   0.0%   0.306 UG:5    +
    4   145  0   0.0%   0.695 GU:5    +
   52    85  0   0.0%   0.437 GU:5    +
   58   130  0   0.0%   0.578 CG:5    +
   78   121  0   0.0%   0.572 CG:5    +
   45    79  0   0.0%   0.082 UG:5    +
   44    61  0   0.0%   0.228 GC:5    +
   10    14  0   0.0%   0.003 UA:5    +
  130   142  0   0.0%   1.001 GC:5    +
    3   135  0   0.0%   0.368 UG:5    +
   46   118  0   0.0%   0.373 UA:5    +
   20    30  0   0.0%   0.598 GU:5    +
   20   124  0   0.0%   0.350 GU:5    +
   45   134  0   0.0%   0.085 UA:5    +
    2    46  0   0.0%   0.526 GU:5    +
    2   145  0   0.0%   0.539 GU:5    +
   15   135  0   0.0%   0.242 CG:5    +
  121   126  0   0.0%   1.006 GU:5    +
   24   117  0   0.0%   0.682 UG:5    +
   64   122  0   0.0%   1.033 CG:5    +
   99   113  0   0.0%   0.204 CG:5    +
   63   123  0   0.0%   1.042 CG:5    +
    3   129  0   0.0%   0.367 UA:5    +
   98   129  0   0.0%   0.639 UA:5    +
    2   126  0   0.0%   0.537 GU:5    +
   69   136  0   0.0%   0.689 UA:5    +
    4     9  0   0.0%   0.003 GC:5    +
   47   131  0   0.0%   0.632 UG:5    +
    7    61  0   0.0%   0.503 GC:5    +
   50   132  0   0.0%   0.668 GU:5    +
   55    75  0   0.0%   0.011 CG:5    +
   60   133  0   0.0%   0.982 AU:5    +
  113   147  0   0.0%   0.695 GC:5    +
   20   144  0   0.0%   0.660 GC:5    +
   13    86  0   0.0%   0.345 GC:5    +
  126   152  0   0.0%   1.058 UA:5    +
   22   120  0   0.0%   0.660 CG:5    +
   44    64  0   0.0%   0.227 GC:5    +
   57   131  0   0.0%   0.856 CG:5    +
   23    29  0   0.0%   0.596 CG:5    +
   24   114  0   0.0%   0.676 UA:5    +
   65    90  0   0.0%   0.371 AU:5    +
   14    85  0   0.0%   0.017 AU:5    +
   56    74  0   0.0%   0.015 UA:5    +
   98   107  0   0.0%   0.164 UG:5    +
   39   145  0   0.0%   0.142 AU:5    +
  119   130  0   0.0%   1.117 CG:5    +
   90   122  0   0.0%   0.700 UG:5    +
   61    75  0   0.0%   0.036 CG:5    +
   97   130  0   0.0%   0.855 CG:5    +
   99   128  0   0.0%   0.732 CG:5    +
   89   109  0   0.0%   0.004 CG:5    +
   40    44  0   0.0%   0.362 CG:5    +
   58   117  0   0.0%   0.045 CG:5    +
    6    47  0   0.0%   0.347 AU:5    +
    3   122  0   0.0%   0.367 UG:5    +
   39    45  0   0.0%   0.145 AU:5    +
    5   121  0   0.0%   0.476 CG:5    +
   24    28  0   0.0%   0.962 UG:5    +
    1   132  0   0.0%   0.322 AU:5    +
  111   116  0   0.0%   0.065 UA:5    +
   42    70  0   0.0%   0.139 UA:5    +
   92   123  0   0.0%   0.605 CG:5    +
   24    52  0   0.0%   0.683 UG:5    +
   93   122  0   0.0%   0.679 CG:5    +
    3    13  0   0.0%   0.003 UG:5    +
  116   124  0   0.0%   0.657 AU:5    +
   95   121  0   0.0%   0.663 CG:5    +
   96   120  0   0.0%   0.670 CG:5    +
   22    75  0   0.0%   0.659 CG:5    +
   30    77  0   0.0%   0.437 UA:5    +
   26   151  0   0.0%   0.633 CG:5    +
   29    78  0   0.0%   0.151 GC:5    +
   69   148  0   0.0%   1.144 UA:5    +
   10    36  0   0.0%   0.510 UA:5    +
   12    87  0   0.0%   0.383 GC:5    +
   31    76  0   0.0%   0.462 UA:5    +
   43    78  0   0.0%   0.143 GC:5    +
   20   126  0   0.0%   0.434 GU:5    +
   86   122  0   0.0%   0.976 CG:5    +
    4    46  0   0.0%   0.689 GU:5    +
   91   124  1   0.0%   0.613 GU:2    AU:2    +
  108   114  0   0.0%   0.023 UA:5    +
   49   140  0   0.0%   1.481 UG:5    +
   43    55  0   0.0%   0.142 GC:5    +
    5    34  0   0.0%   0.678 CG:5    +
   42    73  0   0.0%   0.137 UA:5    +
   96   131  0   0.0%   0.651 CG:5    +
    4    61  0   0.0%   0.689 GC:5    +
   34   146  0   0.0%   0.218 GC:5    +
   80   142  0   0.0%   0.368 GC:5    +
   79   143  0   0.0%   0.328 GC:5    +
    6    46  0   0.0%   0.347 AU:5    +
   55   121  0   0.0%   0.088 CG:5    +
  124   129  0   0.0%   1.297 UA:5    +
   20    55  0   0.0%   0.348 GC:5    +
   23    68  0   0.0%   0.598 CG:5    +
   35   145  0   0.0%   0.007 AU:5    +
    7   146  0   0.0%   0.506 GC:5    +
   98   114  0   0.0%   0.100 UA:5    +
  111   117  0   0.0%   0.070 UG:5    +
    8    25  0   0.0%   0.233 GC:5    +
   64    88  0   0.0%   0.370 CG:5    +
   25    50  0   0.0%   0.531 CG:5    +
   69   112  0   0.0%   0.102 UA:5    +
    7    26  0   0.0%   0.226 GC:5    +
   66    85  0   0.0%   0.376 GU:5    +
  124   148  0   0.0%   1.950 UA:5    +
   26   117  0   0.0%   0.429 CG:5    +
   19   140  0   0.0%   0.249 CG:5    +
   27   145  0   0.0%   0.419 AU:5    +
   38    46  0   0.0%   0.168 AU:5    +
   45    60  0   0.0%   0.009 UA:5    +
   49    88  0   0.0%   0.392 UG:5    +
   13   124  0   0.0%   0.345 GU:5    +
   42    71  0   0.0%   0.137 UA:5    +
   73    85  0   0.0%   0.019 AU:5    +
   99   120  0   0.0%   0.780 CG:5    +
  124   128  0   0.0%   1.292 UG:5    +
    3    71  0   0.0%   0.357 UA:5    +
  118   126  0   0.0%   0.629 AU:5    +
    4    31  0   0.0%   0.408 GU:5    +
  117   124  0   0.0%   0.662 GU:5    +
   79   124  0   0.0%   0.492 GU:5    +
   96   150  0   0.0%   1.186 CG:5    +
   97   149  0   0.0%   1.392 CG:5    +
   64    80  0   0.0%   0.372 CG:5    +
   44   132  0   0.0%   0.488 GU:5    +
   24    77  0   0.0%   0.677 UA:5    +
   95   151  0   0.0%   0.630 CG:5    +
   56   120  0   0.0%   0.059 UG:5    +
  108   113  0   0.0%   0.029 UG:5    +
   46   127  0   0.0%   0.362 UA:5    +
   46    53  0   0.0%   0.006 UA:5    +
   47   117  0   0.0%   0.395 UG:5    +
   87   121  0   0.0%   0.917 CG:5    +
   22   138  1   0.1%   1.000 CG:4    +
  138   144  1   0.0%   1.916 GC:4    +
   57   138  1   0.0%   0.924 CG:4    +
   86   138  1   0.0%   0.931 CG:4    +
   18   138  1   0.0%   0.248 CG:4    +
   25   138  1   0.0%   0.774 CG:4    +
   15   138  1   0.0%   0.243 CG:4    +
  125   138  1   0.0%   1.071 CG:4    +
    5   138  1   0.0%   0.480 CG:4    +
   58   138  1   0.0%   0.643 CG:4    +
   23   138  1   0.0%   0.937 CG:4    +
   83   138  1   0.0%   0.829 CG:4    +
  138   147  1   0.0%   2.028 GC:4    +
   78   138  1   0.0%   0.818 CG:4    +
((.(..(((((...)))))..)))(((((((......)))))))(((((((((((((..(((((.............((((...))))(((((((((......).))))))))......)))))...))))))..(((....))))))))))
