14 sequence; length of alignment 86
alifold output
   53    66  0  61.9%   1.082 GC:14  
   52    67  0  61.9%   1.311 CG:14  
   54    65  0  61.7%   1.122 GC:14  
   51    68  0  61.6%   1.621 AU:14  
   38    74  0  51.3%   1.756 GC:14   +
   39    73  0  51.3%   1.641 GC:14   +
   37    75  0  51.1%   1.490 AU:14   +
   50    69  0  48.8%   2.190 CG:14  
   40    72  0  48.2%   1.632 CG:14   +
   36    76  0  47.9%   2.010 CG:14   +
   57    63  0  32.3%   2.162 UA:14  
   56    64  0  32.1%   1.573 UA:14  
   25    35  0  29.8%   1.211 GU:12   AU:2   
   43    76  0  30.6%   2.096 CG:14  
   26    34  0  29.9%   1.118 CG:14  
   40    79  0  29.5%   2.573 CG:14  
   42    77  0  29.4%   2.091 AU:14  
   39    80  0  29.4%   2.776 GC:14  
   24    36  0  29.4%   1.221 GC:14  
   46    73  0  29.3%   2.043 GC:14  
   47    72  0  28.9%   2.202 UG:14  
   27    33  2  27.8%   1.080 UA:12  
   38    81  0  24.9%   2.748 GU:14  
   42    68  0  23.4%   1.073 AU:14   +
   28    77  0  22.4%   1.086 GU:1    AU:13   +
   43    67  0  23.3%   1.103 CG:14   +
   26    79  0  23.1%   1.699 CG:14   +
   41    69  0  22.9%   1.551 CG:14   +
   48    61  0  22.8%   1.335 GC:14   +
   49    60  0  22.8%   1.226 CG:14   +
   48    70  0  22.7%   1.710 GC:14   +
   25    85  0  22.4%   2.142 GC:12   --:2    +
   27    78  2  23.0%   1.609 UA:12   +
   26    84  0  22.2%   2.045 CG:14   +
   25    80  2  22.7%   1.790 GC:12   +
   47    62  0  22.0%   1.262 UA:14   +
   50    58  0  21.3%   1.276 CG:14   +
   24    86  0  21.2%   2.197 GC:12   --:2    +
   48    71  0  18.4%   2.205 GU:14  
   34    80  0  18.4%   2.083 GC:14   +
   51    57  0  18.2%   1.127 AU:14   +
   24    81  0  17.4%   1.747 GU:14   +
   35    79  0  16.5%   1.934 UG:14   +
   33    81  0  15.6%   1.815 AU:14   +
   56    63  0  12.9%   1.031 UA:14   +
   49    69  0  11.5%   1.668 CG:14   +
   61    69  0  11.4%   2.205 CG:14   +
   60    70  0  11.4%   1.623 GC:14   +
   57    62  0  11.2%   1.603 UA:14   +
   59    71  0  10.5%   1.462 AU:14   +
   62    68  0  10.0%   2.016 AU:14   +
   26    39  0   9.8%   1.078 CG:14   +
   24    41  0   9.8%   1.183 GC:14   +
   27    38  0   8.6%   1.033 CG:2    UG:12   +
   25    40  2   9.8%   1.147 GC:12   +
   31    83  0   9.1%   1.458 GC:14   +
   31    82  0   8.4%   1.276 GC:14   +
   29    76  0   7.3%   0.796 CG:2    UG:12   +
   55    72  0   6.4%   1.695 CG:5    UG:9    +
   52    76  0   6.7%   1.883 CG:14   +
   49    79  0   6.5%   2.401 CG:14   +
   51    77  0   6.5%   2.067 AU:14   +
   48    80  0   6.4%   3.049 GC:14   +
   54    73  0   6.3%   1.867 GC:14   +
   53    74  0   6.2%   1.521 GC:14   +
   31    36  0   6.1%   0.975 GC:14   +
   31    80  0   6.0%   1.250 GC:14   +
   30    37  0   5.5%   0.589 UA:14   +
   42    71  0   5.3%   0.924 AU:14   +
   39    55  0   4.2%   0.775 GC:5    GU:9    +
   32    81  1   5.7%   0.849 AU:13   +
   40    54  0   4.2%   0.741 CG:14   +
   41    53  0   4.2%   0.742 CG:14   +
   37    57  0   4.2%   0.580 AU:14   +
   38    56  0   4.2%   0.801 GU:14   +
   36    58  0   4.2%   0.943 CG:14   +
   35    78  0   3.2%   1.238 UA:14   +
   39    49  0   3.0%   0.584 GC:14   +
   40    48  0   2.9%   0.619 CG:14   +
   17    46  0   1.8%   0.359 CG:13   UG:1    +
   38    50  0   2.8%   0.598 GC:14   +
   53    75  0   2.7%   1.423 GU:14   +
   41    72  0   2.7%   1.559 CG:14   +
   46    71  0   2.7%   0.965 GU:14   +
   30    84  0   2.7%   0.979 UG:14   +
   54    74  0   2.6%   1.664 GC:14   +
   41    46  0   2.4%   0.687 CG:14   +
   34    77  0   2.4%   1.203 GU:14   +
   35    59  0   2.1%   0.680 UA:14   +
    5    24  0   1.1%   0.149 CG:12   UG:2    +
    4    25  0   1.1%   0.147 CG:12   UA:2    +
   25    29  0   0.0%   0.185 GC:2    GU:10   AU:2    +
   16    47  0   1.9%   0.320 AU:14   +
   29    38  0   0.9%   0.477 CG:2    UG:12   +
   31    74  0   1.7%   0.587 GC:14   +
   15    48  0   1.7%   0.289 CG:14   +
   48    55  0   0.6%   0.457 GC:5    GU:9    +
   48    73  0   1.6%   2.235 GC:14   +
   49    72  0   1.6%   1.854 CG:14   +
   17    39  0   0.5%   0.140 CG:13   UG:1    +
   46    82  0   1.5%   1.507 GC:14   +
   24    82  0   1.4%   1.303 GC:14   +
   24    74  0   1.4%   0.925 GC:14   +
   26    72  0   1.4%   0.787 CG:14   +
   38    82  0   1.4%   1.732 GC:14   +
   55    84  0   0.3%   1.002 CG:5    UG:9    +
   29    34  0   0.3%   0.530 CG:2    UG:12   +
   28    35  0   0.3%   0.443 GU:1    AU:13   +
   23    75  0   1.3%   0.214 AU:14   +
    8    76  0   0.3%   0.091 CG:13   UG:1    +
   19    45  0   1.3%   0.298 AU:14   +
   18    31  0   1.3%   0.256 CG:14   +
   19    30  0   1.3%   0.208 AU:14   +
    8    31  0   0.2%   0.055 CG:13   UG:1    +
   28    68  0   0.2%   0.068 GU:1    AU:13   +
   29    67  0   0.2%   0.205 CG:2    UG:12   +
    8    46  0   0.2%   0.061 CG:13   UG:1    +
   27    69  0   0.2%   0.624 CG:2    UG:12   +
   10    47  0   0.2%   0.073 GU:1    AU:13   +
   29    84  0   0.1%   0.781 CG:2    UG:12   +
   17    84  0   0.1%   0.218 CG:13   UG:1    +
   18    46  0   1.1%   0.416 CG:14   +
   55    60  0   0.1%   0.598 CG:5    UG:9    +
   17    24  0   0.1%   0.104 CG:13   UG:1    +
   29    79  0   0.1%   0.748 CG:2    UG:12   +
   10    77  0   0.1%   0.076 GU:1    AU:13   +
   17    79  0   0.1%   0.197 CG:13   UG:1    +
   55    79  0   0.1%   1.617 CG:5    UG:9    +
    8    34  0   0.1%   0.037 CG:13   UG:1    +
   34    55  0   0.1%   0.453 GC:5    GU:9    +
   25    81  0   0.1%   1.442 GU:12   AU:2    +
   17    76  0   0.1%   0.216 CG:13   UG:1    +
   24    29  0   0.1%   0.228 GC:2    GU:12   +
    8    84  0   0.1%   0.077 CG:13   UG:1    +
    5    31  0   0.1%   0.066 CG:12   UG:2    +
   46    74  0   1.1%   1.532 GC:14   +
   18    24  0   1.0%   0.232 CG:14   +
   55    69  0   0.0%   1.220 CG:5    UG:9    +
    5    79  0   0.0%   0.069 CG:12   UG:2    +
   27    84  0   0.0%   1.318 CG:2    UG:12   +
    3    30  0   0.0%   0.012 GU:1    AU:13   +
    8    79  0   0.0%   0.066 CG:13   UG:1    +
    5    84  0   0.0%   0.072 CG:12   UG:2    +
    4    84  0   0.0%   0.062 CG:12   UG:2    +
    8    24  0   0.0%   0.057 CG:13   UG:1    +
   28    81  0   0.0%   0.706 GU:1    AU:13   +
   17    34  0   0.0%   0.089 CG:13   UG:1    +
   17    48  0   0.0%   0.233 CG:13   UG:1    +
    1    10  0   0.0%   0.010 UG:1    UA:13   +
    1    28  0   0.0%   0.014 UG:1    UA:13   +
   46    61  0   1.0%   0.487 GC:14   +
   17    67  0   0.0%   0.164 CG:13   UG:1    +
    4    76  0   0.0%   0.056 CG:12   UG:2    +
    3    77  0   0.0%   0.010 GU:1    AU:13   +
   28    47  0   0.0%   0.155 GU:1    AU:13   +
   29    69  0   0.0%   0.195 CG:2    UG:12   +
   29    46  0   0.0%   0.332 CG:2    UG:12   +
    5    76  0   0.0%   0.061 CG:12   UG:2    +
    4    34  0   0.0%   0.053 CG:12   UG:2    +
    3    35  0   0.0%   0.008 GU:1    AU:13   +
   25    68  0   0.0%   0.710 GU:12   AU:2    +
   27    34  0   0.0%   0.761 CG:2    UG:12   +
   28    71  0   0.0%   0.044 GU:1    AU:13   +
    5    34  0   0.0%   0.057 CG:12   UG:2    +
   27    31  0   0.0%   0.116 CG:2    UG:12   +
    4    79  0   0.0%   0.055 CG:12   UG:2    +
    5    58  0   0.0%   0.057 CG:12   UG:2    +
   17    38  0   0.0%   0.060 CG:13   UG:1    +
    4    24  0   0.0%   0.002 CG:12   UG:2    +
    8    72  0   0.0%   0.039 CG:13   UG:1    +
   29    60  0   0.0%   0.153 CG:2    UG:12   +
   17    54  0   0.0%   0.161 CG:13   UG:1    +
   45    62  0   1.0%   0.324 UA:14   +
    8    48  0   0.0%   0.037 CG:13   UG:1    +
   27    67  0   0.0%   0.587 CG:2    UG:12   +
    3    81  0   0.0%   0.009 GU:1    AU:13   +
    5    25  0   0.0%   0.099 CG:12   UA:2    +
    4    38  0   0.0%   0.051 CG:12   UG:2    +
    5    53  0   0.0%   0.056 CG:12   UG:2    +
    4    54  0   0.0%   0.052 CG:12   UG:2    +
   17    31  0   0.0%   0.096 CG:13   UG:1    +
   55    76  0   0.0%   1.538 CG:5    UG:9    +
    5    46  0   0.0%   0.056 CG:12   UG:2    +
    1    25  0   0.0%   0.009 UG:12   UA:2    +
    5    38  0   0.0%   0.056 CG:12   UG:2    +
   25    30  0   0.0%   0.206 GU:12   AU:2    +
   10    35  0   0.0%   0.022 GU:1    AU:13   +
    5    72  0   0.0%   0.057 CG:12   UG:2    +
    8    54  0   0.0%   0.037 CG:13   UG:1    +
   27    46  0   0.0%   0.761 CG:2    UG:12   +
    4    39  0   0.0%   0.051 CG:12   UG:2    +
   27    39  0   0.0%   0.837 CG:2    UG:12   +
   31    55  0   0.0%   0.276 GC:5    GU:9    +
   27    48  0   0.0%   0.657 CG:2    UG:12   +
   10    81  0   0.0%   0.046 GU:1    AU:13   +
   28    45  0   0.0%   0.134 GU:1    AU:13   +
    3    75  0   0.0%   0.007 GU:1    AU:13   +
    3    47  0   0.0%   0.006 GU:1    AU:13   +
    5    48  0   0.0%   0.056 CG:12   UG:2    +
    4    46  0   0.0%   0.051 CG:12   UG:2    +
   10    30  0   0.0%   0.038 GU:1    AU:13   +
   46    55  0   0.0%   0.455 GC:5    GU:9    +
   27    79  0   0.0%   1.292 CG:2    UG:12   +
   27    72  0   0.0%   0.659 CG:2    UG:12   +
    8    58  0   0.0%   0.037 CG:13   UG:1    +
    4    31  0   0.0%   0.053 CG:12   UG:2    +
   27    53  0   0.0%   0.582 CG:2    UG:12   +
   10    56  0   0.0%   0.038 GU:1    AU:13   +
   10    75  0   0.0%   0.053 GU:1    AU:13   +
   25    77  0   0.0%   0.812 GU:12   AU:2    +
    4    60  0   0.0%   0.052 CG:12   UG:2    +
    8    67  0   0.0%   0.037 CG:13   UG:1    +
   17    69  0   0.0%   0.163 CG:13   UG:1    +
    8    38  0   0.0%   0.024 CG:13   UG:1    +
   10    45  0   0.0%   0.038 GU:1    AU:13   +
   17    72  0   0.0%   0.165 CG:13   UG:1    +
    3    57  0   0.0%   0.006 GU:1    AU:13   +
    8    53  0   0.0%   0.037 CG:13   UG:1    +
    3    71  0   0.0%   0.006 GU:1    AU:13   +
    4    67  0   0.0%   0.052 CG:12   UG:2    +
    3    68  0   0.0%   0.006 GU:1    AU:13   +
   28    57  0   0.0%   0.022 GU:1    AU:13   +
   27    58  0   0.0%   0.582 CG:2    UG:12   +
    8    69  0   0.0%   0.037 CG:13   UG:1    +
    4    48  0   0.0%   0.051 CG:12   UG:2    +
   25    47  0   0.0%   0.823 GU:12   AU:2    +
    4    72  0   0.0%   0.052 CG:12   UG:2    +
   10    71  0   0.0%   0.038 GU:1    AU:13   +
   29    58  0   0.0%   0.150 CG:2    UG:12   +
   28    75  0   0.0%   0.126 GU:1    AU:13   +
   10    68  0   0.0%   0.037 GU:1    AU:13   +
   29    39  0   0.0%   0.404 CG:2    UG:12   +
   29    48  0   0.0%   0.225 CG:2    UG:12   +
   27    76  0   0.0%   0.642 CG:2    UG:12   +
   47    60  0   1.0%   0.310 UG:14   +
   34    70  0   0.9%   0.586 GC:14   +
   33    71  0   0.9%   0.513 AU:14   +
   70    79  0   0.8%   2.096 CG:14   +
   61    72  0   0.8%   1.963 CG:14   +
   71    78  0   0.8%   1.533 UA:14   +
   60    73  0   0.8%   1.836 GC:14   +
   62    71  0   0.8%   1.881 AU:14   +
   69    80  0   0.8%   2.819 GC:14   +
   57    64  0   0.8%   1.620 UA:14   +
   25    73  2   1.4%   0.887 GC:12   +
   35    69  0   0.7%   0.640 UG:14   +
   17    25  2   1.0%   0.201 CG:11   UG:1    +
   46    83  0   0.6%   1.383 GC:14   +
   49    54  0   0.6%   0.350 CG:14   +
   15    46  0   0.6%   0.170 CG:14   +
   20    44  1   1.1%   0.237 AU:13   +
   51    75  0   0.6%   1.218 AU:14   +
   72    77  0   0.6%   2.351 GU:14   +
   14    47  0   0.6%   0.133 AU:14   +
   16    45  0   0.6%   0.120 AU:14   +
   50    76  0   0.6%   1.867 CG:14   +
   18    38  0   0.6%   0.194 CG:14   +
   36    72  0   0.5%   0.845 CG:14   +
   34    85  0   0.5%   1.373 GC:12   --:2    +
   34    74  0   0.5%   0.729 GC:14   +
   45    64  0   0.5%   0.346 UA:14   +
   33    75  0   0.5%   0.596 AU:14   +
   37    71  0   0.5%   0.450 AU:14   +
   24    83  0   0.5%   1.265 GC:14   +
   35    84  0   0.5%   1.537 UG:14   +
   45    51  0   0.5%   0.222 UA:14   +
   46    50  0   0.5%   0.463 GC:14   +
   15    24  0   0.5%   0.134 CG:14   +
    2    25  1   0.0%   0.001 CG:6    UG:5    UA:2    +
   46    70  0   0.5%   0.564 GC:14   +
   38    70  0   0.5%   0.663 GC:14   +
   52    58  0   0.4%   0.575 CG:14   +
   79    85  0   0.4%   1.825 GC:12   --:2    +
   80    84  0   0.4%   2.163 CG:14   +
   44    63  1   0.9%   0.275 UA:13   +
   72    80  0   0.4%   2.765 GC:14   +
   73    79  0   0.4%   2.467 CG:14   +
   46    65  0   0.4%   0.464 GC:14   +
   60    80  0   0.4%   2.172 GC:14   +
   59    81  0   0.4%   1.549 AU:14   +
   61    79  0   0.4%   2.027 CG:14   +
   58    82  0   0.4%   1.031 GC:14   +
   45    63  0   0.4%   0.339 UA:14   +
   43    48  0   0.4%   0.289 CG:14   +
   54    85  0   0.4%   1.213 GC:12   --:2    +
   45    84  0   0.3%   0.884 UG:14   +
   53    86  0   0.3%   1.140 GC:12   --:2    +
   15    34  0   0.3%   0.097 CG:14   +
   41    48  0   0.3%   0.552 CG:14   +
   14    35  0   0.3%   0.060 AU:14   +
   61    67  0   0.3%   1.141 CG:14   +
   34    73  0   0.3%   0.623 GC:14   +
   39    85  0   0.3%   1.655 GC:12   --:2    +
   31    73  0   0.3%   0.410 GC:14   +
   40    84  0   0.3%   1.750 CG:14   +
    7    77  0   0.3%   0.072 AU:14   +
   20    29  2   0.9%   0.163 AU:12   +
   60    68  0   0.3%   1.125 GU:14   +
   12    30  0   0.3%   0.077 AU:14   +
   38    86  0   0.3%   1.714 GC:12   --:2    +
   46    80  0   0.3%   2.178 GC:14   +
   42    47  0   0.3%   0.193 AU:14   +
   47    79  0   0.2%   2.019 UG:14   +
    9    30  0   0.2%   0.054 AU:14   +
   38    83  0   0.2%   1.617 GC:14   +
    9    75  0   0.2%   0.074 AU:14   +
   34    43  0   0.2%   0.457 GC:14   +
   23    81  0   0.2%   0.114 AU:14   +
   43    69  0   0.2%   0.845 CG:14   +
   47    64  0   0.2%   0.637 UA:14   +
   35    42  0   0.2%   0.445 UA:14   +
   18    84  0   0.2%   0.260 CG:14   +
   31    61  0   0.2%   0.315 GC:14   +
   30    62  0   0.2%   0.305 UA:14   +
   12    45  0   0.2%   0.073 AU:14   +
   24    80  0   0.2%   0.841 GC:14   +
    9    45  0   0.2%   0.053 AU:14   +
   46    66  0   0.2%   0.453 GC:14   +
    7    47  0   0.2%   0.045 AU:14   +
   39    82  0   0.2%   1.613 GC:14   +
   15    76  0   0.2%   0.216 CG:14   +
   70    76  0   0.2%   1.920 CG:14   +
   69    77  0   0.2%   2.351 GU:14   +
   53    57  0   0.2%   0.635 GU:14   +
   14    77  0   0.2%   0.107 AU:14   +
   49    58  0   0.2%   0.321 CG:14   +
   68    78  0   0.2%   1.426 UA:14   +
   47    69  0   0.2%   1.010 UG:14   +
   35    72  0   0.2%   0.648 UG:14   +
   45    58  0   0.2%   0.328 UG:14   +
   10    44  1   0.2%   0.046 GU:1    AU:12   +
   38    66  0   0.2%   0.572 GC:14   +
   39    65  0   0.2%   0.546 GC:14   +
   58    73  0   0.2%   1.586 GC:14   +
   43    60  0   0.2%   0.084 CG:14   +
   46    52  0   0.1%   0.341 GC:14   +
   34    61  0   0.1%   0.484 GC:14   +
   47    63  0   0.1%   0.643 UA:14   +
   45    67  0   0.1%   0.661 UG:14   +
   31    77  0   0.1%   0.793 GU:14   +
   16    75  0   0.1%   0.164 AU:14   +
   30    78  0   0.1%   0.654 UA:14   +
   41    79  0   0.1%   1.963 CG:14   +
   47    51  0   0.1%   0.209 UA:14   +
   36    69  0   0.1%   0.753 CG:14   +
   43    84  0   0.1%   1.335 CG:14   +
   46    57  0   0.1%   0.479 GU:14   +
   39    70  0   0.1%   0.609 GC:14   +
   67    82  0   0.1%   1.182 GC:14   +
   24    66  0   0.1%   0.757 GC:14   +
   37    81  0   0.1%   1.490 AU:14   +
   31    65  0   0.1%   0.316 GC:14   +
   65    76  0   0.1%   1.547 CG:14   +
   12    75  0   0.1%   0.072 AU:14   +
   56    72  0   0.1%   1.959 UG:14   +
   34    52  0   0.1%   0.448 GC:14   +
   54    80  0   0.1%   2.155 GC:14   +
   56    78  0   0.1%   1.272 UA:14   +
   40    69  0   0.1%   0.547 CG:14   +
   64    77  0   0.1%   1.514 AU:14   +
   69    83  0   0.1%   1.660 GC:14   +
   31    66  0   0.1%   0.321 GC:14   +
   48    77  0   0.1%   2.169 GU:14   +
   37    45  0   0.1%   0.312 AU:14   +
   35    51  0   0.1%   0.439 UA:14   +
   36    46  0   0.1%   0.730 CG:14   +
   68    84  0   0.1%   1.551 UG:14   +
   67    73  0   0.1%   1.796 GC:14   +
   67    83  0   0.1%   1.037 GC:14   +
   26    31  0   0.1%   0.114 CG:14   +
   33    56  0   0.1%   0.388 AU:14   +
   67    85  0   0.1%   1.147 GC:12   --:2    +
   49    76  0   0.1%   1.785 CG:14   +
   15    84  0   0.1%   0.198 CG:14   +
   36    53  0   0.1%   0.555 CG:14   +
   35    54  0   0.1%   0.445 UG:14   +
   56    62  0   0.1%   0.554 UA:14   +
   30    67  0   0.1%   0.317 UG:14   +
   39    43  0   0.1%   0.294 GC:14   +
   54    61  0   0.1%   0.599 GC:14   +
    7    35  0   0.1%   0.022 AU:14   +
   38    71  0   0.1%   0.662 GU:14   +
   53    83  0   0.1%   1.047 GC:14   +
   52    84  0   0.1%   1.110 CG:14   +
   68    72  0   0.1%   2.138 UG:14   +
   47    78  0   0.1%   1.406 UA:14   +
   58    70  0   0.1%   0.976 GC:14   +
   53    81  0   0.1%   1.885 GU:14   +
   66    84  0   0.1%   0.952 CG:14   +
   51    56  0   0.1%   0.198 AU:14   +
   16    77  0   0.1%   0.175 AU:14   +
   34    83  0   0.1%   1.205 GC:14   +
   67    74  0   0.1%   1.534 GC:14   +
   37    68  0   0.1%   0.340 AU:14   +
   38    43  0   0.1%   0.316 GC:14   +
   54    82  0   0.1%   1.199 GC:14   +
   38    80  0   0.1%   1.755 GC:14   +
   23    30  0   0.1%   0.115 AU:14   +
   43    79  0   0.1%   1.824 CG:14   +
   47    84  0   0.1%   1.527 UG:14   +
   46    85  0   0.1%   1.449 GC:12   --:2    +
    6    30  0   0.1%   0.018 AU:14   +
   24    50  0   0.1%   0.743 GC:14   +
   26    48  0   0.1%   0.678 CG:14   +
   54    70  0   0.0%   0.933 GC:14   +
   42    75  0   0.0%   1.000 AU:14   +
   53    71  0   0.0%   1.114 GU:14   +
   41    76  0   0.0%   1.511 CG:14   +
    2    31  1   0.0%   0.011 CG:6    UG:7    +
   31    81  0   0.0%   0.905 GU:14   +
   36    84  0   0.0%   1.587 CG:14   +
   30    79  0   0.0%   0.674 UG:14   +
   52    72  0   0.0%   1.328 CG:14   +
   35    60  0   0.0%   0.526 UG:14   +
   58    66  0   0.0%   0.854 GC:14   +
   50    79  0   0.0%   2.083 CG:14   +
   57    67  0   0.0%   1.801 UG:14   +
   76    85  0   0.0%   1.631 GC:12   --:2    +
   18    79  0   0.0%   0.217 CG:14   +
   48    68  0   0.0%   0.963 GU:14   +
   33    77  0   0.0%   0.846 AU:14   +
   77    84  0   0.0%   1.699 UG:14   +
   15    31  0   0.0%   0.075 CG:14   +
   76    83  0   0.0%   1.526 GC:14   +
   18    76  0   0.0%   0.241 CG:14   +
   20    45  0   0.0%   0.215 AU:14   +
   15    79  0   0.0%   0.181 CG:14   +
   46    75  0   0.0%   1.411 GU:14   +
   16    30  0   0.0%   0.049 AU:14   +
   34    71  0   0.0%   0.553 GU:14   +
   19    77  0   0.0%   0.184 AU:14   +
   49    67  0   0.0%   0.874 CG:14   +
   58    71  0   0.0%   1.181 GU:14   +
   39    81  0   0.0%   2.369 GU:14   +
   59    75  0   0.0%   0.938 AU:14   +
   41    67  0   0.0%   0.500 CG:14   +
   73    84  0   0.0%   1.731 CG:14   +
   72    85  0   0.0%   1.691 GC:12   --:2    +
    1     6  0   0.0%   0.007 UA:14   +
   63    68  0   0.0%   1.635 AU:14   +
   46    81  0   0.0%   2.102 GU:14   +
   24    43  0   0.0%   0.735 GC:14   +
   31    85  0   0.0%   1.337 GC:12   --:2    +
   15    72  0   0.0%   0.160 CG:14   +
   57    72  0   0.0%   2.292 UG:14   +
   30    63  0   0.0%   0.296 UA:14   +
   30    64  0   0.0%   0.289 UA:14   +
   26    69  0   0.0%   0.610 CG:14   +
   63    77  0   0.0%   1.753 AU:14   +
   34    49  0   0.0%   0.436 GC:14   +
   16    35  0   0.0%   0.034 AU:14   +
   19    75  0   0.0%   0.171 AU:14   +
   16    71  0   0.0%   0.121 AU:14   +
   35    48  0   0.0%   0.501 UG:14   +
   24    71  0   0.0%   0.753 GU:14   +
   45    53  0   0.0%   0.306 UG:14   +
   50    60  0   0.0%   0.863 CG:14   +
   65    84  0   0.0%   0.956 CG:14   +
   24    85  0   0.0%   1.214 GC:12   --:2    +
   26    60  0   0.0%   0.603 CG:14   +
   45    72  0   0.0%   0.836 UG:14   +
   48    83  0   0.0%   1.793 GC:14   +
   20    30  0   0.0%   0.146 AU:14   +
   76    82  0   0.0%   1.663 GC:14   +
   58    74  0   0.0%   1.352 GC:14   +
   49    84  0   0.0%   1.564 CG:14   +
   70    84  0   0.0%   1.364 CG:14   +
   16    68  0   0.0%   0.117 AU:14   +
   60    65  0   0.0%   0.760 GC:14   +
   18    69  0   0.0%   0.192 CG:14   +
   48    85  0   0.0%   1.884 GC:12   --:2    +
   15    69  0   0.0%   0.155 CG:14   +
   60    74  0   0.0%   1.535 GC:14   +
   30    59  0   0.0%   0.270 UA:14   +
    1     7  0   0.0%   0.006 UA:14   +
   40    46  0   0.0%   0.419 CG:14   +
   19    68  0   0.0%   0.137 AU:14   +
   45    76  0   0.0%   1.241 UG:14   +
   30    34  0   0.0%   0.517 UG:14   +
   57    78  0   0.0%   1.599 UA:14   +
   34    82  0   0.0%   1.239 GC:14   +
   30    76  0   0.0%   0.530 UG:14   +
   58    77  0   0.0%   1.563 GU:14   +
   75    84  0   0.0%   1.219 UG:14   +
   39    47  0   0.0%   0.398 GU:14   +
    6    75  0   0.0%   0.011 AU:14   +
   69    85  0   0.0%   1.756 GC:12   --:2    +
    1     9  0   0.0%   0.006 UA:14   +
   79    83  0   0.0%   1.653 GC:14   +
   56    79  0   0.0%   2.039 UG:14   +
   26    67  0   0.0%   0.605 CG:14   +
   13    30  0   0.0%   0.056 AU:14   +
   39    66  0   0.0%   0.538 GC:14   +
   20    77  0   0.0%   0.145 AU:14   +
   41    58  0   0.0%   0.606 CG:14   +
   31    35  0   0.0%   0.510 GU:14   +
   31    75  0   0.0%   0.480 GU:14   +
    2    84  1   0.0%   0.007 CG:6    UG:7    +
   57    76  0   0.0%   2.303 UG:14   +
   42    57  0   0.0%   0.170 AU:14   +
   58    75  0   0.0%   1.134 GU:14   +
   40    67  0   0.0%   0.492 CG:14   +
   59    68  0   0.0%   0.762 AU:14   +
   26    38  0   0.0%   0.400 CG:14   +
   39    68  0   0.0%   0.538 GU:14   +
   45    78  0   0.0%   0.742 UA:14   +
   66    72  0   0.0%   1.546 CG:14   +
   12    71  0   0.0%   0.038 AU:14   +
   66    76  0   0.0%   1.526 CG:14   +
   20    81  0   0.0%   0.105 AU:14   +
   69    73  0   0.0%   2.372 GC:14   +
   46    77  0   0.0%   1.783 GU:14   +
   34    86  0   0.0%   1.309 GC:12   --:2    +
    6    57  0   0.0%   0.009 AU:14   +
   16    81  0   0.0%   0.133 AU:14   +
   43    72  0   0.0%   0.967 CG:14   +
   36    67  0   0.0%   0.699 CG:14   +
   67    75  0   0.0%   1.309 GU:14   +
   53    82  0   0.0%   1.158 GC:14   +
   18    53  0   0.0%   0.188 CG:14   +
    7    56  0   0.0%   0.023 AU:14   +
   35    76  0   0.0%   0.803 UG:14   +
   52    60  0   0.0%   0.442 CG:14   +
   43    54  0   0.0%   0.190 CG:14   +
    9    71  0   0.0%   0.031 AU:14   +
    2    24  1   0.0%   0.002 CG:6    UG:7    +
    1    13  0   0.0%   0.008 UA:14   +
   18    72  0   0.0%   0.193 CG:14   +
    1    12  0   0.0%   0.008 UA:14   +
   18    39  0   0.0%   0.163 CG:14   +
   24    30  0   0.0%   0.246 GU:14   +
   25    86  0   0.0%   1.800 GC:12   --:2    +
   38    85  0   0.0%   1.705 GC:12   --:2    +
   62    77  0   0.0%   1.940 AU:14   +
   23    71  0   0.0%   0.017 AU:14   +
   13    71  0   0.0%   0.030 AU:14   +
   60    66  0   0.0%   0.749 GC:14   +
   34    40  0   0.0%   0.640 GC:14   +
   24    70  0   0.0%   0.744 GC:14   +
   56    60  0   0.0%   0.555 UG:14   +
   19    71  0   0.0%   0.139 AU:14   +
   19    47  0   0.0%   0.264 AU:14   +
   65    69  0   0.0%   1.629 CG:14   +
    9    47  0   0.0%   0.042 AU:14   +
   35    39  0   0.0%   0.663 UG:14   +
   23    45  0   0.0%   0.125 AU:14   +
   56    84  0   0.0%   1.391 UG:14   +
   64    68  0   0.0%   1.381 AU:14   +
   43    58  0   0.0%   0.185 CG:14   +
   50    54  0   0.0%   0.306 CG:14   +
   60    85  0   0.0%   1.148 GC:12   --:2    +
   61    84  0   0.0%   1.336 CG:14   +
   36    79  0   0.0%   1.733 CG:14   +
   69    74  0   0.0%   2.106 GC:14   +
   76    80  0   0.0%   2.673 GC:14   +
   13    81  0   0.0%   0.030 AU:14   +
   14    81  0   0.0%   0.063 AU:14   +
   18    48  0   0.0%   0.258 CG:14   +
   42    81  0   0.0%   2.031 AU:14   +
   34    47  0   0.0%   0.560 GU:14   +
   19    81  0   0.0%   0.142 AU:14   +
   79    86  0   0.0%   1.721 GC:12   --:2    +
   34    65  0   0.0%   0.465 GC:14   +
   48    52  0   0.0%   0.238 GC:14   +
   74    79  0   0.0%   2.154 CG:14   +
   67    71  0   0.0%   1.627 GU:14   +
    6    45  0   0.0%   0.007 AU:14   +
    1    14  0   0.0%   0.008 UA:14   +
   31    50  0   0.0%   0.279 GC:14   +
   34    75  0   0.0%   0.664 GU:14   +
   31    86  0   0.0%   1.326 GC:12   --:2    +
    6    81  0   0.0%   0.010 AU:14   +
   53    65  0   0.0%   0.203 GC:14   +
   50    84  0   0.0%   1.416 CG:14   +
   74    84  0   0.0%   1.438 CG:14   +
   13    47  0   0.0%   0.052 AU:14   +
   20    75  0   0.0%   0.133 AU:14   +
   43    53  0   0.0%   0.189 CG:14   +
   41    84  0   0.0%   1.451 CG:14   +
    1    20  0   0.0%   0.009 UA:14   +
   48    74  0   0.0%   1.857 GC:14   +
   30    51  0   0.0%   0.266 UA:14   +
   61    76  0   0.0%   1.896 CG:14   +
   62    75  0   0.0%   1.514 AU:14   +
    6    71  0   0.0%   0.008 AU:14   +
   58    65  0   0.0%   0.857 GC:14   +
   60    77  0   0.0%   1.743 GU:14   +
    7    81  0   0.0%   0.040 AU:14   +
    2    76  1   0.0%   0.005 CG:6    UG:7    +
   24    40  0   0.0%   0.502 GC:14   +
   12    81  0   0.0%   0.044 AU:14   +
   67    80  0   0.0%   2.119 GC:14   +
   65    72  0   0.0%   1.556 CG:14   +
    1    19  0   0.0%   0.008 UA:14   +
   18    34  0   0.0%   0.135 CG:14   +
    2    79  1   0.0%   0.005 CG:6    UG:7    +
   34    66  0   0.0%   0.465 GC:14   +
   47    59  0   0.0%   0.253 UA:14   +
    1    23  0   0.0%   0.009 UA:14   +
   31    41  0   0.0%   0.502 GC:14   +
   39    74  0   0.0%   1.365 GC:14   +
   64    75  0   0.0%   1.068 AU:14   +
    1    16  0   0.0%   0.008 UA:14   +
   38    75  0   0.0%   1.377 GU:14   +
    9    81  0   0.0%   0.045 AU:14   +
    1    84  0   0.0%   0.014 UG:14   +
   36    54  0   0.0%   0.550 CG:14   +
   30    42  0   0.0%   0.265 UA:14   +
   37    47  0   0.0%   0.307 AU:14   +
   48    81  0   0.0%   2.633 GU:14   +
   36    48  0   0.0%   0.615 CG:14   +
   13    45  0   0.0%   0.052 AU:14   +
   15    39  0   0.0%   0.051 CG:14   +
   31    52  0   0.0%   0.275 GC:14   +
   13    35  0   0.0%   0.023 AU:14   +
   48    65  0   0.0%   0.639 GC:14   +
   15    38  0   0.0%   0.052 CG:14   +
   39    77  0   0.0%   1.346 GU:14   +
   45    69  0   0.0%   0.696 UG:14   +
   35    64  0   0.0%   0.522 UA:14   +
   57    79  0   0.0%   2.368 UG:14   +
   37    77  0   0.0%   1.166 AU:14   +
   12    47  0   0.0%   0.060 AU:14   +
   38    65  0   0.0%   0.543 GC:14   +
   76    81  0   0.0%   2.370 GU:14   +
   31    43  0   0.0%   0.277 GC:14   +
   40    76  0   0.0%   1.418 CG:14   +
   67    81  0   0.0%   1.877 GU:14   +
   69    82  0   0.0%   1.791 GC:14   +
    6    47  0   0.0%   0.007 AU:14   +
   30    72  0   0.0%   0.354 UG:14   +
   52    79  0   0.0%   1.759 CG:14   +
   23    68  0   0.0%   0.014 AU:14   +
   34    41  0   0.0%   0.639 GC:14   +
   53    61  0   0.0%   0.562 GC:14   +
   14    30  0   0.0%   0.042 AU:14   +
   39    45  0   0.0%   0.395 GU:14   +
   63    71  0   0.0%   1.651 AU:14   +
   72    83  0   0.0%   1.585 GC:14   +
   24    35  0   0.0%   0.168 GU:14   +
   54    66  0   0.0%   0.812 GC:14   +
   39    83  0   0.0%   1.504 GC:14   +
   14    71  0   0.0%   0.052 AU:14   +
   30    38  0   0.0%   0.551 UG:14   +
   63    75  0   0.0%   1.321 AU:14   +
   48    82  0   0.0%   1.916 GC:14   +
   58    83  0   0.0%   0.862 GC:14   +
   20    68  0   0.0%   0.102 AU:14   +
    6    77  0   0.0%   0.010 AU:14   +
   30    46  0   0.0%   0.447 UG:14   +
   47    54  0   0.0%   0.300 UG:14   +
   47    76  0   0.0%   1.890 UG:14   +
   31    68  0   0.0%   0.319 GU:14   +
   50    67  0   0.0%   0.840 CG:14   +
   12    57  0   0.0%   0.036 AU:14   +
   66    79  0   0.0%   1.605 CG:14   +
   13    77  0   0.0%   0.053 AU:14   +
   48    56  0   0.0%   0.393 GU:14   +
   13    56  0   0.0%   0.028 AU:14   +
   15    67  0   0.0%   0.151 CG:14   +
   48    57  0   0.0%   0.402 GU:14   +
    9    57  0   0.0%   0.030 AU:14   +
   31    45  0   0.0%   0.389 GU:14   +
   45    79  0   0.0%   1.321 UG:14   +
   47    53  0   0.0%   0.300 UG:14   +
   14    68  0   0.0%   0.050 AU:14   +
   24    65  0   0.0%   0.735 GC:14   +
   57    69  0   0.0%   2.152 UG:14   +
   18    58  0   0.0%   0.187 CG:14   +
   45    59  0   0.0%   0.266 UA:14   +
   76    86  0   0.0%   1.571 GC:12   --:2    +
    1    37  0   0.0%   0.014 UA:14   +
   46    56  0   0.0%   0.455 GU:14   +
   20    71  0   0.0%   0.103 AU:14   +
   19    57  0   0.0%   0.133 AU:14   +
   26    54  0   0.0%   0.600 CG:14   +
   71    84  0   0.0%   1.581 UG:14   +
   30    58  0   0.0%   0.267 UG:14   +
   58    68  0   0.0%   1.179 GU:14   +
    1    78  0   0.0%   0.014 UA:14   +
   31    57  0   0.0%   0.276 GU:14   +
    6    35  0   0.0%   0.008 AU:14   +
    2    34  1   0.0%   0.004 CG:6    UG:7    +
    2    48  1   0.0%   0.004 CG:6    UG:7    +
   30    69  0   0.0%   0.307 UG:14   +
   24    56  0   0.0%   0.736 GU:14   +
   53    85  0   0.0%   1.127 GC:12   --:2    +
   38    49  0   0.0%   0.302 GC:14   +
   46    86  0   0.0%   1.402 GC:12   --:2    +
    1    79  0   0.0%   0.014 UG:14   +
   48    66  0   0.0%   0.627 GC:14   +
   56    76  0   0.0%   1.965 UG:14   +
   35    46  0   0.0%   0.601 UG:14   +
   68    79  0   0.0%   2.197 UG:14   +
   20    56  0   0.0%   0.099 AU:14   +
   42    56  0   0.0%   0.168 AU:14   +
   26    76  0   0.0%   0.710 CG:14   +
   31    47  0   0.0%   0.407 GU:14   +
   31    70  0   0.0%   0.304 GC:14   +
   31    49  0   0.0%   0.279 GC:14   +
   58    80  0   0.0%   1.925 GC:14   +
   31    71  0   0.0%   0.309 GU:14   +
   57    84  0   0.0%   1.720 UG:14   +
   23    57  0   0.0%   0.012 AU:14   +
   54    83  0   0.0%   1.069 GC:14   +
   59    77  0   0.0%   1.361 AU:14   +
   39    50  0   0.0%   0.471 GC:14   +
    7    68  0   0.0%   0.022 AU:14   +
   34    81  0   0.0%   1.729 GU:14   +
   13    75  0   0.0%   0.050 AU:14   +
    2    58  1   0.0%   0.005 CG:6    UG:7    +
   20    35  0   0.0%   0.072 AU:14   +
    9    77  0   0.0%   0.062 AU:14   +
    7    30  0   0.0%   0.012 AU:14   +
   49    53  0   0.0%   0.254 CG:14   +
   41    54  0   0.0%   0.610 CG:14   +
   23    47  0   0.0%   0.142 AU:14   +
   23    35  0   0.0%   0.033 AU:14   +
    2    72  1   0.0%   0.005 CG:6    UG:7    +
   72    82  0   0.0%   1.727 GC:14   +
   15    58  0   0.0%   0.152 CG:14   +
    1    59  0   0.0%   0.014 UA:14   +
   47    58  0   0.0%   0.304 UG:14   +
   64    71  0   0.0%   1.398 AU:14   +
   34    50  0   0.0%   0.433 GC:14   +
   23    77  0   0.0%   0.112 AU:14   +
   40    60  0   0.0%   0.472 CG:14   +
   45    54  0   0.0%   0.304 UG:14   +
   33    47  0   0.0%   0.503 AU:14   +
   16    57  0   0.0%   0.113 AU:14   +
   39    61  0   0.0%   0.526 GC:14   +
   35    53  0   0.0%   0.428 UG:14   +
   46    68  0   0.0%   0.769 GU:14   +
    1    24  0   0.0%   0.008 UG:14   +
   12    77  0   0.0%   0.067 AU:14   +
   31    40  0   0.0%   0.502 GC:14   +
   20    47  0   0.0%   0.230 AU:14   +
   54    77  0   0.0%   1.778 GU:14   +
   47    67  0   0.0%   0.935 UG:14   +
   38    45  0   0.0%   0.429 GU:14   +
   12    35  0   0.0%   0.029 AU:14   +
   67    86  0   0.0%   1.090 GC:12   --:2    +
    9    35  0   0.0%   0.023 AU:14   +
   33    45  0   0.0%   0.497 AU:14   +
    1    31  0   0.0%   0.011 UG:14   +
    7    75  0   0.0%   0.024 AU:14   +
   14    45  0   0.0%   0.045 AU:14   +
   64    81  0   0.0%   1.643 AU:14   +
   26    46  0   0.0%   0.775 CG:14   +
   38    52  0   0.0%   0.402 GC:14   +
   54    75  0   0.0%   1.351 GU:14   +
   14    75  0   0.0%   0.072 AU:14   +
   53    80  0   0.0%   2.110 GC:14   +
   71    76  0   0.0%   2.130 UG:14   +
   18    67  0   0.0%   0.188 CG:14   +
   35    62  0   0.0%   0.530 UA:14   +
   50    72  0   0.0%   1.792 CG:14   +
   30    53  0   0.0%   0.267 UG:14   +
   54    86  0   0.0%   1.148 GC:12   --:2    +
   72    86  0   0.0%   1.634 GC:12   --:2    +
   19    35  0   0.0%   0.082 AU:14   +
   24    68  0   0.0%   0.745 GU:14   +
   60    71  0   0.0%   1.569 GU:14   +
   34    68  0   0.0%   0.469 GU:14   +
   72    81  0   0.0%   2.438 GU:14   +
   75    79  0   0.0%   1.933 UG:14   +
   39    71  0   0.0%   0.608 GU:14   +
   53    77  0   0.0%   1.752 GU:14   +
   30    60  0   0.0%   0.269 UG:14   +
   51    71  0   0.0%   1.308 AU:14   +
   71    79  0   0.0%   2.277 UG:14   +
   15    53  0   0.0%   0.151 CG:14   +
   69    81  0   0.0%   2.501 GU:14   +
    1    33  0   0.0%   0.014 UA:14   +
   30    48  0   0.0%   0.341 UG:14   +
   14    57  0   0.0%   0.050 AU:14   +
   33    57  0   0.0%   0.383 AU:14   +
   38    47  0   0.0%   0.429 GU:14   +
   56    67  0   0.0%   1.455 UG:14   +
   69    75  0   0.0%   1.884 GU:14   +
   35    63  0   0.0%   0.530 UA:14   +
   58    81  0   0.0%   1.683 GU:14   +
   35    58  0   0.0%   0.434 UG:14   +
   14    56  0   0.0%   0.050 AU:14   +
   13    57  0   0.0%   0.028 AU:14   +
   24    61  0   0.0%   0.735 GC:14   +
    2    38  1   0.0%   0.004 CG:6    UG:7    +
   11    31  2   0.3%   0.071 CG:10   UG:2    +
   10    29  2   0.2%   0.044 GU:1    AU:11   +
   11    46  2   0.2%   0.069 CG:10   UG:2    +
   19    44  1   0.4%   0.138 AU:13   +
   44    64  1   0.3%   0.231 UA:13   +
   11    76  2   0.1%   0.075 CG:10   UG:2    +
   25    82  2   0.4%   1.242 GC:12   +
   33    44  1   0.2%   0.493 AU:13   +
   32    45  1   0.2%   0.156 AU:13   +
   11    84  2   0.0%   0.058 CG:10   UG:2    +
   11    24  2   0.0%   0.057 CG:10   UG:2    +
    3    27  2   0.0%   0.004 GU:1    AU:11   +
   11    72  2   0.0%   0.035 CG:10   UG:2    +
   11    38  2   0.0%   0.020 CG:10   UG:2    +
    8    25  2   0.0%   0.053 CG:11   UG:1    +
   11    79  2   0.0%   0.048 CG:10   UG:2    +
   11    34  2   0.0%   0.026 CG:10   UG:2    +
   13    44  1   0.2%   0.059 AU:13   +
   11    48  2   0.0%   0.032 CG:10   UG:2    +
   10    27  2   0.0%   0.004 GU:1    AU:11   +
   11    58  2   0.0%   0.032 CG:10   UG:2    +
    3    29  2   0.0%   0.002 GU:1    AU:11   +
   25    55  2   0.0%   0.696 GC:3    GU:9    +
   11    53  2   0.0%   0.032 CG:10   UG:2    +
   11    54  2   0.0%   0.032 CG:10   UG:2    +
   11    69  2   0.0%   0.032 CG:10   UG:2    +
   11    67  2   0.0%   0.032 CG:10   UG:2    +
   44    59  1   0.2%   0.236 UA:13   +
   38    44  1   0.1%   0.420 GU:13   +
   44    84  1   0.1%   0.755 UG:13   +
   32    57  1   0.1%   0.033 AU:13   +
   13    29  2   0.2%   0.058 AU:12   +
   44    78  1   0.1%   0.664 UA:13   +
   37    44  1   0.1%   0.284 AU:13   +
    1    32  1   0.0%   0.020 UA:13   +
   23    44  1   0.0%   0.108 AU:13   +
   32    77  1   0.0%   0.418 AU:13   +
   32    75  1   0.0%   0.117 AU:13   +
   44    51  1   0.0%   0.129 UA:13   +
   44    54  1   0.0%   0.265 UG:13   +
   44    76  1   0.0%   1.155 UG:13   +
   44    67  1   0.0%   0.560 UG:13   +
   11    25  3   0.0%   0.053 CG:9    UG:2    +
   44    79  1   0.0%   1.241 UG:13   +
   32    71  1   0.0%   0.030 AU:13   +
   44    53  1   0.0%   0.262 UG:13   +
   44    69  1   0.0%   0.613 UG:13   +
   44    72  1   0.0%   0.749 UG:13   +
   44    48  1   0.0%   0.340 UG:13   +
    7    44  1   0.0%   0.011 AU:13   +
   14    44  1   0.0%   0.041 AU:13   +
   12    44  1   0.0%   0.033 AU:13   +
   16    44  1   0.0%   0.028 AU:13   +
   24    44  1   0.0%   0.826 GU:13   +
   32    68  1   0.0%   0.040 AU:13   +
   44    60  1   0.0%   0.147 UG:13   +
   44    58  1   0.0%   0.257 UG:13   +
   44    62  1   0.0%   0.145 UA:13   +
   32    56  1   0.0%   0.017 AU:13   +
   39    44  1   0.0%   0.380 GU:13   +
   32    47  1   0.0%   0.149 AU:13   +
   29    63  2   0.2%   0.180 UA:12   +
   25    65  2   0.1%   0.719 GC:12   +
   12    27  2   0.1%   0.021 AU:12   +
   25    49  2   0.1%   0.703 GC:12   +
    7    29  2   0.0%   0.011 AU:12   +
   29    37  2   0.0%   0.112 UA:12   +
   15    25  2   0.0%   0.083 CG:12   +
   23    29  2   0.0%   0.082 AU:12   +
   25    70  2   0.0%   0.712 GC:12   +
   18    25  2   0.0%   0.153 CG:12   +
   25    61  2   0.0%   0.700 GC:12   +
   29    64  2   0.0%   0.165 UA:12   +
   16    27  2   0.0%   0.013 AU:12   +
   27    37  2   0.0%   0.372 UA:12   +
   14    29  2   0.0%   0.034 AU:12   +
   27    59  2   0.0%   0.584 UA:12   +
   14    27  2   0.0%   0.011 AU:12   +
   25    36  2   0.0%   0.825 GC:12   +
   25    83  2   0.0%   1.163 GC:12   +
   13    27  2   0.0%   0.010 AU:12   +
    9    27  2   0.0%   0.004 AU:12   +
   20    27  2   0.0%   0.013 AU:12   +
   27    64  2   0.0%   0.584 UA:12   +
   29    33  2   0.0%   0.440 UA:12   +
   19    27  2   0.0%   0.012 AU:12   +
   23    27  2   0.0%   0.013 AU:12   +
   25    41  2   0.0%   0.919 GC:12   +
   29    78  2   0.0%   0.706 UA:12   +
   27    63  2   0.0%   0.583 UA:12   +
   12    29  2   0.0%   0.023 AU:12   +
   25    66  2   0.0%   0.712 GC:12   +
   19    29  2   0.0%   0.032 AU:12   +
    6    27  2   0.0%   0.004 AU:12   +
   25    43  2   0.0%   0.694 GC:12   +
   16    29  2   0.0%   0.033 AU:12   +
   27    62  2   0.0%   0.582 UA:12   +
    9    29  2   0.0%   0.005 AU:12   +
   32    44  2   0.0%   0.098 AU:12   +
    7    27  2   0.0%   0.003 AU:12   +
   29    62  2   0.0%   0.150 UA:12   +
    6    29  2   0.0%   0.002 AU:12   +
   29    59  2   0.0%   0.150 UA:12   +
.......................((((.....)))).(((.((..(((.(((((.((.....))))))).)))..)).))).....
