12 sequence; length of alignment 101
alifold output
   14    57  0  99.7%   0.010 UG:1    UA:11  
    5    67  0  99.9%   0.004 GC:12  
    6    66  0  99.8%   0.006 UA:12  
    8    64  0  99.8%   0.007 AU:12  
    7    65  0  99.8%   0.007 UA:12  
   13    58  0  99.7%   0.008 GC:12  
   12    59  0  99.6%   0.011 UA:12  
   84    92  0  99.6%   0.014 GC:12  
   82    94  0  99.6%   0.018 GC:12  
   15    56  0  99.6%   0.020 GC:12  
   83    93  0  99.6%   0.018 AU:12  
    9    63  0  99.5%   0.018 GC:12  
   11    60  0  99.4%   0.018 CG:12  
   85    91  0  97.6%   0.074 AU:12  
   81    95  1  97.0%   0.107 AU:11  
   16    55  0  95.4%   0.218 UA:12  
    4    68  0  94.0%   0.181 UA:12  
   80    96  0  79.5%   0.645 UG:12  
   21    42  0  67.7%   0.929 CG:12  
   22    41  0  67.7%   0.795 GC:12  
   28    35  0  67.5%   0.945 GC:12  
   27    36  1  67.3%   0.943 GC:10   GU:1   
   20    43  1  67.2%   0.932 CG:11  
   23    40  0  65.2%   0.841 AU:12  
    3    69  0  58.2%   0.953 UG:12  
   29    34  0  54.8%   1.011 AU:12  
   36    42  0  31.1%   1.661 CG:11   UG:1    +
   35    43  0  31.1%   1.691 CG:12   +
   34    44  0  25.9%   1.455 UA:12   +
   19    52  0  20.2%   1.265 AU:12   +
   76    99  0  19.0%   1.519 UA:12   +
   75   100  0  18.3%   1.423 UA:12   +
   18    53  0  16.5%   1.455 GU:12   +
   33    45  0  16.3%   0.934 UA:12   +
   18    47  0  15.6%   0.982 GC:12  
   17    48  0  15.3%   1.097 GU:12  
   32    47  0  14.4%   1.518 GC:12   +
    2    70  0  14.1%   0.859 GU:12   +
   25    49  0  12.4%   1.040 GU:1    AU:11   +
   24    50  0  12.5%   1.039 CG:12   +
   46    51  0  12.5%   1.886 GC:12   +
   45    52  0  12.4%   2.056 AU:12   +
   26    48  0  11.8%   1.131 AU:12   +
   44    53  0  11.1%   1.746 AU:12   +
   31    48  1  11.5%   1.425 AU:11   +
   27    47  1  11.0%   1.495 GC:11   +
   74   101  0  10.2%   1.011 UA:12   +
   33    46  0   9.6%   1.126 UG:12   +
   22    51  0   8.7%   1.206 GC:12   +
   76   100  0   8.1%   1.690 UA:12   +
   27    52  0   7.1%   2.039 GU:11   AU:1    +
    1    71  0   8.0%   0.634 AU:12   +
   28    51  0   7.4%   1.623 GC:12   +
   75    99  0   5.3%   0.765 UA:12   +
   34    45  0   4.8%   1.455 UA:12   +
   75   101  0   4.6%   1.316 UA:12   +
   76    98  0   4.6%   0.740 UA:12   +
   26    52  0   4.4%   1.202 AU:12   +
   17    24  0   4.2%   0.405 GC:12   +
   27    51  1   4.7%   1.557 GC:11   +
   74   100  0   4.2%   0.590 UA:12   +
   26    53  0   4.1%   1.308 AU:12   +
   30    50  0   4.1%   0.901 CG:12   +
   25    53  0   2.9%   0.991 GU:1    AU:11   +
   18    51  0   3.6%   0.815 GC:12   +
   29    49  0   3.5%   1.219 AU:12   +
   19    49  0   3.5%   0.408 AU:12   +
   76    97  0   3.4%   0.431 UG:12   +
   75    98  0   3.4%   0.451 UA:12   +
   71    78  0   2.4%   0.543 UG:3    UA:9    +
   17    52  0   3.2%   0.964 GU:12   +
   21    27  1   3.7%   0.377 CG:11   +
   72    77  0   2.1%   0.315 UG:6    UA:6    +
   20    28  1   3.6%   0.368 CG:11   +
   17    51  0   2.7%   0.829 GC:12   +
   74    99  0   2.6%   0.384 UA:12   +
   30    46  0   2.5%   0.353 CG:12   +
   21    50  0   2.3%   0.671 CG:12   +
   22    49  0   2.2%   0.661 GU:12   +
   70    79  0   2.1%   0.578 UA:12   +
   27    48  0   1.0%   1.415 GU:11   AU:1    +
   31    49  1   2.5%   1.172 AU:11   +
   16    25  0   0.7%   0.103 UG:1    UA:11   +
   17    47  0   1.6%   0.371 GC:12   +
   69    80  0   1.5%   0.514 GU:12   +
   72    78  0   0.4%   0.303 UG:3    UA:9    +
   71    77  0   0.4%   0.308 UG:6    UA:6    +
   28    47  0   1.4%   1.185 GC:12   +
   70    78  0   0.3%   0.371 UG:3    UA:9    +
   23    48  0   1.3%   0.773 AU:12   +
   16    57  0   0.2%   0.172 UG:1    UA:11   +
   73    80  0   0.2%   0.097 GU:9    AU:3    +
   17    53  0   1.1%   0.889 GU:12   +
   70    77  0   0.1%   0.323 UG:6    UA:6    +
   36    43  0   0.1%   1.312 CG:11   UG:1    +
   17    36  0   0.1%   0.178 GC:11   GU:1    +
   18    62  0   0.0%   0.824 GC:1    GU:11   +
   28    36  0   0.0%   0.682 GC:11   GU:1    +
    9    62  0   0.0%   0.011 GC:1    GU:11   +
    7    73  0   0.0%   0.010 UG:9    UA:3    +
    3    73  0   0.0%   0.328 UG:9    UA:3    +
   27    53  0   0.0%   1.653 GU:11   AU:1    +
   16    37  0   0.0%   0.043 UG:1    UA:11   +
   27    49  0   0.0%   1.219 GU:11   AU:1    +
   74    78  0   0.0%   0.141 UG:3    UA:9    +
   25    52  0   0.0%   0.796 GU:1    AU:11   +
   14    25  0   0.0%   0.002 UG:1    UA:11   +
    4    78  0   0.0%   0.063 UG:3    UA:9    +
    3    78  0   0.0%   0.327 UG:3    UA:9    +
    4    77  0   0.0%   0.062 UG:6    UA:6    +
   25    40  0   0.0%   0.315 GU:1    AU:11   +
    3    77  0   0.0%   0.325 UG:6    UA:6    +
   12    27  0   0.0%   0.001 UG:11   UA:1    +
   27    33  0   0.0%   0.134 GU:11   AU:1    +
   25    34  0   0.0%   0.040 GU:1    AU:11   +
    4    25  0   0.0%   0.001 UG:1    UA:11   +
   25    48  0   0.0%   0.409 GU:1    AU:11   +
   27    34  0   0.0%   0.137 GU:11   AU:1    +
   37    49  0   0.0%   0.737 GU:1    AU:11   +
   49    57  0   0.0%   0.762 UG:1    UA:11   +
   36    50  0   0.0%   1.133 CG:11   UG:1    +
    4    73  0   0.0%   0.062 UG:9    UA:3    +
    4    57  0   0.0%   0.000 UG:1    UA:11   +
   28    62  0   0.0%   0.672 GC:1    GU:11   +
    6    73  0   0.0%   0.004 UG:9    UA:3    +
    7    77  0   0.0%   0.005 UG:6    UA:6    +
    6    78  0   0.0%   0.003 UG:3    UA:9    +
   32    36  0   0.0%   0.279 GC:11   GU:1    +
   12    57  0   0.0%   0.001 UG:1    UA:11   +
   37    53  0   0.0%   0.628 GU:1    AU:11   +
   33    37  0   0.0%   0.013 UG:1    UA:11   +
    3    57  0   0.0%   0.000 UG:1    UA:11   +
   36    46  0   0.0%   0.976 CG:11   UG:1    +
   36    96  0   0.0%   0.642 CG:11   UG:1    +
   57    70  0   0.0%   0.322 GU:1    AU:11   +
    7    25  0   0.0%   0.000 UG:1    UA:11   +
   73    91  0   0.0%   0.014 GU:9    AU:3    +
   18    52  0   0.8%   0.701 GU:12   +
   16    54  0   0.7%   0.156 UA:12   +
   32    48  0   0.7%   1.330 GU:12   +
   19    53  0   0.7%   0.920 AU:12   +
   75    97  0   0.7%   0.139 UG:12   +
   26    49  0   0.7%   0.841 AU:12   +
    1    72  0   0.6%   0.326 AU:12   +
   33    44  0   0.6%   0.110 UA:12   +
    2    71  0   0.6%   0.572 GU:12   +
   74    98  0   0.6%   0.146 UA:12   +
    1    70  0   0.6%   0.086 AU:12   +
   34    43  0   0.5%   0.698 UG:12   +
   17    30  0   0.5%   0.219 GC:12   +
   35    42  0   0.5%   0.628 CG:12   +
   18    30  0   0.5%   0.118 GC:12   +
   19    48  0   0.4%   0.368 AU:12   +
   71    79  0   0.3%   0.486 UA:12   +
   76   101  0   0.3%   1.259 UA:12   +
   71   100  0   0.3%   0.461 UA:12   +
   72    99  0   0.3%   0.265 UA:12   +
   22    52  0   0.3%   1.085 GU:12   +
   18    49  0   0.3%   0.400 GU:12   +
   72    97  0   0.3%   0.221 UG:12   +
   76    96  0   0.3%   0.065 UG:12   +
   71    98  0   0.3%   0.429 UA:12   +
   72   100  0   0.3%   0.279 UA:12   +
   84    94  0   0.2%   0.052 GC:12   +
   85    93  0   0.2%   0.073 AU:12   +
   86    92  0   0.2%   0.049 GC:12   +
   17    56  0   0.2%   0.836 GC:12   +
   15    58  0   0.2%   0.054 GC:12   +
   14    59  0   0.2%   0.047 UA:12   +
   70    99  0   0.2%   0.461 UA:12   +
   18    24  0   0.2%   0.172 GC:12   +
   32    41  0   0.2%   0.309 GC:12   +
   24    46  0   0.2%   0.190 CG:12   +
   23    52  0   0.2%   0.866 AU:12   +
   17    49  0   0.2%   0.554 GU:12   +
   70   101  0   0.2%   0.474 UA:12   +
   71   101  0   0.2%   0.458 UA:12   +
   21    28  0   0.1%   0.274 CG:12   +
   74    79  0   0.1%   0.145 UA:12   +
    2    72  0   0.1%   0.367 GU:12   +
   71    99  0   0.1%   0.432 UA:12   +
   22    53  0   0.1%   0.986 GU:12   +
   29    33  0   0.1%   0.028 AU:12   +
   72    98  0   0.1%   0.227 UA:12   +
   72   101  0   0.1%   0.266 UA:12   +
   72    79  0   0.1%   0.272 UA:12   +
   70   100  0   0.1%   0.457 UA:12   +
   28    34  0   0.1%   0.157 GU:12   +
   89    94  0   0.1%   0.039 GC:12   +
   87    96  0   0.1%   0.229 CG:12   +
    3    68  0   0.1%   0.022 UA:12   +
   72    81  0   0.1%   0.176 UA:12   +
   80    97  0   0.1%   0.449 UG:12   +
   18    48  0   0.1%   0.636 GU:12   +
   71    97  0   0.1%   0.387 UG:12   +
   30    42  0   0.1%   0.334 CG:12   +
   17    21  0   0.1%   0.015 GC:12   +
   44    49  0   0.1%   1.132 AU:12   +
   70    98  0   0.1%   0.432 UA:12   +
   16    46  0   0.1%   0.055 UG:12   +
   18    35  0   0.1%   0.052 GC:12   +
   45    53  0   0.1%   1.585 AU:12   +
   74    96  0   0.1%   0.033 UG:12   +
   19    34  0   0.1%   0.014 AU:12   +
    2    74  0   0.1%   0.330 GU:12   +
   33    39  0   0.1%   0.023 UA:12   +
   48    54  0   0.1%   1.009 UA:12   +
   74    97  0   0.1%   0.056 UG:12   +
   77    95  1   0.0%   0.121 GU:5    AU:6    +
   32    40  0   0.0%   0.296 GU:12   +
   46    52  0   0.0%   1.701 GU:12   +
   29    52  0   0.0%   1.298 AU:12   +
   71    82  0   0.0%   0.375 UG:12   +
   32    51  0   0.0%   1.112 GC:12   +
   15    47  0   0.0%   0.012 GC:12   +
   13    67  0   0.0%   0.014 GC:12   +
   12    68  0   0.0%   0.079 UA:12   +
   14    66  0   0.0%   0.029 UA:12   +
   19    61  0   0.0%   0.515 AU:12   +
   11    69  0   0.0%   0.332 CG:12   +
   17    63  0   0.0%   0.819 GC:12   +
   80    98  0   0.0%   0.588 UA:12   +
   34    38  0   0.0%   0.351 UA:12   +
   33    50  0   0.0%   1.064 UG:12   +
   78    95  1   0.0%   0.146 GU:3    AU:8    +
    2    75  0   0.0%   0.332 GU:12   +
   28    49  0   0.0%   0.996 GU:12   +
   49    54  0   0.0%   0.790 UA:12   +
   16    50  0   0.0%   0.053 UG:12   +
   29    48  0   0.0%   1.021 AU:12   +
   72    96  0   0.0%   0.171 UG:12   +
   28    53  0   0.0%   1.294 GU:12   +
   70    83  0   0.0%   0.420 UA:12   +
   30    43  0   0.0%   0.334 CG:12   +
    1    76  0   0.0%   0.272 AU:12   +
   16    23  0   0.0%   0.007 UA:12   +
    1    75  0   0.0%   0.270 AU:12   +
   75    96  0   0.0%   0.023 UG:12   +
   69    76  0   0.0%   0.332 GU:12   +
   23    49  0   0.0%   0.575 AU:12   +
    8    72  0   0.0%   0.050 AU:12   +
   46    53  0   0.0%   1.479 GU:12   +
   15    51  0   0.0%   0.011 GC:12   +
   15    24  0   0.0%   0.006 GC:12   +
   69    75  0   0.0%   0.332 GU:12   +
   28    52  0   0.0%   1.493 GU:12   +
   21    32  0   0.0%   0.142 CG:12   +
   24    32  0   0.0%   0.155 CG:12   +
   22    58  0   0.0%   0.609 GC:12   +
    4    69  0   0.0%   0.378 UG:12   +
   80    99  0   0.0%   0.876 UA:12   +
   44    52  0   0.0%   1.226 AU:12   +
    9    61  0   0.0%   0.005 GU:12   +
   23    33  0   0.0%   0.007 AU:12   +
   45    49  0   0.0%   1.186 AU:12   +
   82    92  0   0.0%   0.008 GC:12   +
   83    91  0   0.0%   0.007 AU:12   +
    9    71  0   0.0%   0.246 GU:12   +
   81    93  0   0.0%   0.012 AU:12   +
   22    30  0   0.0%   0.058 GC:12   +
    1    74  0   0.0%   0.266 AU:12   +
   42    47  0   0.0%   1.604 GC:12   +
   70    86  0   0.0%   0.418 UG:12   +
   42    51  0   0.0%   1.437 GC:12   +
   71    85  0   0.0%   0.371 UA:12   +
   69    87  0   0.0%   0.390 GC:12   +
   72    84  0   0.0%   0.165 UG:12   +
    3    79  0   0.0%   0.328 UA:12   +
    2    67  0   0.0%   0.003 GC:12   +
   28    48  0   0.0%   1.140 GU:12   +
   86    91  0   0.0%   0.029 GU:12   +
    2    80  0   0.0%   0.327 GU:12   +
    3    66  0   0.0%   0.003 UA:12   +
   44    48  0   0.0%   1.345 AU:12   +
   80   100  0   0.0%   0.955 UA:12   +
   19    33  0   0.0%   0.002 AU:12   +
    4    65  0   0.0%   0.002 UA:12   +
   68    76  0   0.0%   0.074 AU:12   +
   28    41  0   0.0%   0.671 GC:12   +
   69    74  0   0.0%   0.327 GU:12   +
   49    55  0   0.0%   0.792 UA:12   +
   75    79  0   0.0%   0.128 UA:12   +
   75    81  0   0.0%   0.017 UA:12   +
   34    39  0   0.0%   0.351 UA:12   +
   29    40  0   0.0%   0.620 AU:12   +
   41    50  0   0.0%   0.769 CG:12   +
   70    97  0   0.0%   0.419 UG:12   +
   43    51  0   0.0%   1.440 GC:12   +
   75    82  0   0.0%   0.014 UG:12   +
   22    56  0   0.0%   0.607 GC:12   +
    5    64  0   0.0%   0.002 GU:12   +
   16    22  0   0.0%   0.002 UG:12   +
   42    49  0   0.0%   1.399 GU:12   +
    2    76  0   0.0%   0.328 GU:12   +
   74    83  0   0.0%   0.021 UA:12   +
   41    46  0   0.0%   0.612 CG:12   +
   24    28  0   0.0%   0.278 CG:12   +
   22    34  0   0.0%   0.008 GU:12   +
   48    55  0   0.0%   1.012 UA:12   +
   12    60  0   0.0%   0.011 UG:12   +
   76    81  0   0.0%   0.016 UA:12   +
   33    42  0   0.0%   0.286 UG:12   +
   18    34  0   0.0%   0.040 GU:12   +
   74    81  0   0.0%   0.025 UA:12   +
   16    45  0   0.0%   0.042 UA:12   +
   22    47  0   0.0%   0.627 GC:12   +
   43    53  0   0.0%   1.295 GU:12   +
   23    53  0   0.0%   0.745 AU:12   +
   17    35  0   0.0%   0.166 GC:12   +
    3    99  0   0.0%   0.328 UA:12   +
    3    98  0   0.0%   0.328 UA:12   +
   43    48  0   0.0%   1.627 GU:12   +
    3   100  0   0.0%   0.329 UA:12   +
   71    96  0   0.0%   0.371 UG:12   +
    5    76  0   0.0%   0.006 GU:12   +
   73    95  1   0.0%   0.015 GU:8    AU:3    +
    4    98  0   0.0%   0.063 UA:12   +
   68    74  0   0.0%   0.074 AU:12   +
   74    82  0   0.0%   0.021 UG:12   +
   42    52  0   0.0%   1.499 GU:12   +
   68    75  0   0.0%   0.074 AU:12   +
   75    84  0   0.0%   0.012 UG:12   +
   76    83  0   0.0%   0.011 UA:12   +
    4    97  0   0.0%   0.063 UG:12   +
   72    85  0   0.0%   0.165 UA:12   +
    4    99  0   0.0%   0.063 UA:12   +
   11    28  0   0.0%   0.001 CG:12   +
   43    47  0   0.0%   1.608 GC:12   +
   10    29  0   0.0%   0.001 UA:12   +
   26    33  0   0.0%   0.003 AU:12   +
   74    85  0   0.0%   0.020 UA:12   +
   72    83  0   0.0%   0.165 UA:12   +
   22    48  0   0.0%   0.584 GU:12   +
   33    43  0   0.0%   0.286 UG:12   +
   39    52  0   0.0%   0.840 AU:12   +
   71    84  0   0.0%   0.369 UG:12   +
   38    53  0   0.0%   0.631 AU:12   +
    9    30  0   0.0%   0.001 GC:12   +
   29    53  0   0.0%   1.090 AU:12   +
    9    70  0   0.0%   0.315 GU:12   +
   11    18  0   0.0%   0.001 CG:12   +
   70    85  0   0.0%   0.416 UA:12   +
   10    19  0   0.0%   0.001 UA:12   +
   80   101  0   0.0%   0.690 UA:12   +
   39    48  0   0.0%   0.965 AU:12   +
    3    97  0   0.0%   0.327 UG:12   +
   43    49  0   0.0%   1.403 GU:12   +
   21    43  0   0.0%   0.669 CG:12   +
    5    24  0   0.0%   0.001 GC:12   +
    6    23  0   0.0%   0.001 UA:12   +
   34    42  0   0.0%   0.616 UG:12   +
   38    49  0   0.0%   0.739 AU:12   +
   28    33  0   0.0%   0.133 GU:12   +
   12    17  0   0.0%   0.001 UG:12   +
   76    82  0   0.0%   0.011 UG:12   +
    7    22  0   0.0%   0.001 UG:12   +
   26    34  0   0.0%   0.006 AU:12   +
   50    56  0   0.0%   0.510 GC:12   +
   71    86  0   0.0%   0.371 UG:12   +
    8    71  0   0.0%   0.236 AU:12   +
    3   101  0   0.0%   0.328 UA:12   +
   75    83  0   0.0%   0.013 UA:12   +
    5    75  0   0.0%   0.007 GU:12   +
    4   100  0   0.0%   0.063 UA:12   +
   21    46  0   0.0%   0.408 CG:12   +
   42    48  0   0.0%   1.622 GU:12   +
   16    44  0   0.0%   0.041 UA:12   +
   24    43  0   0.0%   0.417 CG:12   +
   92    97  0   0.0%   0.201 CG:12   +
   10    60  0   0.0%   0.001 UG:12   +
   51    60  0   0.0%   1.043 CG:12   +
   91    98  0   0.0%   0.346 UA:12   +
   24    42  0   0.0%   0.414 CG:12   +
   38    48  0   0.0%   0.963 AU:12   +
   50    61  0   0.0%   0.496 GU:12   +
   52    59  0   0.0%   1.116 UA:12   +
   71    81  0   0.0%   0.365 UA:12   +
   47    60  0   0.0%   0.952 CG:12   +
   26    40  0   0.0%   0.280 AU:12   +
   68    80  0   0.0%   0.071 AU:12   +
   74    84  0   0.0%   0.019 UG:12   +
   76    84  0   0.0%   0.009 UG:12   +
   46    61  0   0.0%   0.605 GU:12   +
   70    96  0   0.0%   0.417 UG:12   +
   75    85  0   0.0%   0.012 UA:12   +
   48    59  0   0.0%   0.983 UA:12   +
   70    81  0   0.0%   0.413 UA:12   +
   33    38  0   0.0%   0.011 UA:12   +
   32    49  0   0.0%   1.070 GU:12   +
    3    26  0   0.0%   0.000 UA:12   +
    5    56  0   0.0%   0.000 GC:12   +
    6    55  0   0.0%   0.000 UA:12   +
    7    54  0   0.0%   0.000 UA:12   +
   34    46  0   0.0%   1.202 UG:12   +
   13    61  0   0.0%   0.004 GU:12   +
   71    89  0   0.0%   0.370 UG:12   +
   70    90  0   0.0%   0.416 UA:12   +
   68    72  0   0.0%   0.111 AU:12   +
   16    26  0   0.0%   0.036 UA:12   +
   72    88  0   0.0%   0.163 UA:12   +
   72    82  0   0.0%   0.165 UG:12   +
   43    52  0   0.0%   1.502 GU:12   +
   71    83  0   0.0%   0.370 UA:12   +
   74    86  0   0.0%   0.019 UG:12   +
    8    53  0   0.0%   0.000 AU:12   +
    3    96  0   0.0%   0.327 UG:12   +
   18    56  0   0.0%   0.829 GC:12   +
    1    80  0   0.0%   0.268 AU:12   +
   69    91  0   0.0%   0.388 GU:12   +
   29    61  0   0.0%   0.468 AU:12   +
   14    55  0   0.0%   0.001 UA:12   +
   30    60  0   0.0%   0.293 CG:12   +
    4    96  0   0.0%   0.062 UG:12   +
    9    64  0   0.0%   0.012 GU:12   +
   13    56  0   0.0%   0.000 GC:12   +
   18    63  0   0.0%   0.822 GC:12   +
   17    64  0   0.0%   0.810 GU:12   +
   15    53  0   0.0%   0.008 GU:12   +
    8    76  0   0.0%   0.008 AU:12   +
    2    58  0   0.0%   0.000 GC:12   +
   70    84  0   0.0%   0.415 UG:12   +
   15    49  0   0.0%   0.005 GU:12   +
   16    32  0   0.0%   0.039 UG:12   +
   26    64  0   0.0%   0.557 AU:12   +
   21    60  0   0.0%   0.498 CG:12   +
   50    58  0   0.0%   0.509 GC:12   +
   16    65  0   0.0%   0.145 UA:12   +
    9    51  0   0.0%   0.001 GC:12   +
    6    65  0   0.0%   0.001 UA:12   +
   14    19  0   0.0%   0.000 UA:12   +
   11    22  0   0.0%   0.001 CG:12   +
   10    50  0   0.0%   0.001 UG:12   +
   10    23  0   0.0%   0.001 UA:12   +
   76    85  0   0.0%   0.009 UA:12   +
    5    63  0   0.0%   0.000 GC:12   +
    9    24  0   0.0%   0.001 GC:12   +
    9    72  0   0.0%   0.054 GU:12   +
   16    29  0   0.0%   0.036 UA:12   +
   15    52  0   0.0%   0.007 GU:12   +
   60    67  0   0.0%   0.015 GC:12   +
    8    74  0   0.0%   0.010 AU:12   +
   87    97  0   0.0%   0.190 CG:12   +
   13    47  0   0.0%   0.000 GC:12   +
   14    46  0   0.0%   0.001 UG:12   +
   49    59  0   0.0%   0.762 UA:12   +
   38    52  0   0.0%   0.838 AU:12   +
    4   101  0   0.0%   0.063 UA:12   +
   39    53  0   0.0%   0.632 AU:12   +
   40    54  0   0.0%   0.321 UA:12   +
    8    61  0   0.0%   0.000 AU:12   +
   61    66  0   0.0%   0.011 UA:12   +
   28    40  0   0.0%   0.685 GU:12   +
    9    75  0   0.0%   0.016 GU:12   +
   42    53  0   0.0%   1.291 GU:12   +
   22    40  0   0.0%   0.003 GU:12   +
   39    49  0   0.0%   0.740 AU:12   +
   70    82  0   0.0%   0.413 UG:12   +
   15    30  0   0.0%   0.002 GC:12   +
   32    52  0   0.0%   1.172 GU:12   +
   75    86  0   0.0%   0.011 UG:12   +
   56    60  0   0.0%   0.028 CG:12   +
   35    97  0   0.0%   0.668 CG:12   +
   55    61  0   0.0%   0.051 AU:12   +
   34    98  0   0.0%   0.869 UA:12   +
   51    86  0   0.0%   1.033 CG:12   +
   50    87  0   0.0%   0.491 GC:12   +
   52    85  0   0.0%   1.100 UA:12   +
   17    33  0   0.0%   0.165 GU:12   +
    8    52  0   0.0%   0.000 AU:12   +
   63    97  0   0.0%   0.008 CG:12   +
   15    21  0   0.0%   0.000 GC:12   +
   49    88  0   0.0%   0.746 UA:12   +
   18    41  0   0.0%   0.043 GC:12   +
   19    40  0   0.0%   0.005 AU:12   +
    5    74  0   0.0%   0.007 GU:12   +
   15    48  0   0.0%   0.005 GU:12   +
    2    87  0   0.0%   0.325 GC:12   +
   86    94  0   0.0%   0.034 GC:12   +
   14    50  0   0.0%   0.001 UG:12   +
   53    84  0   0.0%   0.877 UG:12   +
   64    96  0   0.0%   0.003 UG:12   +
    3    86  0   0.0%   0.326 UG:12   +
   46    56  0   0.0%   0.618 GC:12   +
    2    30  0   0.0%   0.000 GC:12   +
   33    99  0   0.0%   0.571 UA:12   +
   43    94  0   0.0%   0.667 GC:12   +
    2    94  0   0.0%   0.325 GC:12   +
    7    66  0   0.0%   0.005 UA:12   +
    3    29  0   0.0%   0.000 UA:12   +
   48    89  0   0.0%   0.966 UG:12   +
   40    45  0   0.0%   0.725 UA:12   +
   58    69  0   0.0%   0.337 CG:12   +
    4    79  0   0.0%   0.063 UA:12   +
   61    99  0   0.0%   0.006 UA:12   +
   13    51  0   0.0%   0.000 GC:12   +
    4    28  0   0.0%   0.000 UG:12   +
   14    54  0   0.0%   0.001 UA:12   +
   43    63  0   0.0%   0.675 GC:12   +
   82    87  0   0.0%   0.006 GC:12   +
   44    93  0   0.0%   0.632 AU:12   +
   74    90  0   0.0%   0.018 UA:12   +
   41    96  0   0.0%   0.278 CG:12   +
   63    82  0   0.0%   0.008 CG:12   +
   75    89  0   0.0%   0.010 UG:12   +
   22    35  0   0.0%   0.007 GC:12   +
   64    81  0   0.0%   0.003 UA:12   +
    6    26  0   0.0%   0.000 UA:12   +
   71    88  0   0.0%   0.369 UA:12   +
   40    46  0   0.0%   0.618 UG:12   +
   83    95  1   0.2%   0.086 AU:11   +
   20    50  1   0.1%   0.424 CG:11   +
   27    35  1   0.1%   0.158 GC:11   +
   88    95  1   0.1%   0.072 AU:11   +
   20    60  1   0.0%   0.422 CG:11   +
   16    31  1   0.0%   0.045 UA:11   +
   31    52  1   0.0%   1.184 AU:11   +
   79    95  1   0.0%   0.131 AU:11   +
   20    46  1   0.0%   0.406 CG:11   +
   20    32  1   0.0%   0.132 CG:11   +
   95   100  1   0.0%   0.747 UA:11   +
    8    62  1   0.0%   0.001 AU:11   +
   31    40  1   0.0%   0.285 AU:11   +
    9    20  1   0.0%   0.001 GC:11   +
   20    42  1   0.0%   0.130 CG:11   +
   95   101  1   0.0%   0.481 UA:11   +
   27    63  1   0.0%   1.035 GC:11   +
   27    41  1   0.0%   0.669 GC:11   +
   82    95  1   0.0%   0.048 GU:11   +
   45    62  1   0.0%   0.712 AU:11   +
   95    99  1   0.0%   0.667 UA:11   +
   19    62  1   0.0%   0.514 AU:11   +
    1    95  1   0.0%   0.268 AU:11   +
   13    20  1   0.0%   0.000 GC:11   +
   31    53  1   0.0%   0.974 AU:11   +
   62    98  1   0.0%   0.007 UA:11   +
   85    95  1   0.0%   0.091 AU:11   +
   54    62  1   0.0%   0.049 AU:11   +
   42    95  1   0.0%   0.663 GU:11   +
   62    83  1   0.0%   0.007 UA:11   +
   20    27  2   0.1%   0.029 CG:10   +
..(((((((.((((((((.((((...(((....)))...))))...))......))))))..)))))))..........((((((.....)))))).....
