45 sequence; length of alignment 183
alifold output
  139   156  0  97.9%   0.080 GU:1    AU:43   UA:1   
   14    23  0  99.1%   0.032 CG:44   --:1   
   15    22  0  99.1%   0.033 CG:44   --:1   
  141   154  0  97.8%   0.106 GC:1    AU:44  
   13    24  0  98.7%   0.040 AU:44   --:1   
  138   157  0  97.9%   0.080 GC:45  
  140   155  1  98.0%   0.125 GC:44  
  142   153  0  95.6%   0.266 UG:25   UA:20  
   16    21  1  96.6%   0.103 UA:43   --:1   
   12    25  0  92.1%   0.255 CG:44   --:1   
   83   113  0  86.1%   0.733 CG:44   UG:1   
   85   111  0  85.2%   0.886 GC:1    GU:44  
   84   112  0  86.1%   0.851 GC:45  
   82   114  0  85.9%   0.667 GC:45  
   86   110  0  83.7%   0.926 UG:2    UA:43  
   93   100  0  84.6%   0.736 AU:45  
   92   101  0  84.3%   1.014 GC:45  
   94    99  0  83.9%   0.925 GC:45  
   91   102  0  83.7%   0.952 GC:45  
   50    68  0  78.6%   0.583 CG:45  
   51    67  0  78.6%   0.574 AU:45  
   52    66  0  78.5%   0.600 UA:45  
   49    69  0  78.1%   0.591 CG:45  
   53    65  0  77.7%   0.635 GC:45  
  137   158  1  74.7%   1.012 CG:20   UG:2    UA:20   --:2   
   41   130  0  56.8%   1.628 GC:45  
   42   129  0  56.8%   1.654 CG:45  
   40   131  0  56.4%   2.082 GC:45  
   43   128  0  56.2%   1.800 CG:45  
   88   105  2  54.7%   1.103 AU:43  
   79   116  0  51.6%   1.925 CG:45  
   80   115  0  51.3%   1.906 UA:45  
   89   104  0  49.5%   1.407 GC:4    GU:41  
   87   109  0  45.5%   1.859 UG:3    UA:42   +
   38   132  0  42.9%   2.144 GC:42   GU:3   
   35   135  0  39.9%   1.352 CG:4    UG:39   UA:2   
   71   124  0  39.9%   1.695 GC:20   GU:25  
   74   121  0  39.1%   2.128 GC:42   GU:2    --:1   
   70   125  0  38.9%   2.243 CG:44   UG:1   
   34   136  0  39.1%   1.466 CG:45  
   72   123  0  38.9%   2.079 UA:45  
   44    75  0  36.7%   1.137 AU:45   +
   43    76  0  36.7%   1.187 CG:45   +
   45    74  0  36.6%   1.141 CG:45   +
   75   120  0  35.3%   1.911 UG:1    UA:44  
   42    77  0  36.2%   1.189 CG:45   +
   87   106  0  35.1%   1.551 UG:4    UA:41  
    5   124  0  28.7%   1.433 GC:20   GU:24   --:1    +
   77   117  0  29.3%   2.059 GC:45  
    3   126  0  29.2%   1.572 CG:44   --:1    +
    4   125  0  29.0%   1.434 UG:44   --:1    +
    2   127  0  28.9%   1.525 CG:44   --:1    +
    6   123  1  26.7%   1.332 UA:43   --:1    +
   54    63  0  25.7%   1.085 GC:45   +
  130   136  0  21.5%   2.036 CG:45   +
  131   135  2  21.1%   2.047 CG:43   +
  129   137  0  19.3%   1.510 GC:21   GU:24   +
   57    70  0  12.8%   0.889 GC:44   GU:1    +
   45   127  0  13.5%   2.184 CG:45   +
   50    76  0  13.4%   1.385 CG:45   +
   51    75  0  13.4%   1.375 AU:45   +
   49    77  0  13.3%   1.380 CG:45   +
   52    74  0  13.2%   1.394 UG:45   +
   46    72  0  13.2%   0.825 AU:45   +
   58    69  0  12.8%   1.040 CG:45   +
   59    68  0  12.7%   0.993 UG:45   +
   45   126  0  12.7%   1.859 CG:45   +
   41    79  0  10.9%   1.032 GC:45   +
   60    67  0  10.8%   0.923 GU:45   +
   89   107  1  10.5%   1.533 GC:42   GU:2    +
   61    66  0   9.8%   1.042 UA:45   +
   40    79  0   9.6%   0.929 GC:45   +
   40    80  0   9.4%   1.366 GU:45   +
   39    80  0   9.3%   0.859 AU:45   +
   38   101  0   8.7%   1.111 GC:45   +
   37   102  0   8.7%   1.368 GC:45   +
   39   100  0   8.7%   1.030 AU:45   +
   40    99  0   8.6%   1.315 GC:45   +
   36   103  0   8.6%   1.173 GC:45   +
   41    98  0   8.4%   0.934 GC:45   +
   64    70  0   6.6%   0.847 GC:44   GU:1    +
   62    72  0   6.4%   0.929 GU:1    AU:44   +
   89   103  0   7.0%   0.947 GC:45   +
   63    71  0   6.6%   0.949 CG:45   +
   65    69  0   6.5%   1.230 CG:45   +
   85    96  0   6.3%   0.747 GC:45   +
   86    95  0   6.3%   0.734 UA:45   +
   84    97  0   6.3%   0.806 GC:45   +
    3    36  0   6.1%   0.519 CG:44   --:1    +
    2    37  0   6.1%   0.517 CG:44   --:1    +
   11    38  0   6.0%   0.891 CG:44   --:1    +
   10    39  0   6.0%   0.800 UA:44   --:1    +
   87    94  0   5.9%   0.711 UG:45   +
    9    40  0   5.8%   0.610 CG:44   --:1    +
    3    37  0   5.8%   0.838 CG:44   --:1    +
    2    38  0   5.7%   0.663 CG:44   --:1    +
   61    73  0   5.4%   0.898 UA:45   +
    4    36  0   5.3%   0.668 UG:44   --:1    +
    8   121  2   5.6%   0.623 GC:40   GU:2    --:1    +
   12    37  0   4.6%   0.949 CG:44   --:1    +
   10    27  0   4.3%   0.417 UA:43   --:2    +
  145   151  0   4.2%   0.640 AU:45   +
   36   132  0   2.9%   1.085 GC:42   GU:3    +
  144   151  0   3.7%   0.491 AU:45   +
    8    86  0   2.5%   0.296 GU:42   AU:2    --:1    +
   56    61  0   3.4%   0.376 AU:45   +
  124   140  0   1.1%   0.919 CG:20   UG:24   UA:1    +
    5    35  0   2.1%   0.446 GC:3    GU:41   --:1    +
    5    33  0   2.0%   0.262 GC:7    GU:37   --:1    +
   37   132  0   1.9%   1.403 GC:42   GU:3    +
   37   131  0   2.8%   1.256 GC:45   +
    5    34  0   2.8%   0.404 GC:44   --:1    +
   58   116  0   2.7%   0.863 CG:45   +
   57   117  0   2.7%   0.815 GC:45   +
   59   115  0   2.7%   0.774 UA:45   +
   38   130  0   2.6%   0.981 GC:45   +
   49    85  0   2.6%   0.874 CG:45   +
   50    84  0   2.6%   0.871 CG:45   +
   48    86  0   2.6%   0.391 AU:45   +
  111   153  0   0.6%   0.247 CG:1    UG:24   UA:20   +
    3    91  0   2.5%   0.624 CG:44   --:1    +
    4    90  0   2.5%   0.467 UA:44   --:1    +
    2    92  0   2.5%   0.617 CG:44   --:1    +
   90   105  2   3.2%   0.884 AU:43   +
   64    83  0   1.5%   0.553 GC:44   GU:1    +
    9    85  0   2.5%   0.553 CG:44   --:1    +
   70    77  0   1.5%   1.352 CG:44   UG:1    +
   86   106  0   1.4%   0.587 UG:4    UA:41   +
  121   126  0   1.4%   2.008 CG:42   UG:2    --:1    +
   53   121  0   1.4%   0.733 GC:42   GU:2    --:1    +
   42    92  0   2.4%   0.814 CG:45   +
   43    91  0   2.4%   0.812 CG:45   +
   90   100  0   2.3%   0.577 AU:45   +
   91    99  0   2.3%   0.677 GC:45   +
   92    98  0   2.3%   0.675 GC:45   +
   47    87  0   2.3%   0.435 AU:45   +
   37    83  0   1.2%   0.879 GC:44   GU:1    +
   89   101  0   2.2%   0.553 GC:45   +
   33   136  0   1.2%   0.312 CG:7    UG:38   +
   11    36  0   2.1%   0.617 CG:44   --:1    +
   10    37  0   2.1%   0.792 UG:44   --:1    +
    9    38  0   2.1%   0.442 CG:44   --:1    +
   60   114  0   2.1%   0.635 GC:45   +
   58    77  0   2.1%   1.280 CG:45   +
   76   121  0   1.1%   1.632 GC:42   GU:2    --:1    +
   53    80  0   2.1%   0.966 GU:45   +
   54    79  0   2.1%   1.137 GC:45   +
  143   151  0   1.1%   0.299 GU:44   AU:1    +
   59    76  0   2.1%   1.229 UG:45   +
    8    33  0   0.0%   0.101 GC:7    GU:35   AU:2    --:1    +
    7    87  1   2.5%   0.282 AU:43   --:1    +
   33   135  0   0.0%   0.155 CG:7    UG:36   UA:2    +
    8   111  0   0.0%   0.117 GC:1    GU:41   AU:2    --:1    +
    8   124  0   0.0%   0.638 GC:20   GU:22   AU:2    --:1    +
    6    88  1   2.5%   0.392 UA:43   --:1    +
   52    81  0   2.0%   0.725 UA:45   +
    8   104  0   0.0%   0.114 GC:4    GU:38   AU:2    --:1    +
    8    35  0   0.0%   0.100 GC:3    GU:39   AU:2    --:1    +
    8   105  0   0.0%   0.113 GC:2    GU:40   AU:2    --:1    +
    6   135  0   0.0%   0.655 CG:1    UG:41   UA:2    --:1    +
  108   154  0   0.0%   0.051 GC:1    GU:1    AU:43   +
    6   143  0   0.0%   0.643 CG:1    UG:42   UA:1    --:1    +
  104   135  0   0.0%   0.911 CG:4    UG:39   UA:2    +
  105   135  0   0.0%   0.992 CG:2    UG:41   UA:2    +
  111   135  0   0.0%   0.642 CG:1    UG:42   UA:2    +
  143   154  0   0.0%   0.191 GC:1    GU:43   AU:1    +
    8    16  0   0.0%   0.001 GC:1    GU:41   AU:2    --:1    +
  137   143  0   0.0%   0.408 CG:21   UG:23   UA:1    +
   91   104  0   1.0%   0.979 GC:4    GU:41   +
   47    72  0   1.9%   0.504 AU:45   +
  116   147  0   1.9%   0.845 GC:45   +
   10    84  0   1.9%   0.685 UG:44   --:1    +
  117   146  0   1.9%   0.910 CG:45   +
  115   148  0   1.9%   0.742 AU:45   +
  114   149  0   1.8%   0.506 CG:45   +
   50   125  0   1.8%   1.339 CG:45   +
   49   126  0   1.8%   1.597 CG:45   +
   36    83  0   0.8%   0.615 GC:44   GU:1    +
   45    89  0   1.8%   0.620 CG:45   +
   89   105  0   0.8%   1.153 GC:2    GU:43   +
   61   113  0   1.7%   0.837 UG:45   +
  113   151  0   1.7%   0.509 GU:45   +
   35    40  0   0.7%   0.380 CG:4    UG:41   +
   38   131  0   1.7%   1.096 GC:45   +
   54   121  0   0.7%   0.849 GC:42   GU:2    --:1    +
  125   132  0   0.6%   1.882 GC:42   GU:3    +
   85   107  1   1.6%   0.616 GC:42   GU:2    +
    6    32  1   2.1%   0.277 UA:43   --:1    +
  121   143  1   1.5%   1.028 CG:41   UG:2    --:1    +
  122   142  0   1.5%   0.318 AU:45   +
   65    82  0   1.5%   0.656 CG:45   +
    6   113  0   0.5%   0.292 CG:1    UG:43   --:1    +
   87   108  0   0.5%   0.827 UG:2    UA:43   +
   63    84  0   1.4%   0.981 CG:45   +
   35    84  0   0.4%   0.285 CG:4    UG:41   +
   69    79  0   1.4%   1.454 GC:45   +
   68    80  0   1.4%   1.253 GU:45   +
   86   109  0   0.4%   0.523 UG:3    UA:42   +
    5   121  0   0.4%   0.402 GC:42   GU:2    --:1    +
   67    81  0   1.4%   0.706 UA:45   +
   45   125  0   1.4%   1.137 CG:45   +
  117   129  0   1.3%   1.274 CG:45   +
  121   127  0   0.3%   1.922 CG:42   UG:2    --:1    +
   43   127  0   1.3%   1.262 CG:45   +
   16   125  0   0.3%   0.532 CG:1    UG:43   --:1    +
   37    42  0   1.3%   0.754 GC:45   +
   36    43  0   1.3%   0.601 GC:45   +
   52   122  0   1.3%   0.782 UA:45   +
    5   132  0   0.3%   0.769 GC:42   GU:2    --:1    +
    8    26  0   0.3%   0.056 GU:42   AU:2    --:1    +
   17   124  0   0.3%   0.424 GC:20   GU:24   --:1    +
   57    83  0   0.3%   0.614 GC:44   GU:1    +
   53    83  0   0.2%   0.472 GC:44   GU:1    +
   94   101  0   1.2%   0.932 GC:45   +
   10   135  0   0.2%   0.690 UG:42   UA:2    --:1    +
   91   103  0   1.2%   1.000 GC:45   +
   42   128  0   1.2%   0.883 CG:45   +
  116   130  0   1.2%   1.222 GC:45   +
  116   121  0   0.2%   1.313 GC:42   GU:2    --:1    +
    4   135  0   0.2%   0.801 UG:42   UA:2    --:1    +
   33    41  0   0.2%   0.144 CG:7    UG:38   +
    5   107  0   0.2%   0.321 GC:42   GU:2    --:1    +
  104   125  0   0.2%   1.562 CG:4    UG:41   +
   70   127  0   0.2%   1.804 CG:44   UG:1    +
    6   125  0   0.2%   1.032 CG:1    UG:43   --:1    +
   19   121  0   0.2%   0.230 GC:42   GU:2    --:1    +
  113   121  0   0.1%   1.026 GC:42   GU:2    --:1    +
  143   148  0   0.1%   0.182 GU:44   AU:1    +
    4   108  0   0.1%   0.309 UG:1    UA:43   --:1    +
   70   126  0   0.1%   1.819 CG:44   UG:1    +
    6   116  0   0.1%   0.292 CG:1    UG:43   --:1    +
   40   132  0   0.1%   1.852 GC:42   GU:3    +
  104   126  0   0.1%   1.498 CG:4    UG:41   +
  128   137  0   0.1%   0.718 GC:21   GU:24   +
   10    18  0   0.1%   0.024 UG:1    UA:43   --:1    +
  137   146  0   0.1%   0.440 CG:21   UG:24   +
   86   108  0   0.1%   0.479 UG:2    UA:43   +
   53   132  0   0.1%   1.009 GC:42   GU:3    +
  121   128  0   0.1%   1.512 CG:42   UG:2    --:1    +
  135   148  0   0.1%   0.923 GU:43   AU:2    +
   74    83  0   0.1%   0.932 GC:44   GU:1    +
  105   125  0   0.1%   1.654 CG:2    UG:43   +
   23    33  0   0.1%   0.117 GC:7    GU:37   --:1    +
   10   120  0   0.1%   0.607 UG:1    UA:43   --:1    +
   57    79  0   1.1%   1.124 GC:45   +
   25    33  0   0.1%   0.207 GC:7    GU:38   +
  126   132  0   0.1%   1.816 GC:42   GU:3    +
  116   124  0   0.1%   1.341 GC:20   GU:25   +
  121   125  0   0.1%   1.945 CG:42   UG:2    --:1    +
   94   132  0   0.1%   1.009 GC:42   GU:3    +
   40   130  0   1.1%   1.138 GC:45   +
   91   132  0   0.1%   1.127 GC:42   GU:3    +
   74   124  0   0.1%   1.866 GC:20   GU:25   +
   35   126  0   0.1%   0.662 CG:4    UG:41   +
   98   126  0   1.1%   1.377 CG:45   +
   16    36  0   0.1%   0.475 CG:1    UG:43   --:1    +
   97   127  0   1.1%   1.224 CG:45   +
   99   125  0   1.1%   1.601 CG:45   +
   38    83  0   0.1%   0.577 GC:44   GU:1    +
   35   136  0   0.1%   0.989 CG:4    UG:41   +
   37   124  0   0.1%   1.337 GC:20   GU:25   +
   33    85  0   0.1%   0.217 CG:7    UG:38   +
   53   124  0   0.1%   0.807 GC:20   GU:25   +
   70    82  0   0.1%   0.622 CG:44   UG:1    +
   96   128  0   1.1%   0.845 CG:45   +
   69    83  0   0.1%   0.901 GC:44   GU:1    +
   72   106  0   0.1%   0.621 UG:4    UA:41   +
   17    35  0   0.0%   0.101 GC:3    GU:41   --:1    +
   74   104  0   0.0%   0.734 GC:4    GU:41   +
   33   128  0   0.0%   0.265 CG:7    UG:38   +
  113   124  0   0.0%   1.061 GC:20   GU:25   +
    6   129  0   0.0%   0.662 CG:1    UG:43   --:1    +
   20    33  0   0.0%   0.092 GC:7    AU:37   --:1    +
   17   121  0   0.0%   0.207 GC:42   GU:2    --:1    +
   76    83  0   0.0%   0.990 GC:44   GU:1    +
   35   125  0   0.0%   0.611 CG:4    UG:41   +
  121   136  0   0.0%   1.323 CG:42   UG:2    --:1    +
   70    76  0   0.0%   1.226 CG:44   UG:1    +
  124   129  0   0.0%   1.308 CG:20   UG:25   +
   75   106  0   0.0%   0.778 UG:4    UA:41   +
   36   124  0   0.0%   1.136 GC:20   GU:25   +
   35    53  0   0.0%   0.132 CG:4    UG:41   +
   76   105  0   0.0%   0.799 GC:2    GU:43   +
  104   116  0   0.0%   0.928 CG:4    UG:41   +
   33   127  0   0.0%   0.620 CG:7    UG:38   +
   77   121  0   0.0%   1.876 GC:42   GU:2    --:1    +
   77   104  0   0.0%   0.805 GC:4    GU:41   +
  128   154  0   0.0%   0.727 GC:1    GU:44   +
   33    54  0   0.0%   0.117 CG:7    UG:38   +
   67   110  0   0.0%   0.501 UG:2    UA:43   +
  128   132  0   0.0%   1.308 GC:42   GU:3    +
   33    38  0   0.0%   0.529 CG:7    UG:38   +
   71   121  0   0.0%   0.506 GC:42   GU:2    --:1    +
  132   136  0   0.0%   1.463 CG:42   UG:3    +
  121   129  0   0.0%   1.363 CG:42   UG:2    --:1    +
   72   120  0   0.0%   0.634 UG:1    UA:44   +
   71    83  0   0.0%   0.401 GC:44   GU:1    +
  111   136  0   0.0%   0.640 CG:1    UG:44   +
   83   116  0   0.0%   0.858 CG:44   UG:1    +
   56    80  0   1.0%   0.816 AU:45   +
   35    41  0   0.0%   0.180 CG:4    UG:41   +
   18   156  0   0.0%   0.012 GU:1    AU:43   --:1    +
  111   128  0   0.0%   0.820 CG:1    UG:44   +
  129   154  0   0.0%   0.893 GC:1    GU:44   +
  111   126  0   0.0%   1.223 CG:1    UG:44   +
   33    37  0   0.0%   0.682 CG:7    UG:38   +
   70    84  0   0.0%   0.787 CG:44   UG:1    +
   40   121  0   0.0%   1.096 GC:42   GU:2    --:1    +
    6    37  0   0.0%   0.450 CG:1    UG:43   --:1    +
   41   137  0   0.0%   0.859 GC:21   GU:24   +
   20   154  0   0.0%   0.010 GU:7    AU:37   --:1    +
   16    22  0   0.0%   0.052 CG:1    UG:43   --:1    +
   35    85  0   0.0%   0.265 CG:4    UG:41   +
   38   121  0   0.0%   0.891 GC:42   GU:2    --:1    +
  111   116  0   0.0%   0.700 CG:1    UG:44   +
   37   121  0   0.0%   1.147 GC:42   GU:2    --:1    +
   91   105  0   0.0%   1.020 GC:2    GU:43   +
   36   121  0   0.0%   0.952 GC:42   GU:2    --:1    +
   95   100  0   1.0%   0.765 AU:45   +
   87   110  0   0.0%   1.273 UG:2    UA:43   +
   33    40  0   0.0%   0.272 CG:7    UG:38   +
  104   113  0   0.0%   0.673 CG:4    UG:41   +
   41   154  0   0.0%   0.853 GC:1    GU:44   +
   60   124  0   0.0%   0.798 GC:20   GU:25   +
    6    41  0   0.0%   0.114 CG:1    UG:43   --:1    +
   62    86  0   0.0%   0.374 GU:1    AU:44   +
  127   132  0   0.0%   1.714 GC:42   GU:3    +
    4     8  0   0.0%   0.002 UG:42   UA:2    --:1    +
  141   151  0   0.0%   0.073 GU:1    AU:44   +
   10   139  0   0.0%   0.651 UG:1    UA:43   --:1    +
   84   104  0   0.0%   0.467 GC:4    GU:41   +
  111   129  0   0.0%   0.625 CG:1    UG:44   +
   41    70  0   0.0%   0.061 GC:44   GU:1    +
   83    89  0   0.0%   0.288 CG:44   UG:1    +
   77    83  0   0.0%   0.990 GC:44   GU:1    +
   82   104  0   0.0%   0.136 GC:4    GU:41   +
   35    60  0   0.0%   0.126 CG:4    UG:41   +
   92   132  0   0.0%   1.100 GC:42   GU:3    +
  113   132  0   0.0%   0.889 GC:42   GU:3    +
   80   106  0   0.0%   0.724 UG:4    UA:41   +
   16   126  0   0.0%   0.556 CG:1    UG:43   --:1    +
  116   137  0   0.0%   0.639 GC:21   GU:24   +
  113   137  0   0.0%   0.315 GC:21   GU:24   +
   53    70  0   0.0%   0.246 GC:44   GU:1    +
   70    74  0   0.0%   1.143 CG:44   UG:1    +
   25   121  0   0.0%   0.355 GC:42   GU:2    --:1    +
   26   120  0   0.0%   0.106 UG:1    UA:44   +
   62    67  0   0.0%   0.432 GU:1    AU:44   +
  105   113  0   0.0%   0.758 CG:2    UG:43   +
   41   121  0   0.0%   0.718 GC:42   GU:2    --:1    +
   54    83  0   0.0%   0.598 GC:44   GU:1    +
  105   116  0   0.0%   1.013 CG:2    UG:43   +
   77   111  0   0.0%   0.808 GC:1    GU:44   +
   85   105  0   0.0%   0.411 GC:2    GU:43   +
  132   149  0   0.0%   0.705 CG:42   UG:3    +
  124   138  0   0.0%   0.774 CG:20   UG:25   +
   35   127  0   0.0%   0.664 CG:4    UG:41   +
   22    35  0   0.0%   0.108 GC:3    GU:41   --:1    +
    6   126  0   0.0%   1.047 CG:1    UG:43   --:1    +
  124   128  0   0.0%   1.445 CG:20   UG:25   +
   10    20  0   0.0%   0.010 UG:7    UA:37   --:1    +
  127   137  0   0.0%   1.104 GC:21   GU:24   +
   41    83  0   0.0%   0.402 GC:44   GU:1    +
   83    92  0   0.0%   0.395 CG:44   UG:1    +
   62    75  0   0.0%   0.907 GU:1    AU:44   +
   26   106  0   0.0%   0.053 UG:4    UA:41   +
    6    25  0   0.0%   0.002 CG:1    UG:43   --:1    +
   69   111  0   0.0%   0.712 GC:1    GU:44   +
   35    76  0   0.0%   0.127 CG:4    UG:41   +
   25    35  0   0.0%   0.204 GC:4    GU:41   +
  111   127  0   0.0%   1.193 CG:1    UG:44   +
   36   104  0   0.0%   0.752 GC:4    GU:41   +
   10   109  0   0.0%   0.538 UG:3    UA:41   --:1    +
   33   129  0   0.0%   0.178 CG:7    UG:38   +
   36   137  0   0.0%   0.872 GC:21   GU:24   +
  108   142  0   0.0%   0.043 GU:2    AU:43   +
   83    91  0   0.0%   0.397 CG:44   UG:1    +
    5   137  0   0.0%   0.737 GC:21   GU:23   --:1    +
    6   136  0   0.0%   0.657 CG:1    UG:43   --:1    +
   26    62  0   0.0%   0.042 UG:1    UA:44   +
   92   104  0   0.0%   0.911 GC:4    GU:41   +
   35    82  0   0.0%   0.131 CG:4    UG:41   +
    5    83  0   0.0%   0.290 GC:43   GU:1    --:1    +
    6    82  0   0.0%   0.114 CG:1    UG:43   --:1    +
   24   108  0   0.0%   0.033 UG:1    UA:43   --:1    +
  104   127  0   0.0%   1.463 CG:4    UG:41   +
   52   120  0   0.0%   0.619 UG:1    UA:44   +
   16    37  0   0.0%   0.622 CG:1    UG:43   --:1    +
   41   124  0   0.0%   0.899 GC:20   GU:25   +
  125   137  0   0.0%   1.248 GC:21   GU:24   +
   67   108  0   0.0%   0.506 UG:2    UA:43   +
  105   126  0   0.0%   1.572 CG:2    UG:43   +
  106   151  0   0.0%   0.448 GU:4    AU:41   +
   60    83  0   0.0%   0.457 GC:44   GU:1    +
   54   124  0   0.0%   0.908 GC:20   GU:25   +
   37   137  0   0.0%   1.142 GC:21   GU:24   +
   89   132  0   0.0%   1.556 GC:42   GU:3    +
  124   136  0   0.0%   1.258 CG:20   UG:25   +
   94   137  0   0.0%   0.430 GC:21   GU:24   +
   60    70  0   0.0%   0.518 GC:44   GU:1    +
   57   121  0   0.0%   0.863 GC:42   GU:2    --:1    +
   80   120  0   0.0%   1.452 UG:1    UA:44   +
    6    22  0   0.0%   0.003 CG:1    UG:43   --:1    +
  124   149  0   0.0%   0.896 CG:20   UG:25   +
   70   129  0   0.0%   1.281 CG:44   UG:1    +
   76   104  0   0.0%   0.791 GC:4    GU:41   +
  108   148  0   0.0%   0.043 GU:2    AU:43   +
   10   110  0   0.0%   0.538 UG:2    UA:42   --:1    +
   82   105  0   0.0%   0.138 GC:2    GU:43   +
   84   111  0   0.0%   0.471 GC:1    GU:44   +
    8   154  0   0.0%   0.298 GU:42   AU:2    --:1    +
  121   146  0   0.0%   0.974 CG:42   UG:2    --:1    +
   54    70  0   0.0%   0.389 GC:44   GU:1    +
   76   124  0   0.0%   1.629 GC:20   GU:25   +
   75   108  0   0.0%   0.768 UG:2    UA:43   +
   26   110  0   0.0%   0.043 UG:2    UA:43   +
  126   137  0   0.0%   1.201 GC:21   GU:24   +
   52    62  0   0.0%   0.030 UG:1    UA:44   +
    6   146  0   0.0%   0.643 CG:1    UG:43   --:1    +
   80   135  0   0.0%   1.525 UG:43   UA:2    +
   85   104  0   0.0%   0.409 GC:4    GU:41   +
  148   153  0   0.0%   0.172 UG:25   UA:20   +
    8   151  0   0.0%   0.298 GU:42   AU:2    --:1    +
   67   109  0   0.0%   0.497 UG:3    UA:42   +
   23   107  0   0.0%   0.033 GC:42   GU:2    --:1    +
   74   105  0   0.0%   0.732 GC:2    GU:43   +
   24   106  0   0.0%   0.033 UG:4    UA:40   --:1    +
   60   121  0   0.0%   0.705 GC:42   GU:2    --:1    +
   19    35  0   0.0%   0.097 GC:3    GU:41   --:1    +
    5   111  0   0.0%   0.300 GC:1    GU:43   --:1    +
   25   124  0   0.0%   0.533 GC:20   GU:25   +
   64   137  0   0.0%   0.315 GC:21   GU:24   +
   70   116  0   0.0%   0.684 CG:44   UG:1    +
   62    87  0   0.0%   0.366 GU:1    AU:44   +
   10   108  0   0.0%   0.546 UG:1    UA:43   --:1    +
    4   109  0   0.0%   0.291 UG:3    UA:41   --:1    +
   83    94  0   0.0%   0.215 CG:44   UG:1    +
   33   126  0   0.0%   0.608 CG:7    UG:38   +
    8    24  0   0.0%   0.001 GU:42   AU:2    --:1    +
   83   149  0   0.0%   0.340 CG:44   UG:1    +
   23   121  0   0.0%   0.224 GC:42   GU:2    --:1    +
  116   132  0   0.0%   1.212 GC:42   GU:3    +
    8    72  0   0.0%   0.019 GU:42   AU:2    --:1    +
   25   105  0   0.0%   0.119 GC:2    GU:43   +
    4   106  0   0.0%   0.282 UG:4    UA:40   --:1    +
   22   121  0   0.0%   0.247 GC:42   GU:2    --:1    +
    5   105  0   0.0%   0.290 GC:2    GU:42   --:1    +
   16   127  0   0.0%   0.562 CG:1    UG:43   --:1    +
   70    85  0   0.0%   0.728 CG:44   UG:1    +
    8    75  0   0.0%   0.019 GU:42   AU:2    --:1    +
   80   109  0   0.0%   0.707 UG:3    UA:42   +
  120   142  0   0.0%   0.399 GU:1    AU:44   +
   59   135  0   0.0%   0.976 UG:43   UA:2    +
    6    19  0   0.0%   0.000 CG:1    UG:43   --:1    +
   61   120  0   0.0%   0.659 UG:1    UA:44   +
    4   153  0   0.0%   0.778 UG:24   UA:20   --:1    +
   10   153  0   0.0%   0.650 UG:24   UA:20   --:1    +
   57   137  0   0.0%   0.585 GC:21   GU:24   +
   82   121  0   0.0%   0.976 GC:42   GU:2    --:1    +
  100   120  0   0.0%   0.895 UG:1    UA:44   +
    6    40  0   0.0%   0.112 CG:1    UG:43   --:1    +
   70   128  0   0.0%   1.421 CG:44   UG:1    +
    4   120  0   0.0%   0.325 UG:1    UA:43   --:1    +
    8   156  0   0.0%   0.298 GU:42   AU:2    --:1    +
   92   105  0   0.0%   0.996 GC:2    GU:43   +
   84   105  0   0.0%   0.468 GC:2    GU:43   +
   38   124  0   0.0%   1.072 GC:20   GU:25   +
  100   135  0   0.0%   1.062 UG:43   UA:2    +
   36   105  0   0.0%   0.753 GC:2    GU:43   +
   35    54  0   0.0%   0.129 CG:4    UG:41   +
   33   116  0   0.0%   0.186 CG:7    UG:38   +
   19    33  0   0.0%   0.089 GC:7    GU:37   --:1    +
   76   132  0   0.0%   1.449 GC:42   GU:3    +
   24   120  0   0.0%   0.085 UG:1    UA:43   --:1    +
   35   113  0   0.0%   0.217 CG:4    UG:41   +
   80   110  0   0.0%   0.708 UG:2    UA:43   +
   75   110  0   0.0%   0.760 UG:2    UA:43   +
   19   124  0   0.0%   0.398 GC:20   GU:24   --:1    +
   35   116  0   0.0%   0.221 CG:4    UG:41   +
   40    83  0   0.0%   0.776 GC:44   GU:1    +
   26   135  0   0.0%   0.105 UG:43   UA:2    +
    6    36  0   0.0%   0.439 CG:1    UG:43   --:1    +
   26   109  0   0.0%   0.043 UG:3    UA:42   +
   38   137  0   0.0%   1.231 GC:21   GU:24   +
  121   149  0   0.0%   0.973 CG:42   UG:2    --:1    +
   74   111  0   0.0%   0.739 GC:1    GU:44   +
  146   154  0   0.0%   0.150 GC:1    GU:44   +
   70   113  0   0.0%   0.652 CG:44   UG:1    +
    6    94  0   0.0%   0.206 CG:1    UG:43   --:1    +
   16    23  0   0.0%   0.051 CG:1    UG:43   --:1    +
  120   151  0   0.0%   0.469 GU:1    AU:44   +
   33    84  0   0.0%   0.197 CG:7    UG:38   +
   57   124  0   0.0%   0.955 GC:20   GU:25   +
   61   106  0   0.0%   0.571 UG:4    UA:41   +
    8    80  0   0.0%   0.019 GU:42   AU:2    --:1    +
   61   110  0   0.0%   0.561 UG:2    UA:43   +
    6    38  0   0.0%   0.276 CG:1    UG:43   --:1    +
   64   111  0   0.0%   0.307 GC:1    GU:44   +
   59   108  0   0.0%   0.417 UG:2    UA:43   +
  135   142  0   0.0%   0.894 GU:43   AU:2    +
   64   124  0   0.0%   0.688 GC:20   GU:25   +
   68   132  0   0.0%   1.096 GC:42   GU:3    +
    4    18  0   0.0%   0.001 UG:1    UA:43   --:1    +
  141   148  0   0.0%   0.083 GU:1    AU:44   +
  121   140  0   0.0%   0.835 CG:42   UG:2    --:1    +
  100   109  0   0.0%   0.880 UG:3    UA:42   +
  104   136  0   0.0%   0.905 CG:4    UG:41   +
   23   111  0   0.0%   0.024 GC:1    GU:43   --:1    +
  104   146  0   0.0%   0.425 CG:4    UG:41   +
   33   138  0   0.0%   0.177 CG:7    UG:38   +
  132   138  0   0.0%   0.631 CG:42   UG:3    +
    8   142  0   0.0%   0.297 GU:42   AU:2    --:1    +
  110   142  0   0.0%   0.154 GU:2    AU:43   +
   35   128  0   0.0%   0.299 CG:4    UG:41   +
   86   135  0   0.0%   1.095 UG:43   UA:2    +
    4   110  0   0.0%   0.291 UG:2    UA:42   --:1    +
   82   132  0   0.0%   0.840 GC:42   GU:3    +
   24   110  0   0.0%   0.024 UG:2    UA:42   --:1    +
   10   106  0   0.0%   0.547 UG:4    UA:40   --:1    +
   17    33  0   0.0%   0.089 GC:7    GU:37   --:1    +
   22    33  0   0.0%   0.099 GC:7    GU:37   --:1    +
   33    60  0   0.0%   0.113 CG:7    UG:38   +
   40   124  0   0.0%   1.276 GC:20   GU:25   +
   33    53  0   0.0%   0.111 CG:7    UG:38   +
   61   141  0   0.0%   0.633 UG:1    UA:44   +
   25   111  0   0.0%   0.120 GC:1    GU:44   +
   37   104  0   0.0%   0.946 GC:4    GU:41   +
   41   132  0   0.0%   1.414 GC:42   GU:3    +
   33   113  0   0.0%   0.182 CG:7    UG:38   +
   82   111  0   0.0%   0.140 GC:1    GU:44   +
    4   139  0   0.0%   0.778 UG:1    UA:43   --:1    +
    6   128  0   0.0%   0.697 CG:1    UG:43   --:1    +
   52   141  0   0.0%   0.673 UG:1    UA:44   +
   68   111  0   0.0%   0.527 GC:1    GU:44   +
   33    77  0   0.0%   0.113 CG:7    UG:38   +
   16    40  0   0.0%   0.214 CG:1    UG:43   --:1    +
   80   108  0   0.0%   0.716 UG:2    UA:43   +
    6   127  0   0.0%   1.052 CG:1    UG:43   --:1    +
   26   108  0   0.0%   0.052 UG:2    UA:43   +
   94   104  0   0.0%   0.783 GC:4    GU:41   +
  127   154  0   0.0%   1.123 GC:1    GU:44   +
    4    20  0   0.0%   0.001 UG:7    UA:37   --:1    +
   77   124  0   0.0%   1.918 GC:20   GU:25   +
   86   120  0   0.0%   1.024 UG:1    UA:44   +
   60   111  0   0.0%   0.335 GC:1    GU:44   +
   38   154  0   0.0%   1.219 GC:1    GU:44   +
   85   121  0   0.0%   1.319 GC:42   GU:2    --:1    +
    5   104  0   0.0%   0.290 GC:4    GU:40   --:1    +
   62   142  0   0.0%   0.178 GU:1    AU:44   +
   16    71  0   0.0%   0.042 CG:1    UG:43   --:1    +
   20    26  0   0.0%   0.025 GU:7    AU:37   --:1    +
   68    83  0   0.0%   0.709 GC:44   GU:1    +
  110   151  0   0.0%   0.154 GU:2    AU:43   +
  124   146  0   0.0%   0.897 CG:20   UG:25   +
   16   113  0   0.0%   0.071 CG:1    UG:43   --:1    +
   35    64  0   0.0%   0.125 CG:4    UG:41   +
   62    80  0   0.0%   0.792 GU:1    AU:44   +
   60    75  0   1.0%   1.082 GU:45   +
   75   122  0   0.9%   1.362 UA:45   +
   92   103  0   0.9%   1.056 GC:45   +
   58    74  0   0.9%   1.087 CG:45   +
   57    75  0   0.9%   1.132 GU:45   +
    2   128  0   0.9%   0.936 CG:44   --:1    +
  117   125  0   0.9%   1.823 CG:45   +
   34   135  2   1.6%   0.439 CG:43   +
   57    63  0   0.9%   0.499 GC:45   +
   50   126  0   0.9%   1.635 CG:45   +
   49   127  0   0.9%   1.621 CG:45   +
    3   127  0   0.9%   1.319 CG:44   --:1    +
   97   128  0   0.9%   0.924 CG:45   +
   58    64  0   0.9%   0.137 CG:45   +
   98   127  0   0.9%   1.422 CG:45   +
   99   126  0   0.8%   1.594 CG:45   +
   96   129  0   0.8%   0.729 CG:45   +
   92   102  0   0.8%   0.916 GC:45   +
  142   152  0   0.8%   0.182 UA:45   +
   58    76  0   0.8%   1.115 CG:45   +
  100   125  0   0.7%   1.654 UG:45   +
   11   126  0   0.7%   0.854 CG:44   --:1    +
   10   127  0   0.7%   1.106 UG:44   --:1    +
   34    41  0   0.7%   0.271 CG:45   +
    9   128  0   0.7%   0.563 CG:44   --:1    +
   25   114  0   0.7%   0.253 GC:45   +
    4   126  0   0.7%   1.177 UG:44   --:1    +
   57    65  0   0.7%   0.364 GC:45   +
   26   113  0   0.7%   0.174 UG:45   +
   76   117  0   0.6%   1.034 GC:45   +
   59    73  0   0.6%   0.375 UA:45   +
   12   125  0   0.6%   0.720 CG:44   --:1    +
   24   115  0   0.6%   0.163 UA:44   --:1    +
  126   131  0   0.6%   1.767 GC:45   +
   10    29  0   0.5%   0.254 UA:44   --:1    +
   55    61  0   0.5%   0.090 AU:45   +
  107   116  1   0.5%   0.933 CG:42   UG:2    +
  110   154  1   0.5%   0.243 GU:2    AU:42   +
   16   158  1   0.0%   0.069 CG:1    UG:21   UA:19   --:3    +
  124   135  1   0.0%   1.262 CG:19   UG:24   UA:1    +
   22   117  0   0.5%   0.111 GC:44   --:1    +
    5   114  0   0.5%   0.381 GC:44   --:1    +
    6   158  1   0.0%   0.645 CG:1    UG:21   UA:19   --:3    +
    4   115  0   0.5%   0.371 UA:44   --:1    +
  104   158  1   0.0%   0.433 CG:4    UG:18   UA:20   --:2    +
   35   153  1   0.0%   0.531 CG:3    UG:22   UA:19   +
   42   126  0   0.5%   1.123 CG:45   +
   43   125  0   0.5%   1.074 CG:45   +
  103   125  0   0.5%   1.681 CG:45   +
    3   116  0   0.5%   0.514 CG:44   --:1    +
  102   126  0   0.5%   1.521 CG:45   +
  101   127  0   0.5%   1.585 CG:45   +
   10    28  0   0.4%   0.211 UA:44   --:1    +
    6   120  1   0.4%   0.313 UG:1    UA:42   --:1    +
    9   116  0   0.4%   0.468 CG:44   --:1    +
   75   119  0   0.4%   0.844 UA:45   +
   38    79  0   0.3%   0.510 GC:45   +
  117   127  0   0.3%   1.706 CG:45   +
   43    53  0   0.3%   0.126 CG:45   +
   42    54  0   0.3%   0.125 CG:45   +
  100   128  0   0.3%   1.231 UG:45   +
   99   129  0   0.3%   1.056 CG:45   +
   37    80  0   0.3%   0.717 GU:45   +
   10   115  0   0.3%   0.620 UA:44   --:1    +
   15   126  0   0.3%   0.554 CG:44   --:1    +
   14   127  0   0.3%   0.561 CG:44   --:1    +
   57    61  0   0.3%   0.204 GU:45   +
   94   130  0   0.3%   0.906 GC:45   +
   12   128  0   0.3%   0.459 CG:44   --:1    +
   44    52  0   0.3%   0.056 AU:45   +
   34    85  0   0.3%   0.338 CG:45   +
   74    79  0   0.3%   1.449 GC:45   +
   11   129  0   0.3%   0.481 CG:44   --:1    +
   73    80  0   0.3%   0.916 AU:45   +
    5    11  0   0.3%   0.056 GC:44   --:1    +
   58    82  0   0.3%   0.551 CG:45   +
    9   136  0   0.3%   0.511 CG:44   --:1    +
   34    40  0   0.3%   0.351 CG:45   +
    4   122  0   0.3%   0.372 UA:44   --:1    +
    3   128  0   0.3%   0.969 CG:44   --:1    +
   59    81  0   0.3%   0.517 UA:45   +
    3   125  0   0.3%   0.510 CG:44   --:1    +
  117   126  0   0.3%   1.706 CG:45   +
    2   126  0   0.3%   0.479 CG:44   --:1    +
   52   123  0   0.3%   1.048 UA:45   +
    2   129  0   0.3%   0.896 CG:44   --:1    +
   55    72  0   0.3%   0.451 AU:45   +
   54    72  0   0.3%   0.794 GU:45   +
    4   127  0   0.3%   1.178 UG:44   --:1    +
   52    82  0   0.2%   0.619 UG:45   +
    9   129  0   0.2%   0.496 CG:44   --:1    +
    4   133  0   0.2%   0.792 UA:44   --:1    +
   11   127  0   0.2%   0.867 CG:44   --:1    +
   10   128  0   0.2%   0.752 UG:44   --:1    +
  131   136  0   0.2%   1.750 CG:45   +
   72    81  0   0.2%   0.779 UA:45   +
    3   136  0   0.2%   0.934 CG:44   --:1    +
   65    74  0   0.2%   1.137 CG:45   +
   12   126  0   0.2%   0.756 CG:44   --:1    +
   64    75  0   0.2%   0.991 GU:45   +
    9    25  0   0.2%   0.052 CG:44   --:1    +
   63    76  0   0.2%   1.371 CG:45   +
   45    71  0   0.2%   0.060 CG:45   +
   25    34  0   0.2%   0.251 GC:45   +
   49   125  0   0.2%   1.145 CG:45   +
   94   131  0   0.2%   0.945 GC:45   +
   60    79  0   0.2%   0.963 GC:45   +
   44    72  0   0.2%   0.055 AU:45   +
   99   128  0   0.2%   1.199 CG:45   +
   10   119  0   0.2%   0.596 UA:44   --:1    +
  103   126  0   0.2%   1.610 CG:45   +
  102   127  0   0.2%   1.500 CG:45   +
   98   129  0   0.2%   0.865 CG:45   +
   11    37  0   0.2%   0.575 CG:44   --:1    +
  107   113  1   0.2%   0.620 CG:42   UG:2    +
   11    25  0   0.2%   0.070 CG:44   --:1    +
   45    53  0   0.2%   0.065 CG:45   +
   15   125  0   0.1%   0.470 CG:44   --:1    +
   14   126  0   0.1%   0.511 CG:44   --:1    +
    6   106  1   0.1%   0.235 UG:4    UA:39   --:1    +
   11   116  0   0.1%   0.403 CG:44   --:1    +
   60    72  0   0.1%   0.674 GU:45   +
   11    84  0   0.1%   0.408 CG:44   --:1    +
   11   128  0   0.1%   0.519 CG:44   --:1    +
   12   127  0   0.1%   0.777 CG:44   --:1    +
   43   126  0   0.1%   1.121 CG:45   +
   12    36  0   0.1%   0.523 CG:44   --:1    +
   42   127  0   0.1%   1.103 CG:45   +
   46    52  0   0.1%   0.047 AU:45   +
   60    80  0   0.1%   0.951 GU:45   +
    5   117  0   0.1%   0.353 GC:44   --:1    +
   34    38  0   0.1%   0.577 CG:45   +
   26    32  0   0.1%   0.151 UA:45   +
    4    32  0   0.1%   0.041 UA:44   --:1    +
   79    85  0   0.1%   0.956 CG:45   +
  101   125  0   0.1%   1.609 CG:45   +
  101   128  0   0.1%   1.211 CG:45   +
  103   127  0   0.1%   1.595 CG:45   +
   78    86  0   0.1%   0.236 AU:45   +
  102   128  0   0.1%   1.137 CG:45   +
  101   129  0   0.1%   1.032 CG:45   +
   82    98  0   0.1%   0.348 GC:45   +
   61    78  0   0.1%   0.576 UA:45   +
   11    17  0   0.1%   0.040 CG:44   --:1    +
    9    19  0   0.1%   0.029 CG:44   --:1    +
  136   147  0   0.1%   0.930 GC:45   +
   38   155  0   0.1%   1.242 GC:45   +
   36   157  0   0.1%   0.883 GC:45   +
  101   126  0   0.1%   1.546 CG:45   +
  102   125  0   0.1%   1.530 CG:45   +
   54   131  0   0.1%   1.043 GC:45   +
   52   133  0   0.1%   0.702 UA:45   +
   49   136  0   0.1%   1.175 CG:45   +
   98   128  0   0.1%   1.030 CG:45   +
   99   127  0   0.1%   1.547 CG:45   +
   97   129  0   0.1%   0.716 CG:45   +
   72   125  0   0.1%   1.989 UG:45   +
   80    84  0   0.1%   0.987 UG:45   +
   98   136  0   0.1%   0.915 CG:45   +
    4   119  0   0.1%   0.338 UA:44   --:1    +
   53    58  0   0.1%   0.059 GC:45   +
   48    72  0   0.1%   0.374 AU:45   +
   77    87  0   0.1%   0.990 GU:45   +
   75    82  0   0.1%   0.871 UG:45   +
   96   136  0   0.1%   0.752 CG:45   +
  100   134  0   0.1%   0.590 UA:45   +
   24    32  0   0.1%   0.124 UA:44   --:1    +
   53   117  0   0.1%   0.407 GC:45   +
   32    86  0   0.1%   0.215 AU:45   +
   10    38  0   0.1%   0.551 UG:44   --:1    +
   22    34  0   0.1%   0.137 GC:44   --:1    +
   82    99  0   0.1%   0.352 GC:45   +
  100   127  0   0.1%   1.547 UG:45   +
  144   148  0   0.1%   0.110 AU:45   +
   52   119  0   0.1%   0.621 UA:45   +
  100   126  0   0.1%   1.561 UG:45   +
  146   151  0   0.1%   0.474 GU:45   +
    9   127  0   0.1%   0.825 CG:44   --:1    +
   10   126  0   0.1%   1.001 UG:44   --:1    +
   11   125  0   0.1%   0.730 CG:44   --:1    +
   26    31  0   0.1%   0.067 UA:45   +
    5     9  0   0.1%   0.016 GC:44   --:1    +
   80   116  0   0.1%   1.575 UG:45   +
   31    87  0   0.1%   0.141 AU:45   +
  127   131  0   0.1%   1.655 GC:45   +
   46    80  0   0.1%   0.764 AU:45   +
   41   131  0   0.1%   1.348 GC:45   +
    4    31  0   0.1%   0.027 UA:44   --:1    +
   80    88  0   0.1%   0.810 UA:45   +
   79    89  0   0.1%   0.814 CG:45   +
   10    30  0   0.1%   0.217 UA:44   --:1    +
   92   131  0   0.1%   1.032 GC:45   +
   60    65  0   0.1%   0.256 GC:45   +
   81    87  0   0.1%   0.379 AU:45   +
   37    43  0   0.1%   0.712 GC:45   +
   81   100  0   0.1%   0.403 AU:45   +
   38    42  0   0.1%   0.510 GC:45   +
   34    84  0   0.1%   0.284 CG:45   +
   77   101  0   0.1%   1.014 GC:45   +
   10   129  0   0.1%   0.677 UG:44   --:1    +
   76   102  0   0.1%   1.005 GC:45   +
   34   127  0   0.1%   0.724 CG:45   +
   50    60  0   0.1%   0.027 CG:45   +
   15    37  0   0.1%   0.601 CG:44   --:1    +
   53    79  0   0.1%   0.747 GC:45   +
   14    38  0   0.1%   0.448 CG:44   --:1    +
   51    59  0   0.1%   0.017 AU:45   +
   40    45  0   0.1%   0.243 GC:45   +
   92    97  0   0.1%   0.384 GC:45   +
   78   100  0   0.1%   0.244 AU:45   +
   97   136  0   0.1%   0.770 CG:45   +
   37    49  0   0.1%   0.658 GC:45   +
   36    50  0   0.1%   0.503 GC:45   +
   71   107  1   0.1%   0.225 GC:42   GU:2    +
  117   128  0   0.1%   1.301 CG:45   +
   91    98  0   0.0%   0.423 GC:45   +
   91    97  0   0.0%   0.378 GC:45   +
   55    80  0   0.0%   0.611 AU:45   +
   37    50  0   0.0%   0.665 GC:45   +
   38    49  0   0.0%   0.458 GC:45   +
   75   123  0   0.0%   1.939 UA:45   +
   92    96  0   0.0%   0.374 GC:45   +
   11    82  0   0.0%   0.313 CG:44   --:1    +
  100   129  0   0.0%   1.032 UG:45   +
   85   102  0   0.0%   0.625 GC:45   +
   71    79  0   0.0%   0.905 GC:45   +
   84   103  0   0.0%   0.679 GC:45   +
   94   102  0   0.0%   0.800 GC:45   +
   72    78  0   0.0%   0.599 UA:45   +
   72   122  0   0.0%   0.693 UA:45   +
    5    26  0   0.0%   0.034 GU:44   --:1    +
    5   130  0   0.0%   0.726 GC:44   --:1    +
  112   125  0   0.0%   1.290 CG:45   +
  113   117  0   0.0%   0.832 GC:45   +
   19    34  0   0.0%   0.118 GC:44   --:1    +
    3    38  0   0.0%   0.511 CG:44   --:1    +
    4    37  0   0.0%   0.526 UG:44   --:1    +
  114   129  0   0.0%   0.760 CG:45   +
   54    61  0   0.0%   0.044 GU:45   +
  113   130  0   0.0%   0.794 GC:45   +
  125   131  0   0.0%   1.731 GC:45   +
   42    94  0   0.0%   0.553 CG:45   +
    9    37  0   0.0%   0.376 CG:44   --:1    +
   54    65  0   0.0%   0.589 GC:45   +
  126   130  0   0.0%   1.702 GC:45   +
   54    58  0   0.0%   0.047 GC:45   +
  114   125  0   0.0%   1.432 CG:45   +
   53    63  0   0.0%   0.054 GC:45   +
    5    45  0   0.0%   0.295 GC:44   --:1    +
    4    27  0   0.0%   0.012 UA:43   --:2    +
   68    79  0   0.0%   1.096 GC:45   +
   89    99  0   0.0%   0.305 GC:45   +
  112   127  0   0.0%   1.189 CG:45   +
   34   126  0   0.0%   0.708 CG:45   +
   45    91  0   0.0%   0.670 CG:45   +
   88   100  0   0.0%   0.329 AU:45   +
   74   107  1   0.0%   0.749 GC:42   GU:2    +
    4    30  0   0.0%   0.017 UA:44   --:1    +
   52   125  0   0.0%   1.293 UG:45   +
   36    45  0   0.0%   0.500 GC:45   +
   59    66  0   0.0%   0.212 UA:45   +
   67    85  0   0.0%   0.711 UG:45   +
   49    71  0   0.0%   0.225 CG:45   +
   10    36  0   0.0%   0.539 UG:44   --:1    +
   11   113  0   0.0%   0.350 CG:44   --:1    +
   34    54  0   0.0%   0.193 CG:45   +
   34    53  0   0.0%   0.189 CG:45   +
   82    86  0   0.0%   0.327 GU:45   +
   66    86  0   0.0%   0.627 AU:45   +
   53    59  0   0.0%   0.058 GU:45   +
   11    23  0   0.0%   0.035 CG:44   --:1    +
   12    22  0   0.0%   0.012 CG:44   --:1    +
    4    46  0   0.0%   0.194 UA:44   --:1    +
   58   129  0   0.0%   0.981 CG:45   +
   57   130  0   0.0%   1.044 GC:45   +
   45    76  0   0.0%   0.779 CG:45   +
   25   112  0   0.0%   0.126 GC:45   +
   46    75  0   0.0%   0.656 AU:45   +
    2    36  0   0.0%   0.009 CG:44   --:1    +
   59   128  0   0.0%   1.030 UG:45   +
   23   117  0   0.0%   0.067 GC:44   --:1    +
   24   113  0   0.0%   0.059 UG:44   --:1    +
   23   114  0   0.0%   0.056 GC:44   --:1    +
   12    40  0   0.0%   0.406 CG:44   --:1    +
    3    22  0   0.0%   0.007 CG:44   --:1    +
   11    41  0   0.0%   0.309 CG:44   --:1    +
    2    23  0   0.0%   0.007 CG:44   --:1    +
   37    79  0   0.0%   0.662 GC:45   +
    4    39  0   0.0%   0.190 UA:44   --:1    +
    3    40  0   0.0%   0.348 CG:44   --:1    +
  142   149  0   0.0%   0.148 UG:45   +
   36    80  0   0.0%   0.504 GU:45   +
    2    41  0   0.0%   0.344 CG:44   --:1    +
    4    21  0   0.0%   0.007 UA:44   --:1    +
   43    92  0   0.0%   0.728 CG:45   +
   15    40  0   0.0%   0.191 CG:44   --:1    +
   14    41  0   0.0%   0.028 CG:44   --:1    +
   94    98  0   0.0%   0.488 GC:45   +
  127   155  0   0.0%   1.103 GC:45   +
   26    30  0   0.0%   0.043 UA:45   +
  125   157  0   0.0%   1.250 GC:45   +
   32    87  0   0.0%   0.214 AU:45   +
   75    84  0   0.0%   1.029 UG:45   +
   64   112  0   0.0%   0.307 GC:45   +
  108   156  1   0.0%   0.058 GU:1    AU:43   +
   41    97  0   0.0%   0.311 GC:45   +
   47    80  0   0.0%   0.552 AU:45   +
  123   142  0   0.0%   0.812 AU:45   +
  112   116  0   0.0%   0.689 CG:45   +
   76   103  0   0.0%   1.001 GC:45   +
   56    72  0   0.0%   0.511 AU:45   +
   66    75  0   0.0%   1.169 AU:45   +
   77   102  0   0.0%   1.014 GC:45   +
   65    76  0   0.0%   1.205 CG:45   +
   80   119  0   0.0%   1.103 UA:45   +
   67    74  0   0.0%   1.132 UG:45   +
   10    31  0   0.0%   0.226 UA:44   --:1    +
    5   157  0   0.0%   0.742 GC:44   --:1    +
   45    54  0   0.0%   0.050 CG:45   +
   38    80  0   0.0%   0.494 GU:45   +
   54   117  0   0.0%   0.539 GC:45   +
   16    20  1   0.0%   0.005 UG:7    UA:36   --:1    +
   24    29  0   0.0%   0.050 UA:44   --:1    +
  114   126  0   0.0%   1.353 CG:45   +
  129   155  0   0.0%   0.871 GC:45   +
  112   128  0   0.0%   0.812 CG:45   +
    4    29  0   0.0%   0.011 UA:44   --:1    +
   52    60  0   0.0%   0.039 UG:45   +
  125   142  0   0.0%   1.301 GU:45   +
   38   157  0   0.0%   1.239 GC:45   +
   40   155  0   0.0%   1.286 GC:45   +
  128   155  0   0.0%   0.704 GC:45   +
   38    58  0   0.0%   0.453 GC:45   +
   82   117  0   0.0%   0.806 GC:45   +
   52    64  0   0.0%   0.034 UG:45   +
    4   158  1   0.0%   0.782 UG:22   UA:19   --:3    +
   71    75  0   0.0%   0.944 GU:45   +
  124   143  1   0.0%   0.890 CG:19   UG:25   +
   24   116  0   0.0%   0.126 UG:44   --:1    +
   17   157  0   0.0%   0.038 GC:44   --:1    +
   50    91  0   0.0%   0.759 CG:45   +
   19   155  0   0.0%   0.027 GC:44   --:1    +
   49    92  0   0.0%   0.759 CG:45   +
  126   157  0   0.0%   1.204 GC:45   +
   50    57  0   0.0%   0.015 CG:45   +
   37    59  0   0.0%   0.659 GU:45   +
   63   113  0   0.0%   0.790 CG:45   +
   41   117  0   0.0%   0.560 GC:45   +
   49    54  0   0.0%   0.039 CG:45   +
   42   136  0   0.0%   1.415 CG:45   +
   37    58  0   0.0%   0.657 GC:45   +
   61    74  0   0.0%   1.236 UG:45   +
   53    87  0   0.0%   0.535 GU:45   +
   52    88  0   0.0%   0.680 UA:45   +
   41    58  0   0.0%   0.064 GC:45   +
   42    57  0   0.0%   0.085 CG:45   +
    5    12  0   0.0%   0.026 GC:44   --:1    +
   36    59  0   0.0%   0.499 GU:45   +
    5    10  0   0.0%   0.009 GU:44   --:1    +
   12   116  0   0.0%   0.304 CG:44   --:1    +
   36    52  0   0.0%   0.498 GU:45   +
   48    80  0   0.0%   0.484 AU:45   +
   25   117  0   0.0%   0.196 GC:45   +
   41    49  0   0.0%   0.068 GC:45   +
   54    59  0   0.0%   0.045 GU:45   +
   40    50  0   0.0%   0.240 GC:45   +
   26   116  0   0.0%   0.147 UG:45   +
  127   157  0   0.0%   1.108 GC:45   +
   54    86  0   0.0%   0.681 GU:45   +
    9    41  0   0.0%   0.283 CG:44   --:1    +
   43    94  0   0.0%   0.549 CG:45   +
   85   103  0   0.0%   0.620 GC:45   +
   61   126  0   0.0%   1.545 UG:45   +
    2   136  0   0.0%   0.868 CG:44   --:1    +
   10   122  0   0.0%   0.596 UA:44   --:1    +
   14   125  0   0.0%   0.443 CG:44   --:1    +
   24    31  0   0.0%   0.043 UA:44   --:1    +
   40    98  0   0.0%   0.683 GC:45   +
   45    60  0   0.0%   0.026 CG:45   +
   62   111  1   0.0%   0.187 GU:1    AU:43   +
   20    35  2   0.0%   0.092 GC:1    GU:6    AU:35   --:1    +
   51    61  0   0.0%   0.008 AU:45   +
   37    97  0   0.0%   0.734 GC:45   +
   38    96  0   0.0%   0.477 GC:45   +
   15    23  0   0.0%   0.026 CG:44   --:1    +
   11    92  0   0.0%   0.410 CG:44   --:1    +
   10    93  0   0.0%   0.539 UA:44   --:1    +
   36    98  0   0.0%   0.541 GC:45   +
    9    94  0   0.0%   0.373 CG:44   --:1    +
    9    36  0   0.0%   0.359 CG:44   --:1    +
   14    36  0   0.0%   0.437 CG:44   --:1    +
   12    82  0   0.0%   0.240 CG:44   --:1    +
   54    80  0   0.0%   1.041 GU:45   +
   91    96  0   0.0%   0.368 GC:45   +
   42    74  0   0.0%   0.087 CG:45   +
   13    26  0   0.0%   0.038 AU:44   --:1    +
   46    59  0   0.0%   0.017 AU:45   +
    9   113  0   0.0%   0.399 CG:44   --:1    +
   85   114  0   0.0%   0.882 GC:45   +
   86   113  0   0.0%   0.895 UG:45   +
   43    84  0   0.0%   0.565 CG:45   +
   41    75  0   0.0%   0.063 GU:45   +
   42    85  0   0.0%   0.569 CG:45   +
   63    77  0   0.0%   1.308 CG:45   +
   52    73  0   0.0%   0.224 UA:45   +
   14    25  0   0.0%   0.111 CG:44   --:1    +
   45    82  0   0.0%   0.414 CG:45   +
   40    59  0   0.0%   0.235 GU:45   +
    4   134  0   0.0%   0.766 UA:44   --:1    +
   36   117  0   0.0%   0.793 GC:45   +
   12    91  0   0.0%   0.331 CG:44   --:1    +
   53    72  0   0.0%   0.607 GU:45   +
   10   116  0   0.0%   0.613 UG:44   --:1    +
   42   116  0   0.0%   0.617 CG:45   +
    4   136  0   0.0%   0.793 UG:44   --:1    +
   87    93  0   0.0%   0.205 UA:45   +
   26    37  0   0.0%   0.624 UG:45   +
   74   117  0   0.0%   0.881 GC:45   +
    5   131  0   0.0%   0.722 GC:44   --:1    +
   72    82  0   0.0%   0.704 UG:45   +
   49    53  0   0.0%   0.046 CG:45   +
   26    36  0   0.0%   0.472 UG:45   +
   59    64  0   0.0%   0.057 UG:45   +
  148   152  0   0.0%   0.139 UA:45   +
   79    84  0   0.0%   0.992 CG:45   +
   59   125  0   0.0%   1.132 UG:45   +
   58   126  0   0.0%   1.508 CG:45   +
   74   103  0   0.0%   0.935 GC:45   +
  125   130  0   0.0%   1.745 GC:45   +
   37   117  0   0.0%   0.987 GC:45   +
   38   117  0   0.0%   0.730 GC:45   +
    4    28  0   0.0%   0.009 UA:44   --:1    +
   55    59  0   0.0%   0.015 AU:45   +
  100   123  0   0.0%   1.241 UA:45   +
   73    86  0   0.0%   0.408 AU:45   +
   41    80  0   0.0%   0.770 GU:45   +
   41    86  0   0.0%   0.404 GU:45   +
   50    54  0   0.0%   0.038 CG:45   +
   72    76  0   0.0%   1.356 UG:45   +
   89   112  0   0.0%   1.113 GC:45   +
   36   131  0   0.0%   0.758 GC:45   +
   11   138  0   0.0%   0.411 CG:44   --:1    +
   15    36  0   0.0%   0.438 CG:44   --:1    +
    9   140  0   0.0%   0.467 CG:44   --:1    +
   79   126  0   0.0%   1.995 CG:45   +
   89   102  0   0.0%   0.391 GC:45   +
   52    84  0   0.0%   0.792 UG:45   +
   26    38  0   0.0%   0.470 UG:45   +
   66    72  0   0.0%   1.001 AU:45   +
   42    69  0   0.0%   0.085 CG:45   +
   37   130  0   0.0%   0.956 GC:45   +
   43    68  0   0.0%   0.084 CG:45   +
  117   136  0   0.0%   1.170 CG:45   +
   80   125  0   0.0%   2.058 UG:45   +
    5    42  0   0.0%   0.287 GC:44   --:1    +
   45    94  0   0.0%   0.488 CG:45   +
  112   126  0   0.0%   1.210 CG:45   +
  109   156  1   0.0%   0.397 GU:3    AU:41   +
   44    61  0   0.0%   0.022 AU:45   +
   24    30  0   0.0%   0.030 UA:44   --:1    +
   58    68  0   0.0%   0.246 CG:45   +
   67    71  0   0.0%   0.628 UG:45   +
   44    67  0   0.0%   0.022 AU:45   +
    9    17  0   0.0%   0.007 CG:44   --:1    +
   14    37  0   0.0%   0.589 CG:44   --:1    +
   63    69  0   0.0%   0.854 CG:45   +
    4   123  0   0.0%   0.342 UA:44   --:1    +
    3    23  0   0.0%   0.006 CG:44   --:1    +
    4    22  0   0.0%   0.007 UG:44   --:1    +
   79   127  0   0.0%   1.968 CG:45   +
   61   123  0   0.0%   1.002 UA:45   +
   37    45  0   0.0%   0.652 GC:45   +
   14   128  0   0.0%   0.183 CG:44   --:1    +
   59    74  0   0.0%   0.993 UG:45   +
   15   127  0   0.0%   0.543 CG:44   --:1    +
  106   111  1   0.0%   0.596 GU:4    AU:40   +
   77   112  0   0.0%   0.804 GC:45   +
   80   126  0   0.0%   1.978 UG:45   +
   86    94  0   0.0%   0.218 UG:45   +
   76   112  0   0.0%   0.795 GC:45   +
   75   116  0   0.0%   0.928 UG:45   +
  114   136  0   0.0%   0.769 CG:45   +
   63    85  0   0.0%   0.860 CG:45   +
   49    60  0   0.0%   0.014 CG:45   +
   40    49  0   0.0%   0.237 GC:45   +
   46    87  0   0.0%   0.389 AU:45   +
   41    45  0   0.0%   0.069 GC:45   +
   11    19  0   0.0%   0.033 CG:44   --:1    +
   12    17  0   0.0%   0.011 CG:44   --:1    +
   63    68  0   0.0%   0.848 CG:45   +
   10    40  0   0.0%   0.629 UG:44   --:1    +
   11    89  0   0.0%   0.316 CG:44   --:1    +
   67    73  0   0.0%   0.623 UA:45   +
   40   117  0   0.0%   0.934 GC:45   +
   84   107  1   0.0%   0.478 GC:42   GU:2    +
   10    90  0   0.0%   0.630 UA:44   --:1    +
   11    77  0   0.0%   0.303 CG:44   --:1    +
  133   151  0   0.0%   0.095 AU:45   +
    4    13  0   0.0%   0.002 UA:44   --:1    +
   12    76  0   0.0%   0.235 CG:44   --:1    +
   49    57  0   0.0%   0.014 CG:45   +
    9    22  0   0.0%   0.018 CG:44   --:1    +
   41    96  0   0.0%   0.306 GC:45   +
   50    69  0   0.0%   0.399 CG:45   +
   34   128  0   0.0%   0.356 CG:45   +
   24   119  0   0.0%   0.076 UA:44   --:1    +
    9   126  0   0.0%   0.804 CG:44   --:1    +
   40    87  0   0.0%   0.780 GU:45   +
   75   113  0   0.0%   0.896 UG:45   +
  111   120  1   0.0%   0.551 UG:1    UA:43   +
   17    34  0   0.0%   0.109 GC:44   --:1    +
   23    34  0   0.0%   0.132 GC:44   --:1    +
   52    71  0   0.0%   0.237 UG:45   +
    3   129  0   0.0%   0.911 CG:44   --:1    +
   38    50  0   0.0%   0.456 GC:45   +
   75    81  0   0.0%   0.915 UA:45   +
    4   128  0   0.0%   0.809 UG:44   --:1    +
   94   100  0   0.0%   0.776 GU:45   +
   10    78  0   0.0%   0.462 UA:44   --:1    +
    9    91  0   0.0%   0.464 CG:44   --:1    +
  112   138  0   0.0%   0.150 CG:45   +
   13    75  0   0.0%   0.016 AU:44   --:1    +
   11    40  0   0.0%   0.467 CG:44   --:1    +
   74   114  0   0.0%   0.875 GC:45   +
   38    43  0   0.0%   0.506 GC:45   +
    4   145  0   0.0%   0.779 UA:44   --:1    +
   26    39  0   0.0%   0.215 UA:45   +
    3   146  0   0.0%   0.909 CG:44   --:1    +
   52    57  0   0.0%   0.032 UG:45   +
    5   155  0   0.0%   0.738 GC:44   --:1    +
   10    32  0   0.0%   0.290 UA:44   --:1    +
   39    72  0   0.0%   0.175 AU:45   +
  109   154  1   0.0%   0.392 GU:3    AU:41   +
   48    61  0   0.0%   0.002 AU:45   +
   51    72  0   0.0%   0.556 AU:45   +
   11   136  0   0.0%   0.441 CG:44   --:1    +
   59    88  0   0.0%   0.502 UA:45   +
   36    42  0   0.0%   0.433 GC:45   +
   40    97  0   0.0%   0.681 GC:45   +
   17   114  0   0.0%   0.041 GC:44   --:1    +
   60    87  0   0.0%   0.517 GU:45   +
   58    89  0   0.0%   0.570 CG:45   +
   15   116  0   0.0%   0.084 CG:44   --:1    +
   10    21  0   0.0%   0.012 UA:44   --:1    +
   25   107  1   0.0%   0.130 GC:42   GU:2    +
    9   125  0   0.0%   0.779 CG:44   --:1    +
   63    89  0   0.0%   0.723 CG:45   +
   10   125  0   0.0%   0.961 UG:44   --:1    +
   68   112  0   0.0%   0.523 GC:45   +
   68    72  0   0.0%   1.033 GU:45   +
   76    80  0   0.0%   1.469 GU:45   +
   63    74  0   0.0%   1.258 CG:45   +
   92   130  0   0.0%   0.982 GC:45   +
   49    91  0   0.0%   0.757 CG:45   +
   47    52  0   0.0%   0.028 AU:45   +
   42    82  0   0.0%   0.458 CG:45   +
   91   131  0   0.0%   1.041 GC:45   +
   43    54  0   0.0%   0.106 CG:45   +
   34    77  0   0.0%   0.187 CG:45   +
   61    76  0   0.0%   1.311 UG:45   +
   12    19  0   0.0%   0.011 CG:44   --:1    +
   30    87  0   0.0%   0.110 AU:45   +
   50   127  0   0.0%   1.567 CG:45   +
   40    58  0   0.0%   0.233 GC:45   +
   39    59  0   0.0%   0.176 AU:45   +
   45   128  0   0.0%   1.591 CG:45   +
   19   112  0   0.0%   0.013 GC:44   --:1    +
  107   125  1   0.0%   1.501 CG:42   UG:2    +
  129   147  0   0.0%   0.927 GC:45   +
  130   146  0   0.0%   0.965 CG:45   +
   37    98  0   0.0%   0.734 GC:45   +
   36    99  0   0.0%   0.540 GC:45   +
  103   113  0   0.0%   0.772 CG:45   +
   38    97  0   0.0%   0.477 GC:45   +
   15    19  0   0.0%   0.009 CG:44   --:1    +
   87    92  0   0.0%   0.387 UG:45   +
    5    43  0   0.0%   0.287 GC:44   --:1    +
  128   148  0   0.0%   0.762 GU:45   +
  114   127  0   0.0%   1.325 CG:45   +
   47    86  0   0.0%   0.177 AU:45   +
   85   112  0   0.0%   0.738 GC:45   +
   31    86  0   0.0%   0.124 AU:45   +
   52    89  0   0.0%   0.657 UG:45   +
   14    74  0   0.0%   0.019 CG:44   --:1    +
   10    25  0   0.0%   0.023 UG:44   --:1    +
   55    67  0   0.0%   0.220 AU:45   +
  139   148  1   0.0%   0.084 GU:1    AU:43   +
   65    71  0   0.0%   0.612 CG:45   +
    3    89  0   0.0%   0.345 CG:44   --:1    +
   11    54  0   0.0%   0.302 CG:44   --:1    +
   25    63  0   0.0%   0.119 GC:45   +
   20   111  1   0.0%   0.008 GU:7    AU:36   --:1    +
   24    64  0   0.0%   0.024 UG:44   --:1    +
   23    65  0   0.0%   0.022 GC:44   --:1    +
  101   116  0   0.0%   1.018 CG:45   +
  128   157  0   0.0%   0.707 GC:45   +
   49    74  0   0.0%   0.577 CG:45   +
  117   149  0   0.0%   0.835 CG:45   +
   27    61  0   0.0%   0.139 AU:44   --:1    +
    4    88  0   0.0%   0.190 UA:44   --:1    +
   72   126  0   0.0%   1.902 UG:45   +
   91   107  1   0.0%   0.854 GC:42   GU:2    +
   48    75  0   0.0%   0.380 AU:45   +
   37   103  0   0.0%   1.156 GC:45   +
  149   157  0   0.0%   0.114 GC:45   +
    2   125  0   0.0%   0.433 CG:44   --:1    +
   89    97  0   0.0%   0.257 GC:45   +
   44    80  0   0.0%   0.867 AU:45   +
   64    72  0   0.0%   0.801 GU:45   +
  116   151  0   0.0%   0.767 GU:45   +
  101   113  0   0.0%   0.768 CG:45   +
   56    67  0   0.0%   0.305 AU:45   +
   79    94  0   0.0%   0.738 CG:45   +
   61    71  0   0.0%   0.409 UG:45   +
  119   148  0   0.0%   0.125 AU:45   +
  107   136  1   0.0%   0.840 CG:42   UG:2    +
   19    70  0   0.0%   0.013 GC:44   --:1    +
   12    53  0   0.0%   0.234 CG:44   --:1    +
    4    84  0   0.0%   0.190 UG:44   --:1    +
   17    72  0   0.0%   0.013 GU:44   --:1    +
    4    44  0   0.0%   0.187 UA:44   --:1    +
   69    75  0   0.0%   1.381 GU:45   +
   10    55  0   0.0%   0.461 UA:44   --:1    +
    3    85  0   0.0%   0.345 CG:44   --:1    +
   55    86  0   0.0%   0.244 AU:45   +
   80    93  0   0.0%   0.707 UA:45   +
  103   116  0   0.0%   1.022 CG:45   +
  103   128  0   0.0%   1.211 CG:45   +
   79    91  0   0.0%   0.920 CG:45   +
    9    84  0   0.0%   0.279 CG:44   --:1    +
  132   143  1   0.0%   0.696 CG:41   UG:3    +
   36    75  0   0.0%   0.498 GU:45   +
   60   117  0   0.0%   0.559 GC:45   +
   14    19  0   0.0%   0.009 CG:44   --:1    +
   15    38  0   0.0%   0.443 CG:44   --:1    +
  102   129  0   0.0%   0.935 CG:45   +
   49   128  0   0.0%   1.216 CG:45   +
   45    92  0   0.0%   0.665 CG:45   +
   54    87  0   0.0%   0.674 GU:45   +
  133   142  0   0.0%   0.090 AU:45   +
   75    88  0   0.0%   0.850 UA:45   +
   84    98  0   0.0%   0.674 GC:45   +
   77   103  0   0.0%   1.009 GC:45   +
    6    20  1   0.0%   0.001 UG:7    UA:36   --:1    +
   80    90  0   0.0%   0.798 UA:45   +
   72    77  0   0.0%   1.361 UG:45   +
  113   131  0   0.0%   0.823 GC:45   +
   74    80  0   0.0%   1.407 GU:45   +
   82   112  0   0.0%   0.135 GC:45   +
   53    61  0   0.0%   0.047 GU:45   +
   10    41  0   0.0%   0.465 UG:44   --:1    +
   59   119  0   0.0%   0.529 UA:45   +
   27    87  0   0.0%   0.232 AU:44   --:1    +
  126   142  0   0.0%   1.252 GU:45   +
  133   148  0   0.0%   0.098 AU:45   +
   68   107  1   0.0%   0.528 GC:42   GU:2    +
   59    77  0   0.0%   1.109 UG:45   +
   45    57  0   0.0%   0.024 CG:45   +
   28    86  0   0.0%   0.117 AU:45   +
  114   128  0   0.0%   0.948 CG:45   +
   79    92  0   0.0%   0.918 CG:45   +
   58    85  0   0.0%   0.707 CG:45   +
    2    25  0   0.0%   0.003 CG:44   --:1    +
   80    91  0   0.0%   0.893 UG:45   +
   59    84  0   0.0%   0.616 UG:45   +
   58   127  0   0.0%   1.480 CG:45   +
   57    86  0   0.0%   0.665 GU:45   +
   26    88  0   0.0%   0.135 UA:45   +
   71   117  0   0.0%   0.356 GC:45   +
  102   113  0   0.0%   0.683 CG:45   +
  116   131  0   0.0%   1.146 GC:45   +
   76    87  0   0.0%   0.969 GU:45   +
   72   127  0   0.0%   1.875 UG:45   +
  105   158  2   0.0%   0.515 CG:1    UG:21   UA:19   --:2    +
   79   125  0   0.0%   2.074 CG:45   +
  130   149  0   0.0%   0.964 CG:45   +
   61    68  0   0.0%   0.846 UG:45   +
   10   123  0   0.0%   0.928 UA:44   --:1    +
   94   103  0   0.0%   0.886 GC:45   +
  112   129  0   0.0%   0.615 CG:45   +
   42    91  0   0.0%   0.548 CG:45   +
   75    89  0   0.0%   0.828 UG:45   +
   50    77  0   0.0%   1.112 CG:45   +
   38    45  0   0.0%   0.450 GC:45   +
    5    87  0   0.0%   0.290 GU:44   --:1    +
  100   133  0   0.0%   0.592 UA:45   +
   66    80  0   0.0%   1.038 AU:45   +
   38   102  0   0.0%   0.900 GC:45   +
   49    68  0   0.0%   0.013 CG:45   +
   82   107  1   0.0%   0.147 GC:42   GU:2    +
   12   113  0   0.0%   0.265 CG:44   --:1    +
  107   149  1   0.0%   0.360 CG:42   UG:2    +
   10   134  0   0.0%   0.637 UA:44   --:1    +
  129   151  0   0.0%   0.923 GU:45   +
  106   156  1   0.0%   0.458 GU:4    AU:40   +
    5   112  0   0.0%   0.301 GC:44   --:1    +
    3    25  0   0.0%   0.003 CG:44   --:1    +
   59   126  0   0.0%   1.416 UG:45   +
  134   148  0   0.0%   0.084 AU:45   +
   43   129  0   0.0%   1.336 CG:45   +
   96   127  0   0.0%   1.075 CG:45   +
   12   129  0   0.0%   0.362 CG:44   --:1    +
   97   126  0   0.0%   1.107 CG:45   +
   98   125  0   0.0%   1.312 CG:45   +
   59    78  0   0.0%   0.392 UA:45   +
  148   158  1   0.0%   0.326 UG:22   UA:20   --:2    +
   36    79  0   0.0%   0.498 GC:45   +
   10   158  1   0.0%   0.652 UG:22   UA:19   --:3    +
   68    86  0   0.0%   0.716 GU:45   +
   24   122  0   0.0%   0.082 UA:44   --:1    +
   30    86  0   0.0%   0.109 AU:45   +
   72   116  0   0.0%   0.771 UG:45   +
   80   134  0   0.0%   1.059 UA:45   +
   61    69  0   0.0%   0.851 UG:45   +
   85    97  0   0.0%   0.574 GC:45   +
   61    82  0   0.0%   0.598 UG:45   +
  126   147  0   0.0%   1.260 GC:45   +
  125   148  0   0.0%   1.308 GU:45   +
  142   158  1   0.0%   0.377 UG:22   UA:20   --:2    +
    2   116  0   0.0%   0.433 CG:44   --:1    +
   34   116  0   0.0%   0.277 CG:45   +
   61   116  0   0.0%   0.800 UG:45   +
   86    93  0   0.0%   0.212 UA:45   +
    5    79  0   0.0%   0.290 GC:44   --:1    +
   34    82  0   0.0%   0.191 CG:45   +
   56    87  0   0.0%   0.351 AU:45   +
   69   130  0   0.0%   1.174 GC:45   +
   29    87  0   0.0%   0.127 AU:45   +
  102   116  0   0.0%   0.933 CG:45   +
  123   151  0   0.0%   0.816 AU:45   +
   65   129  0   0.0%   0.873 CG:45   +
   64   130  0   0.0%   0.773 GC:45   +
   36   107  1   0.0%   0.762 GC:42   GU:2    +
  138   155  0   0.0%   0.017 GC:45   +
  112   136  0   0.0%   0.630 CG:45   +
   76   107  1   0.0%   0.806 GC:42   GU:2    +
   15    74  0   0.0%   0.018 CG:44   --:1    +
  139   154  1   0.0%   0.040 GU:1    AU:43   +
   34   125  0   0.0%   0.659 CG:45   +
   68   131  0   0.0%   1.025 GC:45   +
   26    81  0   0.0%   0.042 UA:45   +
   86   116  0   0.0%   1.144 UG:45   +
   84   102  0   0.0%   0.673 GC:45   +
   85   117  0   0.0%   1.147 GC:45   +
   75    85  0   0.0%   0.968 UG:45   +
   10   133  0   0.0%   0.650 UA:44   --:1    +
   43    89  0   0.0%   0.452 CG:45   +
  126   151  0   0.0%   1.256 GU:45   +
   48    59  0   0.0%   0.005 AU:45   +
   51    80  0   0.0%   0.939 AU:45   +
   48    52  0   0.0%   0.028 AU:45   +
   45   116  0   0.0%   0.551 CG:45   +
   85   101  0   0.0%   0.613 GC:45   +
    5    14  0   0.0%   0.024 GC:44   --:1    +
   79   113  0   0.0%   0.870 CG:45   +
   57   114  0   0.0%   0.533 GC:45   +
    6   153  1   0.0%   0.643 UG:24   UA:19   --:1    +
   58   113  0   0.0%   0.563 CG:45   +
   24    41  0   0.0%   0.031 UG:44   --:1    +
   23    42  0   0.0%   0.022 GC:44   --:1    +
   22    43  0   0.0%   0.023 GC:44   --:1    +
   26   115  0   0.0%   0.152 UA:45   +
   67    77  0   0.0%   1.153 UG:45   +
   26    40  0   0.0%   0.214 UG:45   +
   12    38  0   0.0%   0.654 CG:44   --:1    +
   33   153  2   0.0%   0.177 CG:5    UG:20   UA:18   +
   79   136  0   0.0%   1.538 CG:45   +
    5   147  0   0.0%   0.737 GC:44   --:1    +
   36   114  0   0.0%   0.815 GC:45   +
    6   110  1   0.0%   0.216 UG:2    UA:41   --:1    +
   38   112  0   0.0%   0.691 GC:45   +
   49    76  0   0.0%   0.579 CG:45   +
   84    96  0   0.0%   0.282 GC:45   +
  110   156  1   0.0%   0.193 GU:2    AU:42   +
   43    77  0   0.0%   0.819 CG:45   +
   56    75  0   0.0%   0.758 AU:45   +
    9   149  0   0.0%   0.466 CG:44   --:1    +
   26    44  0   0.0%   0.045 UA:45   +
   25    45  0   0.0%   0.121 GC:45   +
   38    98  0   0.0%   0.477 GC:45   +
  134   151  0   0.0%   0.080 AU:45   +
   37    99  0   0.0%   0.733 GC:45   +
   54   130  0   0.0%   0.990 GC:45   +
   77    86  0   0.0%   0.982 GU:45   +
   87    95  0   0.0%   0.544 UA:45   +
   69    86  0   0.0%   0.900 GU:45   +
   22    67  0   0.0%   0.022 GU:44   --:1    +
   87   115  0   0.0%   1.636 UA:45   +
  100   122  0   0.0%   0.625 UA:45   +
   29    86  0   0.0%   0.126 AU:45   +
   24    28  0   0.0%   0.037 UA:44   --:1    +
   37    61  0   0.0%   0.656 GU:45   +
   68    87  0   0.0%   0.706 GU:45   +
   92    99  0   0.0%   0.588 GC:45   +
   26   123  0   0.0%   0.432 UA:45   +
   89    98  0   0.0%   0.298 GC:45   +
   65   136  0   0.0%   0.957 CG:45   +
   42    76  0   0.0%   0.085 CG:45   +
   65   113  0   0.0%   0.630 CG:45   +
   27    80  0   0.0%   0.138 AU:44   --:1    +
   26    41  0   0.0%   0.050 UG:45   +
   65    85  0   0.0%   0.703 CG:45   +
   13    52  0   0.0%   0.015 AU:44   --:1    +
   40    96  0   0.0%   0.680 GC:45   +
   52    56  0   0.0%   0.028 UA:45   +
   42   125  0   0.0%   1.000 CG:45   +
   41   147  0   0.0%   0.844 GC:45   +
   89    96  0   0.0%   0.255 GC:45   +
    9    23  0   0.0%   0.017 CG:44   --:1    +
   50    82  0   0.0%   0.481 CG:45   +
   28    87  0   0.0%   0.117 AU:45   +
   40   148  0   0.0%   1.273 GU:45   +
   34    60  0   0.0%   0.186 CG:45   +
   58   146  0   0.0%   0.600 CG:45   +
   57   147  0   0.0%   0.571 GC:45   +
   10   136  0   0.0%   0.680 UG:44   --:1    +
   59   122  0   0.0%   0.584 UA:45   +
   42   146  0   0.0%   0.959 CG:45   +
   64    86  0   0.0%   0.495 GU:45   +
   53   131  0   0.0%   0.916 GC:45   +
   36   100  0   0.0%   0.540 GU:45   +
   50    89  0   0.0%   0.641 CG:45   +
   38    52  0   0.0%   0.449 GU:45   +
   63   138  0   0.0%   0.652 CG:45   +
   67    88  0   0.0%   0.590 UA:45   +
   85   147  0   0.0%   0.604 GC:45   +
   84   148  0   0.0%   0.589 GU:45   +
   82    97  0   0.0%   0.117 GC:45   +
   80    95  0   0.0%   0.706 UA:45   +
   52   115  0   0.0%   0.661 UA:45   +
   59   145  0   0.0%   0.508 UA:45   +
   86   146  0   0.0%   0.628 UG:45   +
   69   117  0   0.0%   0.851 GC:45   +
   56   148  0   0.0%   0.163 AU:45   +
    9    71  0   0.0%   0.279 CG:44   --:1    +
    9    74  0   0.0%   0.279 CG:44   --:1    +
    4   152  0   0.0%   0.778 UA:44   --:1    +
   82   151  0   0.0%   0.262 GU:45   +
   45   149  0   0.0%   1.073 CG:45   +
  149   155  0   0.0%   0.112 GC:45   +
   52    78  0   0.0%   0.490 UA:45   +
   19   117  0   0.0%   0.022 GC:44   --:1    +
   64   114  0   0.0%   0.446 GC:45   +
   59    71  0   0.0%   0.294 UG:45   +
   15   128  0   0.0%   0.181 CG:44   --:1    +
   43    74  0   0.0%   0.084 CG:45   +
   91   101  0   0.0%   0.585 GC:45   +
   59   127  0   0.0%   1.388 UG:45   +
   44   151  0   0.0%   0.401 AU:45   +
   14   129  0   0.0%   0.102 CG:44   --:1    +
   91   100  0   0.0%   0.594 GU:45   +
    5    96  0   0.0%   0.290 GC:44   --:1    +
   58   128  0   0.0%   1.115 CG:45   +
   50   116  0   0.0%   0.640 CG:45   +
   45    77  0   0.0%   0.775 CG:45   +
  124   153  2   0.0%   0.852 CG:18   UG:7    UA:18   +
    9    89  0   0.0%   0.370 CG:44   --:1    +
  146   155  0   0.0%   0.124 GC:45   +
   64    87  0   0.0%   0.487 GU:45   +
   81    86  0   0.0%   0.376 AU:45   +
   53    75  0   0.0%   0.886 GU:45   +
   58   136  0   0.0%   1.063 CG:45   +
   67   113  0   0.0%   0.635 UG:45   +
  136   157  0   0.0%   0.856 GC:45   +
  142   146  0   0.0%   0.150 UG:45   +
   17   117  0   0.0%   0.022 GC:44   --:1    +
   74   112  0   0.0%   0.734 GC:45   +
   85   130  0   0.0%   1.076 GC:45   +
   84   131  0   0.0%   1.096 GC:45   +
   12    84  0   0.0%   0.319 CG:44   --:1    +
  107   126  1   0.0%   1.426 CG:42   UG:2    +
   65    89  0   0.0%   0.566 CG:45   +
   10    22  0   0.0%   0.013 UG:44   --:1    +
   49    84  0   0.0%   0.589 CG:45   +
   10    73  0   0.0%   0.461 UA:44   --:1    +
   61    77  0   0.0%   1.271 UG:45   +
  107   129  1   0.0%   0.827 CG:42   UG:2    +
   86   129  0   0.0%   1.006 UG:45   +
   24    36  0   0.0%   0.454 UG:44   --:1    +
    3    84  0   0.0%   0.344 CG:44   --:1    +
   11    85  0   0.0%   0.406 CG:44   --:1    +
   87   145  0   0.0%   1.121 UA:45   +
   53   114  0   0.0%   0.410 GC:45   +
    2    85  0   0.0%   0.340 CG:44   --:1    +
   26   136  0   0.0%   0.109 UG:45   +
   21    26  0   0.0%   0.059 AU:44   --:1    +
  113   155  0   0.0%   0.380 GC:45   +
   61    88  0   0.0%   0.655 UA:45   +
   73    87  0   0.0%   0.397 AU:45   +
    5   154  0   0.0%   0.737 GU:44   --:1    +
   10    88  0   0.0%   0.629 UA:44   --:1    +
   74    86  0   0.0%   0.921 GU:45   +
   94   155  0   0.0%   0.426 GC:45   +
   99   136  0   0.0%   1.068 CG:45   +
   58    71  0   0.0%   0.334 CG:45   +
   50    85  0   0.0%   0.778 CG:45   +
   57    80  0   0.0%   1.059 GU:45   +
   26   158  1   0.0%   0.081 UG:22   UA:20   --:2    +
  131   149  0   0.0%   0.980 CG:45   +
   41   151  0   0.0%   0.844 GU:45   +
   75   125  0   0.0%   2.195 UG:45   +
   37    52  0   0.0%   0.655 GU:45   +
  107   127  1   0.0%   1.398 CG:42   UG:2    +
   84   114  0   0.0%   0.865 GC:45   +
   47    59  0   0.0%   0.005 AU:45   +
    9    57  0   0.0%   0.278 CG:44   --:1    +
   36    58  0   0.0%   0.496 GC:45   +
   77   131  0   0.0%   1.667 GC:45   +
   45    69  0   0.0%   0.024 CG:45   +
   52   126  0   0.0%   1.575 UG:45   +
   75    90  0   0.0%   0.848 UA:45   +
   57    72  0   0.0%   0.754 GU:45   +
   80   127  0   0.0%   1.950 UG:45   +
   79   128  0   0.0%   1.595 CG:45   +
   46   148  0   0.0%   0.288 AU:45   +
   10   152  0   0.0%   0.650 UA:44   --:1    +
   26    78  0   0.0%   0.042 UA:45   +
   92   157  0   0.0%   0.526 GC:45   +
  103   136  0   0.0%   1.029 CG:45   +
    3    92  0   0.0%   0.530 CG:44   --:1    +
  107   128  1   0.0%   1.021 CG:42   UG:2    +
  134   142  0   0.0%   0.076 AU:45   +
   53    97  0   0.0%   0.349 GC:45   +
   54    96  0   0.0%   0.487 GC:45   +
   42   149  0   0.0%   0.958 CG:45   +
   26   119  0   0.0%   0.095 UA:45   +
    4   113  0   0.0%   0.291 UG:44   --:1    +
   59    90  0   0.0%   0.501 UA:45   +
   58    91  0   0.0%   0.685 CG:45   +
   10    81  0   0.0%   0.462 UA:44   --:1    +
    3   113  0   0.0%   0.438 CG:44   --:1    +
   12    41  0   0.0%   0.239 CG:44   --:1    +
   25    79  0   0.0%   0.118 GC:45   +
    5   156  0   0.0%   0.737 GU:44   --:1    +
   67   133  0   0.0%   0.520 UA:45   +
   52    85  0   0.0%   0.793 UG:45   +
   51    86  0   0.0%   0.659 AU:45   +
   34   113  0   0.0%   0.273 CG:45   +
   75   133  0   0.0%   1.217 UA:45   +
   71   112  0   0.0%   0.211 GC:45   +
   26   133  0   0.0%   0.093 UA:45   +
   63   125  0   0.0%   1.278 CG:45   +
  100   119  0   0.0%   0.544 UA:45   +
   53    67  0   0.0%   0.434 GU:45   +
   26   134  0   0.0%   0.080 UA:45   +
    4    38  0   0.0%   0.350 UG:44   --:1    +
  100   115  0   0.0%   1.014 UA:45   +
   87   134  0   0.0%   1.123 UA:45   +
   48    87  0   0.0%   0.290 AU:45   +
    4    23  0   0.0%   0.006 UG:44   --:1    +
    6   109  1   0.0%   0.216 UG:3    UA:40   --:1    +
   71    80  0   0.0%   0.877 GU:45   +
   60   107  1   0.0%   0.339 GC:42   GU:2    +
    2    40  0   0.0%   0.338 CG:44   --:1    +
  122   148  0   0.0%   0.266 AU:45   +
    3    94  0   0.0%   0.438 CG:44   --:1    +
   54   112  0   0.0%   0.488 GC:45   +
   87    91  0   0.0%   0.389 UG:45   +
   34    76  0   0.0%   0.186 CG:45   +
   50   128  0   0.0%   1.203 CG:45   +
   80    94  0   0.0%   0.711 UG:45   +
   24    46  0   0.0%   0.025 UA:44   --:1    +
   49   129  0   0.0%   1.074 CG:45   +
   69   114  0   0.0%   0.847 GC:45   +
   43    82  0   0.0%   0.456 CG:45   +
   46   142  0   0.0%   0.288 AU:45   +
   26   122  0   0.0%   0.101 UA:45   +
    3   149  0   0.0%   0.908 CG:44   --:1    +
    4    91  0   0.0%   0.375 UG:44   --:1    +
  138   147  0   0.0%   0.084 GC:45   +
   36    63  0   0.0%   0.498 GC:45   +
   37   155  0   0.0%   1.129 GC:45   +
   89   155  0   0.0%   0.987 GC:45   +
   50    74  0   0.0%   0.574 CG:45   +
   10    56  0   0.0%   0.461 UA:44   --:1    +
    4    93  0   0.0%   0.282 UA:44   --:1    +
    3    19  0   0.0%   0.000 CG:44   --:1    +
   52    90  0   0.0%   0.678 UA:45   +
   80   122  0   0.0%   1.182 UA:45   +
  119   142  0   0.0%   0.051 AU:45   +
   23   147  0   0.0%   0.027 GC:44   --:1    +
   24   146  0   0.0%   0.059 UG:44   --:1    +
   77   114  0   0.0%   0.943 GC:45   +
   54    67  0   0.0%   0.577 GU:45   +
   89   157  0   0.0%   0.988 GC:45   +
   22   112  0   0.0%   0.023 GC:44   --:1    +
   69    80  0   0.0%   1.373 GU:45   +
  111   141  1   0.0%   0.158 UG:1    UA:43   +
   57    67  0   0.0%   0.287 GU:45   +
   65    84  0   0.0%   0.763 CG:45   +
   72    88  0   0.0%   0.693 UA:45   +
   82    96  0   0.0%   0.116 GC:45   +
  113   147  0   0.0%   0.300 GC:45   +
  114   146  0   0.0%   0.287 CG:45   +
   34   129  0   0.0%   0.271 CG:45   +
   11   140  0   0.0%   0.411 CG:44   --:1    +
   87   128  0   0.0%   1.641 UG:45   +
   82   103  0   0.0%   0.342 GC:45   +
   52    69  0   0.0%   0.415 UG:45   +
   31    80  0   0.0%   0.031 AU:45   +
   32    80  0   0.0%   0.104 AU:45   +
   22   148  0   0.0%   0.049 GU:44   --:1    +
   45    64  0   0.0%   0.024 CG:45   +
   10   141  0   0.0%   0.650 UA:44   --:1    +
   78    87  0   0.0%   0.216 AU:45   +
   26    90  0   0.0%   0.135 UA:45   +
    2    94  0   0.0%   0.432 CG:44   --:1    +
   89   100  0   0.0%   0.305 GU:45   +
   50    71  0   0.0%   0.220 CG:45   +
   92   100  0   0.0%   0.591 GU:45   +
   87   136  0   0.0%   1.584 UG:45   +
   67    78  0   0.0%   0.442 UA:45   +
   82    87  0   0.0%   0.315 GU:45   +
   12   136  0   0.0%   0.338 CG:44   --:1    +
   79   129  0   0.0%   1.454 CG:45   +
   61   125  0   0.0%   1.258 UG:45   +
  130   138  0   0.0%   0.891 CG:45   +
   39    52  0   0.0%   0.174 AU:45   +
    6   108  1   0.0%   0.225 UG:1    UA:42   --:1    +
   69   131  0   0.0%   1.209 GC:45   +
   80   128  0   0.0%   1.577 UG:45   +
    3   140  0   0.0%   0.908 CG:44   --:1    +
   17   112  0   0.0%   0.013 GC:44   --:1    +
   36   102  0   0.0%   0.539 GC:45   +
   77   107  1   0.0%   0.815 GC:42   GU:2    +
   86    90  0   0.0%   0.304 UA:45   +
   11    22  0   0.0%   0.028 CG:44   --:1    +
   18   111  1   0.0%   0.009 GU:1    AU:42   --:1    +
   54    75  0   0.0%   1.044 GU:45   +
   38   103  0   0.0%   0.899 GC:45   +
   45   129  0   0.0%   1.450 CG:45   +
   50   136  0   0.0%   1.155 CG:45   +
   37    96  0   0.0%   0.731 GC:45   +
   37   157  0   0.0%   1.145 GC:45   +
   75   115  0   0.0%   0.931 UA:45   +
   36    97  0   0.0%   0.538 GC:45   +
   51   142  0   0.0%   0.465 AU:45   +
   30    80  0   0.0%   0.016 AU:45   +
   45    68  0   0.0%   0.024 CG:45   +
   60   142  0   0.0%   0.410 GU:45   +
    3    76  0   0.0%   0.344 CG:44   --:1    +
    2    77  0   0.0%   0.340 CG:44   --:1    +
    3    53  0   0.0%   0.344 CG:44   --:1    +
   15    25  0   0.0%   0.110 CG:44   --:1    +
    2    54  0   0.0%   0.340 CG:44   --:1    +
   58   125  0   0.0%   1.221 CG:45   +
   41    99  0   0.0%   0.726 GC:45   +
    9    54  0   0.0%   0.278 CG:44   --:1    +
    5   151  0   0.0%   0.737 GU:44   --:1    +
   77    98  0   0.0%   0.999 GC:45   +
  129   157  0   0.0%   0.870 GC:45   +
   15    41  0   0.0%   0.025 CG:44   --:1    +
   76    99  0   0.0%   0.991 GC:45   +
   76   114  0   0.0%   0.934 GC:45   +
   49   116  0   0.0%   0.642 CG:45   +
   17    70  0   0.0%   0.013 GC:44   --:1    +
   36    49  0   0.0%   0.491 GC:45   +
   24    38  0   0.0%   0.451 UG:44   --:1    +
   14    40  0   0.0%   0.186 CG:44   --:1    +
   46    67  0   0.0%   0.013 AU:45   +
   87   133  0   0.0%   1.143 UA:45   +
    3    41  0   0.0%   0.346 CG:44   --:1    +
  126   155  0   0.0%   1.196 GC:45   +
   38    61  0   0.0%   0.449 GU:45   +
   52    76  0   0.0%   1.130 UG:45   +
  113   142  0   0.0%   0.300 GU:45   +
   77    96  0   0.0%   0.790 GC:45   +
   11    71  0   0.0%   0.302 CG:44   --:1    +
  113   157  0   0.0%   0.381 GC:45   +
   29    80  0   0.0%   0.034 AU:45   +
   14    22  0   0.0%   0.006 CG:44   --:1    +
   10    85  0   0.0%   0.627 UG:44   --:1    +
   32    61  0   0.0%   0.104 AU:45   +
   27    52  0   0.0%   0.138 AU:44   --:1    +
    2   113  0   0.0%   0.432 CG:44   --:1    +
   80    85  0   0.0%   0.921 UG:45   +
   76    97  0   0.0%   0.783 GC:45   +
    4    25  0   0.0%   0.004 UG:44   --:1    +
    4   129  0   0.0%   0.765 UG:44   --:1    +
    4    47  0   0.0%   0.189 UA:44   --:1    +
   52   134  0   0.0%   0.674 UA:45   +
    2    91  0   0.0%   0.340 CG:44   --:1    +
   10    82  0   0.0%   0.462 UG:44   --:1    +
   24    39  0   0.0%   0.196 UA:44   --:1    +
   26    53  0   0.0%   0.042 UG:45   +
   28    80  0   0.0%   0.024 AU:45   +
   41    50  0   0.0%   0.067 GC:45   +
  102   136  0   0.0%   0.947 CG:45   +
   44   142  0   0.0%   0.400 AU:45   +
   36   112  0   0.0%   0.754 GC:45   +
   43   149  0   0.0%   0.961 CG:45   +
   99   116  0   0.0%   0.972 CG:45   +
    8   137  2   0.2%   0.324 GC:19   GU:23   --:1    +
   35   158  3   0.1%   0.550 CG:2    UG:20   UA:18   --:2    +
    6    31  1   0.3%   0.069 UA:43   --:1    +
    8   132  2   0.1%   0.314 GC:40   GU:2    --:1    +
   35   108  3   0.0%   0.161 CG:1    UG:1    UA:40   +
  105   120  2   0.0%   0.896 UG:1    UA:42   +
  105   110  2   0.0%   0.643 UG:2    UA:41   +
  121   135  2   0.0%   1.322 CG:40   UG:2    --:1    +
  105   109  2   0.0%   0.871 UG:3    UA:40   +
  111   139  2   0.0%   0.159 UG:1    UA:42   +
    8   107  2   0.0%   0.123 GC:40   GU:2    --:1    +
  107   143  2   0.0%   0.360 CG:41   UG:2    +
   62   105  2   0.0%   0.179 GU:1    AU:42   +
  154   158  2   0.0%   0.288 UG:22   UA:19   --:2    +
   37   156  1   0.1%   1.151 GU:44   +
   39   154  1   0.1%   0.626 AU:44   +
  143   147  1   0.1%   0.167 GC:44   +
    6    30  1   0.1%   0.025 UA:43   --:1    +
   28   111  1   0.1%   0.038 AU:44   +
    6   122  1   0.0%   0.297 UA:43   --:1    +
   16   122  1   0.0%   0.072 UA:43   --:1    +
    6    44  1   0.0%   0.119 UA:43   --:1    +
    7    26  1   0.0%   0.011 AU:43   --:1    +
    6    29  1   0.0%   0.012 UA:43   --:1    +
   16    39  1   0.0%   0.217 UA:43   --:1    +
  126   156  1   0.0%   1.203 GU:44   +
    6    28  1   0.0%   0.007 UA:43   --:1    +
   66   111  1   0.0%   0.439 AU:44   +
   39   156  1   0.0%   0.626 AU:44   +
  128   156  1   0.0%   0.709 GU:44   +
  127   156  1   0.0%   1.108 GU:44   +
  111   115  1   0.0%   0.670 UA:44   +
  111   152  1   0.0%   0.161 UA:44   +
  111   119  1   0.0%   0.203 UA:44   +
    6   134  1   0.0%   0.645 UA:43   --:1    +
   16   123  1   0.0%   0.401 UA:43   --:1    +
    6   133  1   0.0%   0.657 UA:43   --:1    +
   27   111  1   0.0%   0.142 AU:43   --:1    +
   90   111  1   0.0%   0.439 AU:44   +
   29   111  1   0.0%   0.041 AU:44   +
   78   111  1   0.0%   0.036 AU:44   +
  144   154  1   0.0%   0.190 AU:44   +
  143   155  1   0.0%   0.166 GC:44   +
    7    24  1   0.0%   0.001 AU:43   --:1    +
   16   115  1   0.0%   0.088 UA:43   --:1    +
  140   157  1   0.0%   0.107 GC:44   +
  111   122  1   0.0%   0.281 UA:44   +
  141   156  1   0.0%   0.061 AU:44   +
  140   147  1   0.0%   0.133 GC:44   +
   30   111  1   0.0%   0.024 AU:44   +
   16    73  1   0.0%   0.043 UA:43   --:1    +
  143   157  1   0.0%   0.168 GC:44   +
    6   119  1   0.0%   0.257 UA:43   --:1    +
   81   111  1   0.0%   0.190 AU:44   +
  144   156  1   0.0%   0.166 AU:44   +
    7   156  1   0.0%   0.096 AU:43   --:1    +
  129   156  1   0.0%   0.872 GU:44   +
    6    78  1   0.0%   0.114 UA:43   --:1    +
    7   142  1   0.0%   0.096 AU:43   --:1    +
  111   123  1   0.0%   0.896 UA:44   +
   31   111  1   0.0%   0.044 AU:44   +
    6    13  1   0.0%   0.001 UA:43   --:1    +
   32   154  1   0.0%   0.114 AU:44   +
    6    39  1   0.0%   0.112 UA:43   --:1    +
   39   111  1   0.0%   0.614 AU:44   +
   16    32  1   0.0%   0.124 UA:43   --:1    +
  107   135  3   0.0%   0.845 CG:40   UG:2    +
    6   152  1   0.0%   0.643 UA:43   --:1    +
    7   154  1   0.0%   0.096 AU:43   --:1    +
  145   154  1   0.0%   0.194 AU:44   +
    6    95  1   0.0%   0.206 UA:43   --:1    +
   32   111  1   0.0%   0.120 AU:44   +
   16   119  1   0.0%   0.061 UA:43   --:1    +
   93   156  1   0.0%   0.154 AU:44   +
   88   111  1   0.0%   0.581 AU:44   +
    6   115  1   0.0%   0.268 UA:43   --:1    +
  111   134  1   0.0%   0.165 UA:44   +
  123   154  1   0.0%   0.781 AU:44   +
   95   154  1   0.0%   0.229 AU:44   +
  145   156  1   0.0%   0.171 AU:44   +
    7    80  1   0.0%   0.003 AU:43   --:1    +
   45   143  1   0.0%   1.073 CG:44   +
  111   133  1   0.0%   0.179 UA:44   +
    9   143  1   0.0%   0.465 CG:43   --:1    +
    7    86  1   0.0%   0.003 AU:43   --:1    +
   55   111  1   0.0%   0.055 AU:44   +
    6    81  1   0.0%   0.113 UA:43   --:1    +
  112   140  1   0.0%   0.149 CG:44   +
   21   111  1   0.0%   0.037 AU:43   --:1    +
   90   156  1   0.0%   0.300 AU:44   +
    7   151  1   0.0%   0.096 AU:43   --:1    +
   88   156  1   0.0%   0.443 AU:44   +
   90   154  1   0.0%   0.298 AU:44   +
  117   143  1   0.0%   0.687 CG:44   +
   16    31  1   0.0%   0.060 UA:43   --:1    +
    6    21  1   0.0%   0.002 UA:43   --:1    +
   30   156  1   0.0%   0.018 AU:44   +
  112   143  1   0.0%   0.149 CG:44   +
   50   143  1   0.0%   0.692 CG:44   +
   36   156  1   0.0%   0.860 GU:44   +
   28   156  1   0.0%   0.029 AU:44   +
  111   144  1   0.0%   0.158 UA:44   +
   31   156  1   0.0%   0.038 AU:44   +
   29   156  1   0.0%   0.036 AU:44   +
   43   143  1   0.0%   0.961 CG:44   +
  130   135  2   0.1%   1.065 CG:43   +
   50   135  2   0.1%   1.168 CG:43   +
   99   135  2   0.1%   1.080 CG:43   +
   97   135  2   0.1%   0.770 CG:43   +
  104   109  4   0.0%   0.786 UG:3    UA:38   +
   35   106  4   0.0%   0.162 UG:4    UA:37   +
   35   109  4   0.0%   0.152 UG:3    UA:38   +
  104   153  4   0.0%   0.425 UG:25   UA:16   +
   98   135  2   0.1%   0.905 CG:43   +
   73   105  2   0.1%   0.222 AU:43   +
  105   119  2   0.0%   0.547 UA:43   +
  105   115  2   0.0%   1.012 UA:43   +
  112   135  2   0.0%   0.639 CG:43   +
  105   123  2   0.0%   1.244 UA:43   +
   32   105  2   0.0%   0.117 AU:43   +
   43   135  2   0.0%   1.422 CG:43   +
  105   122  2   0.0%   0.625 UA:43   +
   81   105  2   0.0%   0.188 AU:43   +
  105   152  2   0.0%   0.506 UA:43   +
   96   135  2   0.0%   0.739 CG:43   +
   31   105  2   0.0%   0.037 AU:43   +
   79   135  2   0.0%   1.543 CG:43   +
  135   147  2   0.0%   0.902 GC:43   +
  105   134  2   0.0%   0.514 UA:43   +
   30   105  2   0.0%   0.017 AU:43   +
  117   135  2   0.0%   1.175 CG:43   +
  114   135  2   0.0%   0.774 CG:43   +
  105   145  2   0.0%   0.506 UA:43   +
   29   105  2   0.0%   0.034 AU:43   +
  135   157  2   0.0%   0.850 GC:43   +
   28   105  2   0.0%   0.024 AU:43   +
   93   105  2   0.0%   0.630 AU:43   +
  103   135  2   0.0%   1.035 CG:43   +
   33   158  6   0.0%   0.179 UG:22   UA:15   --:2    +
...........(((((....)))))........((..(.((((.....(((((...........)))))(((.((.(.((.((((((((.((((....)))).)))...))))))))..)).)))..)))))..))((((((..........)))))).........................
