10 sequence; length of alignment 130
alifold output
   61    70  0  99.5%   0.049 GC:10  
   62    69  0  99.4%   0.028 GC:10  
   60    71  0  99.4%   0.047 UA:10  
   48    81  0  99.3%   0.062 GC:10  
   49    80  0  99.3%   0.050 CG:10  
   47    82  0  99.3%   0.064 AU:10  
   59    72  0  98.8%   0.071 CG:10  
  104   114  0  98.5%   0.068 GC:10  
  105   113  0  98.4%   0.068 CG:10  
  103   115  0  98.4%   0.054 GC:10  
   46    83  0  98.3%   0.137 CG:10  
   50    79  0  91.6%   0.261 AU:10  
   15    87  0  87.3%   0.549 GC:10  
   16    86  0  87.1%   0.432 AU:10  
   14    88  0  86.4%   0.460 AU:10  
   45    84  0  85.5%   0.579 AU:10  
   17    85  1  85.5%   0.654 GC:9   
   13    89  1  76.7%   0.676 UG:4    UA:5   
   19    37  0  73.2%   0.877 UA:10  
   18    38  0  73.2%   0.921 GC:10  
   20    36  0  66.4%   1.086 UA:10  
   57    74  0  64.1%   0.933 CG:10  
   55    77  0  49.3%   1.112 GC:10  
   56    76  0  49.0%   1.200 AU:10  
   22    34  0  43.4%   1.449 GC:10  
   24    33  0  41.1%   1.836 GC:10  
   25    32  0  41.1%   2.206 GC:10  
  101   123  0  32.6%   1.987 CG:10   +
    6   100  0  32.1%   1.656 GC:10  
    5   101  0  32.1%   1.459 GC:10  
  100   124  1  32.6%   2.063 CG:9    +
  102   122  0  32.0%   2.006 AU:10   +
   99   125  0  31.8%   2.054 UA:10   +
    7    99  0  31.5%   1.430 AU:10  
   10    96  0  29.0%   1.895 GC:10  
   98   126  0  28.0%   1.588 AU:10   +
   11    95  0  27.9%   1.555 AU:10  
    4   102  0  24.4%   1.282 UA:9    --:1   
   25    31  0  24.0%   1.560 GC:10   +
   24    32  0  24.0%   1.456 GC:10   +
   22    35  0  22.9%   1.716 GC:10   +
    9    93  0  21.4%   1.295 GC:10   +
   95   121  0  21.3%   1.871 UA:10   +
   94   122  0  21.3%   1.023 AU:10   +
   96   120  0  21.2%   1.860 CG:10   +
   93   123  0  21.2%   1.549 CG:10   +
    6    96  0  17.8%   1.256 GC:10   +
    7    95  0  17.4%   1.015 AU:10   +
  107   111  2  13.4%   0.828 CG:8    +
  100   120  0  11.0%   1.529 CG:10   +
   99   121  0  11.0%   1.554 UA:10   +
   25    33  0  10.9%   2.192 GC:10   +
   24    34  0  10.9%   2.183 GC:10   +
   95   125  0   9.1%   1.891 UA:10   +
   98   122  0   9.0%   1.024 AU:10   +
   96   124  1   9.1%   1.925 CG:9    +
   94   126  0   7.8%   1.038 AU:10   +
   27    32  0   6.6%   1.714 GC:10   +
   25    34  0   6.4%   2.468 GC:10   +
   25    30  0   6.4%   0.764 GC:10   +
   54    75  0   6.4%   0.706 UA:10   +
   24    35  0   6.3%   2.177 GC:10   +
   24    31  0   6.3%   0.710 GC:10   +
  118   127  0   5.0%   0.645 GU:1    AU:7    --:2    +
   18    29  0   5.8%   0.516 GC:10   +
   19    28  0   5.8%   0.518 UA:10   +
   20    27  0   5.4%   0.507 UG:10   +
   17    30  1   5.4%   0.504 GC:9    +
  117   128  0   4.9%   0.856 CG:8    --:2    +
  119   126  0   4.8%   1.104 AU:10   +
   96   128  0   3.7%   2.028 CG:8    --:2    +
   22    33  0   2.9%   0.472 GC:10   +
   22    87  0   2.8%   1.392 GC:10   +
    5    35  0   2.8%   0.369 GC:10   +
    6    34  0   2.8%   0.329 GC:10   +
   53    75  0   2.8%   0.312 UA:10   +
   93   128  0   2.8%   1.296 CG:8    --:2    +
   23    86  0   2.8%   0.499 AU:10   +
   21    88  0   2.7%   0.509 AU:10   +
   52    76  0   2.6%   0.298 AU:10   +
   90   128  0   2.5%   0.556 CG:8    --:2    +
   18    93  0   2.5%   1.391 GC:10   +
   19    92  0   2.5%   0.829 UA:10   +
   27    31  0   2.3%   1.096 GC:10   +
  101   116  0   2.3%   0.732 CG:10   +
   95   129  0   1.3%   1.626 UG:7    UA:1    --:2    +
   15    96  0   2.2%   1.352 GC:10   +
   91   127  0   2.2%   0.385 AU:8    --:2    +
   27    85  0   2.1%   1.003 GC:10   +
    4    36  0   2.1%   0.265 UA:9    --:1    +
   26    86  0   2.1%   0.550 AU:10   +
   25    87  0   2.1%   1.907 GC:10   +
    5    96  0   2.1%   0.525 GC:10   +
   16    95  0   2.0%   1.170 AU:10   +
   24    85  0   2.0%   1.756 GC:10   +
   20    91  0   2.0%   0.816 UA:10   +
   18    90  0   2.0%   0.928 GC:10   +
   24    88  0   1.9%   1.952 GU:10   +
   10   100  0   1.8%   1.335 GC:10   +
    9   101  0   1.8%   1.247 GC:10   +
   18    40  0   1.8%   0.700 GC:10   +
   11    99  0   1.8%   0.981 AU:10   +
   19    39  0   1.7%   0.641 UA:10   +
    6    95  0   1.6%   0.390 GU:10   +
   99   118  0   0.6%   0.534 UG:1    UA:9    +
   15    31  0   1.6%   0.282 GC:10   +
   28    84  0   1.6%   0.460 AU:10   +
  118   122  0   0.6%   1.068 GU:1    AU:9    +
   20    89  1   1.6%   0.952 UG:4    UA:5    +
   54    74  0   1.5%   0.211 UG:10   +
   92   126  0   1.5%   0.306 AU:10   +
    9    32  0   1.5%   0.212 GC:10   +
   10    31  0   1.5%   0.237 GC:10   +
   22    32  0   1.5%   0.361 GC:10   +
   18    84  0   1.4%   0.703 GU:10   +
   95   124  0   0.4%   1.289 UG:9    UA:1    +
   10    90  0   1.3%   0.481 GC:10   +
   22    90  0   1.3%   1.380 GC:10   +
   15    93  0   1.3%   0.831 GC:10   +
   27    33  0   1.2%   1.388 GC:10   +
   10    93  0   1.2%   0.819 GC:10   +
   10    32  0   1.1%   0.313 GC:10   +
    9    33  0   1.1%   0.243 GC:10   +
   19    89  1   1.1%   0.865 UG:4    UA:5    +
   86   129  0   0.1%   0.428 UG:7    UA:1    --:2    +
    4    97  1   1.5%   0.373 UA:8    --:1    +
  122   129  0   0.0%   1.040 UG:7    UA:1    --:2    +
   88   129  0   0.0%   0.405 UG:7    UA:1    --:2    +
  118   126  0   0.0%   0.703 GU:1    AU:9    +
   20   124  0   0.0%   0.629 UG:9    UA:1    +
    4   124  0   0.0%   0.596 UG:8    UA:1    --:1    +
  111   127  0   0.0%   0.422 GU:6    AU:2    --:2    +
  111   126  0   0.0%   0.931 GU:8    AU:2    +
   13   124  0   0.0%   0.330 UG:9    UA:1    +
   88   124  0   0.0%   0.401 UG:9    UA:1    +
   99   124  0   0.0%   0.993 UG:9    UA:1    +
   13   129  0   0.0%   0.329 UG:7    UA:1    --:2    +
   84   129  0   0.0%   0.332 UG:7    UA:1    --:2    +
   79   118  0   0.0%   0.116 UG:1    UA:9    +
   86   124  0   0.0%   0.418 UG:9    UA:1    +
   54   118  0   0.0%   0.252 UG:1    UA:9    +
   99   129  0   0.0%   1.165 UG:7    UA:1    --:2    +
   55    78  0   1.0%   0.550 GC:10   +
   29    83  0   0.9%   0.349 CG:10   +
   55    76  0   0.9%   0.241 GU:10   +
  117   123  0   0.9%   0.896 CG:10   +
    9    35  0   0.9%   0.379 GC:10   +
   10    34  0   0.9%   0.416 GC:10   +
   15    32  0   0.8%   0.306 GC:10   +
    9    96  0   0.8%   1.128 GC:10   +
    6    87  0   0.7%   0.246 GC:10   +
   10    95  0   0.7%   0.868 GU:10   +
    5    88  0   0.7%   0.308 GU:10   +
   96   123  0   0.7%   1.632 CG:10   +
  100   116  0   0.6%   0.536 CG:10   +
    9    90  0   0.6%   0.374 GC:10   +
   24    30  0   0.6%   0.272 GC:10   +
   25    29  0   0.6%   0.264 GC:10   +
    5    12  1   1.1%   0.144 GC:9    +
    7    86  0   0.5%   0.090 AU:10   +
   49    58  0   0.5%   0.083 CG:10   +
   48    59  0   0.5%   0.082 GC:10   +
   47    60  0   0.5%   0.083 AU:10   +
   99   119  0   0.5%   0.546 UA:10   +
   94   127  0   0.5%   0.736 AU:8    --:2    +
   46    61  0   0.4%   0.080 CG:10   +
    8    95  0   0.4%   0.468 AU:10   +
    5    90  0   0.4%   0.309 GC:10   +
    4    89  1   0.4%   0.191 UG:3    UA:5    --:1    +
   10    33  0   0.4%   0.266 GC:10   +
  104   112  0   0.4%   0.062 GC:10   +
    9    34  0   0.4%   0.301 GC:10   +
    5    93  0   0.3%   0.323 GC:10   +
   25    84  0   0.3%   1.489 GU:10   +
    5    38  0   0.3%   0.224 GC:10   +
    4    91  0   0.3%   0.204 UA:9    --:1    +
   13    94  0   0.3%   0.340 UA:10   +
   13    98  0   0.3%   0.368 UA:10   +
  105   116  0   0.3%   0.210 CG:10   +
  104   117  0   0.3%   0.091 GC:10   +
   74    85  0   0.3%   0.747 GC:10   +
   73    86  0   0.3%   0.456 AU:10   +
   72    87  0   0.3%   0.446 GC:10   +
   75    84  0   0.3%   0.644 AU:10   +
   11    19  0   0.3%   0.057 AU:10   +
   63    69  0   0.3%   0.063 GC:10   +
   43    86  0   0.3%   0.424 AU:10   +
  109   115  0   0.3%   0.068 GC:10   +
   62    70  0   0.3%   0.067 GC:10   +
   71    88  0   0.3%   0.438 AU:10   +
   76    83  0   0.2%   0.625 UG:10   +
   10    20  0   0.2%   0.047 GU:10   +
   13    91  0   0.2%   0.311 UA:10   +
    9    85  0   0.2%   0.251 GC:10   +
  115   123  0   0.2%   0.812 CG:10   +
    5    40  0   0.2%   0.229 GC:10   +
    4    39  0   0.2%   0.144 UA:9    --:1    +
    9    31  0   0.2%   0.050 GC:10   +
    4    94  0   0.2%   0.208 UA:9    --:1    +
   10    85  0   0.2%   0.274 GC:10   +
    9    87  0   0.2%   0.303 GC:10   +
   20    37  0   0.2%   0.725 UA:10   +
    9    95  0   0.2%   1.044 GU:10   +
    8    88  0   0.2%   0.087 AU:10   +
   10    30  0   0.2%   0.062 GC:10   +
   27    34  0   0.2%   1.479 GC:10   +
   44    84  0   0.2%   0.200 AU:10   +
   25    35  0   0.2%   2.036 GC:10   +
    4    41  0   0.2%   0.149 UA:9    --:1    +
   15    40  0   0.2%   0.165 GC:10   +
    5    13  0   0.2%   0.080 GU:10   +
   13    21  0   0.2%   0.055 UA:10   +
   22    38  0   0.2%   1.177 GC:10   +
   14    20  0   0.2%   0.052 AU:10   +
  116   122  0   0.2%   1.111 GU:10   +
   11    84  0   0.2%   0.060 AU:10   +
   24    78  0   0.1%   1.372 GC:10   +
   25    77  0   0.1%   1.381 GC:10   +
   23    79  0   0.1%   0.036 AU:10   +
   10    87  0   0.1%   0.314 GC:10   +
   52    79  0   0.1%   0.221 AU:10   +
   13    92  0   0.1%   0.292 UA:10   +
    8    86  0   0.1%   0.061 AU:10   +
   26    76  0   0.1%   0.035 AU:10   +
    6    38  0   0.1%   0.169 GC:10   +
    9    86  0   0.1%   0.286 GU:10   +
    9    88  0   0.1%   0.317 GU:10   +
   18    34  0   0.1%   0.384 GC:10   +
    6    90  0   0.1%   0.223 GC:10   +
   11    86  0   0.1%   0.116 AU:10   +
   87   128  0   0.1%   0.416 CG:8    --:2    +
   91   126  0   0.1%   0.144 AU:10   +
   22    81  0   0.1%   0.922 GC:10   +
   21    82  0   0.1%   0.037 AU:10   +
    4    11  0   0.1%   0.027 UA:9    --:1    +
   22    31  0   0.1%   0.178 GC:10   +
   27    35  0   0.1%   1.198 GC:10   +
    4    14  0   0.1%   0.033 UA:9    --:1    +
   10    86  0   0.1%   0.298 GU:10   +
    6    33  0   0.1%   0.038 GC:10   +
    5    34  0   0.1%   0.081 GC:10   +
   20    83  0   0.1%   0.506 UG:10   +
   57    72  0   0.1%   0.020 CG:10   +
   16    88  0   0.1%   0.328 AU:10   +
   15    19  0   0.1%   0.033 GU:10   +
   18    35  0   0.1%   0.365 GC:10   +
   24    29  0   0.1%   0.187 GC:10   +
   23    88  0   0.1%   0.416 AU:10   +
    9    38  0   0.1%   0.237 GC:10   +
  107   113  0   0.1%   0.299 CG:10   +
  107   116  0   0.1%   0.426 CG:10   +
    6    93  0   0.1%   0.217 GC:10   +
   72    78  0   0.1%   0.098 GC:10   +
   71    79  0   0.1%   0.127 AU:10   +
   10    29  0   0.1%   0.030 GC:10   +
    9    30  0   0.1%   0.016 GC:10   +
   70    80  0   0.1%   0.047 CG:10   +
   13    26  0   0.1%   0.048 UA:10   +
   92   127  0   0.1%   0.273 AU:8    --:2    +
   16    79  0   0.1%   0.015 AU:10   +
   44    86  0   0.1%   0.415 AU:10   +
   18    77  0   0.1%   0.520 GC:10   +
    4    98  0   0.0%   0.257 UA:9    --:1    +
   98   127  0   0.0%   0.731 AU:8    --:2    +
    7    88  0   0.0%   0.075 AU:10   +
   15    90  0   0.0%   0.383 GC:10   +
   54    73  0   0.0%   0.021 UA:10   +
  103   114  0   0.0%   0.013 GC:10   +
  109   114  0   0.0%   0.029 GC:10   +
   89   127  1   0.0%   0.357 GU:2    AU:5    --:2    +
   24    87  0   0.0%   1.720 GC:10   +
   51    75  0   0.0%   0.014 UA:10   +
   46    55  0   0.0%   0.012 CG:10   +
   68    84  0   0.0%   0.323 AU:10   +
   67    85  0   0.0%   0.347 GC:10   +
   15    81  0   0.0%   0.139 GC:10   +
   53    74  0   0.0%   0.019 UG:10   +
   47    54  0   0.0%   0.012 AU:10   +
   14    82  0   0.0%   0.028 AU:10   +
   34    62  0   0.0%   0.982 CG:10   +
   33    63  0   0.0%   0.861 CG:10   +
    4     9  0   0.0%   0.009 UG:9    --:1    +
   15    33  0   0.0%   0.198 GC:10   +
   22    85  0   0.0%   1.079 GC:10   +
  115   120  0   0.0%   0.619 CG:10   +
   41    88  0   0.0%   0.396 AU:10   +
   35    61  0   0.0%   0.699 CG:10   +
   21    86  0   0.0%   0.213 AU:10   +
  105   120  0   0.0%   0.637 CG:10   +
  121   127  0   0.0%   0.866 AU:8    --:2    +
   10    84  0   0.0%   0.223 GU:10   +
   18    33  0   0.0%   0.275 GC:10   +
  112   116  0   0.0%   0.172 CG:10   +
   69    83  0   0.0%   0.110 CG:10   +
   18    69  0   0.0%   0.511 GC:10   +
   19    36  0   0.0%   0.278 UA:10   +
   19    68  0   0.0%   0.498 UA:10   +
    6    85  0   0.0%   0.144 GC:10   +
   10    77  0   0.0%   0.218 GC:10   +
    9    78  0   0.0%   0.209 GC:10   +
   40   128  0   0.0%   0.142 CG:8    --:2    +
   20    67  0   0.0%   0.480 UG:10   +
   11    76  0   0.0%   0.031 AU:10   +
   66    86  0   0.0%   0.403 AU:10   +
   15    85  0   0.0%   0.169 GC:10   +
   74    78  0   0.0%   0.432 GC:10   +
    4    10  0   0.0%   0.010 UG:9    --:1    +
   88   128  0   0.0%   0.415 UG:8    --:2    +
    8    99  0   0.0%   0.419 AU:10   +
   40    55  0   0.0%   0.138 CG:10   +
   41    54  0   0.0%   0.020 AU:10   +
   41   127  0   0.0%   0.030 AU:8    --:2    +
  120   127  0   0.0%   0.869 GU:8    --:2    +
   36    60  0   0.0%   0.363 AU:10   +
  121   126  0   0.0%   1.365 AU:10   +
    8    79  0   0.0%   0.008 AU:10   +
   73    79  0   0.0%   0.124 AU:10   +
    5    86  0   0.0%   0.210 GU:10   +
   27    38  0   0.0%   0.785 GC:10   +
   24    38  0   0.0%   1.612 GC:10   +
   19    83  0   0.0%   0.508 UG:10   +
   72    81  0   0.0%   0.050 GC:10   +
   42    53  0   0.0%   0.008 AU:10   +
   71    82  0   0.0%   0.038 AU:10   +
   14    86  0   0.0%   0.090 AU:10   +
   43    88  0   0.0%   0.400 AU:10   +
   42    88  0   0.0%   0.385 AU:10   +
    5   117  0   0.0%   0.736 GC:10   +
  103   117  0   0.0%   0.029 GC:10   +
   22    40  0   0.0%   1.023 GC:10   +
   86   125  0   0.0%   0.420 UA:10   +
  103   112  0   0.0%   0.005 GC:10   +
    6    81  0   0.0%   0.139 GC:10   +
   48    53  0   0.0%   0.008 GU:10   +
   42   126  0   0.0%   0.016 AU:10   +
   22    30  0   0.0%   0.191 GC:10   +
   89   126  1   0.0%   0.349 GU:4    AU:5    +
   99   116  0   0.0%   0.443 UG:10   +
   18    85  0   0.0%   0.740 GC:10   +
   13    73  0   0.0%   0.047 UA:10   +
    5    82  0   0.0%   0.206 GU:10   +
   18    32  0   0.0%   0.343 GC:10   +
   20    39  0   0.0%   0.558 UA:10   +
   15    34  0   0.0%   0.286 GC:10   +
   29    74  0   0.0%   0.212 CG:10   +
    6    35  0   0.0%   0.228 GC:10   +
   15    35  0   0.0%   0.264 GC:10   +
   25    38  0   0.0%   1.623 GC:10   +
   99   120  0   0.0%   0.830 UG:10   +
  112   123  0   0.0%   0.760 CG:10   +
   23    84  0   0.0%   0.089 AU:10   +
    4   118  0   0.0%   0.598 UA:9    --:1    +
   51    56  0   0.0%   0.005 UA:10   +
   10    35  0   0.0%   0.355 GC:10   +
   19    75  0   0.0%   0.497 UA:10   +
    5    33  0   0.0%   0.064 GC:10   +
    6    32  0   0.0%   0.020 GC:10   +
   19    91  0   0.0%   0.581 UA:10   +
  113   122  0   0.0%   0.958 GU:10   +
   42    86  0   0.0%   0.381 AU:10   +
   27    40  0   0.0%   0.637 GC:10   +
    7    84  0   0.0%   0.004 AU:10   +
   20    74  0   0.0%   0.481 UG:10   +
   50    76  0   0.0%   0.016 AU:10   +
   70    83  0   0.0%   0.112 CG:10   +
    5    87  0   0.0%   0.209 GC:10   +
   49    55  0   0.0%   0.010 CG:10   +
   95   128  0   0.0%   1.661 UG:8    --:2    +
    9    40  0   0.0%   0.218 GC:10   +
   53    73  0   0.0%   0.010 UA:10   +
    6    31  0   0.0%   0.018 GC:10   +
    5    32  0   0.0%   0.062 GC:10   +
   18    30  0   0.0%   0.360 GC:10   +
   16    84  0   0.0%   0.022 AU:10   +
   18    95  0   0.0%   1.623 GU:10   +
   18    86  0   0.0%   0.760 GU:10   +
   43    84  0   0.0%   0.168 AU:10   +
  119   127  0   0.0%   0.456 AU:8    --:2    +
   41    86  0   0.0%   0.390 AU:10   +
   19    94  0   0.0%   0.671 UA:10   +
  107   128  0   0.0%   0.612 CG:8    --:2    +
    7   127  0   0.0%   0.707 AU:8    --:2    +
  108   127  0   0.0%   0.132 AU:8    --:2    +
   25    40  0   0.0%   1.475 GC:10   +
   30    72  0   0.0%   0.386 CG:10   +
   25    85  0   0.0%   1.629 GC:10   +
    5    95  0   0.0%   0.286 GU:10   +
   63    77  0   0.0%   0.389 GC:10   +
   62    78  0   0.0%   0.093 GC:10   +
   35   123  0   0.0%   0.695 CG:10   +
  107   123  0   0.0%   1.012 CG:10   +
    4     8  0   0.0%   0.003 UA:9    --:1    +
  108   122  0   0.0%   0.936 AU:10   +
    6   127  0   0.0%   0.931 GU:8    --:2    +
   26    84  0   0.0%   0.112 AU:10   +
   64    76  0   0.0%   0.502 AU:10   +
   15    95  0   0.0%   1.114 GU:10   +
   25    86  0   0.0%   1.668 GU:10   +
   50    54  0   0.0%   0.009 AU:10   +
   20    26  0   0.0%   0.033 UA:10   +
  120   126  0   0.0%   1.369 GU:10   +
   44    88  0   0.0%   0.397 AU:10   +
    8   126  0   0.0%   0.054 AU:10   +
    5   105  0   0.0%   0.732 GC:10   +
    7   126  0   0.0%   0.705 AU:10   +
   35    55  0   0.0%   0.691 CG:10   +
    9    70  0   0.0%   0.204 GC:10   +
   10    38  0   0.0%   0.244 GC:10   +
   10    69  0   0.0%   0.213 GC:10   +
   36    54  0   0.0%   0.359 AU:10   +
   32    63  0   0.0%   1.110 CG:10   +
   33    62  0   0.0%   0.853 CG:10   +
   38    58  0   0.0%   0.281 CG:10   +
   63    87  0   0.0%   0.393 GC:10   +
  109   126  0   0.0%   0.659 GU:10   +
   47    79  0   0.0%   0.048 AU:10   +
  101   120  0   0.0%   1.101 CG:10   +
   48    78  0   0.0%   0.048 GC:10   +
   46    80  0   0.0%   0.031 CG:10   +
   85   128  0   0.0%   0.360 CG:8    --:2    +
   62    88  0   0.0%   0.409 GU:10   +
   36   122  0   0.0%   0.362 AU:10   +
   13    42  0   0.0%   0.043 UA:10   +
   24    40  0   0.0%   1.464 GC:10   +
  109   117  0   0.0%   0.043 GC:10   +
   38   128  0   0.0%   0.284 CG:8    --:2    +
   20    41  0   0.0%   0.485 UA:10   +
   20    25  0   0.0%   0.028 UG:10   +
   20    75  0   0.0%   0.480 UA:10   +
   31    72  0   0.0%   0.762 CG:10   +
   32    62  0   0.0%   1.108 CG:10   +
    6    86  0   0.0%   0.142 GU:10   +
   31    63  0   0.0%   0.760 CG:10   +
   62    90  0   0.0%   0.290 GC:10   +
   67    81  0   0.0%   0.025 GC:10   +
   37    53  0   0.0%   0.244 AU:10   +
   34    61  0   0.0%   0.974 CG:10   +
    5    70  0   0.0%   0.203 GC:10   +
   66    82  0   0.0%   0.023 AU:10   +
    6    69  0   0.0%   0.136 GC:10   +
   19    42  0   0.0%   0.492 UA:10   +
   10   127  0   0.0%   0.828 GU:8    --:2    +
    8    13  0   0.0%   0.014 AU:10   +
    4   106  0   0.0%   0.595 UA:9    --:1    +
   74    81  0   0.0%   0.383 GC:10   +
    4    92  0   0.0%   0.169 UA:9    --:1    +
   90   123  0   0.0%   0.265 CG:10   +
   14    95  0   0.0%   0.949 AU:10   +
   42    84  0   0.0%   0.169 AU:10   +
    6    13  0   0.0%   0.026 GU:10   +
   73    82  0   0.0%   0.034 AU:10   +
    6    40  0   0.0%   0.149 GC:10   +
   35   128  0   0.0%   0.695 CG:8    --:2    +
   58    78  0   0.0%   0.093 GC:10   +
   13    43  0   0.0%   0.043 UA:10   +
   19    26  0   0.0%   0.029 UA:10   +
   11   126  0   0.0%   0.476 AU:10   +
   59    74  0   0.0%   0.397 CG:10   +
   36   127  0   0.0%   0.366 AU:8    --:2    +
   83    90  0   0.0%   0.358 GC:10   +
   18    87  0   0.0%   0.756 GC:10   +
   33    61  0   0.0%   0.851 CG:10   +
   13    24  0   0.0%   0.037 UG:10   +
   19    27  0   0.0%   0.029 UG:10   +
   44    51  0   0.0%   0.002 AU:10   +
   49    83  0   0.0%   0.112 CG:10   +
   13    66  0   0.0%   0.044 UA:10   +
   64    86  0   0.0%   0.397 AU:10   +
   22    29  0   0.0%   0.181 GC:10   +
   20    42  0   0.0%   0.475 UA:10   +
   50    82  0   0.0%   0.104 AU:10   +
   15    78  0   0.0%   0.132 GC:10   +
   14    79  0   0.0%   0.020 AU:10   +
   88   123  0   0.0%   0.399 UG:10   +
   84    89  1   0.0%   0.670 UG:4    UA:5    +
   48    84  0   0.0%   0.348 GU:10   +
    8   127  0   0.0%   0.055 AU:8    --:2    +
   20    92  0   0.0%   0.729 UA:10   +
   18    31  0   0.0%   0.330 GC:10   +
   24    70  0   0.0%   1.341 GC:10   +
   25    69  0   0.0%   1.351 GC:10   +
    4    83  0   0.0%   0.129 UG:9    --:1    +
  116   126  0   0.0%   0.795 GU:10   +
   77    83  0   0.0%   0.463 CG:10   +
    4    37  0   0.0%   0.103 UA:9    --:1    +
    5   115  0   0.0%   0.732 GC:10   +
   48    57  0   0.0%   0.003 GC:10   +
    7    13  0   0.0%   0.013 AU:10   +
   91   122  0   0.0%   0.115 AU:10   +
   19    23  0   0.0%   0.024 UA:10   +
    6   114  0   0.0%   0.928 GC:10   +
   37   126  0   0.0%   0.247 AU:10   +
   19    43  0   0.0%   0.492 UA:10   +
   64    88  0   0.0%   0.382 AU:10   +
   39   127  0   0.0%   0.091 AU:8    --:2    +
   51    80  0   0.0%   0.015 UG:10   +
   18    76  0   0.0%   0.508 GU:10   +
   63    96  0   0.0%   0.896 GC:10   +
  122   128  0   0.0%   1.456 UG:8    --:2    +
  105   123  0   0.0%   0.788 CG:10   +
   11    88  0   0.0%   0.104 AU:10   +
   31    62  0   0.0%   0.759 CG:10   +
   30    63  0   0.0%   0.384 CG:10   +
   64    95  0   0.0%   0.884 AU:10   +
   13    80  0   0.0%   0.046 UG:10   +
   82    91  0   0.0%   0.137 UA:10   +
   63    70  0   0.0%   0.047 GC:10   +
   40    67  0   0.0%   0.137 CG:10   +
    5    85  0   0.0%   0.204 GC:10   +
   68    82  0   0.0%   0.025 AU:10   +
   29    72  0   0.0%   0.206 CG:10   +
  106   122  0   0.0%   0.935 AU:10   +
    5   127  0   0.0%   0.734 GU:8    --:2    +
   35    62  0   0.0%   0.698 CG:10   +
   34    63  0   0.0%   0.980 CG:10   +
   30    74  0   0.0%   0.389 CG:10   +
   95   123  0   0.0%   1.544 UG:10   +
   58    77  0   0.0%   0.394 GC:10   +
   13    41  0   0.0%   0.053 UA:10   +
   67    90  0   0.0%   0.269 GC:10   +
   38   120  0   0.0%   0.281 CG:10   +
   78    83  0   0.0%   0.167 CG:10   +
   13    83  0   0.0%   0.054 UG:10   +
   60    73  0   0.0%   0.042 UA:10   +
    6   117  0   0.0%   0.930 GC:10   +
  112   128  0   0.0%   0.357 CG:8    --:2    +
   15    38  0   0.0%   0.151 GC:10   +
   13    23  0   0.0%   0.036 UA:10   +
   19    41  0   0.0%   0.501 UA:10   +
   39    88  0   0.0%   0.458 AU:10   +
   32    61  0   0.0%   1.106 CG:10   +
  113   126  0   0.0%   0.661 GU:10   +
   19   125  0   0.0%   0.639 UA:10   +
   13    36  0   0.0%   0.122 UA:10   +
  112   120  0   0.0%   0.602 CG:10   +
   40    62  0   0.0%   0.138 CG:10   +
   18   126  0   0.0%   0.745 GU:10   +
   39    84  0   0.0%   0.248 AU:10   +
    9   126  0   0.0%   0.738 GU:10   +
   41    84  0   0.0%   0.178 AU:10   +
  123   127  0   0.0%   1.076 GU:8    --:2    +
   63   100  0   0.0%   0.463 GC:10   +
   62   101  0   0.0%   0.468 GC:10   +
   13    44  0   0.0%   0.043 UA:10   +
   64    99  0   0.0%   0.441 AU:10   +
   46    58  0   0.0%   0.005 CG:10   +
    4   125  0   0.0%   0.597 UA:9    --:1    +
    4   116  0   0.0%   0.595 UG:9    --:1    +
  104   115  0   0.0%   0.052 GC:10   +
   40    83  0   0.0%   0.193 CG:10   +
   67    96  0   0.0%   0.881 GC:10   +
   30    83  0   0.0%   0.443 CG:10   +
   32    80  0   0.0%   1.109 CG:10   +
   86    91  0   0.0%   0.527 UA:10   +
   68    95  0   0.0%   0.888 AU:10   +
   32    72  0   0.0%   1.110 CG:10   +
   40    48  0   0.0%   0.131 CG:10   +
  114   120  0   0.0%   0.600 CG:10   +
   44    53  0   0.0%   0.004 AU:10   +
    6    88  0   0.0%   0.209 GU:10   +
   59    67  0   0.0%   0.031 CG:10   +
   60    66  0   0.0%   0.029 UA:10   +
   43    54  0   0.0%   0.005 AU:10   +
   40   123  0   0.0%   0.135 CG:10   +
   38    55  0   0.0%   0.280 CG:10   +
    5   100  0   0.0%   0.365 GC:10   +
   24    86  0   0.0%   1.715 GU:10   +
  116   127  0   0.0%   0.286 GU:8    --:2    +
   54    72  0   0.0%   0.010 UG:10   +
   51    58  0   0.0%   0.031 UG:10   +
  107   120  0   0.0%   0.856 CG:10   +
   15    30  0   0.0%   0.022 GC:10   +
   11   127  0   0.0%   0.476 AU:8    --:2    +
   39    54  0   0.0%   0.086 AU:10   +
    4    71  0   0.0%   0.128 UA:9    --:1    +
  113   127  0   0.0%   0.152 GU:8    --:2    +
    9    13  0   0.0%   0.016 GU:10   +
   89   122  1   0.0%   0.340 GU:4    AU:5    +
   14    19  0   0.0%   0.024 AU:10   +
    9   127  0   0.0%   0.739 GU:8    --:2    +
  100   123  0   0.0%   1.078 CG:10   +
   10    40  0   0.0%   0.226 GC:10   +
   61    79  0   0.0%   0.142 GU:10   +
   86    92  0   0.0%   0.516 UA:10   +
   17   127  0   0.0%   0.371 GU:8    --:2    +
   41    82  0   0.0%   0.027 AU:10   +
   29    67  0   0.0%   0.208 CG:10   +
    6   126  0   0.0%   0.928 GU:10   +
   13    27  0   0.0%   0.045 UG:10   +
   20    28  0   0.0%   0.350 UA:10   +
   87   120  0   0.0%   0.387 CG:10   +
   67    93  0   0.0%   0.568 GC:10   +
   20    43  0   0.0%   0.474 UA:10   +
    4    42  0   0.0%   0.127 UA:9    --:1    +
    5   107  0   0.0%   0.731 GC:10   +
   42    54  0   0.0%   0.007 AU:10   +
   21    79  0   0.0%   0.018 AU:10   +
   13   128  0   0.0%   0.329 UG:8    --:2    +
   91    95  0   0.0%   0.995 AU:10   +
   88   119  0   0.0%   0.396 UA:10   +
   22    78  0   0.0%   0.902 GC:10   +
   22    96  0   0.0%   1.935 GC:10   +
  110   126  0   0.0%   0.638 AU:10   +
   31    67  0   0.0%   0.762 CG:10   +
    9    84  0   0.0%   0.206 GU:10   +
   58    76  0   0.0%   0.528 GU:10   +
   14   127  0   0.0%   0.153 AU:8    --:2    +
   86   121  0   0.0%   0.415 UA:10   +
   51    73  0   0.0%   0.004 UA:10   +
   42   127  0   0.0%   0.017 AU:8    --:2    +
   19    44  0   0.0%   0.491 UA:10   +
   88    94  0   0.0%   0.428 UA:10   +
   41   122  0   0.0%   0.020 AU:10   +
   23    95  0   0.0%   0.997 AU:10   +
   30    62  0   0.0%   0.383 CG:10   +
   43    53  0   0.0%   0.004 AU:10   +
   29    63  0   0.0%   0.205 CG:10   +
   20    80  0   0.0%   0.478 UG:10   +
   43   127  0   0.0%   0.028 AU:8    --:2    +
    6    29  0   0.0%   0.014 GC:10   +
    5    30  0   0.0%   0.059 GC:10   +
   84    92  0   0.0%   0.433 UA:10   +
   83    93  0   0.0%   0.656 GC:10   +
   66    84  0   0.0%   0.312 AU:10   +
   26    82  0   0.0%   0.027 AU:10   +
   43   126  0   0.0%   0.026 AU:10   +
   27    81  0   0.0%   0.519 GC:10   +
   16    20  0   0.0%   0.026 AU:10   +
    5    31  0   0.0%   0.059 GC:10   +
   74    79  0   0.0%   0.474 GU:10   +
  109   127  0   0.0%   0.151 GU:8    --:2    +
    4    16  0   0.0%   0.020 UA:9    --:1    +
   27    87  0   0.0%   0.957 GC:10   +
   33    72  0   0.0%   0.856 CG:10   +
   10   126  0   0.0%   0.826 GU:10   +
    4   108  0   0.0%   0.594 UA:9    --:1    +
  110   127  0   0.0%   0.130 AU:8    --:2    +
  114   123  0   0.0%   0.755 CG:10   +
    9    20  0   0.0%   0.004 GU:10   +
   44   126  0   0.0%   0.023 AU:10   +
    6    30  0   0.0%   0.015 GC:10   +
   72    77  0   0.0%   0.387 GC:10   +
   86   128  0   0.0%   0.421 UG:8    --:2    +
    5    81  0   0.0%   0.202 GC:10   +
   80    93  0   0.0%   0.573 GC:10   +
   24    90  0   0.0%   1.764 GC:10   +
   63    85  0   0.0%   0.356 GC:10   +
   53    58  0   0.0%   0.033 UG:10   +
   26    88  0   0.0%   0.469 AU:10   +
   63    90  0   0.0%   0.284 GC:10   +
   28    86  0   0.0%   0.603 AU:10   +
   38    48  0   0.0%   0.279 CG:10   +
    4    43  0   0.0%   0.127 UA:9    --:1    +
   31    61  0   0.0%   0.758 CG:10   +
   44    82  0   0.0%   0.014 AU:10   +
   88    92  0   0.0%   0.497 UA:10   +
  102   127  0   0.0%   0.837 AU:8    --:2    +
   64    84  0   0.0%   0.312 AU:10   +
  105   109  0   0.0%   0.001 CG:10   +
   88   125  0   0.0%   0.399 UA:10   +
    6    99  0   0.0%   0.562 GU:10   +
   69    80  0   0.0%   0.036 CG:10   +
   25    78  0   0.0%   1.373 GC:10   +
   15    20  0   0.0%   0.031 GU:10   +
    5   126  0   0.0%   0.733 GU:10   +
   84   125  0   0.0%   0.332 UA:10   +
   45    86  0   0.0%   0.529 AU:10   +
   55    79  0   0.0%   0.550 GU:10   +
   21    84  0   0.0%   0.093 AU:10   +
   10    88  0   0.0%   0.305 GU:10   +
   19    25  0   0.0%   0.024 UG:10   +
    4   119  0   0.0%   0.596 UA:9    --:1    +
    9    29  0   0.0%   0.004 GC:10   +
   87   109  0   0.0%   0.386 CG:10   +
   34   123  0   0.0%   0.976 CG:10   +
   86   110  0   0.0%   0.414 UA:10   +
   27    69  0   0.0%   0.511 GC:10   +
   30    67  0   0.0%   0.386 CG:10   +
   62    86  0   0.0%   0.422 GU:10   +
   20    24  0   0.0%   0.027 UG:10   +
   51    55  0   0.0%   0.008 UG:10   +
   13    74  0   0.0%   0.046 UG:10   +
   27    77  0   0.0%   0.523 GC:10   +
    5    99  0   0.0%   0.365 GU:10   +
  113   117  0   0.0%   0.045 GC:10   +
   88   108  0   0.0%   0.396 UA:10   +
   10    19  0   0.0%   0.003 GU:10   +
   13    37  0   0.0%   0.041 UA:10   +
    9    99  0   0.0%   1.029 GU:10   +
   24    79  0   0.0%   1.362 GU:10   +
   18    78  0   0.0%   0.516 GC:10   +
   28    76  0   0.0%   0.177 AU:10   +
   38    67  0   0.0%   0.283 CG:10   +
   34    72  0   0.0%   0.977 CG:10   +
  101   128  0   0.0%   1.221 CG:8    --:2    +
   35    72  0   0.0%   0.695 CG:10   +
   58    69  0   0.0%   0.033 GC:10   +
   15    29  0   0.0%   0.010 GC:10   +
   13    28  0   0.0%   0.040 UA:10   +
   82    94  0   0.0%   0.057 UA:10   +
  104   126  0   0.0%   0.690 GU:10   +
   69    74  0   0.0%   0.384 CG:10   +
   57    83  0   0.0%   0.367 CG:10   +
   56    84  0   0.0%   0.662 AU:10   +
   51    74  0   0.0%   0.007 UG:10   +
   89    95  1   0.0%   1.220 GU:4    AU:5    +
   32    67  0   0.0%   1.110 CG:10   +
  103   122  0   0.0%   0.956 GU:10   +
   67    87  0   0.0%   0.377 GC:10   +
    6    84  0   0.0%   0.136 GU:10   +
   19    24  0   0.0%   0.024 UG:10   +
   55    85  0   0.0%   0.776 GC:10   +
   67    77  0   0.0%   0.370 GC:10   +
  100   109  0   0.0%   0.439 CG:10   +
   54    58  0   0.0%   0.036 UG:10   +
   38   123  0   0.0%   0.282 CG:10   +
   68    76  0   0.0%   0.503 AU:10   +
   16   126  0   0.0%   0.214 AU:10   +
   15   127  0   0.0%   0.401 GU:8    --:2    +
   68    86  0   0.0%   0.403 AU:10   +
    4   121  0   0.0%   0.596 UA:9    --:1    +
   13   125  0   0.0%   0.329 UA:10   +
   13   123  0   0.0%   0.329 UG:10   +
   66    88  0   0.0%   0.384 AU:10   +
   10   101  0   0.0%   1.262 GC:10   +
   45    82  0   0.0%   0.013 AU:10   +
    6   105  0   0.0%   0.928 GC:10   +
   61    69  0   0.0%   0.033 GC:10   +
   39    51  0   0.0%   0.085 AU:10   +
   99   110  0   0.0%   0.438 UA:10   +
   75    79  0   0.0%   0.394 AU:10   +
  103   107  0   0.0%   0.000 GC:10   +
   35    80  0   0.0%   0.693 CG:10   +
  105   128  0   0.0%   0.387 CG:8    --:2    +
   15    88  0   0.0%   0.438 GU:10   +
   18    81  0   0.0%   0.514 GC:10   +
  103   126  0   0.0%   0.660 GU:10   +
   59    80  0   0.0%   0.049 CG:10   +
   44    54  0   0.0%   0.005 AU:10   +
   58    81  0   0.0%   0.049 GC:10   +
   20    44  0   0.0%   0.474 UA:10   +
   40    58  0   0.0%   0.133 CG:10   +
   13    18  0   0.0%   0.041 UG:10   +
   80   117  0   0.0%   0.016 GC:10   +
   81   116  0   0.0%   0.023 CG:10   +
   37    84  0   0.0%   0.405 AU:10   +
   44   127  0   0.0%   0.025 AU:8    --:2    +
   43    51  0   0.0%   0.002 AU:10   +
   38    83  0   0.0%   0.339 CG:10   +
    8    19  0   0.0%   0.002 AU:10   +
   86    94  0   0.0%   0.447 UA:10   +
   33   123  0   0.0%   0.854 CG:10   +
   31    74  0   0.0%   0.764 CG:10   +
   53    80  0   0.0%   0.117 UG:10   +
   45    53  0   0.0%   0.003 AU:10   +
   56    79  0   0.0%   0.458 AU:10   +
   42    51  0   0.0%   0.002 AU:10   +
   27    70  0   0.0%   0.511 GC:10   +
    9    19  0   0.0%   0.003 GU:10   +
   71    84  0   0.0%   0.327 AU:10   +
   35    58  0   0.0%   0.689 CG:10   +
   11    20  0   0.0%   0.039 AU:10   +
   36    79  0   0.0%   0.376 AU:10   +
   35    67  0   0.0%   0.695 CG:10   +
    8    20  0   0.0%   0.002 AU:10   +
   93   120  0   0.0%   0.561 CG:10   +
    7    20  0   0.0%   0.001 AU:10   +
   10    99  0   0.0%   1.117 GU:10   +
   19    80  0   0.0%   0.495 UG:10   +
   16   127  0   0.0%   0.215 AU:8    --:2    +
  115   128  0   0.0%   0.382 CG:8    --:2    +
   20    73  0   0.0%   0.477 UA:10   +
    4    44  0   0.0%   0.127 UA:9    --:1    +
   26    79  0   0.0%   0.031 AU:10   +
   85   123  0   0.0%   0.355 CG:10   +
  106   127  0   0.0%   0.130 AU:8    --:2    +
   24    81  0   0.0%   1.358 GC:10   +
    4   123  0   0.0%   0.596 UG:9    --:1    +
   27    78  0   0.0%   0.523 GC:10   +
   86   123  0   0.0%   0.416 UG:10   +
   23    82  0   0.0%   0.022 AU:10   +
   62    96  0   0.0%   0.901 GC:10   +
    8    84  0   0.0%   0.005 AU:10   +
    9   100  0   0.0%   1.028 GC:10   +
   63    81  0   0.0%   0.042 GC:10   +
   13    22  0   0.0%   0.045 UG:10   +
   47    53  0   0.0%   0.003 AU:10   +
   39    86  0   0.0%   0.457 AU:10   +
   22    88  0   0.0%   1.296 GU:10   +
   31    80  0   0.0%   0.760 CG:10   +
   32   123  0   0.0%   1.108 CG:10   +
    6   101  0   0.0%   1.291 GC:10   +
   46    62  0   0.0%   0.033 CG:10   +
   45    51  0   0.0%   0.001 AU:10   +
   83   114  0   0.0%   0.097 GC:10   +
   39   122  0   0.0%   0.086 AU:10   +
   79    94  0   0.0%   0.147 UA:10   +
   13    39  0   0.0%   0.054 UA:10   +
   84   113  0   0.0%   0.331 UG:10   +
   62    82  0   0.0%   0.048 GU:10   +
   19    45  0   0.0%   0.490 UA:10   +
    9   117  0   0.0%   0.738 GC:10   +
   93   103  0   0.0%   0.560 CG:10   +
   18    88  0   0.0%   0.763 GU:10   +
   65    88  0   0.0%   0.380 AU:10   +
   40   120  0   0.0%   0.134 CG:10   +
   13   119  0   0.0%   0.329 UA:10   +
   14   122  0   0.0%   0.149 AU:10   +
   13    62  0   0.0%   0.042 UG:10   +
   37    88  0   0.0%   0.614 AU:10   +
  103   127  0   0.0%   0.152 GU:8    --:2    +
   32    74  0   0.0%   1.112 CG:10   +
    7    79  0   0.0%   0.001 AU:10   +
   63    95  0   0.0%   0.905 GU:10   +
   15   126  0   0.0%   0.400 GU:10   +
    9   115  0   0.0%   0.736 GC:10   +
   10   114  0   0.0%   0.824 GC:10   +
   10   117  0   0.0%   0.826 GC:10   +
    4    15  0   0.0%   0.020 UG:9    --:1    +
   45    88  0   0.0%   0.513 AU:10   +
   76   125  0   0.0%   0.516 UA:10   +
   78   123  0   0.0%   0.073 CG:10   +
   13    25  0   0.0%   0.036 UG:10   +
   67    78  0   0.0%   0.068 GC:10   +
   19    74  0   0.0%   0.495 UG:10   +
   70    74  0   0.0%   0.383 CG:10   +
   66    79  0   0.0%   0.108 AU:10   +
   39    82  0   0.0%   0.097 AU:10   +
   75   126  0   0.0%   0.302 AU:10   +
  102   126  0   0.0%   1.346 AU:10   +
   25    70  0   0.0%   1.351 GC:10   +
   33    74  0   0.0%   0.858 CG:10   +
   58    82  0   0.0%   0.050 GU:10   +
   22    86  0   0.0%   1.095 GU:10   +
    4   103  0   0.0%   0.593 UG:9    --:1    +
   87   123  0   0.0%   0.388 CG:10   +
   96   103  0   0.0%   0.872 CG:10   +
   41   126  0   0.0%   0.023 AU:10   +
   13    75  0   0.0%   0.044 UA:10   +
    6    77  0   0.0%   0.135 GC:10   +
    5    78  0   0.0%   0.202 GC:10   +
   84    91  0   0.0%   0.443 UA:10   +
   62    93  0   0.0%   0.589 GC:10   +
   38    62  0   0.0%   0.285 CG:10   +
   80    96  0   0.0%   0.886 GC:10   +
   18    46  0   0.0%   0.502 GC:10   +
   19    98  0   0.0%   0.659 UA:10   +
   18    96  0   0.0%   1.613 GC:10   +
   33    80  0   0.0%   0.854 CG:10   +
   18   100  0   0.0%   1.180 GC:10   +
   38    74  0   0.0%   0.285 CG:10   +
   60    72  0   0.0%   0.055 UG:10   +
    7    76  0   0.0%   0.001 AU:10   +
   92    99  0   0.0%   0.540 AU:10   +
   27    84  0   0.0%   0.602 GU:10   +
   19    73  0   0.0%   0.494 UA:10   +
   95   120  0   0.0%   0.883 UG:10   +
   22    93  0   0.0%   1.623 GC:10   +
   83   126  0   0.0%   0.102 GU:10   +
   77   120  0   0.0%   0.367 CG:10   +
   13    71  0   0.0%   0.043 UA:10   +
   76   121  0   0.0%   0.516 UA:10   +
   74   127  0   0.0%   0.384 GU:8    --:2    +
   85   120  0   0.0%   0.354 CG:10   +
    7   122  0   0.0%   0.702 AU:10   +
   35    48  0   0.0%   0.688 CG:10   +
   18    99  0   0.0%   1.179 GU:10   +
   20    72  0   0.0%   0.475 UG:10   +
   38    63  0   0.0%   0.285 CG:10   +
   45    54  0   0.0%   0.004 AU:10   +
   39   126  0   0.0%   0.089 AU:10   +
  101   113  0   0.0%   0.438 CG:10   +
   34   128  0   0.0%   0.976 CG:8    --:2    +
   45   126  0   0.0%   0.140 AU:10   +
   62    87  0   0.0%   0.397 GC:10   +
   86   119  0   0.0%   0.414 UA:10   +
   37   127  0   0.0%   0.248 AU:8    --:2    +
   85   103  0   0.0%   0.353 CG:10   +
  108   126  0   0.0%   0.638 AU:10   +
   75    82  0   0.0%   0.304 AU:10   +
   88    98  0   0.0%   0.417 UA:10   +
   30    80  0   0.0%   0.385 CG:10   +
   75   122  0   0.0%   0.298 AU:10   +
   94    99  0   0.0%   0.471 AU:10   +
   10    81  0   0.0%   0.215 GC:10   +
   83   105  0   0.0%   0.097 GC:10   +
  100   128  0   0.0%   1.408 CG:8    --:2    +
   84   104  0   0.0%   0.331 UG:10   +
    8   122  0   0.0%   0.051 AU:10   +
   40    63  0   0.0%   0.138 CG:10   +
   15    70  0   0.0%   0.129 GC:10   +
   31    83  0   0.0%   0.818 CG:10   +
   82   106  0   0.0%   0.025 UA:10   +
   14    99  0   0.0%   0.587 AU:10   +
    9    82  0   0.0%   0.206 GU:10   +
   86   102  0   0.0%   0.758 UA:10   +
   55   117  0   0.0%   0.445 GC:10   +
   34    67  0   0.0%   0.978 CG:10   +
   33   128  0   0.0%   0.854 CG:8    --:2    +
   50   122  0   0.0%   0.084 AU:10   +
   49   123  0   0.0%   0.037 CG:10   +
   65    86  0   0.0%   0.395 AU:10   +
   62    77  0   0.0%   0.392 GC:10   +
   22    84  0   0.0%   0.977 GU:10   +
   80   107  0   0.0%   0.014 GC:10   +
   79   108  0   0.0%   0.114 UA:10   +
   99   128  0   0.0%   1.433 UG:8    --:2    +
   73    84  0   0.0%   0.323 AU:10   +
   78   109  0   0.0%   0.071 CG:10   +
   61    78  0   0.0%   0.097 GC:10   +
   27    46  0   0.0%   0.506 GC:10   +
    4   120  0   0.0%   0.596 UG:9    --:1    +
   72    85  0   0.0%   0.363 GC:10   +
   34    74  0   0.0%   0.980 CG:10   +
   27    49  0   0.0%   0.506 GC:10   +
   84   121  0   0.0%   0.331 UA:10   +
   60    80  0   0.0%   0.044 UG:10   +
   40   116  0   0.0%   0.134 CG:10   +
  110   122  0   0.0%   0.934 AU:10   +
   32   128  0   0.0%   1.108 CG:8    --:2    +
   53   119  0   0.0%   0.108 UA:10   +
   23    76  0   0.0%   0.004 AU:10   +
   61    87  0   0.0%   0.403 GC:10   +
   15   100  0   0.0%   0.835 GC:10   +
   19    56  0   0.0%   0.490 UA:10   +
   74    87  0   0.0%   0.763 GC:10   +
    9    46  0   0.0%   0.201 GC:10   +
    6    20  0   0.0%   0.014 GU:10   +
   20    55  0   0.0%   0.473 UG:10   +
   14   126  0   0.0%   0.152 AU:10   +
   15   117  0   0.0%   0.399 GC:10   +
   71    76  0   0.0%   0.507 AU:10   +
   75    86  0   0.0%   0.710 AU:10   +
    5   122  0   0.0%   0.733 GU:10   +
   18    57  0   0.0%   0.502 GC:10   +
    7    19  0   0.0%   0.000 AU:10   +
   73    88  0   0.0%   0.421 AU:10   +
   22    77  0   0.0%   0.901 GC:10   +
   33    67  0   0.0%   0.857 CG:10   +
   90   120  0   0.0%   0.262 CG:10   +
   21    54  0   0.0%   0.010 AU:10   +
   16    99  0   0.0%   0.648 AU:10   +
   11    82  0   0.0%   0.027 AU:10   +
    6   122  0   0.0%   0.928 GU:10   +
   40    72  0   0.0%   0.136 CG:10   +
   51   121  0   0.0%   0.006 UA:10   +
  114   128  0   0.0%   0.368 CG:8    --:2    +
   70   123  0   0.0%   0.032 CG:10   +
   13    45  0   0.0%   0.042 UA:10   +
   43    82  0   0.0%   0.014 AU:10   +
   83   122  0   0.0%   0.097 GU:10   +
   20    94  0   0.0%   0.660 UA:10   +
    4    23  0   0.0%   0.020 UA:9    --:1    +
   92   122  0   0.0%   0.104 AU:10   +
   34    55  0   0.0%   0.971 CG:10   +
   16    76  0   0.0%   0.003 AU:10   +
   36   126  0   0.0%   0.363 AU:10   +
   21   127  0   0.0%   0.124 AU:8    --:2    +
   96   116  0   0.0%   0.873 CG:10   +
   95   102  0   0.0%   1.226 UA:10   +
   16    82  0   0.0%   0.009 AU:10   +
   95   104  0   0.0%   0.882 UG:10   +
   20   128  0   0.0%   0.628 UG:8    --:2    +
   42    82  0   0.0%   0.016 AU:10   +
   15    77  0   0.0%   0.130 GC:10   +
   29    80  0   0.0%   0.207 CG:10   +
   71    86  0   0.0%   0.410 AU:10   +
   66    95  0   0.0%   0.885 AU:10   +
   17    40  1   0.5%   0.290 GC:9    +
   13    97  1   0.4%   0.416 UA:9    +
   97   122  1   0.4%   0.476 AU:9    +
   12    18  1   0.3%   0.113 CG:9    +
  117   124  1   0.3%   0.746 CG:9    +
  114   124  1   0.2%   0.685 CG:9    +
    6    12  1   0.2%   0.088 GC:9    +
  105   111  2   0.4%   0.061 CG:8    +
   13    17  1   0.2%   0.049 UG:9    +
   12    22  1   0.2%   0.110 CG:9    +
   17    35  1   0.1%   0.345 GC:9    +
   12    83  1   0.1%   0.120 CG:9    +
   17    87  1   0.1%   0.546 GC:9    +
   90   124  1   0.1%   0.283 CG:9    +
   17    93  1   0.1%   0.838 GC:9    +
   12    27  1   0.1%   0.103 CG:9    +
   17    78  1   0.1%   0.230 GC:9    +
   93   124  1   0.0%   0.910 CG:9    +
   97   126  1   0.0%   0.392 AU:9    +
   17    70  1   0.0%   0.220 GC:9    +
   17    34  1   0.0%   0.349 GC:9    +
   17    90  1   0.0%   0.488 GC:9    +
   87   124  1   0.0%   0.395 CG:9    +
   12    74  1   0.0%   0.100 CG:9    +
   17    31  1   0.0%   0.320 GC:9    +
   17    33  1   0.0%   0.258 GC:9    +
   17    38  1   0.0%   0.221 GC:9    +
   17    96  1   0.0%   1.239 GC:9    +
  115   124  1   0.0%   0.687 CG:9    +
   34   124  1   0.0%   0.979 CG:9    +
   12    25  1   0.0%   0.091 CG:9    +
   17    88  1   0.0%   0.551 GU:9    +
   12    67  1   0.0%   0.096 CG:9    +
   17    32  1   0.0%   0.329 GC:9    +
   17    77  1   0.0%   0.217 GC:9    +
   17    86  1   0.0%   0.540 GU:9    +
   12    24  1   0.0%   0.090 CG:9    +
   38   124  1   0.0%   0.284 CG:9    +
   40   124  1   0.0%   0.137 CG:9    +
   17    95  1   0.0%   1.246 GU:9    +
   85   124  1   0.0%   0.357 CG:9    +
   17    29  1   0.0%   0.018 GC:9    +
  105   124  1   0.0%   0.677 CG:9    +
   33   124  1   0.0%   0.855 CG:9    +
   12   123  1   0.0%   0.105 CG:9    +
  112   124  1   0.0%   0.645 CG:9    +
   88    97  1   0.0%   0.480 UA:9    +
   35   124  1   0.0%   0.696 CG:9    +
   17    79  1   0.0%   0.225 GU:9    +
   32   124  1   0.0%   1.109 CG:9    +
   31   124  1   0.0%   0.761 CG:9    +
   17    84  1   0.0%   0.234 GU:9    +
   12   120  1   0.0%   0.105 CG:9    +
   12    63  1   0.0%   0.095 CG:9    +
   17    82  1   0.0%   0.223 GU:9    +
   77   124  1   0.0%   0.370 CG:9    +
   17   101  1   0.0%   0.805 GC:9    +
   12    72  1   0.0%   0.095 CG:9    +
   20    97  1   0.0%   0.712 UA:9    +
   17   100  1   0.0%   0.805 GC:9    +
   12   116  1   0.0%   0.105 CG:9    +
    4    17  1   0.0%   0.020 UG:8    --:1    +
  107   124  1   0.0%   0.899 CG:9    +
   17   126  1   0.0%   0.370 GU:9    +
   12    62  1   0.0%   0.095 CG:9    +
   69   124  1   0.0%   0.032 CG:9    +
  101   124  1   0.0%   1.510 CG:9    +
   17    81  1   0.0%   0.223 GC:9    +
  111   117  2   0.0%   0.319 GC:8    +
   12    17  2   0.0%   0.065 CG:8    +
   12   124  2   0.0%   0.106 CG:8    +
  111   115  2   0.0%   0.323 GC:8    +
   85   111  2   0.0%   0.354 CG:8    +
...((((..((.((((((((.(.((......))).)))......((((((....(((.((((......)))).).)).))))))))))).....))..))))(((.......)))...............
