13 sequence; length of alignment 157
alifold output
  138   152  0  92.4%   0.458 GC:10   GU:3   
  140   150  0  92.1%   0.469 GC:12   GU:1   
  137   153  0  92.3%   0.464 GC:13  
  139   151  0  92.3%   0.461 AU:13  
  136   154  0  91.9%   0.429 AU:11   --:2   
  135   155  0  90.2%   0.594 CG:11   --:2   
  134   156  0  86.1%   0.741 CG:11   --:2   
   36    61  0  79.0%   0.565 CG:13  
   39    58  0  78.9%   0.581 GC:13  
   40    57  0  78.9%   0.581 CG:13  
   35    62  0  78.9%   0.567 CG:13  
   37    60  0  78.9%   0.568 AU:13  
   38    59  0  78.8%   0.581 UG:13  
   34    63  0  77.5%   0.610 GC:12   GU:1   
   41    56  1  77.5%   0.608 GC:12  
   45    53  0  75.0%   0.817 CG:13  
   46    52  0  73.3%   0.862 GU:13  
   44    54  0  71.1%   0.827 AU:13  
   47    51  0  70.2%   0.829 GC:13  
   78    89  0  66.4%   1.444 GC:13  
   79    88  0  66.3%   1.422 UA:13  
   77    90  0  65.9%   1.300 GC:13  
   80    87  0  62.3%   1.243 UG:13  
  103   112  1  62.8%   1.500 GC:12  
  102   113  2  62.6%   1.351 UA:11  
  101   114  0  61.9%   1.326 CG:13  
   10    95  0  41.9%   1.556 GC:13   +
   11    94  0  41.9%   1.551 GC:13   +
    9    96  0  41.9%   1.565 GC:13   +
   12    93  0  41.9%   1.461 AU:13   +
   13    92  0  41.9%   1.262 GC:13   +
   14    91  0  41.1%   1.269 GC:13   +
    8    97  1  39.4%   1.242 UA:12   +
    7    98  1  33.3%   1.122 AU:12   +
   11    24  0  27.0%   1.062 GC:11   GU:2   
   10    25  0  27.0%   1.063 GC:13  
    9    26  0  26.8%   1.075 GC:13  
   12    23  0  26.4%   1.062 AU:13  
   28    68  0  24.9%   1.183 GU:1    AU:12   +
   27    69  0  23.6%   1.297 CG:3    UG:9    --:1    +
   29    67  0  23.9%   1.092 GU:13   +
   26    70  0  23.1%   1.808 CG:13   +
   30   128  0  22.0%   2.357 GC:13  
   29   129  0  21.9%   2.226 GC:13  
   31   127  0  21.8%   2.232 GC:13  
    9   129  0  21.2%   1.828 GC:13   +
   10   128  0  21.2%   1.819 GC:13   +
   11   127  0  21.1%   1.833 GC:13   +
   43    61  0  20.9%   1.277 CG:13   +
   42    62  0  20.9%   1.189 CG:13   +
   45    59  0  20.8%   1.450 CG:13   +
   44    60  0  20.8%   1.507 AU:13   +
   41    63  1  20.8%   1.402 GC:11   GU:1    +
   46    58  0  20.5%   1.474 GC:13   +
  105   111  0  20.2%   1.399 CG:13   +
   36    69  0  20.2%   1.673 CG:13   +
   35    70  0  20.0%   1.671 CG:13   +
   30    95  0  18.4%   1.850 GC:13   +
   31    94  0  18.4%   1.740 GC:13   +
   32    93  0  18.4%   1.758 AU:13   +
   29    96  0  18.4%   1.765 GC:13   +
   33    92  0  18.3%   1.647 GC:13   +
   24    31  0  17.2%   1.457 CG:11   UG:2    +
  122   129  0  18.0%   3.056 GC:13   +
  123   128  0  17.9%   3.224 GC:13   +
   25    30  0  17.1%   1.505 CG:13   +
   39    65  0  16.7%   1.255 GU:13   +
   38    66  0  15.9%   1.086 UA:13   +
   24   125  0  14.4%   2.096 CG:11   UG:2    +
   23    32  0  14.9%   1.338 UA:13   +
   27   122  0  13.9%   1.350 CG:3    UG:9    --:1    +
   92   125  0  14.7%   2.594 CG:13  
   25   124  0  14.4%   2.192 CG:13   +
   26   123  0  14.4%   1.982 CG:13   +
   91   126  0  14.3%   2.454 CG:13  
   94   123  0  13.3%   2.418 CG:13  
   95   122  0  13.2%   2.146 CG:13  
   93   124  0  13.1%   2.526 UG:13  
   37    68  0  12.2%   1.562 AU:13   +
    8   130  0  10.2%   1.211 CG:1    UG:12   +
   16    89  0  11.0%   0.891 GC:13   +
   23   126  0  10.8%   1.964 UG:13   +
   17    88  0  10.2%   0.840 UA:13   +
   34    91  0  10.2%   1.469 GC:13   +
   95   123  0   9.9%   2.676 CG:13   +
   96   122  0   9.9%   2.150 CG:13   +
   94   124  0   9.8%   2.834 CG:13   +
   69    76  0   8.6%   1.683 GC:13   +
  126   134  0   8.3%   2.102 GC:13   +
  127   133  0   8.3%   2.012 CG:13   +
   86    93  0   8.3%   1.619 AU:13   +
   85    94  0   8.2%   1.878 GC:13   +
   84    95  0   8.2%   1.754 GC:13   +
   87    92  0   8.2%   1.809 GC:13   +
  125   135  0   8.1%   1.875 GC:13   +
   37    67  0   8.0%   1.223 AU:13   +
   33    73  0   6.9%   0.856 GC:1    GU:12   +
   93   125  0   7.9%   2.873 UG:13   +
   92   126  0   7.6%   2.896 CG:13   +
   34    72  0   7.3%   0.912 GC:13   +
   77   102  0   6.0%   1.481 GC:2    GU:11   +
  114   145  0   6.9%   1.144 GC:13   +
  113   146  0   6.9%   0.907 AU:13   +
  115   144  0   6.9%   1.052 CG:13   +
  112   147  0   6.9%   1.350 CG:13   +
   47    56  0   6.8%   0.997 GC:13   +
  111   148  0   6.4%   1.328 GU:13   +
   73    77  0   5.4%   1.070 CG:1    UG:12   +
   72    78  0   6.3%   1.057 CG:13   +
   78   101  0   6.1%   1.444 GC:13   +
   31   152  0   5.0%   1.616 GC:10   GU:3    +
   33   150  0   5.0%   1.173 GC:12   GU:1    +
   78    98  0   4.9%   1.467 GC:1    GU:12   +
   73   103  0   3.8%   1.087 CG:1    UG:11   UA:1    +
   79   100  0   5.7%   1.330 UA:13   +
   71    79  1   6.0%   0.708 AU:12   +
  115   126  0   5.4%   1.932 CG:13   +
   76   103  1   5.9%   1.161 CG:12   +
  114   127  0   5.3%   1.832 GC:13   +
   84    92  0   5.2%   1.463 GC:13   +
   85    91  0   5.1%   1.521 GC:13   +
   83    93  0   5.1%   1.315 AU:13   +
   32   151  0   5.0%   1.272 AU:13   +
   30   153  0   5.0%   1.727 GC:13   +
   82    94  0   5.0%   1.480 GC:13   +
   77    99  0   4.9%   1.112 GC:13   +
   24    85  0   3.8%   1.420 CG:11   UG:2    +
   79    97  0   4.7%   1.445 UA:13   +
    8    28  0   3.6%   0.377 CG:1    UA:12   +
   70    80  0   4.2%   1.353 GU:13   +
   75   101  1   4.6%   0.701 GC:12   +
   29   154  0   4.0%   1.555 GU:11   --:2    +
   15   111  0   4.0%   0.476 CG:13   +
   16   110  0   3.9%   0.849 GC:13   +
   14   112  0   3.9%   0.919 GC:13   +
    9    27  0   2.9%   0.675 GC:3    GU:9    --:1    +
   74   102  2   4.5%   0.629 AU:11   +
   25    84  0   3.8%   1.504 CG:13   +
   17   109  0   3.7%   0.739 UA:13   +
   24    82  0   2.6%   1.234 CG:11   UG:2    +
  112   126  0   3.6%   2.081 CG:13   +
  111   127  0   3.6%   1.776 GC:13   +
   14   127  0   3.6%   1.362 GC:13   +
   15   126  0   3.6%   0.603 CG:13   +
   23    86  0   3.5%   1.301 UA:13   +
   72    82  0   3.5%   1.065 CG:13   +
   24   126  0   2.5%   2.144 CG:11   UG:2    +
   13   128  0   3.4%   1.242 GC:13   +
   74    80  0   3.4%   0.598 AU:13   +
   27   123  0   2.4%   1.365 CG:3    UG:9    --:1    +
   73    81  1   3.5%   0.919 UA:12   +
  123   129  0   3.0%   3.233 GC:13   +
  111   129  0   3.0%   1.858 GC:13   +
   68    77  0   3.0%   1.107 UG:13   +
   13    24  0   1.9%   0.594 GC:11   GU:2    +
  110   130  0   2.9%   1.013 CG:13   +
  124   128  0   2.9%   2.822 GC:13   +
   68   106  0   1.9%   1.099 UG:1    UA:12   +
   10    26  0   2.8%   1.011 GC:13   +
   11    25  0   2.8%   1.007 GC:13   +
   43    53  0   2.7%   0.313 CG:13   +
   26    69  0   2.7%   0.890 CG:13   +
   25    70  0   2.7%   1.335 CG:13   +
   81    98  1   3.2%   1.015 AU:12   +
   80   103  0   1.7%   1.140 UG:12   UA:1    +
   44    52  0   2.7%   0.290 AU:13   +
   23    83  0   2.6%   1.138 UA:13   +
   33    72  0   2.6%   0.389 GC:13   +
   24    70  0   1.6%   1.045 CG:11   UG:2    +
   67    78  0   2.6%   1.022 UG:13   +
   25   125  0   2.5%   2.175 CG:13   +
   26   124  0   2.5%   1.974 CG:13   +
  115   123  0   2.3%   1.568 CG:13   +
   30    76  0   2.3%   0.801 GC:13   +
   66    79  0   2.3%   0.607 AU:13   +
   46    51  0   2.2%   0.249 GC:13   +
    5   103  0   0.1%   0.079 CG:1    UG:11   UA:1    +
   11   152  0   1.1%   1.412 GC:10   GU:3    +
   13   150  0   1.0%   0.843 GC:12   GU:1    +
   98   119  1   2.5%   0.964 UA:12   +
   98   103  0   0.0%   1.053 CG:1    UG:11   UA:1    +
   32    73  1   2.4%   0.689 AU:12   +
   69   105  0   1.9%   1.341 GC:13   +
   75    91  1   2.4%   1.042 GC:12   +
   24   124  0   0.8%   1.314 CG:11   UG:2    +
   11   129  0   1.8%   1.766 GC:13   +
   24    30  0   0.8%   0.607 CG:11   UG:2    +
   85    90  0   1.8%   0.836 GC:13   +
   32    65  0   1.8%   0.549 AU:13   +
   84    91  0   1.7%   1.152 GC:13   +
  143   148  0   1.7%   0.483 AU:13   +
  112   123  0   1.7%   1.874 CG:13   +
  110   125  0   1.7%   1.626 CG:13   +
   79   104  0   1.7%   1.161 UA:13   +
   78   105  0   1.7%   1.306 GC:13   +
   14    23  0   1.6%   0.562 GU:13   +
   14    24  0   0.6%   0.591 GC:11   GU:2    +
   25    69  0   1.6%   1.108 CG:13   +
   45    50  0   1.5%   0.195 CG:13   +
   16    24  0   0.5%   0.592 GC:11   GU:2    +
   82   101  0   1.5%   1.087 GC:13   +
   16    90  0   1.5%   0.595 GC:13   +
   24    78  0   0.5%   1.009 CG:11   UG:2    +
  115   133  0   1.4%   0.735 CG:13   +
   67   107  0   1.4%   0.988 UA:13   +
   27    77  0   0.4%   0.596 CG:3    UG:9    --:1    +
  102   111  0   0.4%   0.667 CG:2    UG:11   +
   90   125  0   1.3%   1.179 CG:13   +
   91   124  0   1.3%   1.634 CG:13   +
   89   126  0   1.3%   1.292 CG:13   +
  110   124  0   1.3%   1.548 CG:13   +
   92   123  0   1.3%   1.768 CG:13   +
  112   122  0   1.3%   1.651 CG:13   +
   28    67  0   0.3%   0.179 GU:1    AU:12   +
    8   155  0   0.3%   0.824 CG:1    UG:10   --:2    +
   69    73  0   0.3%   1.250 GC:1    GU:12   +
    8    16  0   0.3%   0.048 CG:1    UG:12   +
  142   148  0   1.3%   0.387 AU:13   +
   24   138  0   0.2%   1.631 CG:11   UG:2    +
   76   111  0   1.2%   0.984 CG:13   +
   68    82  0   1.2%   1.108 UG:13   +
   82    96  0   1.2%   1.352 GC:13   +
   77   110  0   1.2%   1.316 GC:13   +
   27   130  0   0.2%   1.122 CG:3    UG:9    --:1    +
  123   152  0   0.2%   1.975 GC:10   GU:3    +
  125   150  0   0.2%   1.629 GC:12   GU:1    +
   24    33  0   0.2%   0.867 CG:11   UG:2    +
  102   122  0   0.2%   1.726 CG:2    UG:11   +
   73    84  0   0.2%   0.833 CG:1    UG:12   +
  122   128  0   1.2%   2.180 GC:13   +
  102   125  0   0.2%   1.877 CG:2    UG:11   +
  102   123  0   0.2%   1.874 CG:2    UG:11   +
   24    77  0   0.2%   0.958 CG:11   UG:2    +
   33    63  0   0.1%   0.050 GC:12   GU:1    +
   63    70  0   0.1%   1.398 CG:12   UG:1    +
  123   127  0   1.1%   2.579 GC:13   +
   30    73  0   0.1%   0.518 GC:1    GU:12   +
  141   150  0   0.1%   0.356 GC:12   GU:1    +
   93   122  0   1.1%   1.629 UG:13   +
   70    76  0   1.1%   1.392 GC:13   +
   61    73  0   0.1%   0.864 GC:1    GU:12   +
   63    69  0   0.1%   1.391 CG:12   UG:1    +
    5   133  0   0.1%   0.103 CG:1    UG:12   +
  102   124  0   0.1%   1.878 CG:2    UG:11   +
   28    80  0   0.1%   0.540 GU:1    AU:12   +
   67    83  0   1.1%   0.996 UA:13   +
   29    73  0   0.1%   0.478 GC:1    GU:12   +
   28   154  0   0.1%   0.572 GU:1    AU:10   --:2    +
   27    82  0   0.1%   0.614 CG:3    UG:9    --:1    +
   10   153  0   1.1%   1.329 GC:13   +
   12   151  0   1.1%   0.876 AU:13   +
    8   133  0   0.0%   0.786 CG:1    UG:12   +
  102   130  0   0.0%   1.063 CG:2    UG:11   +
   73   125  0   0.0%   1.301 CG:1    UG:12   +
   41    54  0   0.0%   0.022 GU:12   AU:1    +
   13    73  0   0.0%   0.162 GC:1    GU:12   +
  106   154  0   0.0%   0.280 GU:1    AU:10   --:2    +
    8    78  0   0.0%   0.147 CG:1    UG:12   +
   30   152  0   0.0%   1.280 GC:10   GU:3    +
   27   133  0   0.0%   0.909 CG:3    UG:9    --:1    +
   13    27  0   0.0%   0.246 GC:3    GU:9    --:1    +
   27    75  0   0.0%   0.525 CG:3    UG:9    --:1    +
  102   114  0   0.0%   1.079 CG:2    UG:11   +
   24    84  0   0.0%   1.051 CG:11   UG:2    +
  141   152  0   0.0%   0.350 GC:10   GU:3    +
   24   123  0   0.0%   1.201 CG:11   UG:2    +
   98   126  0   0.0%   1.871 CG:1    UG:12   +
   27    78  0   0.0%   0.571 CG:3    UG:9    --:1    +
   28    79  0   0.0%   0.528 GU:1    AU:12   +
   10    27  0   0.0%   0.565 GC:3    GU:9    --:1    +
   27    70  0   0.0%   0.961 CG:3    UG:9    --:1    +
   24    87  0   0.0%   1.181 CG:11   UG:2    +
   92   122  0   1.0%   1.534 CG:13   +
   24   141  0   0.0%   1.609 CG:11   UG:2    +
   91   123  0   1.0%   1.514 CG:13   +
   98   125  0   0.0%   1.894 CG:1    UG:12   +
   73    87  0   0.0%   0.722 CG:1    UG:12   +
   24    29  0   0.0%   0.498 CG:11   UG:2    +
   73   140  0   0.0%   0.884 CG:1    UG:12   +
   90   124  0   1.0%   1.056 CG:13   +
   98   123  0   0.0%   1.903 CG:1    UG:12   +
   73   147  0   0.0%   0.897 CG:1    UG:12   +
    5    30  0   0.0%   0.011 CG:1    UG:12   +
  102   133  0   0.0%   0.918 CG:2    UG:11   +
   98   124  0   0.0%   1.908 CG:1    UG:12   +
   27   124  0   0.0%   1.277 CG:3    UG:9    --:1    +
   89   125  0   1.0%   1.160 CG:13   +
  124   152  0   0.0%   1.583 GC:10   GU:3    +
  126   150  0   0.0%   1.777 GC:12   GU:1    +
   73    85  0   0.0%   0.819 CG:1    UG:12   +
   27   137  0   0.0%   0.881 CG:3    UG:9    --:1    +
  150   155  0   0.0%   0.417 CG:10   UG:1    --:2    +
   85    98  0   0.0%   1.310 GC:1    GU:12   +
  102   155  0   0.0%   0.832 CG:1    UG:10   --:2    +
   28    93  0   0.0%   0.871 GU:1    AU:12   +
   82    98  0   0.0%   1.200 GC:1    GU:12   +
   24    34  0   0.0%   0.848 CG:11   UG:2    +
   73    82  0   0.0%   0.962 CG:1    UG:12   +
   27    33  0   0.0%   0.130 CG:3    UG:9    --:1    +
   16   150  0   0.0%   0.677 GC:12   GU:1    +
   73   124  0   0.0%   1.299 CG:1    UG:12   +
    5    31  0   0.0%   0.010 CG:1    UG:12   +
   63    82  0   0.0%   0.686 CG:12   UG:1    +
  144   150  0   0.0%   0.499 GC:12   GU:1    +
   73    78  0   0.0%   0.895 CG:1    UG:12   +
   14   152  0   0.0%   0.893 GC:10   GU:3    +
    5   130  0   0.0%   0.075 CG:1    UG:12   +
   63   133  0   0.0%   0.597 CG:12   UG:1    +
   17    28  0   0.0%   0.185 UG:1    UA:12   +
   73   137  0   0.0%   0.888 CG:1    UG:12   +
   10    24  0   0.0%   0.003 GC:11   GU:2    +
    5    29  0   0.0%   0.007 CG:1    UG:12   +
   27    84  0   0.0%   0.615 CG:3    UG:9    --:1    +
   98   122  0   0.0%   1.760 CG:1    UG:12   +
   23   103  0   0.0%   1.073 UG:12   UA:1    +
    5   156  0   0.0%   0.091 CG:1    UG:10   --:2    +
   27   103  0   0.0%   0.495 CG:3    UG:9    --:1    +
   31    73  0   0.0%   0.480 GC:1    GU:12   +
  103   154  0   0.0%   0.907 GU:10   AU:1    --:2    +
   69   102  0   0.0%   1.129 GC:2    GU:11   +
   68   103  0   0.0%   0.889 UG:12   UA:1    +
   53    73  0   0.0%   0.648 GC:1    GU:12   +
   39    63  0   0.0%   0.416 GC:12   GU:1    +
    8    29  0   0.0%   0.138 CG:1    UG:12   +
    5   155  0   0.0%   0.090 CG:1    UG:10   --:2    +
  150   156  0   0.0%   0.432 CG:10   UG:1    --:2    +
   73   114  0   0.0%   0.915 CG:1    UG:12   +
   73   123  0   0.0%   1.304 CG:1    UG:12   +
   63    87  0   0.0%   0.563 CG:12   UG:1    +
   27    31  0   0.0%   0.480 CG:3    UG:9    --:1    +
    5    10  0   0.0%   0.001 CG:1    UG:12   +
   50    63  0   0.0%   0.635 GC:12   GU:1    +
   98   114  0   0.0%   0.723 CG:1    UG:12   +
    8   156  0   0.0%   0.790 CG:1    UG:10   --:2    +
   34    73  0   0.0%   0.723 GC:1    GU:12   +
   47   152  0   0.0%   0.640 GC:10   GU:3    +
   70   152  0   0.0%   1.316 GC:10   GU:3    +
    5    69  0   0.0%   0.010 CG:1    UG:12   +
   31   150  0   0.0%   1.159 GC:12   GU:1    +
   24    69  0   0.0%   0.847 CG:11   UG:2    +
    5   123  0   0.0%   0.073 CG:1    UG:12   +
   63   111  0   0.0%   0.688 CG:12   UG:1    +
    5    78  0   0.0%   0.010 CG:1    UG:12   +
  102   156  0   0.0%   0.814 CG:1    UG:10   --:2    +
   57    63  0   0.0%   0.739 GC:12   GU:1    +
   73   122  0   0.0%   1.195 CG:1    UG:12   +
   98   156  0   0.0%   0.830 CG:1    UG:10   --:2    +
   11    27  0   0.0%   0.561 GC:3    GU:9    --:1    +
   73   133  0   0.0%   0.915 CG:1    UG:12   +
   10   152  0   0.0%   1.185 GC:10   GU:3    +
   46   150  0   0.0%   0.837 GC:12   GU:1    +
  111   150  0   0.0%   1.157 GC:12   GU:1    +
   70    98  0   0.0%   1.441 GC:1    GU:12   +
   63    85  0   0.0%   0.687 CG:12   UG:1    +
   24   130  0   0.0%   1.824 CG:11   UG:2    +
    5   124  0   0.0%   0.073 CG:1    UG:12   +
   16    73  0   0.0%   0.131 GC:1    GU:12   +
   23    28  0   0.0%   0.589 UG:1    UA:12   +
    5   122  0   0.0%   0.072 CG:1    UG:12   +
   67   106  0   0.0%   0.807 UG:1    UA:12   +
  102   126  0   0.0%   1.829 CG:2    UG:11   +
   29   152  0   0.0%   1.167 GC:10   GU:3    +
   24   122  0   0.0%   1.179 CG:11   UG:2    +
   31    98  0   0.0%   1.133 GC:1    GU:12   +
   14   150  0   0.0%   0.891 GC:12   GU:1    +
    5   125  0   0.0%   0.073 CG:1    UG:12   +
    5   126  0   0.0%   0.073 CG:1    UG:12   +
   63    84  0   0.0%   0.686 CG:12   UG:1    +
   80   106  0   0.0%   0.778 UG:1    UA:12   +
  106   151  0   0.0%   0.293 GU:1    AU:12   +
    8   122  0   0.0%   0.512 CG:1    UG:12   +
    5    11  0   0.0%   0.001 CG:1    UG:12   +
   24   114  0   0.0%   1.178 CG:11   UG:2    +
  124   150  0   0.0%   1.552 GC:12   GU:1    +
    5     9  0   0.0%   0.000 CG:1    UG:12   +
    8    30  0   0.0%   0.138 CG:1    UG:12   +
    8    13  0   0.0%   0.002 CG:1    UG:12   +
    8   106  0   0.0%   0.508 CG:1    UA:12   +
   28    38  0   0.0%   0.142 GU:1    AU:12   +
    8    47  0   0.0%   0.137 CG:1    UG:12   +
    5    16  0   0.0%   0.001 CG:1    UG:12   +
   31    63  0   0.0%   0.373 GC:12   GU:1    +
   28    65  0   0.0%   0.125 GU:1    AU:12   +
   16    27  0   0.0%   0.201 GC:3    GU:9    --:1    +
   73   155  0   0.0%   0.895 CG:1    UG:10   --:2    +
   27    39  0   0.0%   0.129 CG:3    UG:9    --:1    +
   14    73  0   0.0%   0.149 GC:1    GU:12   +
   98   111  0   0.0%   0.868 CG:1    UG:12   +
    9    73  0   0.0%   0.472 GC:1    GU:12   +
    5    33  0   0.0%   0.009 CG:1    UG:12   +
   24   133  0   0.0%   1.627 CG:11   UG:2    +
   11   150  0   0.0%   1.268 GC:12   GU:1    +
   14    27  0   0.0%   0.226 GC:3    GU:9    --:1    +
   65   106  0   0.0%   0.496 UG:1    UA:12   +
   24   140  0   0.0%   1.603 CG:11   UG:2    +
   23   106  0   0.0%   1.074 UG:1    UA:12   +
    9   152  0   0.0%   1.172 GC:10   GU:3    +
   29   102  0   0.0%   0.795 GC:2    GU:11   +
  125   152  0   0.0%   1.626 GC:10   GU:3    +
    8    14  0   0.0%   0.002 CG:1    UG:12   +
  106   146  0   0.0%   0.105 GU:1    AU:12   +
  122   152  0   0.0%   1.664 GC:10   GU:3    +
   30    98  0   0.0%   1.243 GC:1    GU:12   +
   60   106  0   0.0%   0.522 UG:1    UA:12   +
   77    98  0   0.0%   1.050 GC:1    GU:12   +
   98   133  0   0.0%   0.900 CG:1    UG:12   +
   84    98  0   0.0%   1.326 GC:1    GU:12   +
  152   156  0   0.0%   0.427 CG:10   UG:1    --:2    +
   24    47  0   0.0%   0.843 CG:11   UG:2    +
   63   126  0   0.0%   1.028 CG:12   UG:1    +
    8   123  0   0.0%   0.512 CG:1    UG:12   +
   24   111  0   0.0%   1.304 CG:11   UG:2    +
   85   152  0   0.0%   0.898 GC:10   GU:3    +
    8    77  0   0.0%   0.137 CG:1    UG:12   +
   87   150  0   0.0%   0.782 GC:12   GU:1    +
   27   138  0   0.0%   0.881 CG:3    UG:9    --:1    +
   17   106  0   0.0%   0.375 UG:1    UA:12   +
   73   111  0   0.0%   0.977 CG:1    UG:12   +
    8    31  0   0.0%   0.137 CG:1    UG:12   +
   34   150  0   0.0%   0.839 GC:12   GU:1    +
  122   150  0   0.0%   1.659 GC:12   GU:1    +
  111   152  0   0.0%   1.162 GC:10   GU:3    +
   98   130  0   0.0%   1.095 CG:1    UG:12   +
   27   125  0   0.0%   1.262 CG:3    UG:9    --:1    +
    5    14  0   0.0%   0.001 CG:1    UG:12   +
   10   150  0   0.0%   1.184 GC:12   GU:1    +
    5   114  0   0.0%   0.071 CG:1    UG:12   +
   30    63  0   0.0%   0.392 GC:12   GU:1    +
    5   111  0   0.0%   0.071 CG:1    UG:12   +
   13   102  0   0.0%   0.548 GC:2    GU:11   +
    8   124  0   0.0%   0.512 CG:1    UG:12   +
   29    98  0   0.0%   1.158 GC:1    GU:12   +
    5    13  0   0.0%   0.001 CG:1    UG:12   +
  137   150  0   0.0%   0.239 GC:12   GU:1    +
   78   102  0   0.0%   1.287 GC:2    GU:11   +
   63   114  0   0.0%   0.567 CG:12   UG:1    +
   70   102  0   0.0%   1.077 GC:2    GU:11   +
   65   103  0   0.0%   0.507 UG:12   UA:1    +
    9    24  0   0.0%   0.016 GC:11   GU:2    +
  126   152  0   0.0%   1.781 GC:10   GU:3    +
   30   102  0   0.0%   0.879 GC:2    GU:11   +
   84   102  0   0.0%   1.057 GC:2    GU:11   +
   73   138  0   0.0%   0.888 CG:1    UG:12   +
   98   138  0   0.0%   0.846 CG:1    UG:12   +
    8    46  0   0.0%   0.137 CG:1    UG:12   +
    8   126  0   0.0%   0.512 CG:1    UG:12   +
   69   150  0   0.0%   1.458 GC:12   GU:1    +
   41    52  0   0.0%   0.012 GU:12   AU:1    +
  115   122  0   1.0%   1.259 CG:13   +
   25    31  0   1.0%   1.320 CG:13   +
   75    79  1   1.5%   0.586 GU:12   +
   26    30  0   1.0%   0.958 CG:13   +
  114   134  0   1.0%   0.733 GC:13   +
   85   128  0   1.0%   1.661 GC:13   +
   84   129  0   1.0%   1.628 GC:13   +
   81   102  2   1.6%   0.794 AU:11   +
   30    67  0   1.0%   0.896 GU:13   +
   93   121  0   1.0%   1.203 UA:13   +
    9   154  0   0.9%   1.304 GU:11   --:2    +
   23    71  1   1.4%   0.963 UA:12   +
  115   124  0   0.9%   1.522 CG:13   +
   49    54  0   0.9%   0.382 AU:13   +
   31    65  0   0.9%   0.506 GU:13   +
   25   123  0   0.8%   1.400 CG:13   +
   84    90  0   0.8%   0.682 GC:13   +
   26   122  0   0.8%   1.170 CG:13   +
   87   127  0   0.8%   1.493 GC:13   +
   75   105  1   1.3%   0.669 GC:12   +
   85    89  0   0.8%   0.842 GC:13   +
   25    29  0   0.8%   0.636 CG:13   +
   75   112  1   1.2%   0.782 GC:12   +
    5   100  1   1.2%   0.174 UA:12   +
   17    22  0   0.7%   0.131 UA:13   +
   23   125  0   0.7%   1.187 UG:13   +
   16    76  0   0.7%   0.253 GC:13   +
   16    23  0   0.7%   0.544 GU:13   +
  101   133  0   0.6%   0.898 CG:13   +
   29    68  0   0.6%   0.833 GU:13   +
   69   110  0   0.6%   1.412 GC:13   +
   13    25  0   0.6%   0.632 GC:13   +
   72   114  0   0.6%   0.798 CG:13   +
   95   124  0   0.5%   2.531 CG:13   +
   96   123  0   0.5%   2.116 CG:13   +
   33    65  0   0.5%   0.235 GU:13   +
   15   133  0   0.5%   0.459 CG:13   +
   78   134  0   0.5%   1.145 GC:13   +
   14   134  0   0.5%   0.884 GC:13   +
   79   133  0   0.5%   1.143 UG:13   +
   77   135  0   0.5%   1.150 GC:13   +
   94   125  0   0.5%   2.669 CG:13   +
   76    82  0   0.5%   0.840 CG:13   +
   25    78  0   0.5%   1.219 CG:13   +
   26    77  0   0.5%   1.099 CG:13   +
   11   115  0   0.5%   0.901 GC:13   +
   29    76  0   0.5%   0.566 GC:13   +
   25    77  0   0.5%   1.181 CG:13   +
   13   135  0   0.5%   0.752 GC:13   +
   82    99  0   0.5%   0.783 GC:13   +
   91   125  0   0.5%   1.645 CG:13   +
   92   124  0   0.5%   1.777 CG:13   +
   26    82  0   0.4%   1.189 CG:13   +
   10   129  0   0.4%   1.559 GC:13   +
   26    78  0   0.4%   1.128 CG:13   +
   69   129  0   0.4%   2.102 GC:13   +
   70   128  0   0.4%   2.004 GC:13   +
   80   132  0   0.4%   0.767 UA:13   +
   94   122  0   0.4%   1.525 CG:13   +
   68   130  0   0.4%   1.298 UG:13   +
   65    74  0   0.4%   0.528 UA:13   +
   68    74  0   0.4%   0.759 UA:13   +
   11   128  0   0.3%   1.565 GC:13   +
   14    76  0   0.3%   0.207 GC:13   +
   72    87  0   0.3%   0.725 CG:13   +
  141   148  0   0.3%   0.281 GU:13   +
  110   126  0   0.3%   1.507 CG:13   +
   67   131  0   0.3%   0.967 UA:13   +
   23    31  0   0.3%   0.524 UG:13   +
  112   124  0   0.3%   1.842 CG:13   +
   15    77  0   0.3%   0.123 CG:13   +
  105   114  0   0.3%   0.938 CG:13   +
   14    25  0   0.3%   0.635 GC:13   +
   16    25  0   0.3%   0.630 GC:13   +
   30   129  0   0.3%   2.030 GC:13   +
   31   128  0   0.3%   1.960 GC:13   +
   13   129  0   0.3%   1.135 GC:13   +
   76    84  0   0.3%   0.682 CG:13   +
   14   128  0   0.3%   1.301 GC:13   +
   70    89  0   0.3%   1.326 GC:13   +
   73   106  1   0.3%   0.938 UG:1    UA:11   +
   90   126  0   0.3%   1.175 CG:13   +
   69    90  0   0.3%   1.202 GC:13   +
   51    57  0   0.3%   0.569 CG:13   +
   13    26  0   0.3%   0.622 GC:13   +
   76    85  0   0.3%   0.692 CG:13   +
   93   123  0   0.3%   1.742 UG:13   +
   16   127  0   0.3%   1.101 GC:13   +
   84    89  0   0.3%   0.759 GC:13   +
    9    15  0   0.3%   0.047 GC:13   +
   74    93  0   0.3%   0.902 AU:13   +
    7    17  0   0.2%   0.044 AU:13   +
   15   147  0   0.2%   0.438 CG:13   +
   15   123  0   0.2%   0.268 CG:13   +
   50    56  0   0.2%   0.496 GC:13   +
   17   126  0   0.2%   0.685 UG:13   +
   25   137  0   0.2%   1.714 CG:13   +
   50    58  0   0.2%   0.642 GC:13   +
   23   139  0   0.2%   1.393 UA:13   +
   70   115  0   0.2%   1.169 GC:13   +
   14   148  0   0.2%   0.869 GU:13   +
   72    77  0   0.2%   0.588 CG:13   +
  135   140  0   0.2%   0.323 CG:13   +
  124   135  0   0.2%   1.437 GC:13   +
  134   141  0   0.2%   0.379 CG:13   +
  125   134  0   0.2%   1.333 GC:13   +
   68    81  0   0.2%   0.853 UA:13   +
  101   122  0   0.2%   1.661 CG:13   +
   17   124  0   0.2%   0.549 UG:13   +
   16    40  0   0.2%   0.145 GC:13   +
   17    39  0   0.2%   0.115 UG:13   +
   69   112  0   0.2%   1.389 GC:13   +
  122   153  0   0.2%   1.697 GC:13   +
   14    42  0   0.2%   0.164 GC:13   +
  124   151  0   0.2%   1.590 GU:13   +
   93   126  0   0.2%   2.696 UG:13   +
   13    43  0   0.2%   0.172 GC:13   +
   72    85  0   0.2%   0.816 CG:13   +
  101   123  0   0.2%   1.810 CG:13   +
   22    79  0   0.2%   0.087 AU:13   +
   65    81  0   0.2%   0.520 UA:13   +
   17    75  1   0.7%   0.220 UG:12   +
   68   113  0   0.2%   1.005 UA:13   +
   16    72  0   0.2%   0.151 GC:13   +
   18    38  0   0.2%   0.043 AU:13   +
   69    80  0   0.2%   1.150 GU:13   +
  101   124  0   0.2%   1.823 CG:13   +
  121   154  0   0.2%   0.289 AU:11   --:2    +
  101   126  0   0.2%   1.794 CG:13   +
   23    78  0   0.2%   0.868 UG:13   +
   13    79  0   0.2%   0.187 GU:13   +
   98   120  1   0.6%   0.879 UA:12   +
   57    76  0   0.1%   0.412 GC:13   +
   21    80  0   0.1%   0.053 AU:13   +
  115   125  0   0.1%   1.450 CG:13   +
   48    54  0   0.1%   0.275 AU:13   +
   17   121  0   0.1%   0.526 UA:13   +
   13   127  0   0.1%   0.891 GC:13   +
  122   127  0   0.1%   2.263 GC:13   +
  105   122  0   0.1%   1.546 CG:13   +
   29    72  0   0.1%   0.460 GC:13   +
   28    98  1   0.1%   0.902 GU:1    AU:11   +
   28    73  1   0.1%   0.539 GU:1    AU:11   +
   31    72  0   0.1%   0.477 GC:13   +
   12    80  0   0.1%   0.388 AU:13   +
   16   146  0   0.1%   0.644 GU:13   +
   15    39  0   0.1%   0.052 CG:13   +
   14    40  0   0.1%   0.147 GC:13   +
   16    38  0   0.1%   0.119 GU:13   +
   56    77  0   0.1%   0.521 CG:13   +
   34   127  0   0.1%   1.473 GC:13   +
   35   126  0   0.1%   1.022 CG:13   +
   13    23  0   0.1%   0.378 GU:13   +
   33   128  0   0.1%   1.529 GC:13   +
   36   125  0   0.1%   0.964 CG:13   +
  105   130  0   0.1%   0.870 CG:13   +
   66    80  0   0.1%   0.465 AU:13   +
   70   110  0   0.1%   1.250 GC:13   +
   17    37  0   0.1%   0.088 UA:13   +
   99   130  0   0.1%   0.504 CG:13   +
   67    74  0   0.1%   0.683 UA:13   +
  110   122  0   0.1%   1.255 CG:13   +
  124   129  0   0.1%   2.747 GC:13   +
   68   111  0   0.1%   1.118 UG:13   +
  112   133  0   0.1%   0.911 CG:13   +
   35   123  0   0.1%   0.973 CG:13   +
   36   122  0   0.1%   0.858 CG:13   +
   62    72  0   0.1%   0.864 GC:13   +
   31    76  0   0.1%   0.621 GC:13   +
   72    84  0   0.1%   0.797 CG:13   +
   67    82  0   0.1%   0.896 UG:13   +
  111   134  0   0.1%   0.854 GC:13   +
   42    53  0   0.1%   0.034 CG:13   +
   80    86  0   0.1%   0.477 UA:13   +
   99   125  0   0.1%   1.292 CG:13   +
   30    65  0   0.1%   0.415 GU:13   +
  115   130  0   0.1%   0.841 CG:13   +
  101   125  0   0.1%   1.808 CG:13   +
   60    74  0   0.1%   0.540 UA:13   +
  105   133  0   0.1%   0.696 CG:13   +
   82    91  0   0.1%   1.069 GC:13   +
  112   130  0   0.1%   1.178 CG:13   +
   64    68  0   0.1%   0.673 AU:13   +
   67   114  0   0.1%   0.906 UG:13   +
   15   125  0   0.1%   0.259 CG:13   +
   73   113  1   0.6%   0.941 UA:12   +
  130   145  0   0.1%   0.625 GC:13   +
   24   103  1   0.1%   1.193 CG:10   UG:2    +
  110   123  0   0.1%   1.388 CG:13   +
   12    17  0   0.1%   0.034 AU:13   +
  128   147  0   0.1%   1.619 CG:13   +
   39   115  0   0.1%   0.568 GC:13   +
   23   104  0   0.1%   1.086 UA:13   +
   40   114  0   0.1%   0.232 CG:13   +
   70   105  0   0.1%   1.155 GC:13   +
   32    67  0   0.1%   0.785 AU:13   +
   16   145  0   0.1%   0.631 GC:13   +
  140   145  0   0.1%   0.249 GC:13   +
   70    79  0   0.1%   1.029 GU:13   +
   69    96  0   0.1%   1.800 GC:13   +
   70    95  0   0.1%   1.749 GC:13   +
   17   144  0   0.1%   0.559 UG:13   +
   99   124  0   0.1%   1.299 CG:13   +
   50    54  0   0.1%   0.381 GU:13   +
  112   125  0   0.1%   1.819 CG:13   +
   30    72  0   0.1%   0.487 GC:13   +
  139   146  0   0.1%   0.237 AU:13   +
   84    96  0   0.1%   1.413 GC:13   +
   68    83  0   0.1%   1.025 UA:13   +
   77    91  0   0.1%   1.376 GC:13   +
   29   128  0   0.1%   1.278 GC:13   +
   29    79  0   0.1%   0.501 GU:13   +
   30   127  0   0.1%   1.355 GC:13   +
   33    67  0   0.1%   0.490 GU:13   +
   82    92  0   0.1%   1.066 GC:13   +
   31   129  0   0.1%   1.913 GC:13   +
   68    97  0   0.1%   1.254 UA:13   +
   35    69  0   0.1%   0.715 CG:13   +
   33   127  0   0.1%   1.487 GC:13   +
   68   108  0   0.1%   0.976 UA:13   +
   32    68  0   0.1%   0.767 AU:13   +
   31    68  0   0.1%   0.816 GU:13   +
  110   133  0   0.1%   0.642 CG:13   +
   68   107  0   0.1%   1.025 UA:13   +
   52    81  0   0.1%   0.347 UA:13   +
   51    82  0   0.1%   0.490 CG:13   +
   53    80  0   0.1%   0.366 GU:13   +
   80    85  0   0.1%   0.487 UG:13   +
   29   153  0   0.1%   1.179 GC:13   +
   14    90  0   0.1%   0.180 GC:13   +
   79    87  0   0.1%   0.412 UG:13   +
   26    33  0   0.1%   0.553 CG:13   +
   82    90  0   0.1%   0.721 GC:13   +
   67   108  0   0.1%   0.881 UA:13   +
   68    78  0   0.1%   0.987 UG:13   +
   70    91  0   0.1%   1.669 GC:13   +
  105   155  0   0.1%   0.608 CG:11   --:2    +
   85   127  0   0.1%   1.484 GC:13   +
   69   115  0   0.1%   1.292 GC:13   +
   84   128  0   0.1%   1.548 GC:13   +
   72   126  0   0.1%   1.206 CG:13   +
   85    95  0   0.1%   1.543 GC:13   +
   96   124  0   0.0%   2.099 CG:13   +
   95   125  0   0.0%   2.496 CG:13   +
  101   111  0   0.0%   0.585 CG:13   +
  128   133  0   0.0%   1.793 CG:13   +
   99   123  0   0.0%   1.287 CG:13   +
   78    95  0   0.0%   1.334 GC:13   +
   77    96  0   0.0%   1.358 GC:13   +
   78    90  0   0.0%   1.012 GC:13   +
   69    92  0   0.0%   1.789 GC:13   +
   81    93  0   0.0%   0.858 AU:13   +
   99   114  0   0.0%   0.245 CG:13   +
   17    74  0   0.0%   0.107 UA:13   +
   99   122  0   0.0%   1.142 CG:13   +
   14    72  0   0.0%   0.153 GC:13   +
   67   109  0   0.0%   1.005 UA:13   +
   15    34  0   0.0%   0.033 CG:13   +
   14    35  0   0.0%   0.129 GC:13   +
   18    23  0   0.0%   0.472 AU:13   +
    5    28  1   0.0%   0.012 UG:1    UA:11   +
   13    36  0   0.0%   0.146 GC:13   +
   30    68  0   0.0%   0.836 GU:13   +
   67   119  0   0.0%   0.891 UA:13   +
   51   114  0   0.0%   0.374 CG:13   +
   52   113  0   0.0%   0.344 UA:13   +
   50   115  0   0.0%   0.156 GC:13   +
    7    79  0   0.0%   0.025 AU:13   +
   53   112  0   0.0%   0.468 GC:13   +
   23    81  0   0.0%   0.856 UA:13   +
   65   109  0   0.0%   0.628 UA:13   +
    6    80  0   0.0%   0.011 AU:13   +
  111   128  0   0.0%   1.599 GC:13   +
   31    67  0   0.0%   0.832 GU:13   +
  137   148  0   0.0%   0.229 GU:13   +
   69    91  0   0.0%   1.713 GC:13   +
   14    26  0   0.0%   0.597 GC:13   +
   17    87  0   0.0%   0.150 UG:13   +
   25    85  0   0.0%   1.392 CG:13   +
   67    84  0   0.0%   0.941 UG:13   +
   54   111  0   0.0%   0.445 UG:13   +
   26    84  0   0.0%   1.179 CG:13   +
   17    21  0   0.0%   0.031 UA:13   +
   70    90  0   0.0%   1.142 GC:13   +
   80    97  0   0.0%   1.140 UA:13   +
   10    76  0   0.0%   0.468 GC:13   +
   15    87  0   0.0%   0.098 CG:13   +
  141   146  0   0.0%   0.242 GU:13   +
   31   115  0   0.0%   0.797 GC:13   +
   79    86  0   0.0%   0.511 UA:13   +
  111   115  0   0.0%   0.628 GC:13   +
   76    87  0   0.0%   0.551 CG:13   +
   17   123  0   0.0%   0.531 UG:13   +
   64    80  0   0.0%   0.056 AU:13   +
   26    31  0   0.0%   0.899 CG:13   +
   76   144  0   0.0%   0.755 CG:13   +
  140   153  0   0.0%   0.405 GC:13   +
   25   122  0   0.0%   1.268 CG:13   +
  142   146  0   0.0%   0.223 AU:13   +
   74   146  0   0.0%   0.351 AU:13   +
  141   145  0   0.0%   0.242 GC:13   +
   13    91  0   0.0%   0.174 GC:13   +
   65    85  0   0.0%   0.631 UG:13   +
   61    72  0   0.0%   0.846 GC:13   +
   23    85  0   0.0%   0.956 UG:13   +
   17   131  0   0.0%   0.567 UA:13   +
   11    26  0   0.0%   0.915 GC:13   +
  139   154  0   0.0%   0.374 AU:11   --:2    +
  142   151  0   0.0%   0.359 AU:13   +
  103   110  1   0.5%   0.699 GC:12   +
   65    70  0   0.0%   1.296 UG:13   +
  144   148  0   0.0%   0.548 GU:13   +
   30   115  0   0.0%   0.902 GC:13   +
   94   126  0   0.0%   2.625 CG:13   +
   76   137  0   0.0%   0.760 CG:13   +
   82   129  0   0.0%   1.478 GC:13   +
   87    94  0   0.0%   1.579 GC:13   +
    9   115  0   0.0%   0.843 GC:13   +
   14   115  0   0.0%   0.699 GC:13   +
   15   114  0   0.0%   0.227 CG:13   +
  124   134  0   0.0%   1.457 GC:13   +
   25   140  0   0.0%   1.693 CG:13   +
   65    86  0   0.0%   0.617 UA:13   +
   17    32  0   0.0%   0.069 UA:13   +
  133   145  0   0.0%   0.608 GC:13   +
   30    35  0   0.0%   0.399 GC:13   +
   29    36  0   0.0%   0.052 GC:13   +
  123   135  0   0.0%   1.798 GC:13   +
   22    80  0   0.0%   0.080 AU:13   +
   68    85  0   0.0%   1.009 UG:13   +
  137   145  0   0.0%   0.235 GC:13   +
  110   114  0   0.0%   0.628 CG:13   +
   68   119  0   0.0%   0.993 UA:13   +
   23   142  0   0.0%   1.371 UA:13   +
  136   146  0   0.0%   0.210 AU:13   +
  132   146  0   0.0%   0.272 AU:13   +
   25    34  0   0.0%   0.917 CG:13   +
  134   144  0   0.0%   0.549 CG:13   +
   67   120  0   0.0%   0.893 UA:13   +
   72   141  0   0.0%   0.735 CG:13   +
   63    75  1   0.0%   0.635 CG:11   UG:1    +
  140   151  0   0.0%   0.402 GU:13   +
   67    86  0   0.0%   0.928 UA:13   +
   68    86  0   0.0%   0.996 UA:13   +
   88    93  0   0.0%   1.572 AU:13   +
   77   129  0   0.0%   1.868 GC:13   +
   76   130  0   0.0%   1.009 CG:13   +
   15   122  0   0.0%   0.228 CG:13   +
   23   124  0   0.0%   1.093 UG:13   +
   78   128  0   0.0%   1.906 GC:13   +
   65    83  0   0.0%   0.591 UA:13   +
   10   127  0   0.0%   0.834 GC:13   +
    9   128  0   0.0%   0.844 GC:13   +
   10   134  0   0.0%   1.188 GC:13   +
   25    33  0   0.0%   0.924 CG:13   +
   82    89  0   0.0%   0.879 GC:13   +
   18    68  0   0.0%   0.022 AU:13   +
   72   140  0   0.0%   0.733 CG:13   +
   74    79  0   0.0%   0.360 AU:13   +
    9   135  0   0.0%   1.175 GC:13   +
   17    69  0   0.0%   0.092 UG:13   +
   15    70  0   0.0%   0.052 CG:13   +
   68   120  0   0.0%   0.995 UA:13   +
   25    82  0   0.0%   1.231 CG:13   +
   39   112  0   0.0%   0.645 GC:13   +
   40   111  0   0.0%   0.344 CG:13   +
   62    76  0   0.0%   0.715 GC:13   +
   33    68  0   0.0%   0.463 GU:13   +
   15    33  0   0.0%   0.026 CG:13   +
   23    74  0   0.0%   0.840 UA:13   +
  135   147  0   0.0%   0.505 CG:13   +
   47    52  0   0.0%   0.578 GU:13   +
   15    85  0   0.0%   0.093 CG:13   +
   31   151  0   0.0%   1.164 GU:13   +
  129   137  0   0.0%   1.428 CG:13   +
  128   138  0   0.0%   1.416 CG:13   +
   84    99  0   0.0%   0.841 GC:13   +
   23    88  0   0.0%   1.303 UA:13   +
  127   147  0   0.0%   1.623 CG:13   +
  108   151  0   0.0%   0.222 AU:13   +
   38   113  0   0.0%   0.504 UA:13   +
   15   124  0   0.0%   0.243 CG:13   +
   39    67  0   0.0%   1.136 GU:13   +
  105   126  0   0.0%   1.622 CG:13   +
   26   125  0   0.0%   1.872 CG:13   +
   25   126  0   0.0%   2.139 CG:13   +
   15    30  0   0.0%   0.025 CG:13   +
   17    85  0   0.0%   0.141 UG:13   +
   30    90  0   0.0%   0.619 GC:13   +
  125   129  0   0.0%   2.585 GC:13   +
   31    89  0   0.0%   0.686 GC:13   +
   99   126  0   0.0%   1.257 CG:13   +
   67   121  0   0.0%   0.900 UA:13   +
   19    67  0   0.0%   0.008 AU:13   +
  126   148  0   0.0%   1.760 GU:13   +
   29    91  0   0.0%   0.837 GC:13   +
   40   122  0   0.0%   0.548 CG:13   +
   92   140  0   0.0%   1.681 CG:13   +
   93   139  0   0.0%   1.665 UA:13   +
   91   141  0   0.0%   1.352 CG:13   +
   19    23  0   0.0%   0.469 AU:13   +
   68    87  0   0.0%   0.885 UG:13   +
   94   138  0   0.0%   1.601 CG:13   +
   15    29  0   0.0%   0.022 CG:13   +
   15   144  0   0.0%   0.397 CG:13   +
   14   145  0   0.0%   0.832 GC:13   +
   33    91  0   0.0%   0.722 GC:13   +
   10   115  0   0.0%   0.833 GC:13   +
   30    91  0   0.0%   0.923 GC:13   +
   95   137  0   0.0%   1.448 CG:13   +
   10    15  0   0.0%   0.020 GC:13   +
   17    83  0   0.0%   0.138 UA:13   +
   29    92  0   0.0%   0.834 GC:13   +
   23    84  0   0.0%   0.948 UG:13   +
   80   100  0   0.0%   0.839 UA:13   +
   17    66  0   0.0%   0.089 UA:13   +
   23    33  0   0.0%   0.774 UG:13   +
   15    69  0   0.0%   0.050 CG:13   +
   42    50  0   0.0%   0.015 CG:13   +
  123   153  0   0.0%   1.968 GC:13   +
   65    69  0   0.0%   1.295 UG:13   +
   16   129  0   0.0%   1.057 GC:13   +
   65   108  0   0.0%   0.500 UA:13   +
   15   130  0   0.0%   0.602 CG:13   +
   70    94  0   0.0%   1.733 GC:13   +
  125   151  0   0.0%   1.627 GU:13   +
   99   111  0   0.0%   0.383 CG:13   +
   23    82  0   0.0%   0.851 UG:13   +
   15    31  0   0.0%   0.024 CG:13   +
  105   123  0   0.0%   1.670 CG:13   +
   38   124  0   0.0%   0.939 UG:13   +
  123   134  0   0.0%   1.849 GC:13   +
   69    95  0   0.0%   1.785 GC:13   +
   46    56  0   0.0%   0.512 GC:13   +
   31    90  0   0.0%   0.512 GC:13   +
  114   128  0   0.0%   1.459 GC:13   +
   18    65  0   0.0%   0.018 AU:13   +
   35    39  0   0.0%   0.029 CG:13   +
   34    40  0   0.0%   0.031 GC:13   +
   26   138  0   0.0%   1.475 CG:13   +
   65    84  0   0.0%   0.625 UG:13   +
  105   125  0   0.0%   1.658 CG:13   +
   51    84  0   0.0%   0.488 CG:13   +
   52    83  0   0.0%   0.433 UA:13   +
  122   135  0   0.0%   1.517 GC:13   +
   96   125  0   0.0%   2.081 CG:13   +
   87    96  0   0.0%   1.291 GC:13   +
  129   147  0   0.0%   1.621 CG:13   +
   23    30  0   0.0%   0.472 UG:13   +
   33   115  0   0.0%   0.701 GC:13   +
   99   133  0   0.0%   0.291 CG:13   +
   95   126  0   0.0%   2.469 CG:13   +
  101   156  0   0.0%   0.765 CG:11   --:2    +
   16    67  0   0.0%   0.118 GU:13   +
   42    57  0   0.0%   0.210 CG:13   +
   33   112  0   0.0%   0.792 GC:13   +
   54    81  0   0.0%   0.318 UA:13   +
   17   122  0   0.0%   0.512 UG:13   +
   67    87  0   0.0%   0.816 UG:13   +
   34   115  0   0.0%   0.673 GC:13   +
   47    89  0   0.0%   0.684 GC:13   +
   47    54  0   0.0%   0.500 GU:13   +
   46    90  0   0.0%   0.710 GC:13   +
   68    84  0   0.0%   1.005 UG:13   +
   35   114  0   0.0%   0.527 CG:13   +
   13    17  0   0.0%   0.024 GU:13   +
  122   154  0   0.0%   1.666 GU:11   --:2    +
   40    59  0   0.0%   0.398 CG:13   +
   13    72  0   0.0%   0.153 GC:13   +
   16   112  0   0.0%   0.725 GC:13   +
   55    80  0   0.0%   0.039 AU:13   +
   67    88  0   0.0%   1.042 UA:13   +
   17    86  0   0.0%   0.140 UA:13   +
  127   141  0   0.0%   1.422 CG:13   +
   43    50  0   0.0%   0.015 CG:13   +
  128   140  0   0.0%   1.406 CG:13   +
   65   133  0   0.0%   0.546 UG:13   +
   99   155  0   0.0%   0.238 CG:11   --:2    +
  129   138  0   0.0%   1.428 CG:13   +
   17   111  0   0.0%   0.627 UG:13   +
   70   127  0   0.0%   1.916 GC:13   +
   47    58  0   0.0%   0.949 GC:13   +
   17   108  0   0.0%   0.377 UA:13   +
   80    88  0   0.0%   1.126 UA:13   +
   77    89  0   0.0%   0.650 GC:13   +
   33    76  0   0.0%   0.524 GC:13   +
   72   125  0   0.0%   1.144 CG:13   +
  129   133  0   0.0%   1.802 CG:13   +
   69   128  0   0.0%   2.084 GC:13   +
   72   147  0   0.0%   0.747 CG:13   +
   17   149  0   0.0%   0.549 UA:13   +
  135   156  0   0.0%   0.518 CG:11   --:2    +
  101   130  0   0.0%   1.009 CG:13   +
   85   129  0   0.0%   1.567 GC:13   +
   85    99  0   0.0%   0.822 GC:13   +
   36   124  0   0.0%   0.954 CG:13   +
   14    79  0   0.0%   0.180 GU:13   +
   35   125  0   0.0%   0.946 CG:13   +
  129   140  0   0.0%   1.417 CG:13   +
  128   141  0   0.0%   1.404 CG:13   +
   14    89  0   0.0%   0.168 GC:13   +
   13   153  0   0.0%   0.799 GC:13   +
   78   127  0   0.0%   1.858 GC:13   +
   76   126  0   0.0%   1.214 CG:13   +
   17   125  0   0.0%   0.531 UG:13   +
   72   133  0   0.0%   0.769 CG:13   +
   13    90  0   0.0%   0.167 GC:13   +
  130   146  0   0.0%   0.616 GU:13   +
   78    99  0   0.0%   0.941 GC:13   +
   16    68  0   0.0%   0.118 GU:13   +
   79   126  0   0.0%   1.498 UG:13   +
   59    76  0   0.0%   0.706 GC:13   +
   77   128  0   0.0%   1.912 GC:13   +
   15    78  0   0.0%   0.092 CG:13   +
   12   154  0   0.0%   0.826 AU:11   --:2    +
   38    64  0   0.0%   0.209 UA:13   +
   62   134  0   0.0%   0.555 GC:13   +
   61   135  0   0.0%   0.553 GC:13   +
   29    80  0   0.0%   0.496 GU:13   +
   60   136  0   0.0%   0.525 UA:13   +
   58    77  0   0.0%   0.648 CG:13   +
  105   156  0   0.0%   0.586 CG:11   --:2    +
   51   144  0   0.0%   0.367 CG:13   +
  126   145  0   0.0%   1.761 GC:13   +
   50   145  0   0.0%   0.114 GC:13   +
   39    60  0   0.0%   0.397 GU:13   +
  127   144  0   0.0%   1.612 CG:13   +
   52   143  0   0.0%   0.338 UA:13   +
  140   146  0   0.0%   0.240 GU:13   +
   58   138  0   0.0%   0.555 CG:13   +
   42    47  0   0.0%   0.013 CG:13   +
   50    76  0   0.0%   0.280 GC:13   +
   24    75  1   0.0%   0.965 CG:10   UG:2    +
   49   146  0   0.0%   0.053 AU:13   +
   52    74  0   0.0%   0.334 UA:13   +
   23    34  0   0.0%   0.775 UG:13   +
   68   109  0   0.0%   1.090 UA:13   +
  127   138  0   0.0%   1.432 CG:13   +
  128   137  0   0.0%   1.414 CG:13   +
   67    85  0   0.0%   0.939 UG:13   +
   16    26  0   0.0%   0.571 GC:13   +
  105   124  0   0.0%   1.670 CG:13   +
   23    87  0   0.0%   1.073 UG:13   +
   13   115  0   0.0%   0.564 GC:13   +
   13    80  0   0.0%   0.178 GU:13   +
   67    81  0   0.0%   0.766 UA:13   +
   80    84  0   0.0%   0.481 UG:13   +
   17    29  0   0.0%   0.065 UG:13   +
   76   147  0   0.0%   0.762 CG:13   +
   64    79  0   0.0%   0.046 AU:13   +
   78   145  0   0.0%   1.072 GC:13   +
   77   146  0   0.0%   1.084 GU:13   +
   72   138  0   0.0%   0.742 CG:13   +
   76   133  0   0.0%   0.782 CG:13   +
   17   132  0   0.0%   0.552 UA:13   +
   79   144  0   0.0%   1.058 UG:13   +
   56   140  0   0.0%   0.408 CG:13   +
   45    57  0   0.0%   0.470 CG:13   +
  109   151  0   0.0%   0.338 AU:13   +
  134   155  0   0.0%   0.375 CG:11   --:2    +
   65    78  0   0.0%   0.568 UG:13   +
   18   148  0   0.0%   0.037 AU:13   +
    9    25  0   0.0%   0.018 GC:13   +
  130   135  0   0.0%   0.685 GC:13   +
   45   122  0   0.0%   0.938 CG:13   +
   28   102  1   0.0%   0.530 GC:1    AU:11   +
   70   134  0   0.0%   1.144 GC:13   +
   69   135  0   0.0%   1.288 GC:13   +
  102   106  1   0.0%   0.487 CG:1    UA:11   +
   17    33  0   0.0%   0.067 UG:13   +
   66   148  0   0.0%   0.425 AU:13   +
   26    85  0   0.0%   1.179 CG:13   +
   30    79  0   0.0%   0.581 GU:13   +
   34    76  0   0.0%   0.575 GC:13   +
   36    70  0   0.0%   1.345 CG:13   +
   70   112  0   0.0%   1.222 GC:13   +
   79   132  0   0.0%   1.031 UA:13   +
   18    80  0   0.0%   0.035 AU:13   +
   80   143  0   0.0%   0.713 UA:13   +
   87   128  0   0.0%   1.506 GC:13   +
   80   107  0   0.0%   0.757 UA:13   +
  127   140  0   0.0%   1.422 CG:13   +
   21    68  0   0.0%   0.008 AU:13   +
   80   131  0   0.0%   0.733 UA:13   +
  103   152  1   0.0%   0.932 GC:9    GU:3    +
   67   147  0   0.0%   0.923 UG:13   +
   22    67  0   0.0%   0.040 AU:13   +
   65   149  0   0.0%   0.505 UA:13   +
    4    67  0   0.0%   0.002 AU:13   +
   30   134  0   0.0%   1.251 GC:13   +
  104   151  0   0.0%   0.283 AU:13   +
   26   155  0   0.0%   1.478 CG:11   --:2    +
   68   136  0   0.0%   1.011 UA:13   +
   29   135  0   0.0%   1.145 GC:13   +
   70   145  0   0.0%   1.122 GC:13   +
   11    15  0   0.0%   0.018 GC:13   +
   30    96  0   0.0%   1.539 GC:13   +
   69   145  0   0.0%   1.268 GC:13   +
  114   129  0   0.0%   1.512 GC:13   +
   79    85  0   0.0%   0.528 UG:13   +
  143   151  0   0.0%   0.367 AU:13   +
  125   146  0   0.0%   1.597 GU:13   +
    6    65  0   0.0%   0.001 AU:13   +
   48    52  0   0.0%   0.327 AU:13   +
   68   121  0   0.0%   0.999 UA:13   +
    9    17  0   0.0%   0.032 GU:13   +
   70   101  0   0.0%   1.062 GC:13   +
   34   112  0   0.0%   0.762 GC:13   +
   33    89  0   0.0%   0.593 GC:13   +
   16   105  0   0.0%   0.467 GC:13   +
   65    82  0   0.0%   0.620 UG:13   +
   69   146  0   0.0%   1.270 GU:13   +
   19    79  0   0.0%   0.024 AU:13   +
   31    95  0   0.0%   1.430 GC:13   +
   17   104  0   0.0%   0.375 UA:13   +
   72   111  0   0.0%   0.830 CG:13   +
   58    69  0   0.0%   1.364 CG:13   +
   25   156  0   0.0%   1.691 CG:11   --:2    +
   69    89  0   0.0%   1.330 GC:13   +
    3    68  0   0.0%   0.002 AU:13   +
   37    65  0   0.0%   0.345 AU:13   +
   67   104  0   0.0%   0.813 UA:13   +
   59    68  0   0.0%   1.169 GU:13   +
   87    91  0   0.0%   1.271 GC:13   +
   82    95  0   0.0%   1.192 GC:13   +
   17    81  0   0.0%   0.138 UA:13   +
   29   101  0   0.0%   0.780 GC:13   +
   75    98  1   0.0%   0.655 GC:1    GU:11   +
   76   114  0   0.0%   0.784 CG:13   +
   65   132  0   0.0%   0.512 UA:13   +
   72   124  0   0.0%   1.150 CG:13   +
   39    76  0   0.0%   0.687 GC:13   +
   13   146  0   0.0%   0.702 GU:13   +
   33   110  0   0.0%   0.789 GC:13   +
   56    70  0   0.0%   1.226 CG:13   +
   80   125  0   0.0%   1.116 UG:13   +
   26   133  0   0.0%   1.497 CG:13   +
   35   111  0   0.0%   0.651 CG:13   +
   36   123  0   0.0%   0.960 CG:13   +
   99   156  0   0.0%   0.221 CG:11   --:2    +
   35   124  0   0.0%   0.958 CG:13   +
    6    17  0   0.0%   0.001 AU:13   +
   65   147  0   0.0%   0.518 UG:13   +
   16    91  0   0.0%   0.835 GC:13   +
   46   129  0   0.0%   1.437 GC:13   +
  140   148  0   0.0%   0.228 GU:13   +
   47   128  0   0.0%   1.283 GC:13   +
   29    65  0   0.0%   0.047 GU:13   +
  101   155  0   0.0%   0.780 CG:11   --:2    +
   72   137  0   0.0%   0.741 CG:13   +
   26    34  0   0.0%   0.537 CG:13   +
   64   148  0   0.0%   0.028 AU:13   +
   35    85  0   0.0%   0.654 CG:13   +
   36    84  0   0.0%   0.648 CG:13   +
   80   133  0   0.0%   0.783 UG:13   +
   66   146  0   0.0%   0.420 AU:13   +
  138   145  0   0.0%   0.230 GC:13   +
   45   130  0   0.0%   0.858 CG:13   +
   31   110  0   0.0%   0.882 GC:13   +
   30    80  0   0.0%   0.579 GU:13   +
   29   115  0   0.0%   0.812 GC:13   +
   67    97  0   0.0%   1.174 UA:13   +
   29   112  0   0.0%   0.908 GC:13   +
   67   132  0   0.0%   0.918 UA:13   +
   51    62  0   0.0%   0.863 CG:13   +
  109   148  0   0.0%   0.150 AU:13   +
   45    87  0   0.0%   0.618 CG:13   +
  100   154  0   0.0%   0.398 AU:11   --:2    +
   53    72  0   0.0%   0.646 GC:13   +
   33   129  0   0.0%   1.474 GC:13   +
   52    61  0   0.0%   0.841 UG:13   +
   68   131  0   0.0%   1.052 UA:13   +
    6    68  0   0.0%   0.002 AU:13   +
   77   134  0   0.0%   1.075 GC:13   +
  115   156  0   0.0%   0.677 CG:11   --:2    +
   65   100  0   0.0%   0.550 UA:13   +
   23    66  0   0.0%   0.773 UA:13   +
   65   121  0   0.0%   0.511 UA:13   +
   11    23  0   0.0%   0.001 GU:13   +
   13   112  0   0.0%   0.534 GC:13   +
    7    67  0   0.0%   0.016 AU:13   +
   15    84  0   0.0%   0.089 CG:13   +
  130   134  0   0.0%   0.743 GC:13   +
   46    54  0   0.0%   0.557 GU:13   +
   78    96  0   0.0%   1.329 GC:13   +
   96   114  0   0.0%   0.800 CG:13   +
   79    84  0   0.0%   0.533 UG:13   +
  110   155  0   0.0%   0.544 CG:11   --:2    +
   46   153  0   0.0%   0.842 GC:13   +
   48   151  0   0.0%   0.211 AU:13   +
   67   113  0   0.0%   0.880 UA:13   +
  137   146  0   0.0%   0.229 GU:13   +
   69   153  0   0.0%   1.464 GC:13   +
  123   148  0   0.0%   1.932 GU:13   +
   40    62  0   0.0%   0.396 CG:13   +
   43   123  0   0.0%   0.874 CG:13   +
  151   155  0   0.0%   0.415 UG:11   --:2    +
   42   124  0   0.0%   0.778 CG:13   +
   79   109  0   0.0%   1.146 UA:13   +
   31   134  0   0.0%   1.141 GC:13   +
   79    83  0   0.0%   0.522 UA:13   +
   52    57  0   0.0%   0.531 UG:13   +
   77   101  0   0.0%   0.960 GC:13   +
   30   135  0   0.0%   1.249 GC:13   +
   79   108  0   0.0%   1.029 UA:13   +
  110   147  0   0.0%   0.539 CG:13   +
   65    87  0   0.0%   0.505 UG:13   +
  107   151  0   0.0%   0.275 AU:13   +
  112   144  0   0.0%   0.789 CG:13   +
  110   156  0   0.0%   0.524 CG:11   --:2    +
   31    91  0   0.0%   0.813 GC:13   +
  115   155  0   0.0%   0.697 CG:11   --:2    +
   69    99  0   0.0%   1.113 GC:13   +
   56    78  0   0.0%   0.495 CG:13   +
  111   145  0   0.0%   0.794 GC:13   +
   14   129  0   0.0%   1.244 GC:13   +
   30    92  0   0.0%   0.917 GC:13   +
   10    45  0   0.0%   0.460 GC:13   +
   80   108  0   0.0%   0.700 UA:13   +
   55    79  0   0.0%   0.035 AU:13   +
   15    82  0   0.0%   0.088 CG:13   +
   11   134  0   0.0%   1.270 GC:13   +
    9   134  0   0.0%   1.170 GC:13   +
   18   146  0   0.0%   0.031 AU:13   +
   26   156  0   0.0%   1.461 CG:11   --:2    +
   17   147  0   0.0%   0.562 UG:13   +
   22    68  0   0.0%   0.040 AU:13   +
   17   120  0   0.0%   0.501 UA:13   +
  115   141  0   0.0%   0.493 CG:13   +
  135   141  0   0.0%   0.309 CG:13   +
  129   144  0   0.0%   1.604 CG:13   +
   67   122  0   0.0%   1.217 UG:13   +
   31   112  0   0.0%   0.883 GC:13   +
   60    66  0   0.0%   0.810 UA:13   +
   62   112  0   0.0%   0.660 GC:13   +
   10   135  0   0.0%   1.186 GC:13   +
   31    99  0   0.0%   0.754 GC:13   +
   31    79  0   0.0%   0.472 GU:13   +
   78    91  0   0.0%   1.346 GC:13   +
   85    92  0   0.0%   1.293 GC:13   +
   59    67  0   0.0%   1.141 GU:13   +
   39   145  0   0.0%   0.525 GC:13   +
   13    76  0   0.0%   0.158 GC:13   +
   40   144  0   0.0%   0.226 CG:13   +
    9   153  0   0.0%   1.172 GC:13   +
   17    64  0   0.0%   0.085 UA:13   +
   26   130  0   0.0%   1.693 CG:13   +
   10    90  0   0.0%   0.463 GC:13   +
   16    65  0   0.0%   0.115 GU:13   +
   11    89  0   0.0%   0.457 GC:13   +
   36   147  0   0.0%   0.548 CG:13   +
   77    92  0   0.0%   1.366 GC:13   +
    9    91  0   0.0%   0.472 GC:13   +
   68   100  0   0.0%   0.931 UA:13   +
   29    90  0   0.0%   0.532 GC:13   +
   30    89  0   0.0%   0.792 GC:13   +
   40   126  0   0.0%   0.693 CG:13   +
    4    79  0   0.0%   0.002 AU:13   +
    6   154  0   0.0%   0.014 AU:11   --:2    +
   80   130  0   0.0%   0.960 UG:13   +
   72   123  0   0.0%   1.156 CG:13   +
   16   115  0   0.0%   0.627 GC:13   +
   35    78  0   0.0%   0.611 CG:13   +
   72   122  0   0.0%   1.048 CG:13   +
   37   146  0   0.0%   0.663 AU:13   +
   31    80  0   0.0%   0.470 GU:13   +
   36    77  0   0.0%   0.616 CG:13   +
   34   128  0   0.0%   1.487 GC:13   +
   29    93  0   0.0%   0.833 GU:13   +
   25   133  0   0.0%   1.711 CG:13   +
   58    62  0   0.0%   1.042 CG:13   +
   78   110  0   0.0%   1.252 GC:13   +
   39   127  0   0.0%   1.342 GC:13   +
   17   130  0   0.0%   0.773 UG:13   +
   17   114  0   0.0%   0.500 UG:13   +
   11    45  0   0.0%   0.457 GC:13   +
   25    87  0   0.0%   1.266 CG:13   +
   34    79  0   0.0%   0.432 GU:13   +
   65    88  0   0.0%   0.730 UA:13   +
   67   137  0   0.0%   0.922 UG:13   +
   59    72  0   0.0%   0.841 GC:13   +
   38   120  0   0.0%   0.510 UA:13   +
   79   131  0   0.0%   1.061 UA:13   +
  104   154  0   0.0%   0.260 AU:11   --:2    +
    3    80  0   0.0%   0.002 AU:13   +
   23    70  0   0.0%   0.773 UG:13   +
   32    79  0   0.0%   0.492 AU:13   +
  101   137  0   0.0%   0.780 CG:13   +
   17    84  0   0.0%   0.136 UG:13   +
   98   106  1   0.0%   0.762 UG:1    UA:11   +
   18    79  0   0.0%   0.035 AU:13   +
   82   105  0   0.0%   0.855 GC:13   +
   25   155  0   0.0%   1.706 CG:11   --:2    +
   17   133  0   0.0%   0.579 UG:13   +
   77   105  0   0.0%   1.125 GC:13   +
   61    65  0   0.0%   0.963 GU:13   +
   45   123  0   0.0%   1.046 CG:13   +
   84    93  0   0.0%   1.302 GU:13   +
   51   126  0   0.0%   0.833 CG:13   +
   68   143  0   0.0%   1.010 UA:13   +
   70   129  0   0.0%   1.933 GC:13   +
   50   127  0   0.0%   0.930 GC:13   +
   33    96  0   0.0%   1.336 GC:13   +
   93   120  0   0.0%   1.065 UA:13   +
   68   147  0   0.0%   1.025 UG:13   +
   24   156  0   0.0%   1.606 CG:11   --:2    +
   16   134  0   0.0%   0.642 GC:13   +
   33   105  0   0.0%   0.660 GC:13   +
   52   125  0   0.0%   0.759 UG:13   +
   30    99  0   0.0%   0.863 GC:13   +
   87   129  0   0.0%   1.455 GC:13   +
   33    80  0   0.0%   0.378 GU:13   +
   23   131  0   0.0%   1.375 UA:13   +
   33    40  0   0.0%   0.041 GC:13   +
   68   144  0   0.0%   1.017 UG:13   +
   56    69  0   0.0%   1.230 CG:13   +
   47    90  0   0.0%   0.507 GC:13   +
   46    91  0   0.0%   1.244 GC:13   +
   51    78  0   0.0%   0.440 CG:13   +
   30   151  0   0.0%   1.269 GU:13   +
   21    65  0   0.0%   0.005 AU:13   +
   50    79  0   0.0%   0.135 GU:13   +
   72   144  0   0.0%   0.737 CG:13   +
   17   142  0   0.0%   0.541 UA:13   +
   38   123  0   0.0%   0.943 UG:13   +
   30    36  0   0.0%   0.398 GC:13   +
  122   134  0   0.0%   1.570 GC:13   +
   85    96  0   0.0%   1.389 GC:13   +
  112   156  0   0.0%   0.966 CG:11   --:2    +
   19    68  0   0.0%   0.007 AU:13   +
   23   123  0   0.0%   1.092 UG:13   +
   68    88  0   0.0%   1.107 UA:13   +
   34    42  0   0.0%   0.020 GC:13   +
   31    35  0   0.0%   0.378 GC:13   +
   33    43  0   0.0%   0.032 GC:13   +
   65   114  0   0.0%   0.513 UG:13   +
   17    31  0   0.0%   0.064 UG:13   +
  112   155  0   0.0%   0.987 CG:11   --:2    +
   59   115  0   0.0%   0.566 GC:13   +
   53    60  0   0.0%   0.836 GU:13   +
   51    85  0   0.0%   0.488 CG:13   +
   52    77  0   0.0%   0.428 UG:13   +
   25   114  0   0.0%   1.260 CG:13   +
   67   144  0   0.0%   0.915 UG:13   +
   29    99  0   0.0%   0.779 GC:13   +
   53    76  0   0.0%   0.500 GC:13   +
   65   107  0   0.0%   0.496 UA:13   +
  133   148  0   0.0%   0.595 GU:13   +
   54   123  0   0.0%   0.745 UG:13   +
   52    84  0   0.0%   0.466 UG:13   +
   22    65  0   0.0%   0.038 AU:13   +
   60   114  0   0.0%   0.535 UG:13   +
   79   107  0   0.0%   1.085 UA:13   +
   77    95  0   0.0%   1.348 GC:13   +
   65   120  0   0.0%   0.504 UA:13   +
   65   111  0   0.0%   0.634 UG:13   +
   49    80  0   0.0%   0.074 AU:13   +
   21    67  0   0.0%   0.007 AU:13   +
   18    67  0   0.0%   0.018 AU:13   +
   40   123  0   0.0%   0.655 CG:13   +
   76   123  0   0.0%   1.171 CG:13   +
   14    92  0   0.0%   0.901 GC:13   +
   82    93  0   0.0%   1.052 GU:13   +
   34    90  0   0.0%   0.468 GC:13   +
   40    84  0   0.0%   0.341 CG:13   +
   78    94  0   0.0%   1.317 GC:13   +
   59   110  0   0.0%   0.646 GC:13   +
   46    89  0   0.0%   0.883 GC:13   +
   76   122  0   0.0%   1.063 CG:13   +
   65   123  0   0.0%   0.938 UG:13   +
   65   122  0   0.0%   0.830 UG:13   +
   58   111  0   0.0%   0.672 CG:13   +
   58   114  0   0.0%   0.551 CG:13   +
   57   115  0   0.0%   0.263 GC:13   +
   57    68  0   0.0%   0.858 GU:13   +
   60   109  0   0.0%   0.643 UA:13   +
   91   130  0   0.0%   1.615 CG:13   +
   16   148  0   0.0%   0.640 GU:13   +
   38    86  0   0.0%   0.618 UA:13   +
   68   104  0   0.0%   0.884 UA:13   +
   76   140  0   0.0%   0.746 CG:13   +
   67    77  0   0.0%   0.756 UG:13   +
   92   137  0   0.0%   1.689 CG:13   +
   91   138  0   0.0%   1.360 CG:13   +
   70    92  0   0.0%   1.734 GC:13   +
   57   112  0   0.0%   0.350 GC:13   +
   69    79  0   0.0%   1.192 GU:13   +
   26   137  0   0.0%   1.472 CG:13   +
   17    82  0   0.0%   0.135 UG:13   +
   30   110  0   0.0%   0.991 GC:13   +
   68   122  0   0.0%   1.316 UG:13   +
   25   138  0   0.0%   1.701 CG:13   +
   38   121  0   0.0%   0.516 UA:13   +
   17   143  0   0.0%   0.541 UA:13   +
   10    17  0   0.0%   0.017 GU:13   +
   33    90  0   0.0%   0.417 GC:13   +
    4    17  0   0.0%   0.001 AU:13   +
   55    65  0   0.0%   0.449 AU:13   +
   45    85  0   0.0%   0.741 CG:13   +
   99   138  0   0.0%   0.236 CG:13   +
   30   112  0   0.0%   0.992 GC:13   +
   54    66  0   0.0%   0.598 UA:13   +
   11   151  0   0.0%   1.268 GU:13   +
    9   105  0   0.0%   0.836 GC:13   +
   93   136  0   0.0%   1.648 UA:13   +
  107   154  0   0.0%   0.255 AU:11   --:2    +
   17   107  0   0.0%   0.375 UA:13   +
   23   113  0   0.0%   1.074 UA:13   +
   23    29  0   0.0%   0.469 UG:13   +
   23    64  0   0.0%   0.771 UA:13   +
   38   119  0   0.0%   0.507 UA:13   +
   65    77  0   0.0%   0.585 UG:13   +
    9   112  0   0.0%   0.837 GC:13   +
  139   148  0   0.0%   0.221 AU:13   +
   19   146  0   0.0%   0.019 AU:13   +
   77   112  0   0.0%   1.241 GC:13   +
  111   135  0   0.0%   0.836 GC:13   +
   72   156  0   0.0%   0.731 CG:11   --:2    +
   76   138  0   0.0%   0.756 CG:13   +
  126   135  0   0.0%   1.836 GC:13   +
  134   147  0   0.0%   0.561 CG:13   +
   21    79  0   0.0%   0.027 AU:13   +
  135   144  0   0.0%   0.487 CG:13   +
   70    99  0   0.0%   1.061 GC:13   +
   94   114  0   0.0%   1.085 CG:13   +
   17   119  0   0.0%   0.498 UA:13   +
  113   154  0   0.0%   0.706 AU:11   --:2    +
   69    93  0   0.0%   1.782 GU:13   +
   90   140  0   0.0%   0.612 CG:13   +
   89   141  0   0.0%   0.702 CG:13   +
   25   111  0   0.0%   1.386 CG:13   +
   23   108  0   0.0%   1.075 UA:13   +
   93   104  0   0.0%   1.134 UA:13   +
   29   127  0   0.0%   1.254 GC:13   +
   12    79  0   0.0%   0.362 AU:13   +
   10    91  0   0.0%   0.463 GC:13   +
   10    72  0   0.0%   0.459 GC:13   +
   45    69  0   0.0%   1.443 CG:13   +
    4   154  0   0.0%   0.006 AU:11   --:2    +
   17    70  0   0.0%   0.089 UG:13   +
   67   111  0   0.0%   1.009 UG:13   +
    9    92  0   0.0%   0.472 GC:13   +
   45    70  0   0.0%   1.438 CG:13   +
   47    68  0   0.0%   1.087 GU:13   +
    7   154  0   0.0%   0.385 AU:11   --:2    +
   46    68  0   0.0%   1.289 GU:13   +
   33   101  0   0.0%   0.660 GC:13   +
   48    67  0   0.0%   0.635 AU:13   +
    3   154  0   0.0%   0.008 AU:11   --:2    +
    5   106  1   0.0%   0.071 UG:1    UA:11   +
   61   110  0   0.0%   0.653 GC:13   +
   60   111  0   0.0%   0.656 UG:13   +
   65   113  0   0.0%   0.505 UA:13   +
   16    56  0   0.0%   0.114 GC:13   +
  114   135  0   0.0%   0.632 GC:13   +
   59   112  0   0.0%   0.653 GC:13   +
   17    55  0   0.0%   0.084 UA:13   +
   15    57  0   0.0%   0.046 CG:13   +
   11    90  0   0.0%   0.457 GC:13   +
   14    58  0   0.0%   0.142 GC:13   +
    9    76  0   0.0%   0.472 GC:13   +
   75   102  1   0.0%   0.572 GC:1    GU:11   +
   53    67  0   0.0%   0.947 GU:13   +
   12    38  0   0.0%   0.358 AU:13   +
   45   124  0   0.0%   1.039 CG:13   +
   80   126  0   0.0%   1.168 UG:13   +
   40    69  0   0.0%   1.044 CG:13   +
   18    54  0   0.0%   0.014 AU:13   +
  120   154  0   0.0%   0.222 AU:11   --:2    +
  128   156  0   0.0%   1.407 CG:11   --:2    +
   11   110  0   0.0%   0.822 GC:13   +
  108   148  0   0.0%   0.032 AU:13   +
   38   122  0   0.0%   0.833 UG:13   +
   96   140  0   0.0%   1.018 CG:13   +
   42    46  0   0.0%   0.011 CG:13   +
   96   126  0   0.0%   2.053 CG:13   +
   95   141  0   0.0%   1.432 CG:13   +
   43    59  0   0.0%   0.299 CG:13   +
    7    65  0   0.0%   0.015 AU:13   +
   14   110  0   0.0%   0.536 GC:13   +
  111   146  0   0.0%   0.795 GU:13   +
   51    70  0   0.0%   1.178 CG:13   +
    9    99  0   0.0%   0.836 GC:13   +
   67   123  0   0.0%   1.325 UG:13   +
  130   148  0   0.0%   0.611 GU:13   +
  104   148  0   0.0%   0.097 AU:13   +
  122   145  0   0.0%   1.657 GC:13   +
   50    72  0   0.0%   0.425 GC:13   +
  138   148  0   0.0%   0.219 GU:13   +
  105   147  0   0.0%   0.596 CG:13   +
    4    65  0   0.0%   0.001 AU:13   +
   11    80  0   0.0%   0.460 GU:13   +
   65   119  0   0.0%   0.501 UA:13   +
   87   145  0   0.0%   0.596 GC:13   +
   30   101  0   0.0%   0.863 GC:13   +
   78   112  0   0.0%   1.231 GC:13   +
   86   146  0   0.0%   0.372 AU:13   +
  124   145  0   0.0%   1.550 GC:13   +
   34    89  0   0.0%   0.644 GC:13   +
   96   111  0   0.0%   0.945 CG:13   +
   10   151  0   0.0%   1.185 GU:13   +
  121   146  0   0.0%   0.275 AU:13   +
   58    70  0   0.0%   1.358 CG:13   +
   47    67  0   0.0%   1.060 GU:13   +
  123   146  0   0.0%   1.937 GU:13   +
   19    65  0   0.0%   0.004 AU:13   +
   31    42  0   0.0%   0.383 GC:13   +
   30    43  0   0.0%   0.403 GC:13   +
   29    95  0   0.0%   0.832 GC:13   +
   36   114  0   0.0%   0.520 CG:13   +
   74   154  0   0.0%   0.513 AU:11   --:2    +
   11    38  0   0.0%   0.457 GU:13   +
   34    65  0   0.0%   0.355 GU:13   +
  129   155  0   0.0%   1.432 CG:11   --:2    +
   65   124  0   0.0%   0.931 UG:13   +
    9    40  0   0.0%   0.471 GC:13   +
  124   153  0   0.0%   1.582 GC:13   +
   95   114  0   0.0%   0.947 CG:13   +
   79   111  0   0.0%   1.213 UG:13   +
   11    91  0   0.0%   0.457 GC:13   +
   87    95  0   0.0%   1.439 GC:13   +
  123   151  0   0.0%   1.942 GU:13   +
   30   154  0   0.0%   1.552 GU:11   --:2    +
   40    85  0   0.0%   0.343 CG:13   +
   10    92  0   0.0%   0.462 GC:13   +
   61   105  0   0.0%   0.525 GC:13   +
   84   145  0   0.0%   0.725 GC:13   +
   46    76  0   0.0%   0.814 GC:13   +
   52    69  0   0.0%   1.162 UG:13   +
   23   141  0   0.0%   1.365 UG:13   +
   84   127  0   0.0%   1.491 GC:13   +
   83   146  0   0.0%   0.352 AU:13   +
  114   153  0   0.0%   0.966 GC:13   +
   23   121  0   0.0%   1.084 UA:13   +
  134   140  0   0.0%   0.344 CG:13   +
   72   130  0   0.0%   0.993 CG:13   +
   68   142  0   0.0%   1.011 UA:13   +
  123   145  0   0.0%   1.935 GC:13   +
   25   130  0   0.0%   1.907 CG:13   +
   67   130  0   0.0%   1.136 UG:13   +
  123   154  0   0.0%   1.944 GU:11   --:2    +
   68   141  0   0.0%   1.011 UG:13   +
  131   146  0   0.0%   0.249 AU:13   +
  136   148  0   0.0%   0.199 AU:13   +
   11    17  0   0.0%   0.016 GU:13   +
   40   124  0   0.0%   0.648 CG:13   +
   31   153  0   0.0%   1.466 GC:13   +
   29   110  0   0.0%   0.907 GC:13   +
   23   119  0   0.0%   1.074 UA:13   +
    4    23  0   0.0%   0.001 AU:13   +
   23    77  0   0.0%   0.852 UG:13   +
   36    87  0   0.0%   0.525 CG:13   +
  127   156  0   0.0%   1.421 CG:11   --:2    +
  108   154  0   0.0%   0.199 AU:11   --:2    +
   16   128  0   0.0%   1.094 GC:13   +
  121   148  0   0.0%   0.270 AU:13   +
  149   154  0   0.0%   0.274 AU:11   --:2    +
    9   127  0   0.0%   0.839 GC:13   +
   23   143  0   0.0%   1.367 UA:13   +
   81   148  0   0.0%   0.350 AU:13   +
   43    47  0   0.0%   0.012 CG:13   +
   25    46  0   0.0%   0.909 CG:13   +
   34    67  0   0.0%   0.628 GU:13   +
   68   114  0   0.0%   0.998 UG:13   +
   68   149  0   0.0%   1.010 UA:13   +
   67   142  0   0.0%   0.909 UA:13   +
  122   146  0   0.0%   1.659 GU:13   +
   62   127  0   0.0%   1.348 GC:13   +
   32    80  0   0.0%   0.490 AU:13   +
   61   128  0   0.0%   1.371 GC:13   +
   57    72  0   0.0%   0.530 GC:13   +
   17    34  0   0.0%   0.068 UG:13   +
   23    48  0   0.0%   0.771 UA:13   +
   65   131  0   0.0%   0.526 UA:13   +
   82   127  0   0.0%   1.475 GC:13   +
   30    94  0   0.0%   0.915 GC:13   +
   53    58  0   0.0%   0.848 GC:13   +
   67   143  0   0.0%   0.908 UA:13   +
  103   150  1   0.0%   0.926 GC:11   GU:1    +
   23    69  0   0.0%   0.774 UG:13   +
   33    99  0   0.0%   0.660 GC:13   +
   42    61  0   0.0%   0.208 CG:13   +
   30   105  0   0.0%   0.863 GC:13   +
   69   148  0   0.0%   1.274 GU:13   +
   16    35  0   0.0%   0.097 GC:13   +
   45   147  0   0.0%   0.624 CG:13   +
    9    45  0   0.0%   0.471 GC:13   +
   87    93  0   0.0%   1.596 GU:13   +
   13    89  0   0.0%   0.165 GC:13   +
   29   105  0   0.0%   0.779 GC:13   +
   84   148  0   0.0%   0.729 GU:13   +
   84   153  0   0.0%   0.917 GC:13   +
   86   151  0   0.0%   0.559 AU:13   +
   63   103  1   0.0%   0.565 CG:11   UG:1    +
   45   155  0   0.0%   0.628 CG:11   --:2    +
   38    61  0   0.0%   0.393 UG:13   +
  126   151  0   0.0%   1.781 GU:13   +
   59   129  0   0.0%   1.316 GC:13   +
   84   101  0   0.0%   1.040 GC:13   +
  128   155  0   0.0%   1.427 CG:11   --:2    +
   89   124  0   0.0%   1.024 CG:13   +
    9    93  0   0.0%   0.472 GU:13   +
   44   148  0   0.0%   0.680 AU:13   +
   14   105  0   0.0%   0.536 GC:13   +
   17    30  0   0.0%   0.065 UG:13   +
  111   153  0   0.0%   1.162 GC:13   +
   58   130  0   0.0%   0.787 CG:13   +
    7    23  0   0.0%   0.015 AU:13   +
   23   140  0   0.0%   1.365 UG:13   +
   17    78  0   0.0%   0.138 UG:13   +
   19    38  0   0.0%   0.021 AU:13   +
   12    60  0   0.0%   0.358 AU:13   +
   13   151  0   0.0%   0.797 GU:13   +
   83   154  0   0.0%   0.515 AU:11   --:2    +
  107   148  0   0.0%   0.089 AU:13   +
  129   156  0   0.0%   1.412 CG:11   --:2    +
   34   110  0   0.0%   0.759 GC:13   +
   68   123  0   0.0%   1.424 UG:13   +
   90   123  0   0.0%   0.922 CG:13   +
   80   149  0   0.0%   0.713 UA:13   +
   45    84  0   0.0%   0.740 CG:13   +
   35    61  0   0.0%   0.007 CG:13   +
   85   134  0   0.0%   0.754 GC:13   +
   67   133  0   0.0%   0.950 UG:13   +
   34    95  0   0.0%   1.307 GC:13   +
   91   122  0   0.0%   1.265 CG:13   +
   48    65  0   0.0%   0.458 AU:13   +
   84   135  0   0.0%   0.767 GC:13   +
   26    39  0   0.0%   0.549 CG:13   +
   13    93  0   0.0%   0.897 GU:13   +
   43   125  0   0.0%   0.860 CG:13   +
   34    92  0   0.0%   1.308 GC:13   +
   42   126  0   0.0%   0.822 CG:13   +
   79   130  0   0.0%   1.289 UG:13   +
   17   113  0   0.0%   0.498 UA:13   +
  151   156  0   0.0%   0.430 UG:11   --:2    +
  111   154  0   0.0%   1.140 GU:11   --:2    +
   99   137  0   0.0%   0.237 CG:13   +
   35   122  0   0.0%   0.842 CG:13   +
   65    97  0   0.0%   0.863 UA:13   +
   33   153  0   0.0%   1.028 GC:13   +
   13   134  0   0.0%   0.678 GC:13   +
   54    59  0   0.0%   0.819 UG:13   +
  115   147  0   0.0%   0.875 CG:13   +
   19    80  0   0.0%   0.022 AU:13   +
   45    77  0   0.0%   0.708 CG:13   +
   68   132  0   0.0%   1.019 UA:13   +
   94   111  0   0.0%   1.231 CG:13   +
   96   137  0   0.0%   1.030 CG:13   +
   32   154  0   0.0%   1.098 AU:11   --:2    +
   69   101  0   0.0%   1.113 GC:13   +
   65   104  0   0.0%   0.502 UA:13   +
   17    77  0   0.0%   0.152 UG:13   +
   89   130  0   0.0%   0.969 CG:13   +
  114   148  0   0.0%   0.955 GU:13   +
   23   107  0   0.0%   1.074 UA:13   +
  121   151  0   0.0%   0.280 AU:13   +
   53    68  0   0.0%   0.974 GU:13   +
   76   124  0   0.0%   1.165 CG:13   +
   13    40  0   0.0%   0.139 GC:13   +
   14   101  0   0.0%   0.536 GC:13   +
   40    70  0   0.0%   1.039 CG:13   +
   38    77  0   0.0%   0.599 UG:13   +
   23   120  0   0.0%   1.077 UA:13   +
   26    46  0   0.0%   0.529 CG:13   +
   49    65  0   0.0%   0.490 AU:13   +
   25    47  0   0.0%   0.909 CG:13   +
   29   134  0   0.0%   1.147 GC:13   +
   59   105  0   0.0%   0.517 GC:13   +
   23    97  0   0.0%   1.435 UA:13   +
   88   148  0   0.0%   0.528 AU:13   +
   90   130  0   0.0%   0.877 CG:13   +
   23   100  0   0.0%   1.121 UA:13   +
   60   113  0   0.0%   0.527 UA:13   +
   89   147  0   0.0%   0.716 CG:13   +
    9   110  0   0.0%   0.836 GC:13   +
   60   104  0   0.0%   0.528 UA:13   +
  138   146  0   0.0%   0.226 GU:13   +
   74   148  0   0.0%   0.351 AU:13   +
   56   122  0   0.0%   0.733 CG:13   +
   51   124  0   0.0%   0.788 CG:13   +
   16   101  0   0.0%   0.466 GC:13   +
   47   148  0   0.0%   0.450 GU:13   +
   52   123  0   0.0%   0.773 UG:13   +
   13   101  0   0.0%   0.533 GC:13   +
   76   125  0   0.0%   1.161 CG:13   +
   69   127  0   0.0%   2.060 GC:13   +
   10    23  0   0.0%   0.002 GU:13   +
   45   125  0   0.0%   1.032 CG:13   +
    9   151  0   0.0%   1.172 GU:13   +
   34    68  0   0.0%   0.602 GU:13   +
  125   153  0   0.0%   1.626 GC:13   +
   17   100  0   0.0%   0.428 UA:13   +
   16    99  0   0.0%   0.466 GC:13   +
   87    99  0   0.0%   0.720 GC:13   +
   31   101  0   0.0%   0.754 GC:13   +
   26   126  0   0.0%   1.923 CG:13   +
   76   155  0   0.0%   0.760 CG:11   --:2    +
   62   115  0   0.0%   0.572 GC:13   +
   32    38  0   0.0%   0.305 AU:13   +
   62    89  0   0.0%   0.770 GC:13   +
  109   154  0   0.0%   0.315 AU:11   --:2    +
   67   100  0   0.0%   0.860 UA:13   +
   67   124  0   0.0%   1.318 UG:13   +
   85   101  0   0.0%   1.022 GC:13   +
  124   154  0   0.0%   1.558 GU:11   --:2    +
   43   122  0   0.0%   0.765 CG:13   +
   42   123  0   0.0%   0.784 CG:13   +
   43   124  0   0.0%   0.867 CG:13   +
   34   134  0   0.0%   0.671 GC:13   +
   76   156  0   0.0%   0.744 CG:11   --:2    +
   31    96  0   0.0%   1.429 GC:13   +
   61    90  0   0.0%   0.595 GC:13   +
   65   125  0   0.0%   0.924 UG:13   +
   61   112  0   0.0%   0.660 GC:13   +
   33    79  0   0.0%   0.380 GU:13   +
   33   135  0   0.0%   0.703 GC:13   +
   35   133  0   0.0%   0.581 CG:13   +
   13    96  0   0.0%   0.897 GC:13   +
   30    40  0   0.0%   0.412 GC:13   +
   70   148  0   0.0%   1.127 GU:13   +
    9    72  0   0.0%   0.471 GC:13   +
  102   132  2   0.6%   0.907 UA:11   +
   83    98  1   0.5%   1.026 AU:12   +
   75    92  1   0.4%   0.995 GC:12   +
   66    73  1   0.4%   0.692 AU:12   +
   15    75  1   0.4%   0.109 CG:12   +
   73    86  1   0.3%   0.845 UA:12   +
    8   131  1   0.3%   0.802 UA:12   +
   72   103  1   0.2%   0.725 CG:12   +
   67    75  1   0.2%   0.753 UG:12   +
   15    41  1   0.2%   0.068 CG:12   +
   17    71  1   0.2%   0.117 UA:12   +
   58    75  1   0.1%   0.626 CG:12   +
   98   121  1   0.1%   0.888 UA:12   +
   21    73  1   0.1%   0.042 AU:12   +
  103   115  1   0.1%   0.805 GC:12   +
   99   103  1   0.1%   0.584 CG:12   +
   25    75  1   0.1%   1.145 CG:12   +
   73    83  1   0.1%   0.823 UA:12   +
   68    75  1   0.1%   0.791 UG:12   +
   19    73  1   0.1%   0.028 AU:12   +
    8   132  1   0.1%   0.783 UA:12   +
   38   118  1   0.1%   0.518 UA:12   +
   98   104  1   0.1%   0.756 UA:12   +
   98   131  1   0.1%   0.881 UA:12   +
    5   132  1   0.1%   0.091 UA:12   +
   22    73  1   0.1%   0.071 AU:12   +
   26    75  1   0.1%   1.039 CG:12   +
    5   131  1   0.1%   0.086 UA:12   +
  103   129  1   0.1%   1.607 GC:12   +
   68   118  1   0.1%   0.998 UA:12   +
    6    98  1   0.1%   0.017 AU:12   +
   18    73  1   0.0%   0.032 AU:12   +
   73   107  1   0.0%   0.905 UA:12   +
   64    73  1   0.0%   0.349 AU:12   +
    5    81  1   0.0%   0.018 UA:12   +
   75   145  1   0.0%   0.546 GC:12   +
    8   120  1   0.0%   0.517 UA:12   +
   65    71  1   0.0%   0.530 UA:12   +
   96   103  1   0.0%   1.137 CG:12   +
  102   121  2   0.2%   0.824 UA:11   +
   73   139  1   0.0%   0.891 UA:12   +
   73    88  1   0.0%   0.927 UA:12   +
   71    93  1   0.0%   0.925 AU:12   +
   41    58  1   0.0%   0.403 GC:12   +
   41    51  1   0.0%   0.014 GC:12   +
    3     8  1   0.0%   0.003 AU:12   +
   67    71  1   0.0%   0.702 UA:12   +
    4    98  1   0.0%   0.004 AU:12   +
   71    80  1   0.0%   0.437 AU:12   +
   12    73  1   0.0%   0.361 AU:12   +
   73   108  1   0.0%   0.847 UA:12   +
  103   128  1   0.0%   1.647 GC:12   +
   71   148  1   0.0%   0.263 AU:12   +
   73   104  1   0.0%   0.822 UA:12   +
   86    98  1   0.0%   1.025 AU:12   +
   75   127  1   0.0%   1.355 GC:12   +
   65    75  1   0.0%   0.558 UG:12   +
    4     8  1   0.0%   0.003 AU:12   +
    8   136  1   0.0%   0.773 UA:12   +
   73   132  1   0.0%   0.883 UA:12   +
   75    80  1   0.0%   0.471 GU:12   +
   51    75  1   0.0%   0.419 CG:12   +
    5    19  1   0.0%   0.003 UA:12   +
   75   148  1   0.0%   0.548 GU:12   +
    5    18  1   0.0%   0.002 UA:12   +
   75   134  1   0.0%   0.561 GC:12   +
  103   127  1   0.0%   1.594 GC:12   +
   75   110  1   0.0%   0.642 GC:12   +
    5    66  1   0.0%   0.010 UA:12   +
    8   119  1   0.0%   0.510 UA:12   +
    5    97  1   0.0%   0.013 UA:12   +
    8   121  1   0.0%   0.513 UA:12   +
   75   115  1   0.0%   0.594 GC:12   +
   75    90  1   0.0%   0.255 GC:12   +
   40    75  1   0.0%   0.278 CG:12   +
   98   107  1   0.0%   0.741 UA:12   +
    5    32  1   0.0%   0.009 UA:12   +
    8    18  1   0.0%   0.019 UA:12   +
   60    75  1   0.0%   0.601 UG:12   +
   23    75  1   0.0%   0.888 UG:12   +
   65   118  1   0.0%   0.508 UA:12   +
   73   136  1   0.0%   0.873 UA:12   +
    3    98  1   0.0%   0.002 AU:12   +
   66    98  1   0.0%   0.790 AU:12   +
   98   113  1   0.0%   0.718 UA:12   +
   35    75  1   0.0%   0.589 CG:12   +
   75   129  1   0.0%   1.350 GC:12   +
   54    71  1   0.0%   0.375 UA:12   +
   73   109  1   0.0%   0.964 UA:12   +
    8    66  1   0.0%   0.138 UA:12   +
   71   151  1   0.0%   0.448 AU:12   +
    5   121  1   0.0%   0.072 UA:12   +
  103   134  1   0.0%   0.787 GC:12   +
  103   153  1   0.0%   0.932 GC:12   +
    5   104  1   0.0%   0.071 UA:12   +
   75    89  1   0.0%   0.428 GC:12   +
    5   120  1   0.0%   0.072 UA:12   +
   32    98  1   0.0%   1.150 AU:12   +
    5   119  1   0.0%   0.072 UA:12   +
   60    71  1   0.0%   0.586 UA:12   +
   41   110  1   0.0%   0.670 GC:12   +
   73   121  1   0.0%   0.878 UA:12   +
  103   135  1   0.0%   0.783 GC:12   +
    5    12  1   0.0%   0.001 UA:12   +
   75    99  1   0.0%   0.274 GC:12   +
   25   103  1   0.0%   1.268 CG:12   +
   73   143  1   0.0%   0.877 UA:12   +
   35    41  1   0.0%   0.018 CG:12   +
    8   100  1   0.0%   0.561 UA:12   +
   54    75  1   0.0%   0.374 UG:12   +
   98   108  1   0.0%   0.684 UA:12   +
   94   103  1   0.0%   1.419 CG:12   +
   95   103  1   0.0%   1.281 CG:12   +
   98   109  1   0.0%   0.800 UA:12   +
   73   100  1   0.0%   0.743 UA:12   +
    8   113  1   0.0%   0.508 UA:12   +
   67   118  1   0.0%   0.888 UA:12   +
    5    21  1   0.0%   0.002 UA:12   +
   23   118  1   0.0%   1.075 UA:12   +
    8    74  1   0.0%   0.137 UA:12   +
    8    64  1   0.0%   0.137 UA:12   +
   98   132  1   0.0%   0.862 UA:12   +
    5   107  1   0.0%   0.071 UA:12   +
   49    73  1   0.0%   0.367 AU:12   +
    5    64  1   0.0%   0.009 UA:12   +
   98   139  1   0.0%   0.845 UA:12   +
   26   103  1   0.0%   1.056 CG:12   +
    5   108  1   0.0%   0.071 UA:12   +
   75    96  1   0.0%   0.955 GC:12   +
    8    12  1   0.0%   0.002 UA:12   +
    5    22  1   0.0%   0.002 UA:12   +
   75    93  1   0.0%   0.967 GU:12   +
   75   153  1   0.0%   0.736 GC:12   +
   73   149  1   0.0%   0.879 UA:12   +
    8    22  1   0.0%   0.018 UA:12   +
   74    98  1   0.0%   0.574 AU:12   +
    8    83  1   0.0%   0.140 UA:12   +
    5   109  1   0.0%   0.071 UA:12   +
   38    71  1   0.0%   0.570 UA:12   +
   64    98  1   0.0%   0.394 AU:12   +
    6    73  1   0.0%   0.001 AU:12   +
    5    74  1   0.0%   0.009 UA:12   +
   73   131  1   0.0%   0.913 UA:12   +
   41   127  1   0.0%   1.366 GC:12   +
    5   113  1   0.0%   0.071 UA:12   +
   22    98  1   0.0%   0.424 AU:12   +
    8    81  1   0.0%   0.143 UA:12   +
    8    32  1   0.0%   0.137 UA:12   +
    5    83  1   0.0%   0.012 UA:12   +
   75    94  1   0.0%   0.950 GC:12   +
    8    19  1   0.0%   0.018 UA:12   +
   88    98  1   0.0%   1.178 AU:12   +
   98   118  2   0.1%   0.711 UA:11   +
    3   102  2   0.1%   0.020 AU:11   +
    6   102  2   0.1%   0.033 AU:11   +
  102   107  2   0.1%   0.476 UA:11   +
  102   109  2   0.0%   0.542 UA:11   +
    4   102  2   0.0%   0.019 AU:11   +
  102   108  2   0.0%   0.421 UA:11   +
   97   102  2   0.0%   0.917 AU:11   +
    8   118  2   0.0%   0.511 UA:11   +
  102   119  2   0.0%   0.823 UA:11   +
  102   131  2   0.0%   0.825 UA:11   +
  102   120  2   0.0%   0.764 UA:11   +
    7   102  2   0.0%   0.400 AU:11   +
   22   102  2   0.0%   0.069 AU:11   +
  102   136  2   0.0%   0.812 UA:11   +
    5   118  2   0.0%   0.071 UA:11   +
   71    98  2   0.0%   0.626 AU:11   +
   32   102  2   0.0%   0.786 AU:11   +
   73   118  2   0.0%   0.876 UA:11   +
   83   102  2   0.0%   0.731 AU:11   +
   64   102  2   0.0%   0.030 AU:11   +
   66   102  2   0.0%   0.425 AU:11   +
   12   102  2   0.0%   0.747 AU:11   +
   21   102  2   0.0%   0.036 AU:11   +
  102   149  2   0.0%   0.811 UA:11   +
........((((..........))))..(((..((((((((..((((...)))).)))))))).............((((......))))(((((.....(((........))).......))))))))....(((((((.........))))))).
