40 sequence; length of alignment 153
alifold output
   24    88  0  99.9%   0.008 GC:38   GU:1    --:1   
   23    89  0  99.9%   0.008 GC:39   --:1   
   25    87  0  99.9%   0.005 AU:39   --:1   
   26    86  0  99.8%   0.015 GC:39   --:1   
   21    91  0  99.8%   0.010 GC:39   --:1   
   22    90  1  99.9%   0.007 AU:38   --:1   
  105   115  1  99.4%   0.019 GC:39  
  106   114  1  99.3%   0.022 CG:39  
  104   116  1  99.1%   0.031 GC:39  
   62    71  0  98.3%   0.129 GC:40  
   63    70  0  98.3%   0.082 GC:40  
   61    72  0  98.2%   0.124 UA:40  
   49    82  0  97.9%   0.147 GC:40  
   50    81  0  97.8%   0.155 CG:40  
   60    73  0  97.6%   0.143 CG:40  
   48    83  0  97.0%   0.175 AU:40  
   18    93  0  94.7%   0.257 UG:39   --:1   
   17    94  0  94.3%   0.285 GC:39   --:1   
   19    92  0  90.7%   0.364 UA:39   --:1   
   51    80  0  90.2%   0.296 AU:40  
    9   101  0  85.3%   0.559 GC:39   --:1   
    8   102  1  85.0%   0.456 GC:38   --:1   
   10   100  0  80.2%   0.692 AU:39   --:1   
   27    85  0  75.2%   0.647 AU:40  
   14    97  0  74.1%   0.695 GC:39   --:1   
   15    96  0  65.2%   0.865 AU:39   --:1   
   58    75  0  63.3%   0.942 CG:40  
   47    84  0  58.2%   1.392 CG:39   --:1    +
   56    78  0  48.7%   1.108 GC:40  
   57    77  0  48.3%   1.197 AU:40  
   28    84  0  41.5%   1.099 CG:39   --:1   
   46    85  0  24.2%   1.252 AU:40   +
   98   124  0   7.6%   0.613 GU:1    AU:39   +
   97   125  0   7.5%   0.850 CG:40   +
   99   123  0   7.1%   0.810 UA:40   +
   55    76  0   6.3%   0.707 UA:40   +
  100   122  0   5.8%   0.849 UA:40   +
   96   126  1   4.0%   0.735 UG:34   UA:5    +
   54    76  0   2.7%   0.314 UA:40   +
   12    16  0   1.7%   0.217 CG:2    UG:37   --:1    +
  100   120  0   2.7%   0.523 UA:38   --:2    +
   53    77  0   2.6%   0.288 AU:40   +
  101   118  1   2.9%   0.488 CG:39   +
  102   118  2   2.9%   0.556 CG:38   +
   13    99  0   2.2%   0.297 AU:39   --:1    +
   11    17  0   2.1%   0.275 CG:39   --:1    +
   10    18  0   2.1%   0.240 AU:39   --:1    +
    5    12  0   0.0%   0.005 GC:2    GU:35   AU:2    --:1    +
    4    12  0   0.0%   0.030 GC:2    GU:36   AU:1    --:1    +
    3   118  0   0.0%   0.004 CG:3    UG:35   UA:1    --:1    +
   12   118  0   0.0%   0.073 CG:2    UG:36   UA:1    --:1    +
    9    19  0   1.9%   0.229 GU:39   --:1    +
   99   121  0   1.9%   0.365 UA:40   +
   50    59  0   1.6%   0.203 CG:40   +
   49    60  0   1.6%   0.206 GC:40   +
   55    75  0   1.5%   0.213 UG:40   +
   48    61  0   1.5%   0.205 AU:40   +
   47    62  0   1.2%   0.196 CG:40   +
   35    61  0   0.1%   0.025 GU:13   AU:27   +
  100   118  0   0.1%   0.234 UG:39   UA:1    +
   96   127  0   0.1%   0.489 UG:1    UA:39   +
   35    55  0   0.0%   0.009 GU:13   AU:27   +
  104   113  0   0.0%   0.008 GC:39   GU:1    +
   55    98  0   0.0%   0.264 UG:1    UA:39   +
   99   127  0   0.0%   0.427 UG:1    UA:39   +
   35    80  0   0.0%   0.016 GU:13   AU:27   +
    3     8  0   0.0%   0.004 CG:3    UG:36   --:1    +
   17    88  0   0.0%   0.090 GC:38   GU:1    --:1    +
    5   100  0   0.0%   0.005 GU:37   AU:2    --:1    +
   64    88  0   0.0%   0.074 GC:39   GU:1    +
    3     9  0   0.0%   0.004 CG:3    UG:36   --:1    +
    3   125  0   0.0%   0.006 CG:3    UG:36   --:1    +
    9    88  0   0.0%   0.081 GC:38   GU:1    --:1    +
    5   124  0   0.0%   0.006 GU:37   AU:2    --:1    +
  118   124  0   0.0%   0.453 GU:39   AU:1    +
  113   125  0   0.0%   0.232 CG:39   UG:1    +
    4   124  0   0.0%   0.034 GU:38   AU:1    --:1    +
   44    55  0   0.0%   0.006 GU:1    AU:39   +
   42    55  0   0.0%   0.005 GU:1    AU:39   +
   44    85  0   0.0%   0.218 GU:1    AU:39   +
   44    83  0   0.0%   0.003 GU:1    AU:39   +
  100   127  0   0.0%   0.515 UG:1    UA:39   +
   12   125  0   0.0%   0.075 CG:2    UG:37   --:1    +
   44    54  0   0.0%   0.004 GU:1    AU:39   +
    8    12  0   0.0%   0.004 GC:2    GU:37   --:1    +
   35    83  0   0.0%   0.013 GU:13   AU:27   +
   19    37  0   0.0%   0.081 UG:2    UA:37   --:1    +
   99   118  0   0.0%   0.141 UG:39   UA:1    +
   44    87  0   0.0%   0.005 GU:1    AU:39   +
    3    14  0   0.0%   0.003 CG:3    UG:36   --:1    +
    3    16  0   0.0%   0.003 CG:3    UG:36   --:1    +
   42    85  0   0.0%   0.216 GU:1    AU:39   +
    5    19  0   0.0%   0.002 GU:37   AU:2    --:1    +
   42    83  0   0.0%   0.002 GU:1    AU:39   +
   12    17  0   0.0%   0.153 CG:2    UG:37   --:1    +
   35    77  0   0.0%   0.011 GU:13   AU:27   +
   37    83  0   0.0%   0.001 GU:2    AU:38   +
   37    54  0   0.0%   0.003 GU:2    AU:38   +
    5    96  0   0.0%   0.002 GU:37   AU:2    --:1    +
   12   104  0   0.0%   0.072 CG:2    UG:37   --:1    +
   37    52  0   0.0%   0.001 GU:2    AU:38   +
   44    52  0   0.0%   0.001 GU:1    AU:39   +
   37    55  0   0.0%   0.004 GU:2    AU:38   +
   35    85  0   0.0%   0.227 GU:13   AU:27   +
   18   127  0   0.0%   0.167 UG:1    UA:38   --:1    +
   37    85  0   0.0%   0.216 GU:2    AU:38   +
   12    75  0   0.0%   0.072 CG:2    UG:37   --:1    +
   14    88  0   0.0%   0.004 GC:38   GU:1    --:1    +
    4    19  0   0.0%   0.030 GU:38   AU:1    --:1    +
   73    88  0   0.0%   0.088 GC:39   GU:1    +
   18    98  0   0.0%   0.167 UG:1    UA:38   --:1    +
   42    52  0   0.0%   0.000 GU:1    AU:39   +
    3   114  0   0.0%   0.003 CG:3    UG:36   --:1    +
   54    98  0   0.0%   0.112 UG:1    UA:39   +
   42    54  0   0.0%   0.003 GU:1    AU:39   +
    5    18  0   0.0%   0.002 GU:37   AU:2    --:1    +
    3    17  0   0.0%   0.003 CG:3    UG:36   --:1    +
   37    77  0   0.0%   0.001 GU:2    AU:38   +
   19    35  0   0.0%   0.081 UG:13   UA:26   --:1    +
    3    93  0   0.0%   0.003 CG:3    UG:36   --:1    +
   35   124  0   0.0%   0.016 GU:13   AU:27   +
   19   127  0   0.0%   0.176 UG:1    UA:38   --:1    +
    5    90  0   0.0%   0.002 GU:37   AU:2    --:1    +
   37    80  0   0.0%   0.003 GU:2    AU:38   +
   35    54  0   0.0%   0.000 GU:13   AU:27   +
   42    87  0   0.0%   0.003 GU:1    AU:39   +
    4    18  0   0.0%   0.029 GU:38   AU:1    --:1    +
    3   104  0   0.0%   0.003 CG:3    UG:36   --:1    +
   35    52  0   0.0%   0.000 GU:13   AU:27   +
   77    98  0   0.0%   0.510 UG:1    UA:39   +
   73    79  0   1.0%   0.239 GC:40   +
   72    80  0   1.0%   0.271 AU:40   +
   56    79  0   0.9%   0.550 GC:40   +
   71    81  0   0.9%   0.210 CG:40   +
   10    99  0   0.9%   0.211 AU:39   --:1    +
   56    77  0   0.9%   0.238 GU:40   +
    9   100  0   0.7%   0.189 GU:39   --:1    +
    8   101  0   0.7%   0.113 GC:39   --:1    +
   16    94  0   0.6%   0.171 GC:39   --:1    +
    3   126  1   0.0%   0.008 CG:3    UG:30   UA:5    --:1    +
   12   126  1   0.0%   0.074 CG:2    UG:31   UA:5    --:1    +
    3    35  1   0.0%   0.003 CG:2    UG:11   UA:25   --:1    +
   14    96  0   0.4%   0.077 GU:39   --:1    +
   95   124  0   0.3%   0.077 AU:40   +
   94   125  0   0.3%   0.152 CG:40   +
   64    70  0   0.3%   0.105 GC:40   +
   63    71  0   0.3%   0.119 GC:40   +
   96   123  0   0.3%   0.386 UA:40   +
   16    97  0   0.3%   0.391 GC:39   --:1    +
   18    92  0   0.3%   0.134 UA:39   --:1    +
   64    78  0   0.3%   0.449 GC:40   +
   63    79  0   0.3%   0.168 GC:40   +
  100   121  0   0.3%   0.444 UA:40   +
   17    96  0   0.2%   0.500 GU:39   --:1    +
   65    77  0   0.2%   0.535 AU:40   +
  117   124  0   0.2%   0.268 AU:40   +
   18    95  0   0.2%   0.194 UA:39   --:1    +
   33    63  0   0.2%   0.064 CG:40   +
   32    64  0   0.2%   0.067 CG:40   +
   99   122  0   0.2%   0.253 UA:40   +
   68    82  0   0.2%   0.063 GC:40   +
   34    62  0   0.2%   0.054 CG:40   +
   67    83  0   0.2%   0.072 AU:40   +
   75    82  0   0.2%   0.439 GC:40   +
   74    83  0   0.2%   0.103 AU:40   +
   48    80  0   0.1%   0.102 AU:40   +
   49    79  0   0.1%   0.103 GC:40   +
   47    81  0   0.1%   0.104 CG:40   +
   53    80  0   0.1%   0.227 AU:40   +
   16    96  0   0.1%   0.441 GU:39   --:1    +
   47    56  0   0.1%   0.028 CG:40   +
   48    55  0   0.1%   0.029 AU:40   +
   14    99  0   0.1%   0.398 GU:39   --:1    +
   73    82  0   0.1%   0.131 GC:40   +
   72    83  0   0.1%   0.136 AU:40   +
   31    81  0   0.1%   0.040 CG:40   +
   29    84  0   0.1%   0.394 CG:39   --:1    +
   32    63  0   0.1%   0.035 CG:40   +
   31    64  0   0.1%   0.040 CG:40   +
   69    83  0   0.1%   0.067 AU:40   +
   58    73  0   0.1%   0.019 CG:40   +
   19    93  0   0.1%   0.239 UG:39   --:1    +
   75    79  0   0.1%   0.492 GC:40   +
   74    80  0   0.1%   0.183 AU:40   +
   52    76  0   0.1%   0.020 UA:40   +
   31    63  0   0.1%   0.028 CG:40   +
   30    64  0   0.1%   0.027 CG:40   +
   11    16  0   0.1%   0.044 CG:39   --:1    +
   33    62  0   0.1%   0.026 CG:40   +
   30    63  0   0.1%   0.016 CG:40   +
   29    64  0   0.1%   0.018 CG:40   +
    4    11  1   0.6%   0.087 GC:38   --:1    +
   49    54  0   0.1%   0.019 GU:40   +
   32    62  0   0.1%   0.019 CG:40   +
  103   124  0   0.1%   0.231 AU:40   +
   45    85  1   0.1%   0.231 GU:1    AU:38   +
   99   120  0   0.0%   0.151 UA:38   --:2    +
   31    62  0   0.0%   0.015 CG:40   +
   17    28  0   0.0%   0.091 GC:39   --:1    +
   55    74  0   0.0%   0.027 UA:40   +
   18    27  0   0.0%   0.092 UA:39   --:1    +
   16    29  0   0.0%   0.085 GC:39   --:1    +
   51    77  0   0.0%   0.013 AU:40   +
   14   101  0   0.0%   0.439 GC:39   --:1    +
   15   100  0   0.0%   0.508 AU:39   --:1    +
   60    93  0   0.0%   0.158 CG:40   +
   61    92  0   0.0%   0.204 UA:40   +
   59    94  0   0.0%   0.166 GC:40   +
   19    26  0   0.0%   0.087 UG:39   --:1    +
   62    91  0   0.0%   0.111 GC:40   +
   69    85  0   0.0%   0.581 AU:40   +
   68    86  0   0.0%   0.029 GC:40   +
   50    56  0   0.0%   0.021 CG:40   +
   52    57  0   0.0%   0.011 UA:40   +
   54    75  0   0.0%   0.020 UG:40   +
   16    99  0   0.0%   0.279 GU:39   --:1    +
   56    97  0   0.0%   0.700 GC:40   +
   57    96  0   0.0%   0.692 AU:40   +
   34    56  0   0.0%   0.013 CG:40   +
   70    84  0   0.0%   0.736 CG:39   --:1    +
   13    96  0   0.0%   0.009 AU:39   --:1    +
   67    87  0   0.0%   0.024 AU:40   +
  101   125  0   0.0%   0.503 CG:40   +
  100   126  1   0.0%   0.642 UG:34   UA:5    +
   63    90  0   0.0%   0.096 GU:40   +
   64    89  0   0.0%   0.080 GC:40   +
   51    55  0   0.0%   0.020 AU:40   +
   34    63  0   0.0%   0.054 CG:40   +
   33    64  0   0.0%   0.058 CG:40   +
   45    83  1   0.0%   0.010 GU:1    AU:38   +
  108   125  0   0.0%   0.232 CG:40   +
  109   124  0   0.0%   0.230 AU:40   +
   71    84  0   0.0%   0.776 CG:39   --:1    +
   70    81  0   0.0%   0.086 CG:40   +
   13   100  0   0.0%   0.306 AU:39   --:1    +
   34    81  0   0.0%   0.036 CG:40   +
  113   118  1   0.0%   0.218 CG:38   UG:1    +
   46    83  0   0.0%   0.009 AU:40   +
  120   124  0   0.0%   0.347 AU:38   --:2    +
   15    90  0   0.0%   0.005 AU:39   --:1    +
   16    89  0   0.0%   0.084 GC:39   --:1    +
   14    91  0   0.0%   0.007 GC:39   --:1    +
   30    81  0   0.0%   0.018 CG:40   +
   49    58  0   0.0%   0.010 GC:40   +
   68    78  0   0.0%   0.373 GC:40   +
   62    80  0   0.0%   0.213 GU:40   +
   69    77  0   0.0%   0.510 AU:40   +
   15    99  0   0.0%   0.419 AU:39   --:1    +
   26    31  0   0.0%   0.010 GC:39   --:1    +
   26    33  0   0.0%   0.013 GC:39   --:1    +
   54    74  0   0.0%   0.013 UA:40   +
   63    89  0   0.0%   0.090 GC:40   +
   14    30  0   0.0%   0.004 GC:39   --:1    +
   64    82  0   0.0%   0.091 GC:40   +
    6    99  0   0.0%   0.004 AU:39   --:1    +
  108   114  0   0.0%   0.011 CG:40   +
   63    83  0   0.0%   0.121 GU:40   +
   73    78  0   0.0%   0.401 GC:40   +
   14    31  0   0.0%   0.005 GC:39   --:1    +
   26    34  0   0.0%   0.013 GC:39   --:1    +
   26    32  0   0.0%   0.010 GC:39   --:1    +
   32    81  0   0.0%   0.037 CG:40   +
   24    33  0   0.0%   0.007 GC:39   --:1    +
   23    34  0   0.0%   0.006 GC:39   --:1    +
    6   124  0   0.0%   0.006 AU:39   --:1    +
    8    34  0   0.0%   0.006 GC:39   --:1    +
    9    33  0   0.0%   0.080 GC:39   --:1    +
    8    89  0   0.0%   0.007 GC:39   --:1    +
   70    75  0   0.0%   0.396 CG:40   +
   65    87  0   0.0%   0.020 AU:40   +
   68    79  0   0.0%   0.077 GC:40   +
   67    80  0   0.0%   0.118 AU:40   +
   11   125  0   0.0%   0.118 CG:39   --:1    +
   47    59  0   0.0%   0.011 CG:40   +
    8    19  0   0.0%   0.005 GU:39   --:1    +
    7   124  0   0.0%   0.006 AU:39   --:1    +
    7    90  0   0.0%   0.003 AU:39   --:1    +
   82    93  0   0.0%   0.116 CG:40   +
   83    92  0   0.0%   0.182 UA:40   +
   81    94  0   0.0%   0.181 GC:40   +
   84    91  0   0.0%   0.703 GC:39   --:1    +
   30    84  0   0.0%   0.387 CG:39   --:1    +
   10    87  0   0.0%   0.082 AU:39   --:1    +
   24    31  0   0.0%   0.005 GC:39   --:1    +
   23    32  0   0.0%   0.004 GC:39   --:1    +
   29    81  0   0.0%   0.012 CG:40   +
   45    54  1   0.0%   0.006 GU:1    AU:38   +
   17    97  0   0.0%   0.398 GC:39   --:1    +
    9    97  0   0.0%   0.083 GC:39   --:1    +
   14   100  0   0.0%   0.474 GU:39   --:1    +
  101   110  0   0.0%   0.177 CG:40   +
  100   111  0   0.0%   0.222 UA:40   +
   59    79  0   0.0%   0.125 GC:40   +
  114   124  0   0.0%   0.236 GU:40   +
   60    75  0   0.0%   0.448 CG:40   +
   23    30  0   0.0%   0.003 GC:39   --:1    +
   24    29  0   0.0%   0.005 GC:39   --:1    +
   10    96  0   0.0%   0.083 AU:39   --:1    +
    8    97  0   0.0%   0.008 GC:39   --:1    +
   29    68  0   0.0%   0.011 CG:40   +
    9    78  0   0.0%   0.080 GC:39   --:1    +
    8    79  0   0.0%   0.006 GC:39   --:1    +
   43    54  0   0.0%   0.004 AU:40   +
   21    86  0   0.0%   0.003 GC:39   --:1    +
   52    81  0   0.0%   0.054 UG:40   +
   10    77  0   0.0%   0.081 AU:39   --:1    +
   64    71  0   0.0%   0.086 GC:40   +
  104   115  0   0.0%   0.005 GC:40   +
    8    94  0   0.0%   0.007 GC:39   --:1    +
   30    68  0   0.0%   0.014 CG:40   +
    9    18  0   0.0%   0.003 GU:39   --:1    +
   21    34  0   0.0%   0.003 GC:39   --:1    +
   59    82  0   0.0%   0.092 GC:40   +
   19    95  0   0.0%   0.190 UA:39   --:1    +
   24    32  0   0.0%   0.005 GC:39   --:1    +
   23    33  0   0.0%   0.005 GC:39   --:1    +
   20    87  0   0.0%   0.002 AU:39   --:1    +
   60    81  0   0.0%   0.135 CG:40   +
   21    90  0   0.0%   0.005 GU:39   --:1    +
  100   117  0   0.0%   0.222 UA:40   +
   99   112  0   0.0%   0.140 UA:40   +
   33    81  0   0.0%   0.035 CG:40   +
   31    84  0   0.0%   0.398 CG:39   --:1    +
   75    80  0   0.0%   0.532 GU:40   +
   24    30  0   0.0%   0.004 GC:39   --:1    +
   23    31  0   0.0%   0.003 GC:39   --:1    +
    7    80  0   0.0%   0.002 AU:39   --:1    +
   59    78  0   0.0%   0.420 GC:40   +
   80    95  0   0.0%   0.183 UA:40   +
   71    75  0   0.0%   0.395 CG:40   +
   43    83  0   0.0%   0.003 AU:40   +
   61    74  0   0.0%   0.094 UA:40   +
   43    55  0   0.0%   0.005 AU:40   +
   14    94  0   0.0%   0.006 GC:39   --:1    +
   17    70  0   0.0%   0.086 GC:39   --:1    +
   16    71  0   0.0%   0.080 GC:39   --:1    +
   18    69  0   0.0%   0.086 UA:39   --:1    +
    9    32  0   0.0%   0.078 GC:39   --:1    +
    8    33  0   0.0%   0.004 GC:39   --:1    +
   18    39  0   0.0%   0.085 UA:39   --:1    +
   17    40  1   0.0%   0.085 GC:35   GU:3    --:1    +
   19    68  0   0.0%   0.082 UG:39   --:1    +
   13   124  0   0.0%   0.092 AU:39   --:1    +
   17   101  0   0.0%   0.333 GC:39   --:1    +
  107   124  0   0.0%   0.224 AU:40   +
  105   113  1   0.0%   0.004 GC:38   GU:1    +
   51    83  0   0.0%   0.134 AU:40   +
   45    52  1   0.0%   0.001 GU:1    AU:38   +
    6    19  0   0.0%   0.001 AU:39   --:1    +
  110   115  0   0.0%   0.008 GC:40   +
  100   123  0   0.0%   0.712 UA:40   +
    9   115  0   0.0%   0.256 GC:39   --:1    +
    7    18  0   0.0%   0.001 AU:39   --:1    +
   50   125  0   0.0%   0.094 CG:40   +
   32    84  0   0.0%   0.400 CG:39   --:1    +
    7    19  0   0.0%   0.001 AU:39   --:1    +
   51   124  0   0.0%   0.103 AU:40   +
   43    85  0   0.0%   0.217 AU:40   +
   76    80  0   0.0%   0.446 AU:40   +
   60    68  0   0.0%   0.069 CG:40   +
   61    67  0   0.0%   0.071 UA:40   +
   52   123  0   0.0%   0.011 UA:40   +
   21    33  0   0.0%   0.003 GC:39   --:1    +
   55    73  0   0.0%   0.016 UG:40   +
   45    55  1   0.0%   0.006 GU:1    AU:38   +
    9    96  0   0.0%   0.081 GU:39   --:1    +
  115   125  0   0.0%   0.233 CG:40   +
   26    30  0   0.0%   0.006 GC:39   --:1    +
   16    34  0   0.0%   0.080 GC:39   --:1    +
   17    33  0   0.0%   0.086 GC:39   --:1    +
    9    31  0   0.0%   0.078 GC:39   --:1    +
    8    32  0   0.0%   0.003 GC:39   --:1    +
   21    31  0   0.0%   0.002 GC:39   --:1    +
   34    84  0   0.0%   0.396 CG:39   --:1    +
   52    59  0   0.0%   0.072 UG:40   +
    8    18  0   0.0%   0.003 GU:39   --:1    +
   46    54  0   0.0%   0.005 AU:40   +
   21    32  0   0.0%   0.002 GC:39   --:1    +
   34    75  0   0.0%   0.022 CG:40   +
   50    84  0   0.0%   0.780 CG:39   --:1    +
   39    52  0   0.0%   0.001 AU:40   +
   48    54  0   0.0%   0.005 AU:40   +
   34    49  0   0.0%   0.004 CG:40   +
   68    83  0   0.0%   0.064 GU:40   +
   76    83  0   0.0%   0.349 AU:40   +
   26    40  1   0.0%   0.009 GC:35   GU:3    --:1    +
   31    68  0   0.0%   0.020 CG:40   +
   53   100  0   0.0%   0.324 AU:40   +
   67    85  0   0.0%   0.576 AU:40   +
   66    80  0   0.0%   0.116 AU:40   +
   33    84  0   0.0%   0.398 CG:39   --:1    +
   77    81  0   0.0%   0.597 UG:40   +
   64    79  0   0.0%   0.137 GC:40   +
   10    19  0   0.0%   0.157 AU:39   --:1    +
   72    77  0   0.0%   0.526 AU:40   +
   96   122  0   0.0%   0.332 UA:40   +
   29    63  0   0.0%   0.005 CG:40   +
   63    82  0   0.0%   0.104 GC:40   +
   34    73  0   0.0%   0.021 CG:40   +
   66    87  0   0.0%   0.004 AU:40   +
   63    80  0   0.0%   0.198 GU:40   +
   33    75  0   0.0%   0.025 CG:40   +
   52    74  0   0.0%   0.005 UA:40   +
   95   100  0   0.0%   0.235 AU:40   +
   59    77  0   0.0%   0.560 GU:40   +
   47    63  0   0.0%   0.095 CG:40   +
   52    56  0   0.0%   0.016 UG:40   +
   43    52  0   0.0%   0.001 AU:40   +
    6    18  0   0.0%   0.000 AU:39   --:1    +
   54    81  0   0.0%   0.155 UG:40   +
   99   117  0   0.0%   0.140 UA:40   +
    9    30  0   0.0%   0.077 GC:39   --:1    +
    8    31  0   0.0%   0.003 GC:39   --:1    +
    9    99  0   0.0%   0.082 GU:39   --:1    +
   93    97  0   0.0%   0.305 GC:40   +
   63    78  0   0.0%   0.418 GC:40   +
   30    62  0   0.0%   0.003 CG:40   +
   13    18  0   0.0%   0.081 AU:39   --:1    +
   28    64  0   0.0%   0.004 CG:40   +
    8   100  0   0.0%   0.008 GU:39   --:1    +
   54    59  0   0.0%   0.077 UG:40   +
   23    29  0   0.0%   0.004 GC:39   --:1    +
  104   108  0   0.0%   0.001 GC:40   +
   34    59  0   0.0%   0.007 CG:40   +
   96   120  0   0.0%   0.332 UA:38   --:2    +
   13    19  0   0.0%   0.077 AU:39   --:1    +
    9    94  0   0.0%   0.081 GC:39   --:1    +
   24    28  0   0.0%   0.004 GC:39   --:1    +
   46    55  0   0.0%   0.005 AU:40   +
   49    85  0   0.0%   0.668 GU:40   +
   39    83  0   0.0%   0.001 AU:40   +
   46    52  0   0.0%   0.001 AU:40   +
   32    75  0   0.0%   0.026 CG:40   +
   14    19  0   0.0%   0.078 GU:39   --:1    +
   62    79  0   0.0%   0.151 GC:40   +
    7    99  0   0.0%   0.003 AU:39   --:1    +
   39    85  0   0.0%   0.216 AU:40   +
    8    99  0   0.0%   0.008 GU:39   --:1    +
   56    80  0   0.0%   0.565 GU:40   +
   96   125  0   0.0%   0.372 UG:40   +
   66    83  0   0.0%   0.037 AU:40   +
    6   100  0   0.0%   0.003 AU:39   --:1    +
   49    83  0   0.0%   0.140 GU:40   +
   11   114  0   0.0%   0.115 CG:39   --:1    +
   66    77  0   0.0%   0.506 AU:40   +
   59    70  0   0.0%   0.068 GC:40   +
   17   115  0   0.0%   0.158 GC:39   --:1    +
    7   100  0   0.0%   0.003 AU:39   --:1    +
    3   105  1   0.0%   0.003 CG:3    UG:35   --:1    +
    8   108  0   0.0%   0.180 GC:39   --:1    +
   11    75  0   0.0%   0.114 CG:39   --:1    +
   52    75  0   0.0%   0.006 UG:40   +
   55    59  0   0.0%   0.083 UG:40   +
   62    70  0   0.0%   0.079 GC:40   +
   14    32  0   0.0%   0.003 GC:39   --:1    +
   16    33  0   0.0%   0.080 GC:39   --:1    +
   17    32  0   0.0%   0.085 GC:39   --:1    +
   18   114  0   0.0%   0.167 UG:39   --:1    +
   65    80  0   0.0%   0.130 AU:40   +
   92    99  0   0.0%   0.248 AU:40   +
   61    81  0   0.0%   0.133 UG:40   +
   14    18  0   0.0%   0.081 GU:39   --:1    +
   57    80  0   0.0%   0.469 AU:40   +
   39    54  0   0.0%   0.003 AU:40   +
   79    84  0   0.0%   0.816 CG:39   --:1    +
   19   126  1   0.0%   0.178 UG:33   UA:5    --:1    +
   11    93  0   0.0%   0.114 CG:39   --:1    +
   64    77  0   0.0%   0.542 GU:40   +
   33    56  0   0.0%   0.005 CG:40   +
   64   101  0   0.0%   0.246 GC:40   +
   65   100  0   0.0%   0.235 AU:40   +
   14    34  0   0.0%   0.004 GC:39   --:1    +
   14    33  0   0.0%   0.004 GC:39   --:1    +
   99   125  0   0.0%   0.634 UG:40   +
   68    97  0   0.0%   0.263 GC:40   +
   69    96  0   0.0%   0.342 AU:40   +
    4   113  1   0.0%   0.032 GC:37   GU:1    --:1    +
   66    99  0   0.0%   0.139 AU:40   +
   94   114  0   0.0%   0.091 CG:40   +
   93   115  0   0.0%   0.062 GC:40   +
   32    56  0   0.0%   0.003 CG:40   +
   10   124  0   0.0%   0.304 AU:39   --:1    +
   33    49  0   0.0%   0.005 CG:40   +
   16   101  0   0.0%   0.313 GC:39   --:1    +
   53    99  0   0.0%   0.243 AU:40   +
   32    49  0   0.0%   0.003 CG:40   +
   73    80  0   0.0%   0.238 GU:40   +
   47   125  0   0.0%   0.390 CG:40   +
   21    30  0   0.0%   0.002 GC:39   --:1    +
   99   103  0   0.0%   0.139 UA:40   +
   97   104  0   0.0%   0.244 CG:40   +
   18   123  0   0.0%   0.167 UA:39   --:1    +
   45    87  1   0.0%   0.010 GU:1    AU:38   +
   17   124  0   0.0%   0.161 GU:39   --:1    +
   62    90  0   0.0%   0.101 GU:40   +
   33    59  0   0.0%   0.005 CG:40   +
   20    96  0   0.0%   0.329 AU:39   --:1    +
   16    32  0   0.0%   0.079 GC:39   --:1    +
   19   122  0   0.0%   0.176 UA:39   --:1    +
   17    31  0   0.0%   0.086 GC:39   --:1    +
   76    85  0   0.0%   0.845 AU:40   +
   31    59  0   0.0%   0.004 CG:40   +
   48   124  0   0.0%   0.114 AU:40   +
   15    87  0   0.0%   0.001 AU:39   --:1    +
   16    86  0   0.0%   0.079 GC:39   --:1    +
   75    86  0   0.0%   0.381 GC:40   +
   14    86  0   0.0%   0.003 GC:39   --:1    +
   48    52  0   0.0%   0.001 AU:40   +
   20    90  0   0.0%   0.003 AU:39   --:1    +
   31    49  0   0.0%   0.004 CG:40   +
   32    59  0   0.0%   0.003 CG:40   +
   74    87  0   0.0%   0.028 AU:40   +
   29    75  0   0.0%   0.010 CG:40   +
   65    83  0   0.0%   0.051 AU:40   +
   96   103  0   0.0%   0.332 UA:40   +
   77    84  0   0.0%   1.201 UG:39   --:1    +
   23    28  0   0.0%   0.004 GC:39   --:1    +
   93   101  0   0.0%   0.237 GC:40   +
   15    19  0   0.0%   0.077 AU:39   --:1    +
   17    99  0   0.0%   0.296 GU:39   --:1    +
   67    77  0   0.0%   0.506 AU:40   +
   31    56  0   0.0%   0.004 CG:40   +
   59    80  0   0.0%   0.183 GU:40   +
   16    30  0   0.0%   0.080 GC:39   --:1    +
   30    49  0   0.0%   0.003 CG:40   +
   49    55  0   0.0%   0.019 GU:40   +
   53    83  0   0.0%   0.139 AU:40   +
   33    73  0   0.0%   0.025 CG:40   +
   29    49  0   0.0%   0.004 CG:40   +
   58    81  0   0.0%   0.340 CG:40   +
  100   125  0   0.0%   0.722 UG:40   +
   61    73  0   0.0%   0.118 UG:40   +
   97   110  0   0.0%   0.244 CG:40   +
   99   126  1   0.0%   0.546 UG:34   UA:5    +
   11   104  0   0.0%   0.114 CG:39   --:1    +
   30    56  0   0.0%   0.003 CG:40   +
   34    68  0   0.0%   0.022 CG:40   +
   21    94  0   0.0%   0.091 GC:39   --:1    +
   32    68  0   0.0%   0.027 CG:40   +
   39    55  0   0.0%   0.004 AU:40   +
   96   111  0   0.0%   0.332 UA:40   +
   39    77  0   0.0%   0.001 AU:40   +
   97   114  0   0.0%   0.244 CG:40   +
   34   125  0   0.0%   0.025 CG:40   +
   72    85  0   0.0%   0.636 AU:40   +
   75    83  0   0.0%   0.446 GU:40   +
   16   100  0   0.0%   0.358 GU:39   --:1    +
   17    91  0   0.0%   0.088 GC:39   --:1    +
   16    40  1   0.0%   0.079 GC:35   GU:3    --:1    +
   31    75  0   0.0%   0.019 CG:40   +
   29    56  0   0.0%   0.004 CG:40   +
    8   124  0   0.0%   0.183 GU:39   --:1    +
   93    99  0   0.0%   0.201 GU:40   +
   17    29  0   0.0%   0.088 GC:39   --:1    +
    9    91  0   0.0%   0.080 GC:39   --:1    +
   95    99  0   0.0%   0.153 AU:40   +
   28    68  0   0.0%   0.004 CG:40   +
   75    97  0   0.0%   0.619 GC:40   +
   76    96  0   0.0%   0.609 AU:40   +
   21    89  0   0.0%   0.004 GC:39   --:1    +
   10    90  0   0.0%   0.082 AU:39   --:1    +
   55    81  0   0.0%   0.299 UG:40   +
    9    34  0   0.0%   0.079 GC:39   --:1    +
   13    87  0   0.0%   0.001 AU:39   --:1    +
   31    73  0   0.0%   0.019 CG:40   +
   19   125  0   0.0%   0.178 UG:39   --:1    +
   32    73  0   0.0%   0.026 CG:40   +
    8    40  1   0.0%   0.004 GC:35   GU:3    --:1    +
   92   100  0   0.0%   0.329 AU:40   +
   20    85  0   0.0%   0.000 AU:39   --:1    +
   20   124  0   0.0%   0.004 AU:39   --:1    +
   69    80  0   0.0%   0.118 AU:40   +
   30    59  0   0.0%   0.003 CG:40   +
   57    83  0   0.0%   0.390 AU:40   +
   92    96  0   0.0%   0.441 AU:40   +
   73    77  0   0.0%   0.537 GU:40   +
   73    83  0   0.0%   0.144 GU:40   +
    9   124  0   0.0%   0.259 GU:39   --:1    +
   92   124  0   0.0%   0.113 AU:40   +
   26    85  0   0.0%   0.009 GU:39   --:1    +
   30    75  0   0.0%   0.013 CG:40   +
   18   126  1   0.0%   0.168 UG:33   UA:5    --:1    +
   21    29  0   0.0%   0.004 GC:39   --:1    +
   15    85  0   0.0%   0.000 AU:39   --:1    +
   96   121  0   0.0%   0.332 UA:40   +
    6    96  0   0.0%   0.001 AU:39   --:1    +
   49    78  0   0.0%   0.074 GC:40   +
   56    71  0   0.0%   0.015 GC:40   +
   55    72  0   0.0%   0.015 UA:40   +
   43    87  0   0.0%   0.004 AU:40   +
   54   121  0   0.0%   0.112 UA:40   +
   29    73  0   0.0%   0.009 CG:40   +
    5    40  2   0.0%   0.002 GC:34   GU:2    AU:1    --:1    +
    7    96  0   0.0%   0.002 AU:39   --:1    +
   68    77  0   0.0%   0.508 GU:40   +
   30    73  0   0.0%   0.013 CG:40   +
   56    60  0   0.0%   0.081 GC:40   +
   15   124  0   0.0%   0.289 AU:39   --:1    +
   36    54  2   0.0%   0.007 GU:2    AU:36   +
   40    49  2   0.0%   0.005 CG:35   UG:3    +
   40    68  2   0.0%   0.005 CG:35   UG:3    +
   40    59  2   0.0%   0.003 CG:35   UG:3    +
   40    73  2   0.0%   0.004 CG:35   UG:3    +
   40    56  2   0.0%   0.006 CG:35   UG:3    +
   40    84  2   0.0%   0.376 CG:34   UG:3    --:1    +
   36    83  2   0.0%   0.003 GU:2    AU:36   +
   40    75  2   0.0%   0.004 CG:35   UG:3    +
   36    55  2   0.0%   0.005 GU:2    AU:36   +
    4    40  2   0.0%   0.030 GC:34   GU:3    --:1    +
   36    85  2   0.0%   0.217 GU:2    AU:36   +
   36    52  2   0.0%   0.000 GU:2    AU:36   +
   40    63  2   0.0%   0.033 CG:35   UG:3    +
   36    80  2   0.0%   0.005 GU:2    AU:36   +
   36    77  2   0.0%   0.003 GU:2    AU:36   +
   36    61  2   0.0%   0.010 GU:2    AU:36   +
   40    81  2   0.0%   0.015 CG:35   UG:3    +
  116   125  1   0.1%   0.263 CG:39   +
    9   102  1   0.1%   0.401 GC:38   --:1    +
  102   125  1   0.0%   0.474 CG:39   +
    4   101  1   0.0%   0.034 GC:38   --:1    +
    4   108  1   0.0%   0.033 GC:38   --:1    +
  110   116  1   0.0%   0.012 GC:39   +
    4    94  1   0.0%   0.031 GC:38   --:1    +
   16   102  1   0.0%   0.281 GC:38   --:1    +
  106   125  1   0.0%   0.231 CG:39   +
    8   116  1   0.0%   0.180 GC:38   --:1    +
   22    85  1   0.0%   0.001 AU:38   --:1    +
   11   118  1   0.0%   0.115 CG:38   --:1    +
    4    97  1   0.0%   0.031 GC:38   --:1    +
  108   118  1   0.0%   0.212 CG:39   +
   93   106  1   0.0%   0.062 GC:39   +
   94   105  1   0.0%   0.092 CG:39   +
   97   118  1   0.0%   0.245 CG:39   +
   93   102  1   0.0%   0.204 GC:39   +
  106   110  1   0.0%   0.001 CG:39   +
   49   106  1   0.0%   0.105 GC:39   +
   50   105  1   0.0%   0.092 CG:39   +
   14   102  1   0.0%   0.403 GC:38   --:1    +
   11   105  1   0.0%   0.115 CG:38   --:1    +
   16   116  1   0.0%   0.139 GC:38   --:1    +
    4    34  1   0.0%   0.030 GC:38   --:1    +
   63   102  1   0.0%   0.229 GC:39   +
    4    91  1   0.0%   0.030 GC:38   --:1    +
   49   102  1   0.0%   0.247 GC:39   +
  102   110  1   0.0%   0.143 CG:39   +
    9   106  1   0.0%   0.256 GC:38   --:1    +
   96   105  1   0.0%   0.332 UG:39   +
  102   114  1   0.0%   0.143 CG:39   +
  124   128  2   0.0%   0.245 UA:38   +
   99   128  2   0.0%   0.420 UA:38   +
  105   116  2   0.0%   0.016 GC:38   +
   96   128  2   0.0%   0.482 UA:38   +
  106   118  2   0.0%   0.217 CG:38   +
.......(((...((.(((.((((((((...................((((....(((.((((......)))).).)).))))))))))))))).))..))).(((.......))).....................................
