65 sequence; length of alignment 100
alifold output
   16    62  0 100.0%   0.001 CG:55   UG:10  
   14    64  0  99.9%   0.004 UG:1    UA:64  
   17    61  0  99.7%   0.014 GC:63   GU:2   
   10    69  0  99.8%   0.007 AU:65  
    7    70  0  99.8%   0.007 UA:65  
    6    71  0  99.7%   0.012 UA:65  
   13    65  0  99.6%   0.011 CG:65  
   15    63  2  99.9%   0.002 GU:5    AU:58  
   11    68  1  99.5%   0.018 GC:63   GU:1   
   50    56  0  99.1%   0.037 GC:65  
    5    72  1  99.4%   0.020 GC:64  
   51    55  0  97.7%   0.076 CG:64   UA:1   
   49    57  1  98.8%   0.071 AU:64  
   88    96  0  98.2%   0.109 GC:65  
   87    97  0  98.2%   0.111 AU:65  
   48    58  1  97.3%   0.135 GC:26   GU:7    AU:31  
   86    98  1  98.2%   0.107 GC:64  
   89    95  0  96.3%   0.166 AU:65  
   30    40  0  95.5%   0.165 GC:65  
   85    99  0  94.7%   0.159 AU:65  
   18    60  0  93.2%   0.243 UG:1    UA:64  
   29    41  0  93.9%   0.216 AU:65  
   22    47  0  89.2%   0.312 CG:65  
   23    46  1  89.7%   0.330 CG:64  
   32    39  0  82.4%   0.488 GU:1    AU:64  
   28    42  0  81.4%   0.599 AU:65  
   84   100  0  62.2%   0.900 UG:65  
   19    26  0   2.7%   0.296 GC:65   +
   24    43  0   0.1%   0.029 GC:5    GU:53   AU:7    +
   24    58  0   0.0%   0.049 GC:26   GU:32   AU:7    +
    3    74  0   1.4%   0.185 UG:65   +
   75    90  0   1.2%   0.207 UG:65   +
   76    89  0   1.2%   0.206 UA:65   +
   23    47  0   1.2%   0.395 CG:65   +
   74    91  0   1.2%   0.233 GC:65   +
   77    88  0   1.2%   0.184 UG:65   +
   78    87  0   1.2%   0.175 UA:65   +
   27    42  0   1.1%   0.192 AU:65   +
   19    58  0   0.1%   0.137 GC:26   GU:39   +
   79    86  0   1.1%   0.164 UG:65   +
   76    81  0   0.1%   0.061 UG:12   UA:53   +
   75    81  0   0.1%   0.055 UG:12   UA:53   +
   30    43  0   0.1%   0.105 GC:5    GU:60   +
   32    42  0   0.1%   0.407 GU:1    AU:64   +
   19    51  0   0.0%   0.115 GC:64   GU:1    +
   47    58  0   0.0%   0.265 GC:26   GU:39   +
   77    81  0   0.0%   0.034 UG:12   UA:53   +
   43    47  0   0.0%   0.230 CG:5    UG:60   +
   32    41  0   0.0%   0.261 GU:1    AU:64   +
   35    43  0   0.0%   0.031 GC:5    GU:60   +
   24    42  0   0.0%   0.003 GU:58   AU:7    +
   35    51  0   0.0%   0.020 GC:64   GU:1    +
   18    24  0   0.0%   0.002 UG:58   UA:7    +
   19    61  0   0.0%   0.124 GC:63   GU:2    +
   81    99  0   0.0%   0.016 GU:12   AU:53   +
   18    32  0   0.0%   0.034 UG:1    UA:64   +
   47    61  0   0.0%   0.221 GC:63   GU:2    +
   17    51  0   0.0%   0.004 GC:64   GU:1    +
    3    81  0   0.0%   0.064 UG:12   UA:53   +
   30    51  0   0.0%   0.089 GC:64   GU:1    +
   19    43  0   0.0%   0.108 GC:5    GU:60   +
   19    57  0   0.0%   0.111 GC:1    GU:64   +
   24    41  0   0.0%   0.001 GU:58   AU:7    +
   50    58  0   0.0%   0.084 GC:26   GU:39   +
   24    39  0   0.0%   0.001 GU:58   AU:7    +
   47    57  0   0.0%   0.245 GC:1    GU:64   +
   50    57  0   0.0%   0.056 GC:1    GU:64   +
   30    58  0   0.0%   0.125 GC:26   GU:39   +
   41    60  0   0.0%   0.221 UG:1    UA:64   +
    2    68  0   0.0%   0.000 GC:62   GU:1    --:2    +
   16    65  0   0.0%   0.004 CG:55   UG:10   +
   18    55  0   0.0%   0.035 UG:64   UA:1    +
   43    50  0   0.0%   0.019 CG:5    UG:60   +
   47    51  0   0.0%   0.216 GC:64   GU:1    +
   42    60  0   0.0%   0.305 UG:1    UA:64   +
   68    86  0   0.0%   0.005 CG:64   UG:1    +
   28    41  0   0.7%   0.108 AU:65   +
    2    75  0   0.6%   0.103 GU:63   --:2    +
   18    27  0   0.6%   0.090 UA:65   +
   38    55  1   0.0%   0.009 CG:4    UG:59   UA:1    +
   41    45  1   0.5%   0.184 UG:2    UA:62   +
   40    47  0   0.5%   0.341 CG:65   +
   23    30  0   0.4%   0.078 CG:65   +
   89    97  0   0.4%   0.182 AU:65   +
   90    96  0   0.4%   0.144 GC:65   +
   39    47  0   0.4%   0.402 UG:65   +
   87    99  0   0.4%   0.195 AU:65   +
    1    76  0   0.4%   0.067 AU:63   --:2    +
    2    76  0   0.2%   0.089 GU:63   --:2    +
   83   100  0   0.2%   0.035 UG:65   +
    2    77  0   0.1%   0.077 GU:63   --:2    +
   40    46  1   0.6%   0.264 CG:64   +
   92    99  0   0.1%   0.097 AU:65   +
    1    77  0   0.1%   0.048 AU:63   --:2    +
   19    33  0   0.1%   0.121 GC:65   +
    1    75  0   0.1%   0.017 AU:63   --:2    +
   74    79  0   0.1%   0.080 GU:65   +
   30    39  0   0.1%   0.048 GU:65   +
   35    40  0   0.1%   0.067 GC:65   +
   23    35  0   0.1%   0.043 CG:65   +
   34    41  0   0.1%   0.116 AU:65   +
    1    78  0   0.1%   0.047 AU:63   --:2    +
   39    48  1   0.1%   0.209 UG:33   UA:31   +
   19    23  0   0.1%   0.012 GC:65   +
   17    26  0   0.0%   0.011 GC:65   +
   26    47  0   0.0%   0.286 CG:65   +
   29    42  0   0.0%   0.299 AU:65   +
    2    78  0   0.0%   0.068 GU:63   --:2    +
   91   100  0   0.0%   0.371 CG:65   +
   29    39  0   0.0%   0.010 AU:65   +
   30    41  0   0.0%   0.181 GU:65   +
    2    72  0   0.0%   0.008 GC:63   --:2    +
   30    38  1   0.0%   0.034 GC:4    GU:60   +
   26    35  0   0.0%   0.113 CG:65   +
   79    85  0   0.0%   0.017 UA:65   +
    3    71  0   0.0%   0.007 UA:65   +
   74    83  0   0.0%   0.073 GU:65   +
   78    86  0   0.0%   0.017 UG:65   +
    1    79  0   0.0%   0.044 AU:63   --:2    +
   77    87  0   0.0%   0.024 UA:65   +
   18    34  0   0.0%   0.039 UA:65   +
   76    88  0   0.0%   0.046 UG:65   +
   22    30  0   0.0%   0.004 CG:65   +
   75    89  0   0.0%   0.048 UA:65   +
   74    84  0   0.0%   0.073 GU:65   +
   28    39  0   0.0%   0.004 AU:65   +
   33    47  0   0.0%   0.173 CG:65   +
   42    48  1   0.0%   0.247 UG:33   UA:31   +
   78    85  0   0.0%   0.013 UA:65   +
   41    49  0   0.0%   0.158 UA:65   +
   40    50  0   0.0%   0.110 CG:65   +
   27    41  0   0.0%   0.033 AU:65   +
   46    61  1   0.0%   0.190 GC:62   GU:2    +
   86    96  0   0.0%   0.056 GC:65   +
   87    95  0   0.0%   0.059 AU:65   +
   30    42  0   0.0%   0.313 GU:65   +
   34    42  0   0.0%   0.246 AU:65   +
   90    95  0   0.0%   0.094 GU:65   +
   85    97  0   0.0%   0.007 AU:65   +
   74    78  0   0.0%   0.071 GU:65   +
   35    41  0   0.0%   0.120 GU:65   +
   10    67  0   0.0%   0.003 AU:65   +
   47    56  0   0.0%   0.223 GC:65   +
   26    30  0   0.0%   0.128 CG:65   +
   34    39  0   0.0%   0.173 AU:65   +
   77    86  0   0.0%   0.020 UG:65   +
   46    57  1   0.0%   0.215 GC:1    GU:63   +
   38    47  1   0.0%   0.166 CG:4    UG:60   +
   39    45  1   0.0%   0.172 UG:2    UA:62   +
   30    56  0   0.0%   0.088 GC:65   +
    2    79  0   0.0%   0.060 GU:63   --:2    +
   76    85  0   0.0%   0.042 UA:65   +
   22    35  0   0.0%   0.003 CG:65   +
   76    87  0   0.0%   0.042 UA:65   +
   41    47  0   0.0%   0.365 UG:65   +
   42    47  0   0.0%   0.450 UG:65   +
   19    56  0   0.0%   0.112 GC:65   +
   14    65  0   0.0%   0.006 UG:65   +
   79   100  0   0.0%   0.062 UG:65   +
   77    85  0   0.0%   0.019 UA:65   +
   35    39  0   0.0%   0.179 GU:65   +
   19    40  0   0.0%   0.108 GC:65   +
   35    42  0   0.0%   0.252 GU:65   +
   75    88  0   0.0%   0.044 UG:65   +
   46    51  1   0.0%   0.179 GC:63   GU:1    +
   23    50  0   0.0%   0.186 CG:65   +
   78   100  0   0.0%   0.067 UG:65   +
   27    39  0   0.0%   0.029 AU:65   +
   35    56  0   0.0%   0.018 GC:65   +
   46    58  1   0.0%   0.228 GC:25   GU:39   +
   17    33  0   0.0%   0.004 GC:65   +
   18    50  0   0.0%   0.036 UG:65   +
   42    49  0   0.0%   0.241 UA:65   +
   76    86  0   0.0%   0.041 UG:65   +
   77   100  0   0.0%   0.075 UG:65   +
    2    96  0   0.0%   0.058 GC:63   --:2    +
    6    70  0   0.0%   0.000 UA:65   +
   76   100  0   0.0%   0.097 UG:65   +
   75    86  0   0.0%   0.044 UG:65   +
   78    88  0   0.0%   0.122 UG:65   +
   79    87  0   0.0%   0.117 UA:65   +
    1    97  0   0.0%   0.040 AU:63   --:2    +
    2    83  0   0.0%   0.058 GU:63   --:2    +
   75   100  0   0.0%   0.100 UG:65   +
   77    89  0   0.0%   0.129 UA:65   +
   75    85  0   0.0%   0.043 UA:65   +
   18    28  0   0.0%   0.033 UA:65   +
   72    93  0   0.0%   0.009 CG:65   +
    5    68  1   0.0%   0.000 GC:63   GU:1    +
   26    50  0   0.0%   0.123 CG:65   +
   19    38  1   0.0%   0.107 GC:4    GU:60   +
   94    99  0   0.0%   0.082 AU:65   +
   75    87  0   0.0%   0.044 UA:65   +
    1    83  0   0.0%   0.040 AU:63   --:2    +
   33    50  0   0.0%   0.011 CG:65   +
    1    84  0   0.0%   0.040 AU:63   --:2    +
    2    84  0   0.0%   0.058 GU:63   --:2    +
   22    50  0   0.0%   0.108 CG:65   +
    3    94  0   0.0%   0.064 UA:65   +
   76    90  0   0.0%   0.151 UG:65   +
   41    50  0   0.0%   0.157 UG:65   +
    3   100  0   0.0%   0.064 UG:65   +
   86    99  0   0.0%   0.124 GU:65   +
    2    95  0   0.0%   0.058 GU:63   --:2    +
   79    88  0   0.0%   0.116 UG:65   +
   17    23  0   0.0%   0.000 GC:65   +
   78    89  0   0.0%   0.121 UA:65   +
    7    71  0   0.0%   0.008 UA:65   +
   41    48  1   0.0%   0.160 UG:33   UA:31   +
   92    97  0   0.0%   0.043 AU:65   +
   17    22  0   0.0%   0.000 GC:65   +
   18    62  0   0.0%   0.112 UG:65   +
    1    99  0   0.0%   0.040 AU:63   --:2    +
   21    39  0   0.0%   0.000 AU:65   +
   32    57  1   0.0%   0.190 GU:1    AU:63   +
   38    50  1   0.0%   0.006 CG:4    UG:60   +
   77    90  0   0.0%   0.128 UG:65   +
   93    99  0   0.0%   0.090 GU:65   +
   89    99  0   0.0%   0.190 AU:65   +
   18    29  0   0.0%   0.033 UA:65   +
   39    49  0   0.0%   0.199 UA:65   +
   75    94  0   0.0%   0.099 UA:65   +
   96   100  0   0.0%   0.352 CG:65   +
   76    93  0   0.0%   0.097 UG:65   +
   74    95  0   0.0%   0.125 GU:65   +
   21    42  0   0.0%   0.000 AU:65   +
   86    91  0   0.0%   0.107 GC:65   +
    2    91  0   0.0%   0.058 GC:63   --:2    +
   15    66  1   0.0%   0.003 GU:5    AU:59   +
   19    39  0   0.0%   0.107 GU:65   +
    3    90  0   0.0%   0.063 UG:65   +
    2    99  0   0.0%   0.058 GU:63   --:2    +
    1    69  0   0.0%   0.000 AU:63   --:2    +
   70    84  0   0.0%   0.003 AU:65   +
   69    85  0   0.0%   0.002 UA:65   +
   77    92  0   0.0%   0.074 UA:65   +
   18    35  0   0.0%   0.035 UG:65   +
   19    42  0   0.0%   0.108 GU:65   +
   17    56  0   0.0%   0.004 GC:65   +
   21    41  0   0.0%   0.000 AU:65   +
   10    66  0   0.0%   0.000 AU:65   +
   71    83  0   0.0%   0.006 AU:65   +
   93    97  0   0.0%   0.043 GU:65   +
    6    74  0   0.0%   0.064 UG:65   +
   88    98  1   0.4%   0.162 GC:64   +
   21    57  1   0.4%   0.071 AU:64   +
   41    46  1   0.4%   0.351 UG:64   +
   20    58  6   0.6%   0.098 GC:24   GU:35   +
   26    46  1   0.3%   0.252 CG:64   +
   45    57  2   0.1%   0.071 GU:2    AU:61   +
   48    57  2   0.0%   0.043 GU:33   AU:30   +
   18    59  1   0.2%   0.069 UA:64   +
   38    46  2   0.0%   0.124 CG:4    UG:59   +
   93    98  1   0.1%   0.065 GC:64   +
   24    38  4   0.0%   0.001 GC:1    GU:57   AU:3    +
   25    42  1   0.1%   0.026 AU:64   +
   46    56  1   0.1%   0.196 GC:64   +
   44    58  3   0.1%   0.058 GC:23   GU:39   +
   18    25  1   0.1%   0.012 UA:64   +
   22    46  1   0.0%   0.012 CG:64   +
   23    55  1   0.0%   0.194 CG:64   +
   33    46  1   0.0%   0.132 CG:64   +
   11    67  1   0.0%   0.009 GU:64   +
   11    66  1   0.0%   0.006 GU:64   +
   39    46  1   0.0%   0.293 UG:64   +
   25    41  1   0.0%   0.006 AU:64   +
   22    55  1   0.0%   0.109 CG:64   +
   29    57  1   0.0%   0.090 AU:64   +
   42    46  1   0.0%   0.413 UG:64   +
   44    61  3   0.0%   0.011 GC:60   GU:2    +
   34    57  1   0.0%   0.033 AU:64   +
   33    55  1   0.0%   0.015 CG:64   +
   42    59  1   0.0%   0.251 UA:64   +
   11    69  1   0.0%   0.011 GU:64   +
    5    75  1   0.0%   0.043 GU:64   +
    5    69  1   0.0%   0.000 GU:64   +
   25    39  1   0.0%   0.004 AU:64   +
   90    98  1   0.0%   0.120 GC:64   +
   26    55  1   0.0%   0.126 CG:64   +
   41    59  1   0.0%   0.167 UA:64   +
   39    54  3   0.0%   0.199 UG:3    UA:59   +
    5    76  1   0.0%   0.038 GU:64   +
   24    52  5   0.0%   0.011 GC:1    GU:52   AU:7    +
   39    59  1   0.0%   0.210 UA:64   +
   38    44  4   0.0%   0.004 CG:4    UG:57   +
   25    57  2   0.0%   0.035 AU:63   +
   38    48  6   0.0%   0.008 UG:33   UA:26   +
   43    48  6   0.0%   0.024 UG:33   UA:26   +
   48    52  7   0.0%   0.007 GU:28   AU:30   +
....(((..((.((((((...((....(((.(......))))...))((((...)))).))))))..)))))...........((((((.....))))))
