28 sequence; length of alignment 120
alifold output
   15    58  0  99.7%   0.010 CG:23   UG:4    --:1   
   14    59  0  99.6%   0.012 GU:6    AU:21   --:1   
   12    61  0  99.2%   0.041 CG:26   UG:1    --:1   
    6    68  0  99.7%   0.024 GC:27   --:1   
    7    67  0  99.6%   0.026 UA:27   --:1   
    8    66  1  99.6%   0.027 UG:3    UA:23   --:1   
    9    65  0  99.6%   0.014 AU:27   --:1   
   13    60  0  99.5%   0.028 UA:27   --:1   
   10    64  0  99.2%   0.042 GC:27   --:1   
   83    91  0  99.0%   0.064 GC:28  
   81    93  0  99.0%   0.063 GC:28  
   82    92  0  99.0%   0.066 AU:28  
   16    57  1  99.2%   0.041 GC:26   --:1   
   80    94  0  96.7%   0.124 GU:3    AU:25  
   84    90  1  96.8%   0.127 AU:27  
    5    69  0  94.2%   0.180 UA:27   --:1   
   17    56  0  93.2%   0.327 UA:27   --:1   
   36    45  0  89.3%   0.632 UG:1    UA:27  
   34    47  0  89.2%   0.369 UG:28  
   37    44  0  89.1%   0.861 CG:28  
   35    46  0  89.0%   0.571 UA:28  
   33    48  0  87.7%   0.550 GC:28  
   79    95  0  71.9%   0.730 UG:27   --:1   
    4    70  0  66.2%   0.820 CG:2    UG:25   --:1   
   32    49  0  64.5%   1.326 AU:28  
   22    51  0  24.7%   1.409 CG:25   UG:2    --:1   
   23    50  0  24.2%   1.318 GC:1    GU:26   --:1   
    3    71  1  20.7%   1.016 GU:25   AU:1    --:1    +
   20    53  0  20.3%   1.182 AU:27   --:1    +
   27    53  0  18.1%   1.636 GU:1    AU:27   +
   28    52  0  18.8%   1.820 GC:28   +
   25    51  0  16.2%   1.587 CG:27   --:1    +
   19    54  0  16.0%   1.220 GU:27   --:1    +
   26    50  1  16.0%   1.381 AU:26   --:1    +
    2    72  0  14.0%   0.863 AU:26   --:2    +
   31    51  0  12.8%   1.557 CG:28   +
   23    52  0  11.4%   1.496 GC:27   --:1    +
   18    25  0  11.2%   0.790 GC:27   --:1    +
   26    54  0  10.4%   1.471 AU:27   --:1    +
   22    43  0   8.9%   0.753 CG:25   UG:2    --:1    +
   23    42  0   8.9%   0.676 GC:27   --:1    +
   21    44  0   8.9%   0.694 CG:27   --:1    +
   28    37  0   8.8%   0.773 GC:28   +
   29    36  0   8.5%   0.638 AU:28   +
   24    41  0   8.5%   0.660 AU:27   --:1    +
   24    49  0   8.1%   0.923 AU:27   --:1    +
   27    49  0   6.3%   0.803 GU:1    AU:27   +
   32    50  1   6.0%   1.677 AU:27   +
   30    35  1   5.4%   0.478 AU:27   +
   19    52  0   4.0%   0.548 GC:27   --:1    +
   18    53  0   3.5%   0.778 GU:27   --:1    +
   22    28  0   2.5%   0.324 CG:25   UG:2    --:1    +
   28    48  0   3.0%   0.745 GC:28   +
   45    54  0   1.9%   1.121 GU:1    AU:27   +
   30    50  2   3.0%   1.269 AU:26   +
   35    45  0   1.2%   0.328 UG:1    UA:27   +
   46    53  0   2.1%   1.354 AU:28   +
   47    52  0   2.1%   1.088 GC:28   +
   29    53  0   2.1%   1.347 AU:28   +
   38    50  0   0.0%   1.116 GC:1    GU:25   AU:2    +
   17    26  0   1.8%   0.245 UA:27   --:1    +
   28    54  0   1.7%   1.641 GU:28   +
   19    48  0   1.6%   0.271 GC:27   --:1    +
   18    49  0   1.6%   0.520 GU:27   --:1    +
   37    43  0   1.5%   0.626 CG:28   +
   75    81  0   0.5%   0.098 CG:1    UG:27   +
   36    44  0   1.3%   0.604 UG:28   +
   76    80  0   0.3%   0.071 UG:3    UA:25   +
   12    19  0   0.3%   0.046 CG:26   UG:1    --:1    +
   27    54  0   0.2%   1.159 GU:1    AU:27   +
   71    77  0   0.2%   0.413 UG:1    UA:27   +
   28    50  0   0.2%   1.218 GC:1    GU:27   +
   18    22  0   0.2%   0.050 GC:25   GU:2    --:1    +
   87    94  0   0.2%   0.086 GU:1    AU:27   +
   21    51  0   1.1%   0.418 CG:27   --:1    +
   27    74  0   0.1%   0.556 GU:1    AU:27   +
   72    77  0   0.1%   0.331 UG:1    UA:27   +
   70    75  0   0.1%   0.308 GC:1    GU:27   +
   19    50  0   0.0%   0.135 GC:1    GU:26   --:1    +
   34    45  0   0.0%   0.018 UG:1    UA:27   +
   35    39  0   0.0%   0.170 UG:1    UA:27   +
   18    54  0   1.0%   0.684 GU:27   --:1    +
   18    50  0   0.0%   0.395 GC:1    GU:26   --:1    +
   39    63  0   0.0%   0.014 GU:1    AU:27   +
   65    80  0   0.0%   0.012 UG:3    UA:25   +
   27    36  0   0.0%   0.008 GU:1    AU:27   +
   22    58  0   0.0%   0.674 CG:25   UG:2    --:1    +
   73    77  0   0.0%   0.068 UG:1    UA:27   +
   75    95  0   0.0%   0.049 CG:1    UG:26   --:1    +
   27    65  0   0.0%   0.522 GU:1    AU:27   +
   77    94  0   0.0%   0.023 GU:1    AU:27   +
   73    80  0   0.0%   0.051 UG:3    UA:25   +
   74    80  0   0.0%   0.035 UG:3    UA:25   +
   17    27  0   0.0%   0.091 UG:1    UA:26   --:1    +
   80    92  0   0.0%   0.027 GU:3    AU:25   +
   12    28  0   0.0%   0.017 CG:26   UG:1    --:1    +
   13    27  0   0.0%   0.015 UG:1    UA:26   --:1    +
   27    94  0   0.0%   0.524 GU:1    AU:27   +
   65    87  0   0.0%   0.011 UG:1    UA:27   +
   27    35  0   0.0%   0.003 GU:1    AU:27   +
   45    63  0   0.0%   0.241 GU:1    AU:27   +
   75    83  0   0.0%   0.077 CG:1    UG:27   +
   27    34  0   0.0%   0.003 GU:1    AU:27   +
   27    92  0   0.0%   0.523 GU:1    AU:27   +
   45    53  0   0.0%   1.121 GU:1    AU:27   +
   71    80  0   0.0%   0.388 UG:3    UA:25   +
   15    61  0   0.0%   0.013 CG:23   UG:4    --:1    +
   72    80  0   0.0%   0.310 UG:3    UA:25   +
   59    77  0   0.0%   0.010 UG:1    UA:27   +
   61    75  0   0.0%   0.031 GC:1    GU:27   +
   50    58  0   0.0%   1.065 CG:1    UG:27   +
   12    18  0   0.0%   0.000 CG:26   UG:1    --:1    +
   15    23  0   0.0%   0.014 CG:23   UG:4    --:1    +
   45    73  0   0.0%   0.280 GU:1    AU:27   +
   45    49  0   0.0%   0.916 GU:1    AU:27   +
   43    75  0   0.0%   0.300 GC:1    GU:27   +
   15    28  0   0.0%   0.001 CG:23   UG:4    --:1    +
    4    28  0   0.0%   0.000 CG:2    UG:25   --:1    +
   28    75  0   0.0%   0.888 GC:1    GU:27   +
   41    77  0   0.0%   0.217 UG:1    UA:27   +
   59    80  0   0.0%   0.010 UG:3    UA:25   +
   27    76  0   0.0%   0.531 GU:1    AU:27   +
    5    27  0   0.0%   0.011 UG:1    UA:26   --:1    +
   12    23  0   0.0%   0.029 CG:26   UG:1    --:1    +
   38    63  0   0.0%   0.066 GU:26   AU:2    +
   39    79  0   0.0%   0.006 GU:1    AU:27   +
   34    39  0   0.0%   0.005 UG:1    UA:27   +
   43    50  0   0.0%   1.340 GC:1    GU:27   +
   22    33  0   0.0%   0.105 CG:25   UG:2    --:1    +
   65    77  0   0.0%   0.007 UG:1    UA:27   +
   45    92  0   0.0%   0.236 GU:1    AU:27   +
   22    47  0   0.0%   0.323 CG:25   UG:2    --:1    +
    4    95  0   0.0%   0.274 CG:2    UG:24   --:2    +
   17    45  0   0.0%   0.093 UG:1    UA:26   --:1    +
   22    44  0   0.0%   0.536 CG:25   UG:2    --:1    +
   44    50  0   0.0%   1.431 GC:1    GU:27   +
   73    87  0   0.0%   0.080 UG:1    UA:27   +
   27    73  0   0.0%   0.554 GU:1    AU:27   +
   39    54  0   0.0%   0.738 GU:1    AU:27   +
    5    77  0   0.0%   0.069 UG:1    UA:26   --:1    +
   87    92  0   0.0%   0.033 GU:1    AU:27   +
   33    50  0   0.0%   1.186 GC:1    GU:27   +
   39    49  0   0.0%   0.762 GU:1    AU:27   +
   34    38  0   0.0%   0.007 UG:26   UA:2    +
   39    72  0   0.0%   0.306 GU:1    AU:27   +
   10    22  0   0.0%   0.015 GC:25   GU:2    --:1    +
   22    61  0   0.0%   0.677 CG:25   UG:2    --:1    +
   38    73  0   0.0%   0.111 GU:26   AU:2    +
   34    46  0   0.8%   0.130 UA:28   +
   18    31  0   0.8%   0.384 GC:27   --:1    +
   19    53  0   0.8%   0.486 GU:27   --:1    +
    2    71  0   0.8%   0.111 AU:26   --:2    +
   38    42  2   1.4%   0.411 GC:26   +
   17    55  0   0.7%   0.198 UA:27   --:1    +
   21    28  0   0.7%   0.117 CG:27   --:1    +
   29    54  0   0.6%   1.142 AU:28   +
   18    52  0   0.6%   0.489 GC:27   --:1    +
    3    75  1   0.1%   0.390 GC:1    GU:24   AU:1    --:1    +
   20    54  0   0.6%   0.813 AU:27   --:1    +
   19    25  0   0.6%   0.377 GC:27   --:1    +
   72    84  0   0.5%   0.391 UA:28   +
   73    83  0   0.5%   0.132 UG:28   +
   74    82  0   0.5%   0.114 UA:28   +
   71    85  0   0.5%   0.466 UG:28   +
   70    86  0   0.5%   0.379 GC:28   +
   23    53  0   0.4%   1.379 GU:27   --:1    +
   29    50  1   0.9%   1.080 AU:27   +
    3    73  1   0.3%   0.420 GU:25   AU:1    --:1    +
   83    93  0   0.3%   0.110 GC:28   +
   84    92  0   0.3%   0.132 AU:28   +
   85    91  0   0.3%   0.097 GC:28   +
   30    53  1   0.8%   1.319 AU:27   +
    2    73  0   0.3%   0.367 AU:26   --:2    +
   82    94  0   0.3%   0.132 AU:28   +
    3    72  1   0.3%   0.655 GU:25   AU:1    --:1    +
    2    74  0   0.3%   0.384 AU:26   --:2    +
   28    53  0   0.3%   1.657 GU:28   +
   10    21  0   0.3%   0.045 GC:27   --:1    +
   27    50  1   0.2%   0.931 GU:1    AU:26   +
    6    25  0   0.2%   0.044 GC:27   --:1    +
    7    24  0   0.2%   0.044 UA:27   --:1    +
   17    24  0   0.2%   0.059 UA:27   --:1    +
    8    23  0   0.2%   0.041 UG:27   --:1    +
   20    50  1   0.7%   0.133 AU:26   --:1    +
   18    48  0   0.2%   0.350 GC:27   --:1    +
   13    18  0   0.2%   0.040 UG:27   --:1    +
   23    31  0   0.2%   0.100 GC:27   --:1    +
   24    53  0   0.2%   1.010 AU:27   --:1    +
   33    42  0   0.2%   0.256 GC:28   +
   70    78  0   0.2%   0.329 GU:28   +
    5    26  0   0.2%   0.033 UA:27   --:1    +
   88    93  0   0.2%   0.063 GC:28   +
   31    47  0   0.2%   0.099 CG:28   +
   23    54  0   0.1%   1.257 GU:27   --:1    +
   19    31  0   0.1%   0.110 GC:27   --:1    +
   86    95  0   0.1%   0.303 CG:27   --:1    +
   31    70  0   0.1%   0.637 CG:28   +
   29    72  0   0.1%   0.693 AU:28   +
   24    50  1   0.6%   0.921 AU:26   --:1    +
   28    73  0   0.1%   0.930 GU:28   +
   78    95  0   0.1%   0.041 UG:27   --:1    +
   29    49  0   0.1%   0.691 AU:28   +
    2    76  0   0.1%   0.367 AU:26   --:2    +
   52    61  0   0.1%   0.842 CG:28   +
   53    60  0   0.1%   1.071 UA:28   +
   51    62  1   0.1%   0.980 GC:1    GU:26   +
   31    43  0   0.1%   0.291 CG:28   +
   20    49  0   0.1%   0.096 AU:27   --:1    +
   52    58  0   0.1%   0.828 CG:28   +
   51    59  0   0.1%   0.973 GU:28   +
    3    74  1   0.1%   0.393 GU:25   AU:1    --:1    +
   28    49  0   0.1%   0.914 GU:28   +
   34    40  0   0.1%   0.016 UA:28   +
   33    41  0   0.0%   0.222 GU:28   +
   26    53  0   0.0%   0.901 AU:27   --:1    +
   33    68  0   0.0%   0.145 GC:28   +
   34    67  0   0.0%   0.166 UA:28   +
   35    66  1   0.0%   0.337 UG:3    UA:24   +
   74    81  0   0.0%   0.041 UG:28   +
   75    80  1   0.0%   0.027 UG:3    UA:24   +
   73    82  0   0.0%   0.059 UA:28   +
   69    76  0   0.0%   0.074 AU:28   +
   35    44  0   0.0%   0.390 UG:28   +
   70    76  0   0.0%   0.307 GU:28   +
   43    57  0   0.0%   0.305 GC:28   +
   72    83  0   0.0%   0.318 UG:28   +
   42    58  0   0.0%   0.301 CG:28   +
   23    57  0   0.0%   0.883 GC:27   --:1    +
   17    32  0   0.0%   0.097 UA:27   --:1    +
   29    35  0   0.0%   0.012 AU:28   +
   76    95  0   0.0%   0.042 UG:27   --:1    +
   71    84  0   0.0%   0.394 UA:28   +
   69    79  0   0.0%   0.069 AU:28   +
   10    63  0   0.0%   0.023 GU:27   --:1    +
   41    61  0   0.0%   0.230 UG:28   +
   64    81  0   0.0%   0.018 CG:28   +
   66    79  1   0.0%   0.014 GU:3    AU:24   +
   23    49  0   0.0%   0.322 GU:27   --:1    +
   63    82  0   0.0%   0.013 UA:28   +
    3    76  1   0.0%   0.387 GU:25   AU:1    --:1    +
   28    35  0   0.0%   0.133 GU:28   +
   67    78  0   0.0%   0.015 AU:28   +
   10    62  1   0.0%   0.020 GC:1    GU:25   --:1    +
   17    23  0   0.0%   0.019 UG:27   --:1    +
   74    83  0   0.0%   0.093 UG:28   +
   76    81  0   0.0%   0.066 UG:28   +
   36    43  0   0.0%   0.440 UG:28   +
   29    34  0   0.0%   0.006 AU:28   +
   73    84  0   0.0%   0.110 UA:28   +
   28    36  0   0.0%   0.136 GU:28   +
   52    85  0   0.0%   0.822 CG:28   +
   51    86  0   0.0%   0.970 GC:28   +
   53    84  0   0.0%   1.056 UA:28   +
   50    87  1   0.0%   1.065 UG:1    UA:26   +
   17    47  0   0.0%   0.096 UG:27   --:1    +
   33    49  0   0.0%   0.893 GU:28   +
    5    70  0   0.0%   0.344 UG:27   --:1    +
   70    79  0   0.0%   0.311 GU:28   +
   31    44  0   0.0%   0.283 CG:28   +
   54    83  0   0.0%   0.816 UG:28   +
   26    49  0   0.0%   0.365 AU:27   --:1    +
   49    55  0   0.0%   0.797 UA:28   +
   19    49  0   0.0%   0.191 GU:27   --:1    +
   25    47  0   0.0%   0.310 CG:27   --:1    +
   24    54  0   0.0%   0.870 AU:27   --:1    +
   57    70  0   0.0%   0.301 CG:28   +
   46    54  0   0.0%   1.040 AU:28   +
   61    68  0   0.0%   0.029 GC:28   +
   56    71  0   0.0%   0.442 AU:28   +
   72    85  0   0.0%   0.366 UG:28   +
   28    64  0   0.0%   0.880 GC:28   +
    3    78  1   0.0%   0.380 GU:25   AU:1    --:1    +
   47    53  0   0.0%   1.245 GU:28   +
   62    83  1   0.0%   0.015 CG:1    UG:26   +
   18    57  0   0.0%   0.599 GC:27   --:1    +
   45    50  1   0.0%   1.213 GU:1    AU:26   +
   29    63  0   0.0%   0.381 AU:28   +
   55    72  0   0.0%   0.342 AU:28   +
   58    68  0   0.0%   0.020 GC:28   +
   48    61  0   0.0%   0.317 CG:28   +
   49    61  0   0.0%   0.775 UG:28   +
   59    67  0   0.0%   0.018 UA:28   +
   81    91  0   0.0%   0.035 GC:28   +
   17    51  0   0.0%   0.096 UG:27   --:1    +
   51    57  0   0.0%   0.972 GC:28   +
   47    62  1   0.0%   0.205 GC:1    GU:26   +
    9    63  0   0.0%   0.002 AU:27   --:1    +
   69    78  0   0.0%   0.065 AU:28   +
   35    40  0   0.0%   0.170 UA:28   +
   33    52  0   0.0%   0.859 GC:28   +
   32    53  0   0.0%   1.419 AU:28   +
   13    61  0   0.0%   0.029 UG:27   --:1    +
   73    81  0   0.0%   0.051 UG:28   +
   25    33  0   0.0%   0.305 CG:27   --:1    +
   74    95  0   0.0%   0.063 UG:27   --:1    +
   34    51  0   0.0%   1.109 UG:28   +
   44    64  0   0.0%   0.391 GC:28   +
   32    41  0   0.0%   0.214 AU:28   +
   49    60  0   0.0%   0.767 UA:28   +
   43    65  0   0.0%   0.296 GU:28   +
   28    93  0   0.0%   0.880 GC:28   +
   34    43  0   0.0%   0.231 UG:28   +
   72    82  0   0.0%   0.311 UA:28   +
    2    79  0   0.0%   0.356 AU:26   --:2    +
   29    92  0   0.0%   0.386 AU:28   +
   70    74  0   0.0%   0.314 GU:28   +
   64    88  0   0.0%   0.016 CG:28   +
   24    34  0   0.0%   0.030 AU:27   --:1    +
   46    63  0   0.0%   0.235 AU:28   +
   72    81  0   0.0%   0.311 UG:28   +
   63    89  0   0.0%   0.010 UA:28   +
   47    54  0   0.0%   1.011 GU:28   +
   49    88  0   0.0%   0.763 UG:28   +
   57    61  0   0.0%   0.034 CG:28   +
   16    22  1   0.0%   0.001 GC:24   GU:2    --:1    +
   26    36  0   0.0%   0.085 AU:27   --:1    +
   23    37  0   0.0%   0.029 GC:27   --:1    +
   61    91  0   0.0%   0.022 GC:28   +
   22    38  1   0.0%   0.106 CG:24   UG:2    --:1    +
   28    91  0   0.0%   0.879 GC:28   +
   60    92  0   0.0%   0.017 AU:28   +
   74    84  0   0.0%   0.091 UA:28   +
   24    36  0   0.0%   0.031 AU:27   --:1    +
   28    34  0   0.0%   0.129 GU:28   +
   76    82  0   0.0%   0.066 UA:28   +
   59    85  0   0.0%   0.012 UG:28   +
   58    86  0   0.0%   0.015 GC:28   +
   26    35  0   0.0%   0.085 AU:27   --:1    +
   73    95  0   0.0%   0.079 UG:27   --:1    +
   28    42  0   0.0%   0.561 GC:28   +
   29    41  0   0.0%   0.425 AU:28   +
   62    85  1   0.0%   0.015 CG:1    UG:26   +
   61    86  0   0.0%   0.023 GC:28   +
   71    83  0   0.0%   0.389 UG:28   +
    2    78  0   0.0%   0.355 AU:26   --:2    +
   55    63  0   0.0%   0.045 AU:28   +
   63    84  0   0.0%   0.011 UA:28   +
   64    83  0   0.0%   0.017 CG:28   +
   49    56  0   0.0%   0.827 UA:28   +
   65    82  0   0.0%   0.011 UA:28   +
   34    44  0   0.0%   0.226 UG:28   +
   21    47  0   0.0%   0.266 CG:27   --:1    +
   51    68  0   0.0%   0.972 GC:28   +
   71    82  0   0.0%   0.389 UA:28   +
   23    35  0   0.0%   0.029 GU:27   --:1    +
   31    61  0   0.0%   0.349 CG:28   +
   73    85  0   0.0%   0.106 UG:28   +
    3    79  1   0.0%   0.379 GU:25   AU:1    --:1    +
   54    66  1   0.0%   0.820 UG:3    UA:24   +
   60    76  0   0.0%   0.023 AU:28   +
   72    95  0   0.0%   0.338 UG:27   --:1    +
   17    29  0   0.0%   0.090 UA:27   --:1    +
   41    60  0   0.0%   0.220 UA:28   +
   35    43  0   0.0%   0.387 UG:28   +
   69    74  0   0.0%   0.086 AU:28   +
   57    95  0   0.0%   0.017 CG:27   --:1    +
   53    67  0   0.0%   1.059 UA:28   +
   58    78  0   0.0%   0.015 GU:28   +
   55    65  0   0.0%   0.044 AU:28   +
   58    94  0   0.0%   0.014 GU:28   +
   19    57  0   0.0%   0.596 GC:27   --:1    +
   36    40  0   0.0%   0.219 UA:28   +
   31    88  0   0.0%   0.348 CG:28   +
   35    47  0   0.0%   0.439 UG:28   +
   58    64  0   0.0%   0.024 GC:28   +
   48    70  0   0.0%   0.587 CG:28   +
   47    71  0   0.0%   0.570 GU:28   +
   46    72  0   0.0%   0.529 AU:28   +
   71    95  0   0.0%   0.414 UG:27   --:1    +
   52    70  0   0.0%   1.101 CG:28   +
   44    74  0   0.0%   0.408 GU:28   +
   21    33  0   0.0%   0.049 CG:27   --:1    +
   17    58  0   0.0%   0.199 UG:27   --:1    +
   28    74  0   0.0%   0.906 GU:28   +
   76    83  0   0.0%   0.065 UG:28   +
   27    75  1   0.0%   0.533 GU:1    AU:26   +
   53    69  0   0.0%   1.109 UA:28   +
   64    70  0   0.0%   0.296 CG:28   +
   20    34  0   0.0%   0.016 AU:27   --:1    +
   51    71  0   0.0%   1.337 GU:28   +
   23    48  0   0.0%   0.327 GC:27   --:1    +
   17    28  0   0.0%   0.090 UG:27   --:1    +
   42    47  0   0.0%   0.403 CG:28   +
   43    52  0   0.0%   1.012 GC:28   +
   49    69  0   0.0%   0.818 UA:28   +
   43    48  0   0.0%   0.590 GC:28   +
   65    69  0   0.0%   0.063 UA:28   +
   29    73  0   0.0%   0.430 AU:28   +
   60    65  0   0.0%   0.021 AU:28   +
   36    46  0   0.0%   0.517 UA:28   +
   61    78  0   0.0%   0.022 GU:28   +
   19    35  0   0.0%   0.054 GU:27   --:1    +
   17    46  0   0.0%   0.093 UA:27   --:1    +
   40    78  0   0.0%   0.008 AU:28   +
   60    79  0   0.0%   0.016 AU:28   +
   74    85  0   0.0%   0.088 UG:28   +
   58    93  0   0.0%   0.014 GC:28   +
   28    57  0   0.0%   0.881 GC:28   +
   29    74  0   0.0%   0.413 AU:28   +
   36    66  1   0.0%   0.381 UG:3    UA:24   +
   59    66  1   0.0%   0.016 UG:3    UA:24   +
   33    37  0   0.0%   0.215 GC:28   +
   44    52  0   0.0%   1.104 GC:28   +
   19    42  0   0.0%   0.054 GC:27   --:1    +
   26    76  0   0.0%   0.629 AU:27   --:1    +
   20    59  0   0.0%   0.414 AU:27   --:1    +
   10    25  0   0.0%   0.030 GC:27   --:1    +
   21    58  0   0.0%   0.319 CG:27   --:1    +
   20    41  0   0.0%   0.016 AU:27   --:1    +
   10    65  0   0.0%   0.031 GU:27   --:1    +
   42    51  0   0.0%   1.244 CG:28   +
   55    59  0   0.0%   0.046 AU:28   +
   31    58  0   0.0%   0.345 CG:28   +
   44    54  0   0.0%   1.113 GU:28   +
   54    60  0   0.0%   0.827 UA:28   +
   18    59  0   0.0%   0.594 GU:27   --:1    +
   17    60  0   0.0%   0.200 UA:27   --:1    +
   25    58  0   0.0%   0.606 CG:27   --:1    +
   66    76  1   0.0%   0.016 GU:3    AU:24   +
   37    81  0   0.0%   0.380 CG:28   +
   44    93  0   0.0%   0.380 GC:28   +
   43    94  0   0.0%   0.290 GU:28   +
   35    67  0   0.0%   0.334 UA:28   +
   69    73  0   0.0%   0.103 AU:28   +
    7    66  1   0.0%   0.015 UG:3    UA:23   --:1    +
   36    82  0   0.0%   0.374 UA:28   +
   21    43  0   0.0%   0.049 CG:27   --:1    +
   37    47  0   0.0%   0.495 CG:28   +
   24    59  0   0.0%   0.492 AU:27   --:1    +
   42    95  0   0.0%   0.291 CG:27   --:1    +
   71    81  0   0.0%   0.388 UG:28   +
   81    94  0   0.0%   0.077 GU:28   +
   44    49  0   0.0%   1.137 GU:28   +
   25    44  0   0.0%   0.521 CG:27   --:1    +
   66    73  1   0.0%   0.053 GU:3    AU:24   +
   18    42  0   0.0%   0.308 GC:27   --:1    +
   35    83  0   0.0%   0.327 UG:28   +
   18    36  0   0.0%   0.308 GU:27   --:1    +
   19    37  0   0.0%   0.054 GC:27   --:1    +
   18    37  0   0.0%   0.308 GC:27   --:1    +
   57    81  0   0.0%   0.016 CG:28   +
   20    36  0   0.0%   0.016 AU:27   --:1    +
   34    84  0   0.0%   0.157 UA:28   +
   19    36  0   0.0%   0.054 GU:27   --:1    +
   51    76  0   0.0%   0.974 GU:28   +
   68    88  0   0.0%   0.009 CG:28   +
   71    89  0   0.0%   0.414 UA:28   +
   19    41  0   0.0%   0.054 GU:27   --:1    +
   72    88  0   0.0%   0.338 UG:28   +
   43    53  0   0.0%   1.249 GU:28   +
   44    57  0   0.0%   0.392 GC:28   +
   67    72  0   0.0%   0.311 AU:28   +
   44    48  0   0.0%   0.681 GC:28   +
   50    77  1   0.0%   1.062 UG:1    UA:26   +
   57    88  0   0.0%   0.017 CG:28   +
   59    69  0   0.0%   0.066 UA:28   +
   89    94  0   0.0%   0.064 AU:28   +
   20    35  0   0.0%   0.016 AU:27   --:1    +
   33    86  0   0.0%   0.136 GC:28   +
   53    61  0   0.0%   1.070 UG:28   +
   28    72  0   0.0%   1.163 GU:28   +
   32    54  0   0.0%   1.190 AU:28   +
   61    65  0   0.0%   0.025 GU:28   +
   78    89  0   0.0%   0.016 UA:28   +
   79    88  0   0.0%   0.007 UG:28   +
   61    93  0   0.0%   0.021 GC:28   +
   40    53  0   0.0%   0.967 AU:28   +
   60    94  0   0.0%   0.016 AU:28   +
   40    49  0   0.0%   0.764 AU:28   +
   85    93  0   0.0%   0.078 GC:28   +
   53    66  1   0.0%   1.059 UG:3    UA:24   +
   31    95  0   0.0%   0.348 CG:27   --:1    +
   39    50  1   0.0%   1.056 GU:1    AU:26   +
   26    41  0   0.0%   0.294 AU:27   --:1    +
   84    94  0   0.0%   0.134 AU:28   +
    8    67  0   0.0%   0.022 UA:27   --:1    +
   77    90  1   0.0%   0.020 GU:1    AU:26   +
   26    34  0   0.0%   0.084 AU:27   --:1    +
   47    64  0   0.0%   0.211 GC:28   +
    2    94  0   0.0%   0.355 AU:26   --:2    +
   46    65  0   0.0%   0.233 AU:28   +
   16    50  1   0.0%   0.016 GC:1    GU:25   --:1    +
   91    95  0   0.0%   0.288 CG:27   --:1    +
   59    95  0   0.0%   0.010 UG:27   --:1    +
   29    71  0   0.0%   0.740 AU:28   +
   19    64  0   0.0%   0.594 GC:27   --:1    +
   47    57  0   0.0%   0.213 GC:28   +
   20    63  0   0.0%   0.413 AU:27   --:1    +
   34    85  0   0.0%   0.157 UG:28   +
   79    84  0   0.0%   0.037 UA:28   +
   25    43  0   0.0%   0.522 CG:27   --:1    +
   54    58  0   0.0%   0.824 UG:28   +
   42    61  0   0.0%   0.302 CG:28   +
   67    74  0   0.0%   0.037 AU:28   +
    6    57  0   0.0%   0.015 GC:27   --:1    +
    7    56  0   0.0%   0.015 UA:27   --:1    +
   18    65  0   0.0%   0.594 GU:27   --:1    +
   81    86  0   0.0%   0.059 GC:28   +
   28    76  0   0.0%   0.886 GU:28   +
    8    55  0   0.0%   0.014 UA:27   --:1    +
   40    71  0   0.0%   0.378 AU:28   +
   43    49  0   0.0%   1.045 GU:28   +
   37    51  0   0.0%   1.336 CG:28   +
   51    63  0   0.0%   0.972 GU:28   +
   66    72  1   0.0%   0.309 GU:3    AU:24   +
   41    70  0   0.0%   0.499 UG:28   +
   63    69  0   0.0%   0.064 UA:28   +
   43    68  0   0.0%   0.295 GC:28   +
   78    85  0   0.0%   0.044 UG:28   +
   43    59  0   0.0%   0.293 GU:28   +
    9    54  0   0.0%   0.000 AU:27   --:1    +
   51    64  0   0.0%   0.977 GC:28   +
   78    84  0   0.0%   0.047 UA:28   +
   67    73  0   0.0%   0.054 AU:28   +
   35    84  0   0.0%   0.327 UA:28   +
   66    74  1   0.0%   0.036 GU:3    AU:24   +
   49    70  0   0.0%   1.044 UG:28   +
   68    81  0   0.0%   0.010 CG:28   +
   79    83  0   0.0%   0.038 UG:28   +
   48    58  0   0.0%   0.311 CG:28   +
   76    84  0   0.0%   0.064 UA:28   +
   55    76  0   0.0%   0.047 AU:28   +
   88    94  0   0.0%   0.075 GU:28   +
   11    20  1   0.3%   0.046 UA:26   --:1    +
   16    25  1   0.2%   0.056 GC:26   --:1    +
   30    49  1   0.2%   0.659 AU:27   +
   14    62  2   0.0%   0.006 GU:6    AU:19   --:1    +
   62    77  2   0.0%   0.012 UG:1    UA:25   +
   39    62  2   0.0%   0.005 GU:1    AU:25   +
   50    66  2   0.0%   1.068 UG:3    UA:23   +
   66    75  2   0.0%   0.018 GU:3    AU:23   +
   30    71  1   0.1%   0.705 AU:27   +
   50    60  1   0.0%   1.074 UA:27   +
   26    75  1   0.0%   0.633 AU:26   --:1    +
   50    55  1   0.0%   1.096 UA:27   +
   25    38  1   0.0%   0.310 CG:26   --:1    +
   30    34  1   0.0%   0.009 AU:27   +
   75    82  1   0.0%   0.078 UA:27   +
   50    56  1   0.0%   1.125 UA:27   +
   16    48  1   0.0%   0.018 GC:26   --:1    +
   85    90  1   0.0%   0.064 GU:27   +
   30    54  1   0.0%   1.054 AU:27   +
   17    30  1   0.0%   0.092 UA:26   --:1    +
   82    90  1   0.0%   0.035 AU:27   +
   16    31  1   0.0%   0.016 GC:26   --:1    +
   16    52  1   0.0%   0.018 GC:26   --:1    +
   11    29  1   0.0%   0.017 UA:26   --:1    +
   29    90  1   0.0%   0.385 AU:27   +
   30    36  1   0.0%   0.374 AU:27   +
   69    75  1   0.0%   0.068 AU:27   +
   16    21  1   0.0%   0.016 GC:26   --:1    +
   46    50  1   0.0%   1.198 AU:27   +
   11    61  1   0.0%   0.016 UG:26   --:1    +
   50    69  1   0.0%   1.118 UA:27   +
   75    84  1   0.0%   0.076 UA:27   +
   11    19  1   0.0%   0.000 UG:26   --:1    +
   11    24  1   0.0%   0.030 UA:26   --:1    +
   30    72  1   0.0%   0.627 AU:27   +
   30    59  1   0.0%   0.323 AU:27   +
   30    73  1   0.0%   0.372 AU:27   +
   67    75  1   0.0%   0.019 AU:27   +
   16    54  1   0.0%   0.016 GU:26   --:1    +
   70    90  1   0.0%   0.329 GU:27   +
   29    75  1   0.0%   0.395 AU:27   +
   47    90  1   0.0%   0.200 GU:27   +
   16    53  1   0.0%   0.016 GU:26   --:1    +
   50    67  1   0.0%   1.068 UA:27   +
   30    74  1   0.0%   0.355 AU:27   +
   38    64  2   0.0%   0.079 GC:26   +
   40    62  2   0.0%   0.014 AU:26   +
   62    67  2   0.0%   0.021 UA:26   +
   56    62  2   0.0%   0.078 AU:26   +
   46    62  2   0.0%   0.232 AU:26   +
   31    38  2   0.0%   0.062 CG:26   +
...(((((((.((((((....((........((((((......))))))))....))))))..)))))))........((((((.....)))))).........................
