4 sequence; length of alignment 126
alifold output
   64   102  0  99.9%   0.002 GU:1    AU:3   
   66   100  0 100.0%   0.000 GC:4   
   65   101  0 100.0%   0.000 GC:4   
   68    98  0 100.0%   0.000 CG:4   
   61   105  0 100.0%   0.000 CG:4   
   74    84  0 100.0%   0.001 GC:4   
   67    99  0 100.0%   0.001 UA:4   
   75    83  0 100.0%   0.001 CG:4   
   60   106  0 100.0%   0.002 CG:4   
   69    97  0  99.9%   0.003 UA:4   
   73    85  0  99.9%   0.003 AU:4   
   70    96  0  99.9%   0.004 GC:4   
   72    86  0  99.9%   0.004 GC:4   
   62   104  0  99.8%   0.006 AU:4   
   63   103  0  99.7%   0.009 GU:4   
   59   107  0  91.5%   0.422 UA:4   
   56   110  0  86.0%   0.704 UA:4   
   57   109  0  85.8%   0.738 CG:4   
   76    82  0  85.4%   0.418 AU:4   
   55   111  2  84.3%   0.774 UA:2   
   54   112  0  83.4%   0.803 UA:4   
   53   113  0  73.3%   1.069 UA:4   
   71    95  0  65.1%   1.222 UG:4   
   29    36  0  62.9%   1.007 GC:4   
   28    37  0  62.8%   1.067 GC:4   
   44   122  0  59.6%   1.817 GC:4   
   43   123  0  59.6%   1.811 GC:4   
   45   121  0  59.2%   1.567 UA:4   
   51   115  0  59.1%   1.819 GC:4   
   41   125  0  58.9%   1.936 GC:4   
   42   124  1  59.0%   1.843 UA:3   
   50   116  0  55.7%   1.708 UA:4   
   46   120  0  51.8%   1.650 UA:4   
   40   126  0  49.2%   1.718 AU:4   
   26    38  0  49.0%   1.497 CG:4   
   25    39  0  48.9%   1.443 CG:4   
   10   123  0  35.4%   2.185 GC:4    +
    8   125  0  35.4%   2.073 GC:4    +
    9   124  1  35.4%   2.246 UA:3    +
   11   122  0  34.8%   1.752 GC:4    +
   71    87  0  34.0%   1.100 UA:4    +
    7   126  0  27.8%   1.482 AU:4    +
   10    15  0  22.0%   1.075 GC:4    +
    9    16  0  21.5%   1.101 UA:4    +
   28    49  0  18.9%   1.448 GC:4    +
   30    47  0  18.9%   1.189 GC:4    +
   29    48  0  18.9%   1.457 GU:4    +
   27    50  0  18.8%   1.328 AU:4    +
   48   118  0  18.6%   1.686 UA:4    +
    8    17  0  17.3%   1.200 GU:4    +
   36    44  0  16.2%   1.635 CG:4    +
   37    43  0  16.2%   1.532 CG:4    +
   31    46  0  15.1%   1.056 AU:4    +
   24    52  0  14.2%   1.058 GC:4    +
   39    49  0  13.4%   1.708 GC:4    +
   40    48  0  13.4%   1.287 AU:4    +
   41    47  0  13.4%   1.643 GC:4    +
   35    45  0  13.3%   1.252 AU:4    +
   38    50  0  13.3%   1.802 GU:4    +
   33    53  0  12.5%   0.832 AU:4    +
   32    54  0  12.4%   0.955 AU:4    +
   31    55  0  12.4%   1.076 AU:4    +
   29    57  0  12.4%   1.485 GC:4    +
   30    56  0  12.4%   1.179 GU:4    +
   28    58  0  12.4%   1.488 GC:4    +
   34    52  0  12.2%   1.234 GC:4    +
   26    51  0  11.6%   1.838 CG:4    +
   37    51  0  11.4%   2.059 CG:4    +
    6    18  0   9.8%   0.702 UA:4    +
    2    21  0   9.7%   0.766 CG:4    +
    5    19  0   8.9%   0.858 AU:4    +
    3    20  0   8.8%   0.675 AU:4    +
   10    26  0   8.3%   1.274 GC:4    +
   11    25  0   8.3%   0.911 GC:4    +
   15    21  0   8.1%   1.379 CG:4    +
    4    19  0   7.5%   0.583 AU:4    +
    4    20  0   7.3%   0.981 AU:4    +
   14    44  0   7.2%   0.723 CG:4    +
   15    43  0   7.2%   1.196 CG:4    +
   25    51  0   7.2%   1.374 CG:4    +
   13    45  0   6.9%   0.637 AU:4    +
    9    27  0   6.6%   1.396 UA:4    +
   12    46  0   6.3%   0.755 GU:4    +
   38    42  0   6.2%   1.296 GU:4    +
    7    17  0   6.2%   0.532 AU:4    +
    8    23  0   5.5%   1.042 GC:4    +
    9    22  0   5.5%   1.065 UA:4    +
    9    18  0   5.4%   1.127 UA:4    +
    8    19  0   5.4%   1.289 GU:4    +
   16    20  0   5.3%   1.595 AU:4    +
   16    42  0   5.3%   0.970 AU:4    +
   10    17  0   5.2%   1.331 GU:4    +
   27    59  0   5.1%   1.073 AU:4    +
   32    45  0   5.1%   0.654 AU:4    +
    7    20  0   4.9%   1.047 AU:4    +
   11    20  0   4.8%   1.042 GU:4    +
   23    41  0   4.1%   0.887 CG:4    +
   11    47  0   4.0%   0.877 GC:4    +
   21    26  0   3.9%   1.234 GC:4    +
   34    46  0   3.7%   0.874 GU:4    +
    6    21  0   3.4%   0.820 UG:4    +
   20    27  0   3.4%   1.466 UA:4    +
   10    23  0   3.2%   1.028 GC:4    +
    9    24  0   3.1%   1.086 UG:4    +
   17    41  0   3.0%   0.987 UG:4    +
    8    25  0   3.0%   1.035 GC:4    +
   10    48  0   2.9%   1.223 GU:4    +
   36    41  0   2.6%   0.987 CG:4    +
   35    42  0   2.5%   0.547 AU:4    +
   22    42  0   2.5%   0.604 AU:4    +
   12    19  0   2.3%   0.838 GU:4    +
   26    39  0   2.2%   1.360 CG:4    +
    8    49  0   1.7%   1.041 GC:4    +
   12    23  0   1.6%   0.597 GC:4    +
    7    50  0   1.6%   0.521 AU:4    +
   30    36  0   1.5%   0.592 GC:4    +
   29    37  0   1.5%   0.891 GC:4    +
   19    28  0   1.4%   0.876 UG:4    +
   51   117  0   1.4%   1.383 GC:4    +
   10    37  0   1.4%   1.033 GC:4    +
   11    36  0   1.4%   0.597 GC:4    +
   50   118  0   1.3%   1.517 UA:4    +
   14    21  0   1.3%   0.550 CG:4    +
  109   115  0   1.1%   0.696 GC:4    +
   36    51  0   1.1%   1.520 CG:4    +
    6    51  0   1.1%   0.525 UG:4    +
   79    92  0   0.0%   0.002 GU:3    AU:1    +
   64   103  0   0.0%   0.004 GU:1    AU:3    +
   30    57  0   0.9%   1.049 GC:4    +
   29    58  0   0.9%   1.353 GC:4    +
  109   117  0   0.9%   0.476 GC:4    +
  108   116  0   0.9%   0.536 UA:4    +
   31    56  0   0.9%   0.935 AU:4    +
    2     8  0   0.8%   0.120 CG:4    +
   32    55  0   0.8%   0.806 AU:4    +
    9    38  0   0.8%   1.149 UG:4    +
    8    52  0   0.7%   1.012 GC:4    +
  108   118  0   0.7%   0.581 UA:4    +
   33    54  0   0.7%   0.651 AU:4    +
    9    51  0   0.7%   1.233 UG:4    +
    1     9  0   0.7%   0.106 AU:4    +
   12    25  0   0.7%   0.596 GC:4    +
    2    10  0   0.7%   0.142 CG:4    +
   13    20  0   0.7%   0.895 AU:4    +
    3     9  0   0.6%   0.127 AU:4    +
   11    26  0   0.6%   0.690 GC:4    +
   12    47  0   0.6%   0.627 GC:4    +
    8    15  0   0.6%   0.161 GC:4    +
   53   114  0   0.6%   0.690 UA:4    +
    8    14  0   0.6%   0.129 GC:4    +
   54   113  0   0.6%   0.821 UA:4    +
   34    53  0   0.5%   0.786 GU:4    +
    8   117  0   0.5%   1.022 GC:4    +
    9   116  0   0.5%   1.195 UA:4    +
   10   115  0   0.5%   1.135 GC:4    +
    9    13  0   0.5%   0.144 UA:4    +
   55   112  0   0.5%   0.713 UA:4    +
    7    53  0   0.4%   0.465 AU:4    +
   21   117  0   0.4%   0.900 GC:4    +
   20   118  0   0.4%   1.228 UA:4    +
   10    49  0   0.4%   1.158 GC:4    +
    5    20  0   0.4%   0.706 AU:4    +
   28    36  0   0.4%   0.222 GC:4    +
   28    59  0   0.4%   1.186 GU:4    +
   20   112  0   0.4%   1.165 UA:4    +
   19   119  0   0.4%   0.889 UA:4    +
   15    24  0   0.4%   0.784 CG:4    +
   13    19  0   0.4%   0.752 AU:4    +
   12    20  0   0.4%   0.876 GU:4    +
   14    24  0   0.3%   0.283 CG:4    +
    2    24  0   0.3%   0.370 CG:4    +
   19   113  0   0.3%   0.846 UA:4    +
   21   115  0   0.3%   0.863 GC:4    +
   23   109  0   0.3%   0.579 CG:4    +
   13    46  0   0.3%   0.495 AU:4    +
   20   116  0   0.3%   1.222 UA:4    +
   11    48  0   0.3%   0.771 GU:4    +
    5    17  0   0.3%   0.050 AU:4    +
    6    16  0   0.3%   0.051 UA:4    +
   20    38  0   0.3%   1.158 UG:4    +
   48   119  0   0.3%   1.107 UA:4    +
   58   109  0   0.2%   0.517 CG:4    +
   19    39  0   0.2%   0.816 UG:4    +
   19   114  0   0.2%   0.851 UA:4    +
   11    23  0   0.2%   0.480 GC:4    +
   12    36  0   0.2%   0.319 GC:4    +
   11    37  0   0.2%   0.575 GC:4    +
   76    81  0   0.2%   0.040 AU:4    +
   20   113  0   0.2%   1.180 UA:4    +
   21    37  0   0.2%   0.843 GC:4    +
   19    40  0   0.2%   0.809 UA:4    +
   10    50  0   0.2%   1.147 GU:4    +
   44    49  0   0.2%   1.231 GC:4    +
   10    14  0   0.2%   0.098 GC:4    +
   11    49  0   0.2%   0.762 GC:4    +
   43    50  0   0.2%   1.199 GU:4    +
   15    29  0   0.2%   0.652 CG:4    +
   14    30  0   0.2%   0.162 CG:4    +
   15    28  0   0.2%   0.629 CG:4    +
   41    52  0   0.2%   1.226 GC:4    +
   42    51  0   0.2%   1.386 UG:4    +
   14    29  0   0.2%   0.150 CG:4    +
   35    53  0   0.2%   0.726 AU:4    +
   20    40  0   0.2%   1.126 UA:4    +
   24   108  0   0.2%   0.508 GU:4    +
    2    11  0   0.2%   0.104 CG:4    +
   23    28  0   0.1%   0.451 CG:4    +
   34    54  0   0.1%   0.765 GU:4    +
   23    29  0   0.1%   0.412 CG:4    +
   25    41  0   0.1%   0.978 CG:4    +
   40    53  0   0.1%   0.663 AU:4    +
   20    32  0   0.1%   1.078 UA:4    +
   24    42  0   0.1%   0.452 GU:4    +
   12    26  0   0.1%   0.475 GC:4    +
   15    38  0   0.1%   0.682 CG:4    +
   19    33  0   0.1%   0.769 UA:4    +
   14    39  0   0.1%   0.177 CG:4    +
    9    39  0   0.1%   1.095 UG:4    +
   11    15  0   0.1%   0.396 GC:4    +
   17   116  0   0.1%   0.831 UA:4    +
   14    34  0   0.1%   0.161 CG:4    +
   71    94  0   0.1%   0.397 UA:4    +
   20    44  0   0.1%   1.305 UG:4    +
   15   109  0   0.1%   0.838 CG:4    +
   16   108  0   0.1%   0.680 AU:4    +
  108   113  0   0.1%   0.332 UA:4    +
   23    43  0   0.1%   0.721 CG:4    +
   33    55  0   0.1%   0.632 AU:4    +
    6    27  0   0.1%   0.384 UA:4    +
   71    88  0   0.1%   0.385 UA:4    +
   12   122  0   0.1%   0.833 GC:4    +
   17   107  0   0.1%   0.792 UA:4    +
   10    25  0   0.1%   0.768 GC:4    +
   22    53  0   0.1%   0.309 AU:4    +
   34    45  0   0.1%   0.379 GU:4    +
   46   119  0   0.1%   0.658 UA:4    +
   26   109  0   0.1%   1.108 CG:4    +
   23    38  0   0.1%   0.452 CG:4    +
   39    47  0   0.1%   0.964 GC:4    +
   13    17  0   0.1%   0.690 AU:4    +
   22    54  0   0.1%   0.290 AU:4    +
   40    46  0   0.1%   0.650 AU:4    +
   44    52  0   0.1%   1.111 GC:4    +
   45    51  0   0.1%   1.469 UG:4    +
   11    19  0   0.1%   0.604 GU:4    +
   24    53  0   0.1%   0.513 GU:4    +
   19    41  0   0.1%   0.901 UG:4    +
   25   109  0   0.1%   0.949 CG:4    +
  108   114  0   0.1%   0.092 UA:4    +
   32    46  0   0.1%   0.655 AU:4    +
   38    48  0   0.1%   1.050 GU:4    +
   17    22  0   0.1%   0.830 UA:4    +
   11   123  0   0.1%   1.395 GC:4    +
   25    44  0   0.1%   0.928 CG:4    +
   26    43  0   0.1%   1.018 CG:4    +
   27   108  0   0.1%   0.800 AU:4    +
   27    42  0   0.1%   0.573 AU:4    +
    8    26  0   0.1%   0.838 GC:4    +
   24    45  0   0.0%   0.383 GU:4    +
   53   112  0   0.0%   0.382 UA:4    +
   17   121  0   0.0%   0.806 UA:4    +
   21    54  0   0.0%   0.768 GU:4    +
   10    20  0   0.0%   1.119 GU:4    +
   21    55  0   0.0%   0.770 GU:4    +
   45   120  0   0.0%   0.638 UA:4    +
   32    56  0   0.0%   0.775 AU:4    +
   43    53  0   0.0%   0.866 GU:4    +
   25    38  0   0.0%   0.434 CG:4    +
    2    38  0   0.0%   0.345 CG:4    +
   12   117  0   0.0%   0.479 GC:4    +
   48   120  0   0.0%   1.400 UA:4    +
   55   110  0   0.0%   0.324 UA:4    +
   21    25  0   0.0%   0.961 GC:4    +
    7    19  0   0.0%   0.590 AU:4    +
   24    37  0   0.0%   0.266 GC:4    +
   21    47  0   0.0%   0.915 GC:4    +
   39    54  0   0.0%   1.067 GU:4    +
   23    34  0   0.0%   0.389 CG:4    +
    8    36  0   0.0%   0.838 GC:4    +
    9    35  0   0.0%   1.038 UA:4    +
   22    46  0   0.0%   0.461 AU:4    +
   37    44  0   0.0%   1.244 CG:4    +
   12    48  0   0.0%   0.563 GU:4    +
   12    17  0   0.0%   0.657 GU:4    +
    4    53  0   0.0%   0.393 AU:4    +
   20    39  0   0.0%   1.116 UG:4    +
   39    57  0   0.0%   1.057 GC:4    +
   38    58  0   0.0%   1.178 GC:4    +
   41    45  0   0.0%   0.974 GU:4    +
   40    56  0   0.0%   0.621 AU:4    +
   34    47  0   0.0%   0.629 GC:4    +
   20   114  0   0.0%   1.157 UA:4    +
   33    45  0   0.0%   0.358 AU:4    +
   17   119  0   0.0%   0.799 UA:4    +
    5    53  0   0.0%   0.265 AU:4    +
    6    22  0   0.0%   0.369 UA:4    +
   39   126  0   0.0%   1.113 GU:4    +
   25    34  0   0.0%   0.373 CG:4    +
   30    49  0   0.0%   0.826 GC:4    +
   18    42  0   0.0%   0.548 AU:4    +
   87    92  0   0.0%   0.375 AU:4    +
   41    55  0   0.0%   0.949 GU:4    +
    2    34  0   0.0%   0.340 CG:4    +
   21    52  0   0.0%   0.794 GC:4    +
   31    48  0   0.0%   0.734 AU:4    +
   33    48  0   0.0%   0.460 AU:4    +
   11    17  0   0.0%   0.669 GU:4    +
   17   118  0   0.0%   0.796 UA:4    +
  108   119  0   0.0%   0.162 UA:4    +
    4    54  0   0.0%   0.395 AU:4    +
   17    30  0   0.0%   0.682 UG:4    +
   30    37  0   0.0%   0.526 GC:4    +
   17    24  0   0.0%   0.834 UG:4    +
   29    50  0   0.0%   1.105 GU:4    +
   56   109  0   0.0%   0.349 UG:4    +
    2    12  0   0.0%   0.089 CG:4    +
    8   122  0   0.0%   0.973 GC:4    +
   88    92  0   0.0%   0.015 AU:4    +
   18    45  0   0.0%   0.578 AU:4    +
    8    50  0   0.0%   0.973 GU:4    +
   36    43  0   0.0%   0.752 CG:4    +
   12    49  0   0.0%   0.548 GC:4    +
   54   114  0   0.0%   0.556 UA:4    +
    9   121  0   0.0%   1.146 UA:4    +
   23    30  0   0.0%   0.389 CG:4    +
  108   120  0   0.0%   0.466 UA:4    +
   19    44  0   0.0%   0.981 UG:4    +
    2    39  0   0.0%   0.344 CG:4    +
   33    46  0   0.0%   0.502 AU:4    +
   46   118  0   0.0%   0.647 UA:4    +
   55   113  0   0.0%   0.780 UA:4    +
    8   115  0   0.0%   0.944 GC:4    +
    6    24  0   0.0%   0.388 UG:4    +
   13    48  0   0.0%   0.410 AU:4    +
   19    24  0   0.0%   0.856 UG:4    +
   17    40  0   0.0%   0.671 UA:4    +
   21    42  0   0.0%   0.907 GU:4    +
    3    54  0   0.0%   0.250 AU:4    +
   26    34  0   0.0%   0.394 CG:4    +
   23    39  0   0.0%   0.416 CG:4    +
   35    46  0   0.0%   0.977 AU:4    +
   20    31  0   0.0%   1.057 UA:4    +
   38    55  0   0.0%   1.183 GU:4    +
   10    47  0   0.0%   0.921 GC:4    +
    9   114  0   0.0%   1.117 UA:4    +
    1     6  0   0.0%   0.004 AU:4    +
    5    55  0   0.0%   0.264 AU:4    +
    3    55  0   0.0%   0.251 AU:4    +
   21    57  0   0.0%   0.764 GC:4    +
   17   114  0   0.0%   0.786 UA:4    +
   22    56  0   0.0%   0.279 AU:4    +
   20    43  0   0.0%   1.285 UG:4    +
   19    32  0   0.0%   0.748 UA:4    +
   20    41  0   0.0%   1.204 UG:4    +
    9    21  0   0.0%   0.928 UG:4    +
   18    46  0   0.0%   0.586 AU:4    +
   21    49  0   0.0%   0.859 GC:4    +
   17    21  0   0.0%   1.259 UG:4    +
   22    48  0   0.0%   0.388 AU:4    +
    4     9  0   0.0%   0.069 AU:4    +
   24    36  0   0.0%   0.250 GC:4    +
  108   121  0   0.0%   0.434 UA:4    +
   10    19  0   0.0%   1.105 GU:4    +
    6   119  0   0.0%   0.427 UA:4    +
   71    91  0   0.0%   0.377 UA:4    +
   37    41  0   0.0%   0.793 CG:4    +
   15    34  0   0.0%   0.629 CG:4    +
   12   115  0   0.0%   0.473 GC:4    +
    2    29  0   0.0%   0.335 CG:4    +
   17    31  0   0.0%   0.668 UA:4    +
   20    24  0   0.0%   1.110 UG:4    +
   71    93  0   0.0%   0.378 UA:4    +
   78    82  0   0.0%   0.137 AU:4    +
   19   116  0   0.0%   0.858 UA:4    +
   38    47  0   0.0%   1.077 GC:4    +
   19    29  0   0.0%   0.770 UG:4    +
   39    46  0   0.0%   1.081 GU:4    +
   71    89  0   0.0%   0.376 UG:4    +
   71    90  0   0.0%   0.376 UA:4    +
    5    54  0   0.0%   0.263 AU:4    +
   40    45  0   0.0%   0.646 AU:4    +
   11    46  0   0.0%   0.493 GU:4    +
   38    49  0   0.0%   1.026 GC:4    +
    4    56  0   0.0%   0.393 AU:4    +
   17    29  0   0.0%   0.688 UG:4    +
   34    42  0   0.0%   0.283 GU:4    +
    4    55  0   0.0%   0.393 AU:4    +
    2    30  0   0.0%   0.336 CG:4    +
   29    47  0   0.0%   0.553 GC:4    +
   19    38  0   0.0%   0.805 UG:4    +
   22    45  0   0.0%   0.448 AU:4    +
   29    49  0   0.0%   1.127 GC:4    +
   20    28  0   0.0%   1.125 UG:4    +
   19    27  0   0.0%   0.872 UA:4    +
   46   121  0   0.0%   1.282 UA:4    +
    2   109  0   0.0%   0.343 CG:4    +
   48   116  0   0.0%   0.771 UA:4    +
   19   112  0   0.0%   0.791 UA:4    +
   76    80  0   0.0%   0.002 AU:4    +
   17    27  0   0.0%   0.849 UA:4    +
   24   115  0   0.0%   0.529 GC:4    +
   53   116  0   0.0%   0.992 UA:4    +
    5     9  0   0.0%   0.068 AU:4    +
   19   121  0   0.0%   0.851 UA:4    +
   89    96  0   0.0%   0.005 GC:4    +
    2    28  0   0.0%   0.334 CG:4    +
   33    42  0   0.0%   0.274 AU:4    +
   21    46  0   0.0%   0.942 GU:4    +
    5   126  0   0.0%   0.262 AU:4    +
    3   108  0   0.0%   0.251 AU:4    +
   30    48  0   0.0%   0.837 GU:4    +
   28    50  0   0.0%   1.108 GU:4    +
   10   125  0   0.0%   1.819 GC:4    +
   50   119  0   0.0%   1.108 UA:4    +
   15    51  0   0.0%   0.903 CG:4    +
   20   120  0   0.0%   1.180 UA:4    +
   12    52  0   0.0%   0.479 GC:4    +
   16    50  0   0.0%   0.741 AU:4    +
   10   117  0   0.0%   1.110 GC:4    +
   56   112  0   0.0%   0.653 UA:4    +
   23    44  0   0.0%   0.717 CG:4    +
   50   114  0   0.0%   0.698 UA:4    +
  108   112  0   0.0%   0.226 UA:4    +
   20   110  0   0.0%   1.101 UA:4    +
   29    52  0   0.0%   1.023 GC:4    +
   20    33  0   0.0%   1.070 UA:4    +
   31    50  0   0.0%   0.689 AU:4    +
   81    90  0   0.0%   0.016 UA:4    +
   80    91  0   0.0%   0.003 UA:4    +
   54   110  0   0.0%   0.321 UA:4    +
    6   118  0   0.0%   0.426 UA:4    +
   55   109  0   0.0%   0.351 UG:4    +
   43    49  0   0.0%   1.195 GC:4    +
    2    51  0   0.0%   0.342 CG:4    +
   15    30  0   0.0%   0.631 CG:4    +
   82    89  0   0.0%   0.139 UG:4    +
   45   119  0   0.0%   0.652 UA:4    +
   17   120  0   0.0%   0.795 UA:4    +
   25    30  0   0.0%   0.371 CG:4    +
    3    19  0   0.0%   0.032 AU:4    +
   17    28  0   0.0%   0.676 UG:4    +
    9   118  0   0.0%   1.143 UA:4    +
   70    92  0   0.0%   0.001 GU:4    +
   17    35  0   0.0%   0.670 UA:4    +
   30    46  0   0.0%   0.279 GU:4    +
    6    29  0   0.0%   0.374 UG:4    +
   22   108  0   0.0%   0.284 AU:4    +
    3    56  0   0.0%   0.250 AU:4    +
   38   126  0   0.0%   1.230 GU:4    +
    6    13  0   0.0%   0.003 UA:4    +
    4   126  0   0.0%   0.393 AU:4    +
    6    31  0   0.0%   0.374 UA:4    +
   19    34  0   0.0%   0.765 UG:4    +
   12    45  0   0.0%   0.234 GU:4    +
   22    55  0   0.0%   0.281 AU:4    +
   21    36  0   0.0%   0.807 GC:4    +
   19   118  0   0.0%   0.826 UA:4    +
   28    53  0   0.0%   0.752 GU:4    +
    6    11  0   0.0%   0.012 UG:4    +
    3    50  0   0.0%   0.247 AU:4    +
   20    29  0   0.0%   1.077 UG:4    +
   77    83  0   0.0%   0.001 CG:4    +
   20    30  0   0.0%   1.067 UG:4    +
   19    31  0   0.0%   0.747 UA:4    +
   43    52  0   0.0%   1.096 GC:4    +
   39   125  0   0.0%   1.118 GC:4    +
   20   119  0   0.0%   1.202 UA:4    +
    3   126  0   0.0%   0.251 AU:4    +
   18   108  0   0.0%   0.400 AU:4    +
    8   123  0   0.0%   0.971 GC:4    +
   24   117  0   0.0%   0.536 GC:4    +
   28    48  0   0.0%   0.520 GU:4    +
   72    92  0   0.0%   0.003 GU:4    +
   31    45  0   0.0%   0.195 AU:4    +
    6    40  0   0.0%   0.374 UA:4    +
    6    30  0   0.0%   0.374 UG:4    +
   19    30  0   0.0%   0.760 UG:4    +
   17    33  0   0.0%   0.667 UA:4    +
   17    43  0   0.0%   0.965 UG:4    +
   32    48  0   0.0%   0.606 AU:4    +
   19   110  0   0.0%   0.789 UA:4    +
   20   109  0   0.0%   1.108 UG:4    +
   41    49  0   0.0%   1.315 GC:4    +
   17   109  0   0.0%   0.789 UG:4    +
   20    34  0   0.0%   1.073 UG:4    +
    8    20  0   0.0%   1.138 GU:4    +
   10   122  0   0.0%   1.084 GC:4    +
   40    50  0   0.0%   0.967 AU:4    +
   17   113  0   0.0%   0.782 UA:4    +
   39    48  0   0.0%   0.922 GU:4    +
   53   120  0   0.0%   0.961 UA:4    +
   54   119  0   0.0%   0.551 UA:4    +
   19    35  0   0.0%   0.757 UA:4    +
   21    56  0   0.0%   0.762 GU:4    +
   19   107  0   0.0%   0.794 UA:4    +
   44    48  0   0.0%   1.218 GU:4    +
   19   120  0   0.0%   0.845 UA:4    +
   69    89  0   0.0%   0.001 UG:4    +
    6    28  0   0.0%   0.373 UG:4    +
   14    28  0   0.0%   0.117 CG:4    +
   18    50  0   0.0%   0.473 AU:4    +
    4    17  0   0.0%   0.002 AU:4    +
   14    38  0   0.0%   0.186 CG:4    +
   35    50  0   0.0%   0.765 AU:4    +
   81    89  0   0.0%   0.015 UG:4    +
   82    88  0   0.0%   0.142 UA:4    +
   11   125  0   0.0%   1.388 GC:4    +
    6    39  0   0.0%   0.375 UG:4    +
   80    90  0   0.0%   0.002 UA:4    +
    6    38  0   0.0%   0.377 UG:4    +
    6    12  0   0.0%   0.004 UG:4    +
   77    89  0   0.0%   0.002 CG:4    +
   16    48  0   0.0%   0.782 AU:4    +
   28    52  0   0.0%   1.028 GC:4    +
    9    28  0   0.0%   1.032 UG:4    +
   55   118  0   0.0%   0.887 UA:4    +
   54   120  0   0.0%   0.854 UA:4    +
   21    53  0   0.0%   0.782 GU:4    +
    1    20  0   0.0%   0.037 AU:4    +
   45   114  0   0.0%   0.645 UA:4    +
   25   106  0   0.0%   0.910 CG:4    +
    8    37  0   0.0%   0.833 GC:4    +
   10   126  0   0.0%   1.808 GU:4    +
   23    51  0   0.0%   0.604 CG:4    +
   38    52  0   0.0%   1.442 GC:4    +
   17    32  0   0.0%   0.667 UA:4    +
   44   115  0   0.0%   0.565 GC:4    +
  106   117  0   0.0%   0.116 GC:4    +
   53   121  0   0.0%   0.930 UA:4    +
   15    44  0   0.0%   1.007 CG:4    +
   14   109  0   0.0%   0.344 CG:4    +
   26    30  0   0.0%   0.392 CG:4    +
  109   123  0   0.0%   0.958 GC:4    +
   41    46  0   0.0%   0.966 GU:4    +
   41   117  0   0.0%   0.687 GC:4    +
   42   116  0   0.0%   0.593 UA:4    +
   17    51  0   0.0%   0.861 UG:4    +
   55   119  0   0.0%   0.535 UA:4    +
   53   119  0   0.0%   0.658 UA:4    +
   26    41  0   0.0%   1.061 CG:4    +
   43   115  0   0.0%   0.561 GC:4    +
   10    36  0   0.0%   0.861 GC:4    +
   16    45  0   0.0%   0.844 AU:4    +
    6    41  0   0.0%   0.374 UG:4    +
   14    51  0   0.0%   0.429 CG:4    +
  119   126  0   0.0%   0.758 AU:4    +
   24    54  0   0.0%   0.482 GU:4    +
   53   118  0   0.0%   1.011 UA:4    +
   26   105  0   0.0%   1.063 CG:4    +
   12   125  0   0.0%   0.821 GC:4    +
   11   115  0   0.0%   0.676 GC:4    +
   69    93  0   0.0%   0.001 UA:4    +
   43    47  0   0.0%   1.253 GC:4    +
    5    42  0   0.0%   0.256 AU:4    +
   73    92  0   0.0%   0.002 AU:4    +
   25    29  0   0.0%   0.387 CG:4    +
   12    57  0   0.0%   0.442 GC:4    +
   47    51  0   0.0%   1.594 CG:4    +
   27    54  0   0.0%   0.632 AU:4    +
   20   121  0   0.0%   1.184 UA:4    +
   72    85  0   0.0%   0.000 GU:4    +
   11   126  0   0.0%   1.377 GU:4    +
   74    92  0   0.0%   0.001 GU:4    +
   13    56  0   0.0%   0.289 AU:4    +
  106   115  0   0.0%   0.360 GC:4    +
   15    39  0   0.0%   0.643 CG:4    +
   55   114  0   0.0%   0.538 UA:4    +
    6    32  0   0.0%   0.373 UA:4    +
   69    90  0   0.0%   0.001 UA:4    +
   27    53  0   0.0%   0.658 AU:4    +
   75    89  0   0.0%   0.002 CG:4    +
   17    34  0   0.0%   0.677 UG:4    +
    6   120  0   0.0%   0.426 UA:4    +
    1   126  0   0.0%   0.037 AU:4    +
   48   121  0   0.0%   1.367 UA:4    +
   69    88  0   0.0%   0.000 UA:4    +
    6    10  0   0.0%   0.036 UG:4    +
   44   117  0   0.0%   0.572 GC:4    +
   54   118  0   0.0%   0.903 UA:4    +
   46   113  0   0.0%   0.648 UA:4    +
   18    48  0   0.0%   0.514 AU:4    +
    3    53  0   0.0%   0.246 AU:4    +
   59   109  0   0.0%   0.438 UG:4    +
   11    50  0   0.0%   0.728 GU:4    +
  120   126  0   0.0%   1.060 AU:4    +
   21   123  0   0.0%   1.195 GC:4    +
   21    45  0   0.0%   0.934 GU:4    +
   11    58  0   0.0%   0.648 GC:4    +
    6   121  0   0.0%   0.426 UA:4    +
   16    46  0   0.0%   0.851 AU:4    +
   17    44  0   0.0%   0.965 UG:4    +
    9    34  0   0.0%   1.033 UG:4    +
    8   126  0   0.0%   1.695 GU:4    +
   24    60  0   0.0%   0.470 GC:4    +
   50   120  0   0.0%   1.411 UA:4    +
   30    58  0   0.0%   1.003 GC:4    +
   43   117  0   0.0%   0.569 GC:4    +
    3    17  0   0.0%   0.031 AU:4    +
   21   125  0   0.0%   1.191 GC:4    +
   26   106  0   0.0%   1.063 CG:4    +
   17   112  0   0.0%   0.781 UA:4    +
   21   108  0   0.0%   0.769 GU:4    +
   30    50  0   0.0%   0.797 GU:4    +
  121   126  0   0.0%   1.028 AU:4    +
    2    41  0   0.0%   0.341 CG:4    +
   13    53  0   0.0%   0.316 AU:4    +
   34    49  0   0.0%   0.571 GC:4    +
   11   117  0   0.0%   0.675 GC:4    +
   68    89  0   0.0%   0.000 CG:4    +
   45   116  0   0.0%   0.678 UA:4    +
   81    88  0   0.0%   0.019 UA:4    +
   59   110  0   0.0%   0.388 UA:4    +
   33    50  0   0.0%   0.413 AU:4    +
   56   113  0   0.0%   0.741 UA:4    +
   35    54  0   0.0%   0.693 AU:4    +
  118   126  0   0.0%   1.144 AU:4    +
   30    52  0   0.0%   0.716 GC:4    +
   80    89  0   0.0%   0.002 UG:4    +
   78    85  0   0.0%   0.002 AU:4    +
   24    55  0   0.0%   0.477 GU:4    +
   54   116  0   0.0%   0.884 UA:4    +
   38   125  0   0.0%   1.240 GC:4    +
   28    57  0   0.0%   0.714 GC:4    +
   28   123  0   0.0%   1.364 GC:4    +
    5    50  0   0.0%   0.256 AU:4    +
    1    42  0   0.0%   0.036 AU:4    +
   50   113  0   0.0%   0.710 UA:4    +
   80    88  0   0.0%   0.007 UA:4    +
   24    46  0   0.0%   0.384 GU:4    +
   48   114  0   0.0%   0.736 UA:4    +
   82    87  0   0.0%   0.503 UA:4    +
   29   122  0   0.0%   1.384 GC:4    +
   41   126  0   0.0%   1.654 GU:4    +
   12    54  0   0.0%   0.446 GU:4    +
   12    37  0   0.0%   0.304 GC:4    +
    6    33  0   0.0%   0.373 UA:4    +
   24    59  0   0.0%   0.470 GU:4    +
   51   123  0   0.0%   1.890 GC:4    +
   24    50  0   0.0%   0.269 GU:4    +
   81    87  0   0.0%   0.380 UA:4    +
    5   108  0   0.0%   0.261 AU:4    +
   35    48  0   0.0%   0.810 AU:4    +
   12   123  0   0.0%   0.824 GC:4    +
   28    47  0   0.0%   0.558 GC:4    +
   34    55  0   0.0%   0.751 GU:4    +
   29    56  0   0.0%   0.709 GU:4    +
   30    55  0   0.0%   0.407 GU:4    +
  109   122  0   0.0%   0.961 GC:4    +
    6   107  0   0.0%   0.424 UA:4    +
   13    50  0   0.0%   0.367 AU:4    +
    7    48  0   0.0%   0.323 AU:4    +
   27    48  0   0.0%   0.429 AU:4    +
    1    17  0   0.0%   0.036 AU:4    +
   31    54  0   0.0%   0.303 AU:4    +
   60   109  0   0.0%   0.185 CG:4    +
   56   118  0   0.0%   0.849 UA:4    +
   19    43  0   0.0%   0.977 UG:4    +
   67    90  0   0.0%   0.000 UA:4    +
    9    33  0   0.0%   1.031 UA:4    +
    8    47  0   0.0%   0.833 GC:4    +
   29    53  0   0.0%   0.746 GU:4    +
   27   104  0   0.0%   0.771 AU:4    +
    7    54  0   0.0%   0.417 AU:4    +
   73    81  0   0.0%   0.000 AU:4    +
   74    80  0   0.0%   0.000 GU:4    +
   72    82  0   0.0%   0.000 GU:4    +
   55   120  0   0.0%   0.837 UA:4    +
   17   110  0   0.0%   0.781 UA:4    +
   50   112  0   0.0%   0.700 UA:4    +
   12    56  0   0.0%   0.443 GU:4    +
   54   121  0   0.0%   0.822 UA:4    +
    9    40  0   0.0%   1.078 UA:4    +
   21    58  0   0.0%   0.762 GC:4    +
   20   107  0   0.0%   1.105 UA:4    +
   29    59  0   0.0%   1.181 GU:4    +
    6   116  0   0.0%   0.424 UA:4    +
   25    43  0   0.0%   0.915 CG:4    +
   11    57  0   0.0%   0.647 GC:4    +
   32    53  0   0.0%   0.204 AU:4    +
    9   110  0   0.0%   1.113 UA:4    +
   18    53  0   0.0%   0.420 AU:4    +
   10    58  0   0.0%   1.055 GC:4    +
    8    48  0   0.0%   0.833 GU:4    +
   13    55  0   0.0%   0.290 AU:4    +
    9   120  0   0.0%   1.142 UA:4    +
   29   123  0   0.0%   1.381 GC:4    +
   24   125  0   0.0%   0.850 GC:4    +
   30   122  0   0.0%   1.077 GC:4    +
   42   118  0   0.0%   0.568 UA:4    +
   18    55  0   0.0%   0.395 AU:4    +
   28   117  0   0.0%   1.047 GC:4    +
   10    52  0   0.0%   1.091 GC:4    +
    9    29  0   0.0%   1.032 UG:4    +
   53   110  0   0.0%   0.350 UA:4    +
    1    19  0   0.0%   0.036 AU:4    +
   20    35  0   0.0%   1.065 UA:4    +
    4    50  0   0.0%   0.386 AU:4    +
   22    59  0   0.0%   0.275 AU:4    +
   22   126  0   0.0%   0.633 AU:4    +
   28   115  0   0.0%   1.040 GC:4    +
    9   119  0   0.0%   1.142 UA:4    +
   80    87  0   0.0%   0.368 UA:4    +
   54   109  0   0.0%   0.354 UG:4    +
   69    91  0   0.0%   0.000 UA:4    +
  109   125  0   0.0%   0.958 GC:4    +
   24   126  0   0.0%   0.839 GU:4    +
   62   103  0   0.0%   0.000 AU:4    +
   28   125  0   0.0%   1.361 GC:4    +
    7   108  0   0.0%   0.413 AU:4    +
   24    58  0   0.0%   0.470 GC:4    +
   29    46  0   0.0%   0.585 GU:4    +
   55   116  0   0.0%   0.867 UA:4    +
   32    50  0   0.0%   0.563 AU:4    +
   27   126  0   0.0%   1.132 AU:4    +
    6   114  0   0.0%   0.424 UA:4    +
   21   126  0   0.0%   1.180 GU:4    +
    5    56  0   0.0%   0.261 AU:4    +
   28    60  0   0.0%   0.992 GC:4    +
    9    32  0   0.0%   1.031 UA:4    +
   11    53  0   0.0%   0.676 GU:4    +
    6   113  0   0.0%   0.424 UA:4    +
   50   121  0   0.0%   1.379 UA:4    +
   14    43  0   0.0%   0.153 CG:4    +
    6   109  0   0.0%   0.425 UG:4    +
    6    35  0   0.0%   0.373 UA:4    +
   46    51  0   0.0%   1.454 UG:4    +
   16    53  0   0.0%   0.688 AU:4    +
   12    50  0   0.0%   0.521 GU:4    +
   44    57  0   0.0%   0.823 GC:4    +
   43    58  0   0.0%   0.818 GC:4    +
   34    57  0   0.0%   0.744 GC:4    +
   28    54  0   0.0%   0.725 GU:4    +
  105   117  0   0.0%   0.115 GC:4    +
   35    56  0   0.0%   0.684 AU:4    +
   60   105  0   0.0%   0.000 CG:4    +
   11    52  0   0.0%   0.683 GC:4    +
   63   102  0   0.0%   0.000 GU:4    +
   63   104  0   0.0%   0.005 GU:4    +
   43    48  0   0.0%   1.215 GU:4    +
   19    51  0   0.0%   0.874 UG:4    +
   18    56  0   0.0%   0.393 AU:4    +
   38    45  0   0.0%   1.213 GU:4    +
   59   112  0   0.0%   0.456 UA:4    +
   21    60  0   0.0%   0.762 GC:4    +
  116   126  0   0.0%   1.130 AU:4    +
   21   111  2   0.3%   0.819 GC:2    +
   79    86  1   0.0%   0.002 GC:3    +
  108   124  1   0.0%   0.794 UA:3    +
    6   124  1   0.0%   0.426 UA:3    +
   79    84  1   0.0%   0.000 GC:3    +
   20   124  1   0.0%   1.546 UA:3    +
   75    79  1   0.0%   0.000 CG:3    +
   50   124  1   0.0%   1.741 UA:3    +
   56   111  2   0.2%   0.638 UA:2    +
   54   111  2   0.0%   0.350 UA:2    +
   24   111  2   0.0%   0.502 GC:2    +
   20   111  2   0.0%   1.102 UA:2    +
   53   111  2   0.0%   0.371 UA:2    +
   19   111  2   0.0%   0.790 UA:2    +
   12   111  2   0.0%   0.442 GC:2    +
    8   111  2   0.0%   0.940 GC:2    +
   51   111  2   0.0%   0.859 GC:2    +
........................((.((......))))(((((((...((.(((((.((((((((((((((((((.....)))))........))))))))))))).))))).))...)))))))
