92 sequence; length of alignment 152
alifold output
   56    68  0  97.8%   0.067 GC:92  
   55    69  0  97.7%   0.067 AU:92  
   54    70  0  97.6%   0.071 UA:92  
   53    71  0  96.7%   0.103 AU:92  
   50    73  0  96.1%   0.165 GC:92  
   88    97  0  95.9%   0.170 GC:92  
   90    95  0  95.8%   0.195 CG:92  
   89    96  1  95.9%   0.177 UA:91  
   49    74  0  93.7%   0.218 AU:92  
   57    67  0  92.1%   0.274 UG:1    UA:91  
   87    98  0  91.5%   0.326 CG:92  
   39    77  0  85.8%   0.603 GC:92  
   40    76  0  85.8%   0.648 GC:92  
   38    78  0  85.2%   0.418 AU:92  
   41    75  0  84.5%   0.673 UA:92  
   37    79  0  83.1%   0.681 CG:92  
   29    83  0  79.1%   1.011 CG:90   UG:2   
   28    84  2  79.3%   1.011 GC:89   AU:1   
   27    85  2  78.7%   0.953 GC:90  
  112   128  0  73.8%   1.104 GC:91   GU:1   
  113   127  0  74.4%   1.354 GC:92  
  130   145  0  58.7%   1.229 CG:54   UG:6    UA:32  
  131   144  0  58.8%   1.182 GC:2    AU:90  
  132   143  0  58.0%   1.740 GC:92  
  114   126  1  54.0%   1.594 CG:91  
   52    72  0  49.1%   1.447 CG:92   +
    6   147  1  48.7%   1.726 CG:79   UG:12  
   51    72  0  48.5%   1.102 CG:92  
    5   148  1  48.6%   1.763 GC:91  
  129   146  1  46.7%   1.681 AU:91  
  116   125  0  40.5%   1.404 UG:1    AU:91   +
  117   124  5  37.6%   1.211 CG:2    UG:1    UA:84   +
   32    80  0  24.0%   1.213 GU:38   AU:54   +
    9   146  1  23.6%   1.208 GU:6    AU:85   +
  115   126  1  20.9%   1.726 CG:91   +
  128   147  0  17.1%   1.845 CG:91   UG:1    +
    6   132  1  14.5%   1.199 CG:79   UG:12   +
    4   134  0  13.4%   0.931 GU:53   AU:39   +
    5   133  1  14.5%   1.248 GC:91   +
   35    80  0  12.5%   1.679 GU:92   +
  126   148  1  12.2%   2.050 GC:91   +
  139   147  0  10.6%   1.933 CG:22   UG:70   +
  138   148  0  10.6%   1.662 GC:91   --:1    +
  140   146  0   9.5%   1.560 CG:1    AU:91   +
   84   113  0   9.4%   1.301 CG:91   UG:1    +
   29    35  0   8.9%   0.729 CG:90   UG:2    +
   28    36  0   8.8%   0.735 GU:89   AU:3    +
   83   114  0   9.4%   1.097 GC:92   +
  134   141  0   9.3%   1.410 UA:92   +
   85   112  0   9.3%   1.098 CG:92   +
   27    37  2   8.6%   0.642 GC:90   +
  108   133  0   7.9%   1.508 GC:92   +
   31    80  0   6.4%   0.540 GU:29   AU:63   +
  109   132  0   7.2%   1.364 UG:92   +
   29    40  0   5.9%   0.836 CG:90   UG:2    +
   28    41  0   5.9%   0.836 GU:89   AU:3    +
  107   134  0   6.9%   1.058 AU:92   +
   30    81  1   6.6%   0.777 CG:3    UG:88   +
  127   147  0   6.4%   1.477 CG:92   +
    6   126  2   6.5%   0.713 CG:78   UG:12   +
    5   127  1   6.4%   0.760 GC:91   +
   30    39  1   5.9%   0.571 CG:3    UG:88   +
  132   139  0   4.7%   1.089 GC:22   GU:70   +
   81   118  0   4.3%   0.999 GC:82   GU:10   +
  108   130  0   4.2%   0.753 GC:54   GU:38   +
  133   138  0   5.2%   1.266 CG:91   --:1    +
   42    81  0   5.2%   0.838 CG:92   +
   27    42  2   5.8%   0.718 GC:90   +
    9   125  1   5.1%   0.472 GU:6    AU:85   +
   43    80  1   5.1%   1.400 GU:89   AU:2    +
  109   129  0   3.7%   0.686 UG:1    UA:91   +
   81   115  0   4.5%   0.881 GC:92   +
  105   110  0   4.5%   0.673 GC:92   +
   20   144  0   2.5%   0.428 GC:2    GU:55   AU:35   +
   40    84  0   3.4%   0.993 GC:91   GU:1    +
   80   119  0   4.3%   1.723 UA:92   +
   79   120  1   4.3%   0.793 GC:58   GU:33   +
   41    82  0   4.3%   0.808 UA:92   +
   19   145  1   3.1%   0.408 CG:4    UG:56   UA:31   +
   80   116  1   4.0%   1.553 UA:91   +
   39    85  0   3.4%   0.937 GC:92   +
   17   147  1   3.3%   0.802 CG:88   UG:3    +
   79   117  0   2.2%   0.527 GC:7    GU:85   +
  104   134  0   2.2%   0.674 GU:2    AU:90   +
   97   108  0   3.0%   0.532 CG:92   +
   96   109  0   3.0%   0.493 AU:92   +
   33    80  0   1.9%   0.754 GU:1    AU:91   +
   95   110  0   2.8%   0.481 GC:92   +
   18   146  1   3.2%   0.685 AU:91   +
   78   122  2   2.9%   0.695 UG:6    UA:84   +
   39    84  0   1.5%   0.726 GC:91   GU:1    +
  105   133  0   2.5%   0.847 GC:92   +
    6   113  1   2.3%   0.356 CG:79   UG:12   +
   58    71  0   1.3%   0.209 GU:1    AU:91   +
   45    78  1   2.8%   0.447 AU:91   +
   17   138  0   1.1%   0.230 CG:88   UG:3    --:1    +
    4   144  0   0.1%   0.413 GC:2    GU:51   AU:39   +
   28    89  0   0.1%   0.697 GC:1    GU:88   AU:3    +
   19    28  0   0.0%   0.100 CG:5    UG:84   UA:3    +
   19    27  0   0.0%   0.032 CG:5    UG:85   UA:2    +
    5   130  0   0.0%   0.409 GC:54   GU:37   AU:1    +
    3   146  0   0.0%   0.004 CG:1    GU:1    AU:90   +
    3   125  0   0.0%   0.002 CG:1    GU:1    AU:90   +
   19    94  0   0.0%   0.030 CG:5    UG:86   UA:1    +
   20    46  0   0.0%   0.016 GC:1    GU:56   AU:35   +
    5    19  0   0.0%   0.047 GC:5    GU:86   AU:1    +
   20   117  0   0.0%   0.024 GC:7    GU:50   AU:35   +
   89    94  0   0.0%   0.124 CG:1    UG:90   UA:1    +
    5   144  0   0.0%   0.717 GC:2    GU:89   AU:1    +
    5   117  0   0.0%   0.228 GC:7    GU:84   AU:1    +
   92   146  0   0.0%   0.495 GU:8    UG:1    AU:83   +
   24    40  0   1.0%   0.150 CG:91   UG:1    +
   27   139  0   0.0%   0.627 GC:22   GU:68   AU:2    +
   27   130  0   0.0%   0.615 GC:54   GU:36   AU:2    +
   27   144  0   0.0%   0.785 GC:2    GU:88   AU:2    +
   94   144  0   0.0%   0.278 GC:2    GU:89   AU:1    +
   94   130  0   0.0%   0.092 GC:54   GU:37   AU:1    +
    5    46  0   0.0%   0.119 GC:1    GU:90   AU:1    +
    4    46  0   0.0%   0.108 GC:1    GU:52   AU:39   +
    5    89  0   0.0%   0.129 GC:1    GU:90   AU:1    +
   84   132  0   1.0%   1.106 CG:91   UG:1    +
   24    88  0   0.9%   0.187 CG:91   UG:1    +
   23    41  0   0.9%   0.137 GU:2    AU:90   +
   50    84  0   0.8%   0.603 GC:91   GU:1    +
    5   114  1   2.3%   0.400 GC:91   +
    5    29  1   1.8%   0.261 GC:89   GU:2    +
   19   136  0   0.7%   0.174 CG:5    UG:86   --:1    +
    4    30  2   1.7%   0.244 GC:2    GU:50   AU:38   +
   21   134  0   0.6%   0.392 GU:2    AU:90   +
   34    80  0   1.5%   0.797 AU:92   +
   91   112  0   0.5%   0.444 CG:88   UG:4    +
   58    74  0   0.4%   0.302 GU:1    AU:91   +
   79   118  0   0.4%   0.432 GC:82   GU:10   +
   24   108  0   0.4%   0.254 CG:91   UG:1    +
   61    68  0   1.4%   0.207 GC:92   +
   57    72  0   1.4%   1.007 UG:92   +
   91   136  0   0.4%   0.187 CG:87   UG:4    --:1    +
   23   109  0   0.4%   0.236 GU:2    AU:90   +
   56    73  0   1.4%   0.244 GC:92   +
  109   131  0   0.3%   0.507 UG:2    UA:90   +
  112   118  0   0.3%   0.615 GC:82   GU:10   +
   60    69  0   1.3%   0.201 GU:92   +
   55    74  0   1.3%   0.308 AU:92   +
  104   109  0   0.3%   0.322 GU:2    AU:90   +
  134   142  1   1.8%   1.206 UA:91   +
   77   112  0   1.3%   0.410 CG:92   +
   78   111  0   1.3%   0.477 UA:92   +
   62    71  0   0.3%   0.157 GU:23   AU:69   +
   79   110  0   1.3%   0.401 GC:92   +
   76   113  0   1.3%   0.463 CG:92   +
   28   109  0   0.3%   0.791 GU:89   AU:3    +
   29   108  0   0.3%   0.792 CG:90   UG:2    +
   84   105  0   0.2%   0.486 CG:91   UG:1    +
   10   134  0   0.2%   0.333 GU:34   AU:58   +
  125   140  0   0.2%   0.593 GC:1    UA:91   +
   24   147  0   0.2%   0.655 CG:91   UG:1    +
   35    84  0   0.2%   0.714 GC:91   GU:1    +
   79   130  0   0.2%   0.556 GC:54   GU:38   +
   80   129  0   0.2%   1.465 UG:1    UA:91   +
  113   117  0   0.2%   0.607 GC:7    GU:85   +
   78   131  0   0.2%   0.527 UG:2    UA:90   +
   46   108  0   0.2%   0.172 CG:1    UG:91   +
   81   128  0   0.2%   0.734 GC:91   GU:1    +
  136   144  0   0.2%   0.735 GC:2    GU:89   --:1    +
    6    28  4   1.8%   0.213 CG:76   UG:12   +
  113   128  0   0.2%   0.987 GC:91   GU:1    +
   24    35  0   0.1%   0.033 CG:91   UG:1    +
  118   147  0   0.1%   0.727 CG:82   UG:10   +
   23    36  0   0.1%   0.031 GU:2    AU:90   +
   99   104  0   0.1%   0.046 UG:2    UA:90   +
    4    74  0   0.1%   0.128 GU:53   AU:39   +
   17   136  0   0.1%   0.096 CG:88   UG:3    --:1    +
    5   109  0   0.1%   0.150 GU:91   AU:1    +
   89   113  0   0.1%   0.543 CG:1    UG:91   +
   29    88  0   0.1%   0.696 CG:90   UG:2    +
   79    91  0   0.1%   0.227 GC:88   GU:4    +
   24   132  0   0.1%   0.436 CG:91   UG:1    +
  105   118  0   0.1%   0.393 GC:82   GU:10   +
  108   118  0   0.1%   0.495 GC:82   GU:10   +
  108   117  0   0.1%   0.410 GC:7    GU:85   +
  130   136  0   0.0%   0.322 CG:54   UG:37   --:1    +
   84   108  0   0.0%   0.597 CG:91   UG:1    +
   84   147  0   0.0%   1.216 CG:91   UG:1    +
   54   145  0   0.0%   0.232 UG:60   UA:32   +
   29   138  0   0.0%   0.742 CG:89   UG:2    --:1    +
  113   118  0   0.0%   0.692 GC:82   GU:10   +
    9    71  0   0.0%   0.018 GU:6    AU:86   +
   46    79  0   0.0%   0.190 CG:1    UG:91   +
   86    95  0   1.0%   0.179 CG:92   +
   24   105  0   0.0%   0.125 CG:91   UG:1    +
  134   145  0   0.0%   1.490 UG:60   UA:32   +
   72    84  0   0.0%   1.204 GC:91   GU:1    +
  108   139  0   0.0%   0.705 GC:22   GU:70   +
   72   139  0   0.0%   0.816 GC:22   GU:70   +
  101   109  0   0.0%   0.251 GU:1    AU:91   +
   24   113  0   0.0%   0.237 CG:91   UG:1    +
  130   138  0   0.0%   0.274 CG:54   UG:37   --:1    +
    5    99  0   0.0%   0.137 GU:91   AU:1    +
   78   104  0   0.0%   0.305 UG:2    UA:90   +
   80   104  0   0.0%   1.145 UG:2    UA:90   +
   24   112  0   0.0%   0.154 CG:91   UG:1    +
   24    98  0   0.0%   0.116 CG:91   UG:1    +
   23    99  0   0.0%   0.114 GU:2    AU:90   +
   18    80  0   0.0%   0.012 GU:1    AU:91   +
  130   150  0   0.0%   0.492 CG:48   UG:35   --:9    +
   62    69  0   0.0%   0.089 GU:23   AU:69   +
   31    36  0   0.0%   0.237 GU:29   AU:63   +
   19    79  0   0.0%   0.035 CG:5    UG:87   +
   24    79  0   0.0%   0.068 CG:91   UG:1    +
   24   136  0   0.0%   0.213 CG:90   UG:1    --:1    +
   39   139  0   0.0%   0.594 GC:22   GU:70   +
  112   117  0   0.0%   0.481 GC:7    GU:85   +
   23    80  0   0.0%   0.067 GU:2    AU:90   +
   24   138  0   0.0%   0.221 CG:90   UG:1    --:1    +
   21    99  0   0.0%   0.018 GU:2    AU:90   +
   11   134  0   0.0%   0.299 GU:5    AU:87   +
   20    78  0   0.0%   0.025 GU:57   AU:35   +
  109   124  0   0.0%   0.312 UG:3    UA:89   +
   11    99  0   0.0%   0.014 GU:5    AU:87   +
   18    78  0   0.0%   0.006 GU:1    AU:91   +
   20   134  0   0.0%   0.322 GU:57   AU:35   +
  138   144  0   0.0%   0.816 GC:2    GU:89   --:1    +
  112   130  0   0.0%   0.799 GC:54   GU:38   +
   84   138  0   0.0%   0.804 CG:90   UG:1    --:1    +
   83   139  0   0.0%   0.613 GC:22   GU:70   +
   39   128  0   0.0%   0.569 GC:91   GU:1    +
   81    91  0   0.0%   0.423 GC:88   GU:4    +
   84    98  0   0.0%   0.434 CG:91   UG:1    +
   84    88  0   0.0%   0.472 CG:91   UG:1    +
   33   134  0   0.0%   0.403 GU:1    AU:91   +
   19   108  0   0.0%   0.110 CG:5    UG:87   +
   47    81  0   0.0%   0.368 CG:5    UG:87   +
   18   109  0   0.0%   0.082 GU:1    AU:91   +
   83    89  0   0.0%   0.354 GC:1    GU:91   +
   24    39  0   0.0%   0.013 CG:91   UG:1    +
  105   139  0   0.0%   0.365 GC:22   GU:70   +
   32    36  0   0.0%   0.234 GU:38   AU:54   +
   57    63  0   0.0%   0.004 UG:2    UA:90   +
  108   128  0   0.0%   0.347 GC:91   GU:1    +
   63    69  0   0.0%   0.087 GU:2    AU:90   +
   58    80  0   0.0%   1.215 GU:1    AU:91   +
  113   139  0   0.0%   0.802 GC:22   GU:70   +
   27    36  0   0.0%   0.026 GU:90   AU:2    +
   47    79  0   0.0%   0.177 CG:5    UG:87   +
   57    62  0   0.0%   0.003 UG:23   UA:69   +
   22   134  0   0.0%   0.327 GU:2    AU:90   +
  129   134  0   0.0%   0.848 GU:1    AU:91   +
   63    71  0   0.0%   0.125 GU:2    AU:90   +
   91    95  0   0.0%   0.105 CG:88   UG:4    +
   24    81  0   0.0%   0.064 CG:91   UG:1    +
   88   139  0   0.0%   0.149 GC:22   GU:70   +
   58    69  0   0.0%   0.025 GU:1    AU:91   +
   47   105  0   0.0%   0.026 CG:5    UG:87   +
   40    46  0   0.0%   0.229 GC:1    GU:91   +
   14   138  0   0.0%   0.102 CG:6    UG:85   --:1    +
   19   147  0   0.0%   0.653 CG:5    UG:87   +
   88   117  0   0.0%   0.204 GC:7    GU:85   +
   35   118  0   0.0%   0.515 GC:82   GU:10   +
   47   108  0   0.0%   0.140 CG:5    UG:87   +
   79   139  0   0.0%   0.554 GC:22   GU:70   +
   39    47  0   0.0%   0.175 GC:5    GU:87   +
   19    35  0   0.0%   0.030 CG:5    UG:87   +
   79    84  0   0.0%   0.631 GC:91   GU:1    +
  142   146  0   0.0%   1.164 CG:1    AU:91   +
   19   113  0   0.0%   0.127 CG:5    UG:87   +
   33    78  0   0.0%   0.007 GU:1    AU:91   +
   18    36  0   0.0%   0.006 GU:1    AU:91   +
    4    78  0   0.0%   0.116 GU:53   AU:39   +
   67    80  0   0.0%   1.209 GU:1    AU:91   +
   11   109  0   0.0%   0.017 GU:5    AU:87   +
   19   138  0   0.0%   0.145 CG:5    UG:86   --:1    +
   89   138  0   0.0%   0.194 CG:1    UG:90   --:1    +
   91   113  0   0.0%   0.496 CG:88   UG:4    +
   10   109  0   0.0%   0.027 GU:34   AU:58   +
   88   118  0   0.0%   0.281 GC:82   GU:10   +
   29   113  0   0.0%   0.759 CG:90   UG:2    +
  130   147  0   0.0%   1.458 CG:54   UG:38   +
  105   128  0   0.0%   0.236 GC:91   GU:1    +
   39   144  0   0.0%   0.749 GC:2    GU:90   +
   89    95  0   0.0%   0.111 CG:1    UG:91   +
    5    36  0   0.0%   0.120 GU:91   AU:1    +
   47   136  0   0.0%   0.080 CG:5    UG:86   --:1    +
   84    95  0   0.0%   0.428 CG:91   UG:1    +
  120   138  0   0.0%   0.271 CG:58   UG:33   --:1    +
  105   130  0   0.0%   0.243 GC:54   GU:38   +
  116   146  0   0.0%   0.972 UG:1    AU:91   +
   22    99  0   0.0%   0.014 GU:2    AU:90   +
    9    78  0   0.0%   0.013 GU:6    AU:86   +
   19   112  0   0.0%   0.047 CG:5    UG:87   +
   99   129  0   0.0%   0.072 UG:1    UA:91   +
    5    80  0   0.0%   0.128 GU:91   AU:1    +
  124   134  0   0.0%   1.083 GU:3    AU:89   +
   32   134  0   0.0%   0.668 GU:38   AU:54   +
   14   136  0   0.0%   0.102 CG:6    UG:85   --:1    +
   98   130  0   0.0%   0.130 GC:54   GU:38   +
   40    47  0   0.0%   0.223 GC:5    GU:87   +
   22    41  0   0.0%   0.003 GU:2    AU:90   +
   20    99  0   0.0%   0.028 GU:57   AU:35   +
   89   147  0   0.0%   0.600 CG:1    UG:91   +
   81   117  0   0.0%   0.651 GC:7    GU:85   +
   29   112  0   0.0%   0.679 CG:90   UG:2    +
  105   117  0   0.0%   0.305 GC:7    GU:85   +
   35   117  0   0.0%   0.514 GC:7    GU:85   +
   22   109  0   0.0%   0.080 GU:2    AU:90   +
   19    50  0   0.0%   0.027 CG:5    UG:87   +
    9   109  0   0.0%   0.019 GU:6    AU:86   +
   39   118  0   0.0%   0.568 GC:82   GU:10   +
   10    99  0   0.0%   0.021 GU:34   AU:58   +
   20   109  0   0.0%   0.098 GU:57   AU:35   +
   45   125  0   0.0%   0.282 UG:1    AU:91   +
   29   147  0   0.0%   1.145 CG:90   UG:2    +
   69   131  0   0.0%   0.093 UG:2    UA:90   +
   40   117  0   0.0%   0.552 GC:7    GU:85   +
   18    99  0   0.0%   0.013 GU:1    AU:91   +
   23   134  0   0.0%   0.442 GU:2    AU:90   +
    5   134  0   0.0%   0.959 GU:91   AU:1    +
   19   105  0   0.0%   0.039 CG:5    UG:87   +
   35   130  0   0.0%   0.522 GC:54   GU:38   +
   71   129  0   0.0%   0.123 UG:1    UA:91   +
  113   130  0   0.0%   0.884 GC:54   GU:38   +
   78   124  0   0.0%   0.489 UG:3    UA:89   +
   60    91  0   0.0%   0.098 GC:88   GU:4    +
   18   134  0   0.0%   0.296 GU:1    AU:91   +
   36   129  0   0.0%   0.278 UG:1    UA:91   +
   21   109  0   0.0%   0.082 GU:2    AU:90   +
  120   136  0   0.0%   0.323 CG:58   UG:33   --:1    +
   72   128  0   0.0%   0.785 GC:91   GU:1    +
   88   130  0   0.0%   0.137 GC:54   GU:38   +
  112   144  0   0.0%   0.880 GC:2    GU:90   +
   24    56  0   0.0%   0.057 CG:91   UG:1    +
   29    81  0   0.0%   0.457 CG:90   UG:2    +
  132   144  0   0.0%   1.589 GC:2    GU:90   +
  112   139  0   0.0%   0.713 GC:22   GU:70   +
   23    57  0   0.0%   0.056 GU:2    AU:90   +
   91    98  0   0.0%   0.112 CG:88   UG:4    +
   99   145  0   0.0%   0.187 UG:60   UA:32   +
    5   128  0   0.0%   0.407 GC:91   AU:1    +
    4   109  0   0.0%   0.118 GU:53   AU:39   +
   29   136  0   0.0%   0.726 CG:89   UG:2    --:1    +
   39    46  0   0.0%   0.181 GC:1    GU:91   +
    4    99  0   0.0%   0.116 GU:53   AU:39   +
    9    99  0   0.0%   0.015 GU:6    AU:86   +
   91   105  0   0.0%   0.062 CG:88   UG:4    +
   74   124  0   0.0%   0.204 UG:3    UA:89   +
   56    91  0   0.0%   0.121 GC:88   GU:4    +
   11    69  0   0.0%   0.007 GU:5    AU:87   +
   99   124  0   0.0%   0.060 UG:3    UA:89   +
  139   150  0   0.0%   0.449 CG:19   UG:64   --:9    +
    9    80  0   0.0%   0.013 GU:6    AU:86   +
   19    98  0   0.0%   0.034 CG:5    UG:87   +
  118   138  0   0.0%   0.297 CG:81   UG:10   --:1    +
   33   109  0   0.0%   0.189 GU:1    AU:91   +
  118   136  0   0.0%   0.350 CG:81   UG:10   --:1    +
   61    84  0   0.0%   0.486 GC:91   GU:1    +
   98   118  0   0.0%   0.274 GC:82   GU:10   +
   36   124  0   0.0%   0.277 UG:3    UA:89   +
   60   139  0   0.0%   0.122 GC:22   GU:70   +
   19    40  0   0.0%   0.026 CG:5    UG:87   +
   18    41  0   0.0%   0.002 GU:1    AU:91   +
   11    80  0   0.0%   0.007 GU:5    AU:87   +
   83   117  0   0.0%   0.615 GC:7    GU:85   +
   36   101  0   0.0%   0.270 UG:1    UA:91   +
   91   147  0   0.0%   0.548 CG:88   UG:4    +
  118   150  0   0.0%   0.224 CG:73   UG:10   --:9    +
   84   112  0   0.0%   0.556 CG:91   UG:1    +
    9   134  0   0.0%   0.437 GU:6    AU:86   +
   36   131  0   0.0%   0.283 UG:2    UA:90   +
   47    83  0   0.0%   0.260 CG:5    UG:87   +
   78    94  0   0.0%   0.308 UG:91   UA:1    +
   22    36  0   0.0%   0.006 GU:2    AU:90   +
   46    88  0   0.0%   0.069 CG:1    UG:91   +
   29    39  0   0.0%   0.288 CG:90   UG:2    +
   98   139  0   0.0%   0.141 GC:22   GU:70   +
   89   132  0   0.0%   0.453 CG:1    UG:91   +
   24    83  0   0.0%   0.061 CG:91   UG:1    +
   19   132  0   0.0%   0.321 CG:5    UG:87   +
   33    99  0   0.0%   0.090 GU:1    AU:91   +
  128   132  0   0.0%   0.856 CG:91   UG:1    +
   28    80  0   0.0%   0.467 GU:89   AU:3    +
   81   139  0   0.0%   0.780 GC:22   GU:70   +
   91   108  0   0.0%   0.179 CG:88   UG:4    +
   39    91  0   0.0%   0.531 GC:88   GU:4    +
   54    58  0   0.0%   0.001 UG:1    UA:91   +
   80   101  0   0.0%   1.134 UG:1    UA:91   +
   62    74  0   0.0%   0.219 GU:23   AU:69   +
   29    98  0   0.0%   0.652 CG:90   UG:2    +
   29   105  0   0.0%   0.657 CG:90   UG:2    +
   29   132  0   0.0%   0.948 CG:90   UG:2    +
   50   139  0   0.0%   0.174 GC:22   GU:70   +
   28    99  0   0.0%   0.661 GU:89   AU:3    +
   63    74  0   0.0%   0.203 GU:2    AU:90   +
   61   139  0   0.0%   0.094 GC:22   GU:70   +
   32    78  0   0.0%   0.007 GU:38   AU:54   +
   32    99  0   0.0%   0.357 GU:38   AU:54   +
   27    41  0   0.0%   0.265 GU:90   AU:2    +
   29    79  0   0.0%   0.460 CG:90   UG:2    +
   21    41  0   0.0%   0.002 GU:2    AU:90   +
   35    46  0   0.0%   0.243 GC:1    GU:91   +
  105   144  0   0.0%   0.533 GC:2    GU:90   +
   46    50  0   0.0%   0.056 CG:1    UG:91   +
  118   132  0   0.0%   0.798 CG:82   UG:10   +
   21    78  0   0.0%   0.008 GU:2    AU:90   +
   19    39  0   0.0%   0.025 CG:5    UG:87   +
   81   130  0   0.0%   0.729 GC:54   GU:38   +
   21    36  0   0.0%   0.005 GU:2    AU:90   +
   56    84  0   0.0%   0.537 GC:91   GU:1    +
   74   131  0   0.0%   0.210 UG:2    UA:90   +
   11    78  0   0.0%   0.008 GU:5    AU:87   +
   20    36  0   0.0%   0.019 GU:57   AU:35   +
   54   124  0   0.0%   0.106 UG:3    UA:89   +
   80   131  0   0.0%   1.459 UG:2    UA:90   +
   83   118  0   0.0%   0.691 GC:82   GU:10   +
   98   117  0   0.0%   0.198 GC:7    GU:85   +
   10    36  0   0.0%   0.017 GU:34   AU:58   +
  125   142  0   0.0%   0.586 GC:1    UA:91   +
  101   134  0   0.0%   0.396 GU:1    AU:91   +
   10    69  0   0.0%   0.018 GU:34   AU:58   +
   94    99  0   0.0%   0.085 GU:91   AU:1    +
   99   131  0   0.0%   0.077 UG:2    UA:90   +
   20    80  0   0.0%   0.025 GU:57   AU:35   +
   22    78  0   0.0%   0.006 GU:2    AU:90   +
   67    71  0   0.0%   0.198 GU:1    AU:91   +
   81    89  0   0.0%   0.450 GC:1    GU:91   +
   10    78  0   0.0%   0.018 GU:34   AU:58   +
   72   118  0   0.0%   0.786 GC:82   GU:10   +
   35   139  0   0.0%   0.540 GC:22   GU:70   +
   11    36  0   0.0%   0.006 GU:5    AU:87   +
   24    50  0   0.0%   0.058 CG:91   UG:1    +
   31    78  0   0.0%   0.009 GU:29   AU:63   +
   19    83  0   0.0%   0.029 CG:5    UG:87   +
   46    81  0   0.0%   0.377 CG:1    UG:91   +
   10    80  0   0.0%   0.018 GU:34   AU:58   +
   47    72  0   0.0%   0.016 CG:5    UG:87   +
   22    80  0   0.0%   0.007 GU:2    AU:90   +
   19    81  0   0.0%   0.030 CG:5    UG:87   +
   20    41  0   0.0%   0.015 GU:57   AU:35   +
   36    58  0   0.0%   0.232 UG:1    UA:91   +
   41    67  0   0.0%   0.246 UG:1    UA:91   +
   27    80  0   0.0%   0.395 GU:90   AU:2    +
    5    41  0   0.0%   0.119 GU:91   AU:1    +
   84   136  0   0.0%   0.804 CG:90   UG:1    --:1    +
    4    36  0   0.0%   0.108 GU:53   AU:39   +
    9    36  0   0.0%   0.009 GU:6    AU:86   +
   19    88  0   0.0%   0.028 CG:5    UG:87   +
  113   144  0   0.0%   0.967 GC:2    GU:90   +
   36   104  0   0.0%   0.270 UG:2    UA:90   +
   80   124  0   0.0%   1.431 UG:3    UA:89   +
   32   109  0   0.0%   0.456 GU:38   AU:54   +
   89   108  0   0.0%   0.269 CG:1    UG:91   +
   21    80  0   0.0%   0.009 GU:2    AU:90   +
   83    91  0   0.0%   0.304 GC:88   GU:4    +
   41   124  0   0.0%   0.602 UG:3    UA:89   +
   23    78  0   0.0%   0.060 GU:2    AU:90   +
   98   144  0   0.0%   0.301 GC:2    GU:90   +
   46   105  0   0.0%   0.036 CG:1    UG:91   +
  108   144  0   0.0%   0.877 GC:2    GU:90   +
   94   109  0   0.0%   0.208 GU:91   AU:1    +
   12   109  0   1.0%   0.150 AU:92   +
   41    83  0   1.0%   0.861 UG:92   +
   83   133  0   1.0%   0.956 GC:92   +
   82   134  0   1.0%   0.634 AU:92   +
   54    75  0   0.9%   0.300 UA:92   +
   52    81  0   0.9%   0.872 CG:92   +
   53    80  0   0.9%   1.246 AU:92   +
   51    83  0   0.8%   0.764 CG:92   +
   57    66  0   0.8%   0.125 UA:92   +
   54    79  0   0.8%   0.352 UG:92   +
   23    89  1   0.8%   0.175 GU:2    AU:89   +
   40    51  0   0.8%   0.331 GC:92   +
   39    52  0   0.8%   0.283 GC:92   +
   87    94  1   1.3%   0.183 CG:91   +
  133   147  0   0.8%   1.945 CG:92   +
  113   133  0   0.7%   1.481 GC:92   +
  114   132  0   0.7%   1.388 CG:92   +
   55    78  0   0.7%   0.436 AU:92   +
   13   108  2   1.1%   0.207 CG:87   UG:3    +
  112   134  0   0.7%   1.426 GU:92   +
   41    50  0   0.7%   0.317 UG:92   +
   40   114  0   0.7%   0.709 GC:92   +
   39   115  0   0.7%   0.636 GC:92   +
   41   113  0   0.7%   0.772 UG:92   +
  110   136  0   0.7%   0.562 CG:91   --:1    +
   42   112  0   0.7%   0.454 CG:92   +
   11   144  2   1.0%   0.168 GU:5    AU:85   +
  109   137  0   0.6%   0.744 UA:91   --:1    +
   81   135  2   0.9%   0.904 GC:4    GU:85   --:1    +
   28   139  1   0.0%   0.692 GC:21   GU:68   AU:2    +
    5    13  2   0.9%   0.125 GC:87   GU:3    +
   90   113  0   0.5%   0.578 CG:92   +
   43    47  1   0.0%   0.013 GC:5    GU:84   AU:2    +
   20    30  1   0.0%   0.084 GC:3    GU:53   AU:35   +
   27   118  1   0.0%   0.611 GC:81   GU:9    AU:1    +
    4    19  1   0.0%   0.042 GC:4    GU:49   AU:38   +
   13   126  1   0.0%   0.295 CG:87   GC:1    UG:3    +
   28   117  1   0.0%   0.666 GC:6    GU:83   AU:2    +
   19    43  1   0.0%   0.028 CG:5    UG:84   UA:2    +
   27   120  1   0.0%   0.615 GC:58   GU:31   AU:2    +
   14    28  1   0.0%   0.144 CG:6    UG:82   UA:3    +
   43   130  1   0.0%   0.172 GC:53   GU:36   AU:2    +
   31   144  1   0.0%   0.355 GC:1    GU:28   AU:62   +
   14    94  1   0.0%   0.072 CG:6    UG:84   UA:1    +
  122   146  1   0.0%   0.593 GU:6    UG:1    AU:84   +
   28   130  1   0.0%   0.671 GC:53   GU:36   AU:2    +
   56    77  0   0.5%   0.308 GC:92   +
  136   143  0   0.5%   0.590 GC:91   --:1    +
   57    75  0   0.5%   0.445 UA:92   +
   20   135  4   0.8%   0.174 GC:2    GU:52   AU:33   --:1    +
   17   108  1   0.4%   0.148 CG:88   UG:3    +
   93   134  0   0.4%   0.441 AU:92   +
   16   109  1   0.4%   0.122 GU:1    AU:90   +
  110   132  0   0.4%   0.927 CG:92   +
   50    74  0   0.4%   0.236 GU:92   +
   60    73  0   0.3%   0.234 GC:92   +
  108   114  0   0.3%   0.712 GC:92   +
   80   136  0   0.3%   1.568 UG:91   --:1    +
   78   119  0   0.3%   0.424 UA:92   +
    6   136  1   0.3%   0.694 CG:78   UG:12   --:1    +
  109   113  0   0.3%   0.791 UG:92   +
    6   138  1   0.3%   0.708 CG:78   UG:12   --:1    +
   36    82  0   0.3%   0.291 UA:92   +
    5   139  1   0.3%   0.739 GC:21   GU:70   +
   48    74  0   0.3%   0.067 AU:92   +
  138   143  0   0.3%   0.695 GC:91   --:1    +
  132   148  1   0.8%   1.805 GC:91   +
   86   108  0   0.3%   0.307 CG:92   +
  127   132  0   0.3%   1.054 CG:92   +
    4    14  6   0.8%   0.119 GC:1    GU:52   AU:33   +
  126   139  1   0.2%   0.976 GC:21   GU:70   +
  127   138  0   0.2%   0.567 CG:91   --:1    +
   86   105  0   0.2%   0.173 CG:92   +
   56    76  0   0.2%   0.257 GC:92   +
   37    81  0   0.2%   0.595 CG:92   +
  106   134  0   0.2%   0.538 AU:92   +
   86    98  0   0.2%   0.128 CG:92   +
   99   106  0   0.2%   0.079 UA:92   +
   88   114  0   0.2%   0.480 GC:92   +
   88   115  0   0.2%   0.320 GC:92   +
   39    86  0   0.2%   0.566 GC:92   +
  112   120  1   0.2%   0.596 GC:58   GU:33   +
   40    85  0   0.2%   0.841 GC:92   +
   80   108  0   0.2%   1.320 UG:92   +
   86   112  0   0.2%   0.494 CG:92   +
   59    72  0   0.2%   0.802 CG:92   +
   36    83  0   0.2%   0.483 UG:92   +
  128   136  0   0.2%   0.425 CG:91   --:1    +
   77   132  0   0.2%   0.562 CG:92   +
  118   126  1   0.2%   1.091 CG:81   UG:10   +
    6   150  1   0.2%   1.054 CG:70   UG:12   --:9    +
   83   127  0   0.1%   0.736 GC:92   +
   84   126  1   0.1%   0.880 CG:90   UG:1    +
   60    71  0   0.1%   0.185 GU:92   +
  108   115  0   0.1%   0.528 GC:92   +
  134   140  1   0.6%   0.828 UA:91   +
   81    90  0   0.1%   0.437 GC:92   +
   85   113  0   0.1%   0.984 CG:92   +
  108   120  1   0.1%   0.491 GC:58   GU:33   +
  108   143  0   0.1%   0.726 GC:92   +
   81   110  0   0.1%   0.513 GC:92   +
   82   109  0   0.1%   0.315 AU:92   +
  109   119  0   0.1%   0.481 UA:92   +
    6   108  1   0.1%   0.108 CG:79   UG:12   +
  105   143  0   0.1%   0.380 GC:92   +
  102   109  0   0.1%   0.268 AU:92   +
   78   107  0   0.1%   0.324 UA:92   +
   38    80  0   0.1%   1.085 AU:92   +
   77   108  0   0.1%   0.328 CG:92   +
   43    74  1   0.1%   0.034 GU:89   AU:2    +
    6    72  1   0.1%   0.093 CG:79   UG:12   +
   99   105  0   0.1%   0.104 UG:92   +
   14   112  1   0.1%   0.101 CG:6    UG:85   +
   80   111  0   0.1%   1.235 UA:92   +
   42    50  0   0.1%   0.222 CG:92   +
   78   137  0   0.1%   0.524 UA:91   --:1    +
   78    93  0   0.1%   0.310 UA:92   +
   98   143  0   0.1%   0.148 GC:92   +
   77   138  0   0.1%   0.346 CG:91   --:1    +
   36    81  0   0.1%   0.435 UG:92   +
   17   105  1   0.1%   0.042 CG:88   UG:3    +
   90   112  0   0.1%   0.425 CG:92   +
  120   126  1   0.1%   1.064 CG:58   UG:33   +
   76    95  0   0.1%   0.168 CG:92   +
  105   114  0   0.1%   0.589 GC:92   +
   99   108  0   0.1%   0.344 UG:92   +
  139   145  2   0.1%   0.663 CG:20   UG:40   UA:30   +
  103   109  0   0.1%   0.272 AU:92   +
  113   120  1   0.1%   0.677 GC:58   GU:33   +
   80   105  0   0.1%   1.170 UG:92   +
   98   110  0   0.1%   0.301 GC:92   +
   99   107  0   0.1%   0.069 UA:92   +
  105   115  0   0.1%   0.420 GC:92   +
   35   143  0   0.1%   0.538 GC:92   +
   14    27  2   0.1%   0.079 CG:5    UG:84   UA:1    +
   36   113  0   0.1%   0.382 UG:92   +
   35   114  0   0.1%   0.606 GC:92   +
   37   112  0   0.1%   0.411 CG:92   +
   21    46  1   0.1%   0.014 GU:2    AU:89   +
   97   105  0   0.1%   0.107 CG:92   +
   61    73  0   0.1%   0.198 GC:92   +
   30    83  1   0.1%   0.614 CG:3    UG:88   +
   23    46  1   0.1%   0.071 GU:2    AU:89   +
  137   146  0   0.0%   0.891 AU:91   --:1    +
   56   143  0   0.0%   0.144 GC:92   +
   24   126  1   0.0%   0.327 CG:90   UG:1    +
   60    74  0   0.0%   0.298 GU:92   +
   50    77  0   0.0%   0.247 GC:92   +
   78    92  1   0.0%   0.298 UG:8    UA:83   +
   99   103  0   0.0%   0.026 UA:92   +
   17    35  1   0.0%   0.019 CG:88   UG:3    +
  136   148  0   0.0%   0.866 GC:91   --:1    +
   83   109  0   0.0%   0.443 GU:92   +
   49    78  0   0.0%   0.317 AU:92   +
   16    36  1   0.0%   0.011 GU:1    AU:90   +
   17   126  1   0.0%   0.239 CG:88   UG:3    +
   83   115  0   0.0%   0.710 GC:92   +
   73    83  0   0.0%   0.428 CG:92   +
   10   146  1   0.0%   0.399 GU:33   AU:58   +
   35   133  0   0.0%   0.804 GC:92   +
   74    82  0   0.0%   0.361 UA:92   +
   73   138  0   0.0%   0.216 CG:91   --:1    +
    5    17  1   0.0%   0.052 GC:88   GU:3    +
   60    68  0   0.0%   0.033 GC:92   +
   74   137  0   0.0%   0.215 UA:91   --:1    +
   80   106  0   0.0%   1.154 UA:92   +
  109   147  0   0.0%   1.178 UG:92   +
  108   127  0   0.0%   0.527 GC:92   +
   81    86  0   0.0%   0.435 GC:92   +
   36   132  0   0.0%   0.573 UG:92   +
   77   105  0   0.0%   0.196 CG:92   +
   57    64  1   0.0%   0.010 UG:2    UA:89   +
   34    78  0   0.0%   0.014 AU:92   +
   35   120  1   0.0%   0.526 GC:58   GU:33   +
   52    60  0   0.0%   0.045 CG:92   +
   51   113  0   0.0%   0.578 CG:92   +
    6    98  1   0.0%   0.088 CG:79   UG:12   +
   90   138  0   0.0%   0.186 CG:91   --:1    +
   51    61  0   0.0%   0.046 CG:92   +
   50   114  0   0.0%   0.279 GC:92   +
   52   112  0   0.0%   0.496 CG:92   +
  105   109  0   0.0%   0.347 GU:92   +
   17    81  1   0.0%   0.022 CG:88   UG:3    +
   52   147  0   0.0%   0.927 CG:92   +
   36   119  0   0.0%   0.282 UA:92   +
   35    77  0   0.0%   0.239 GC:92   +
  138   146  0   0.0%   1.129 GU:91   --:1    +
   42    83  0   0.0%   0.582 CG:92   +
   34   134  0   0.0%   0.397 AU:92   +
   87   108  0   0.0%   0.316 CG:92   +
   17   112  1   0.0%   0.069 CG:88   UG:3    +
   42   136  0   0.0%   0.437 CG:91   --:1    +
   41   137  0   0.0%   0.610 UA:91   --:1    +
   14    43  2   0.0%   0.076 CG:5    UG:84   UA:1    +
   95   114  0   0.0%   0.567 GC:92   +
   57    65  0   0.0%   0.011 UA:92   +
   36   147  0   0.0%   0.772 UG:92   +
   36    79  0   0.0%   0.245 UG:92   +
   99   111  0   0.0%   0.124 UA:92   +
   17    79  1   0.0%   0.019 CG:88   UG:3    +
   64    69  1   0.0%   0.092 GU:2    AU:89   +
   80   107  0   0.0%   1.159 UA:92   +
    6   105  1   0.0%   0.089 CG:79   UG:12   +
   51   147  0   0.0%   0.926 CG:92   +
   25    78  0   0.0%   0.010 AU:92   +
   17    98  1   0.0%   0.028 CG:88   UG:3    +
    3   134  1   0.0%   0.006 GU:1    AU:90   +
   16    80  1   0.0%   0.010 GU:1    AU:90   +
   16    99  1   0.0%   0.017 GU:1    AU:90   +
   13   136  1   0.0%   0.141 CG:87   UG:3    --:1    +
   85   105  0   0.0%   0.359 CG:92   +
   22    46  1   0.0%   0.011 GU:2    AU:89   +
   76   108  0   0.0%   0.290 CG:92   +
   13   138  1   0.0%   0.141 CG:87   UG:3    --:1    +
    6   112  1   0.0%   0.097 CG:79   UG:12   +
  134   138  0   0.0%   0.981 UG:91   --:1    +
    5    14  1   0.0%   0.085 GC:6    GU:85   +
   83    99  0   0.0%   0.316 GU:92   +
   75   109  0   0.0%   0.343 AU:92   +
    5   118  1   0.0%   0.232 GC:81   GU:10   +
   78   106  0   0.0%   0.306 UA:92   +
   12    99  0   0.0%   0.011 AU:92   +
   17   132  1   0.0%   0.340 CG:88   UG:3    +
   40   127  0   0.0%   0.730 GC:92   +
   97   113  0   0.0%   0.615 CG:92   +
   88   120  1   0.0%   0.265 GC:58   GU:33   +
   76    81  0   0.0%   0.551 CG:92   +
   30    35  1   0.0%   0.302 CG:3    UG:88   +
    5    24  1   0.0%   0.049 GC:90   GU:1    +
   77    83  0   0.0%   0.462 CG:92   +
   80    92  1   0.0%   1.140 UG:8    UA:83   +
   42    72  0   0.0%   0.183 CG:92   +
  111   134  0   0.0%   0.747 AU:92   +
   48    80  0   0.0%   1.109 AU:92   +
   50    76  0   0.0%   0.236 GC:92   +
   12    36  0   0.0%   0.004 AU:92   +
   72   127  0   0.0%   0.965 GC:92   +
   79   143  0   0.0%   0.546 GC:92   +
    5   120  1   0.0%   0.235 GC:58   GU:33   +
   52    79  0   0.0%   0.561 CG:92   +
   43    71  1   0.0%   0.011 GU:89   AU:2    +
   53    78  0   0.0%   0.285 AU:92   +
   17   113  1   0.0%   0.148 CG:88   UG:3    +
   48    78  0   0.0%   0.265 AU:92   +
  112   127  0   0.0%   0.612 GC:92   +
   78    82  0   0.0%   0.445 UA:92   +
   10   125  1   0.0%   0.176 GU:33   AU:58   +
   59    79  0   0.0%   0.222 CG:92   +
   40    86  0   0.0%   0.540 GC:92   +
   78   123  1   0.0%   0.490 UG:2    UA:89   +
  105   120  1   0.0%   0.370 GC:58   GU:33   +
    6    83  1   0.0%   0.083 CG:79   UG:12   +
   39    87  0   0.0%   0.533 GC:92   +
    5    84  1   0.0%   0.130 GC:90   GU:1    +
   14   147  1   0.0%   0.447 CG:6    UG:85   +
  110   147  0   0.0%   0.883 CG:92   +
   90   105  0   0.0%   0.113 CG:92   +
   60    78  0   0.0%   0.384 GU:92   +
   61    77  0   0.0%   0.234 GC:92   +
  114   138  0   0.0%   0.853 CG:91   --:1    +
   86   113  0   0.0%   0.562 CG:92   +
   19    31  2   0.0%   0.025 CG:3    UG:26   UA:61   +
   99   147  0   0.0%   0.563 UG:92   +
  112   133  0   0.0%   1.287 GC:92   +
   86   136  0   0.0%   0.226 CG:91   --:1    +
   97   112  0   0.0%   0.534 CG:92   +
   17    40  1   0.0%   0.013 CG:88   UG:3    +
   37   105  0   0.0%   0.394 CG:92   +
   11    46  1   0.0%   0.008 GU:5    AU:86   +
   87   112  0   0.0%   0.493 CG:92   +
   16    41  1   0.0%   0.006 GU:1    AU:90   +
   50   133  0   0.0%   0.435 GC:92   +
   51   132  0   0.0%   0.729 CG:92   +
   76    83  0   0.0%   0.445 CG:92   +
   73    79  0   0.0%   0.338 CG:92   +
  143   147  0   0.0%   1.659 CG:92   +
   61    71  0   0.0%   0.169 GU:92   +
   36   106  0   0.0%   0.272 UA:92   +
  114   147  0   0.0%   1.260 CG:92   +
   49   134  0   0.0%   0.393 AU:92   +
   14   105  1   0.0%   0.077 CG:6    UG:85   +
   99   141  0   0.0%   0.063 UA:92   +
   25    80  0   0.0%   0.011 AU:92   +
   14   108  1   0.0%   0.130 CG:6    UG:85   +
  126   130  1   0.0%   1.037 GC:54   GU:37   +
   57    70  0   0.0%   0.148 UA:92   +
   99   113  0   0.0%   0.521 UG:92   +
   79    86  0   0.0%   0.238 GC:92   +
   98   114  0   0.0%   0.477 GC:92   +
  125   131  1   0.0%   0.588 UG:2    UA:89   +
    4   117  2   0.0%   0.120 GC:5    GU:48   AU:37   +
   75   134  0   0.0%   0.547 AU:92   +
   35    86  0   0.0%   0.518 GC:92   +
   81    87  0   0.0%   0.408 GC:92   +
    6    50  1   0.0%   0.074 CG:79   UG:12   +
   56    71  0   0.0%   0.062 GU:92   +
   11   146  1   0.0%   0.404 GU:5    AU:86   +
   80   102  0   0.0%   1.136 UA:92   +
   72    80  0   0.0%   1.912 GU:92   +
   80   103  0   0.0%   1.136 UA:92   +
   80   137  0   0.0%   1.474 UA:91   --:1    +
   22    89  1   0.0%   0.004 GU:2    AU:89   +
   78   138  0   0.0%   0.591 UG:91   --:1    +
   60    87  0   0.0%   0.100 GC:92   +
   35    76  0   0.0%   0.232 GC:92   +
   61    86  0   0.0%   0.095 GC:92   +
   36    75  0   0.0%   0.234 UA:92   +
   59    88  0   0.0%   0.062 CG:92   +
   35   127  0   0.0%   0.693 GC:92   +
  103   134  0   0.0%   0.404 AU:92   +
   61    76  0   0.0%   0.216 GC:92   +
   81   109  0   0.0%   0.542 GU:92   +
   68    79  0   0.0%   0.295 CG:92   +
   30   136  1   0.0%   0.487 CG:3    UG:87   --:1    +
   88   143  0   0.0%   0.137 GC:92   +
   14    39  1   0.0%   0.071 CG:6    UG:85   +
   50   127  0   0.0%   0.329 GC:92   +
   51    79  0   0.0%   0.561 CG:92   +
   58    89  1   0.0%   0.129 GU:1    AU:90   +
   81    85  0   0.0%   0.719 GC:92   +
   57    81  0   0.0%   0.606 UG:92   +
   60    77  0   0.0%   0.259 GC:92   +
  115   136  0   0.0%   0.681 CG:91   --:1    +
  131   146  1   0.0%   1.186 GU:2    AU:89   +
   12    80  0   0.0%   0.004 AU:92   +
   12    41  0   0.0%   0.002 AU:92   +
   50    80  0   0.0%   1.196 GU:92   +
   76   136  0   0.0%   0.285 CG:91   --:1    +
  110   138  0   0.0%   0.476 CG:91   --:1    +
    6    35  1   0.0%   0.073 CG:79   UG:12   +
   60    76  0   0.0%   0.243 GC:92   +
  120   150  1   0.0%   0.199 CG:51   UG:31   --:9    +
   86   147  0   0.0%   0.628 CG:92   +
    6    79  1   0.0%   0.081 CG:79   UG:12   +
   37   136  0   0.0%   0.451 CG:91   --:1    +
   90   136  0   0.0%   0.182 CG:91   --:1    +
   85    95  0   0.0%   0.325 CG:92   +
   77    81  0   0.0%   0.566 CG:92   +
   40   143  0   0.0%   0.563 GC:92   +
   79    85  0   0.0%   0.528 GC:92   +
   30   112  1   0.0%   0.440 CG:3    UG:88   +
   11   125  1   0.0%   0.164 GU:5    AU:86   +
   36   137  0   0.0%   0.282 UA:91   --:1    +
   87   105  0   0.0%   0.194 CG:92   +
   20   146  1   0.0%   0.622 GU:56   AU:35   +
   95   109  0   0.0%   0.235 GU:92   +
   14   126  1   0.0%   0.260 CG:6    UG:85   +
   43    78  1   0.0%   0.159 GU:89   AU:2    +
  108   134  0   0.0%   1.342 GU:92   +
   42    79  0   0.0%   0.338 CG:92   +
   64    71  1   0.0%   0.127 GU:2    AU:89   +
  117   145  2   0.0%   0.594 CG:5    UG:55   UA:30   +
   35    42  0   0.0%   0.397 GC:92   +
   26   134  0   0.0%   0.324 AU:92   +
  104   125  1   0.0%   0.197 GU:2    AU:89   +
   79   115  0   0.0%   0.309 GC:92   +
  105   127  0   0.0%   0.413 GC:92   +
   88   110  0   0.0%   0.172 GC:92   +
   85   136  0   0.0%   0.639 CG:91   --:1    +
  105   134  0   0.0%   0.792 GU:92   +
   21   125  1   0.0%   0.166 GU:2    AU:89   +
   87    95  0   0.0%   0.114 CG:92   +
   83    97  0   0.0%   0.298 GC:92   +
   99   138  0   0.0%   0.150 UG:91   --:1    +
   35    85  0   0.0%   0.694 GC:92   +
   61    69  0   0.0%   0.144 GU:92   +
   22   125  1   0.0%   0.163 GU:2    AU:89   +
   32   146  1   0.0%   0.812 GU:37   AU:54   +
   83    87  0   0.0%   0.299 GC:92   +
   37   147  0   0.0%   0.868 CG:92   +
   68    83  0   0.0%   0.377 CG:92   +
   69    82  0   0.0%   0.239 UA:92   +
   39    73  0   0.0%   0.214 GC:92   +
   38    74  0   0.0%   0.008 AU:92   +
  115   147  0   0.0%   1.034 CG:92   +
   43   120  2   0.0%   0.175 GC:57   GU:32   AU:1    +
   86   138  0   0.0%   0.223 CG:91   --:1    +
   41    48  0   0.0%   0.212 UA:92   +
   24    94  1   0.0%   0.105 CG:90   UG:1    +
   51    81  0   0.0%   0.751 CG:92   +
  115   132  0   0.0%   1.128 CG:92   +
   15   134  0   0.0%   0.288 AU:92   +
   35    78  0   0.0%   0.243 GU:92   +
  112   143  0   0.0%   0.720 GC:92   +
   78   113  0   0.0%   0.560 UG:92   +
   99   119  0   0.0%   0.217 UA:92   +
   90   108  0   0.0%   0.230 CG:92   +
   85   132  0   0.0%   0.897 CG:92   +
   21   146  1   0.0%   0.498 GU:2    AU:89   +
   18    46  1   0.0%   0.003 GU:1    AU:90   +
  128   138  0   0.0%   0.366 CG:91   --:1    +
   98   120  1   0.0%   0.257 GC:58   GU:33   +
    4   125  1   0.0%   0.122 GU:53   AU:38   +
   68   132  0   0.0%   0.377 CG:92   +
   50    85  0   0.0%   0.463 GC:92   +
   17    95  1   0.0%   0.019 CG:88   UG:3    +
  136   146  0   0.0%   1.031 GU:91   --:1    +
   99   137  0   0.0%   0.074 UA:91   --:1    +
   26    36  0   0.0%   0.014 AU:92   +
   46   124  1   0.0%   0.034 UG:3    UA:88   +
   20   125  1   0.0%   0.184 GU:56   AU:35   +
   85    98  0   0.0%   0.328 CG:92   +
   15   109  0   0.0%   0.055 AU:92   +
   85   108  0   0.0%   0.474 CG:92   +
   16   134  1   0.0%   0.315 GU:1    AU:90   +
   76   138  0   0.0%   0.293 CG:91   --:1    +
   87   138  0   0.0%   0.231 CG:91   --:1    +
   23   125  1   0.0%   0.279 GU:2    AU:89   +
   17    50  1   0.0%   0.014 CG:88   UG:3    +
   31   146  1   0.0%   0.645 GU:29   AU:62   +
   26    99  0   0.0%   0.014 AU:92   +
   35   110  0   0.0%   0.524 GC:92   +
   22   146  1   0.0%   0.463 GU:2    AU:89   +
   81   120  1   0.0%   0.845 GC:58   GU:33   +
   80   138  0   0.0%   1.546 UG:91   --:1    +
   83    90  0   0.0%   0.312 GC:92   +
  109   123  1   0.0%   0.309 UG:2    UA:89   +
   79    87  0   0.0%   0.214 GC:92   +
   51    56  0   0.0%   0.040 CG:92   +
   61    90  0   0.0%   0.075 GC:92   +
   14   132  1   0.0%   0.363 CG:6    UG:85   +
   35    87  0   0.0%   0.507 GC:92   +
   62    89  1   0.0%   0.065 GU:23   AU:68   +
   75    80  0   0.0%   1.347 AU:92   +
   82    99  0   0.0%   0.179 AU:92   +
    2   134  0   0.0%   0.001 AU:92   +
   50    57  0   0.0%   0.043 GU:92   +
   37   108  0   0.0%   0.497 CG:92   +
  113   143  0   0.0%   0.807 GC:92   +
   25    99  0   0.0%   0.016 AU:92   +
    4   146  1   0.0%   0.402 GU:53   AU:38   +
   65    69  0   0.0%   0.088 AU:92   +
  127   136  0   0.0%   0.575 CG:91   --:1    +
   71    81  0   0.0%   0.522 UG:92   +
  117   126  1   0.0%   1.338 CG:7    UG:84   +
   77   136  0   0.0%   0.319 CG:91   --:1    +
   23   146  1   0.0%   0.578 GU:2    AU:89   +
   25   109  0   0.0%   0.100 AU:92   +
   83   143  0   0.0%   0.600 GC:92   +
   73   136  0   0.0%   0.202 CG:91   --:1    +
   38    54  0   0.0%   0.000 AU:92   +
   26   109  0   0.0%   0.098 AU:92   +
   17    88  1   0.0%   0.017 CG:88   UG:3    +
   89   129  1   0.0%   0.118 UG:1    UA:90   +
   99   112  0   0.0%   0.441 UG:92   +
   74   111  0   0.0%   0.203 UA:92   +
   15    99  0   0.0%   0.007 AU:92   +
   21    89  1   0.0%   0.005 GU:2    AU:89   +
   80    88  0   0.0%   1.181 UG:92   +
   73    81  0   0.0%   0.527 CG:92   +
   74   123  1   0.0%   0.204 UG:2    UA:89   +
   40    78  0   0.0%   0.531 GU:92   +
   78    83  0   0.0%   0.584 UG:92   +
   98   109  0   0.0%   0.348 GU:92   +
   30   147  1   0.0%   0.902 CG:3    UG:88   +
  104   146  1   0.0%   0.591 GU:2    AU:89   +
   35   115  0   0.0%   0.513 GC:92   +
   98   127  0   0.0%   0.301 GC:92   +
   10    46  1   0.0%   0.017 GU:34   AU:57   +
   37   132  0   0.0%   0.674 CG:92   +
    6    81  1   0.0%   0.080 CG:79   UG:12   +
   14   113  1   0.0%   0.175 CG:6    UG:85   +
   87   136  0   0.0%   0.234 CG:91   --:1    +
   99   136  0   0.0%   0.171 UG:91   --:1    +
   40   133  0   0.0%   0.834 GC:92   +
   86   132  0   0.0%   0.482 CG:92   +
   61    85  0   0.0%   0.385 GC:92   +
   60    86  0   0.0%   0.122 GC:92   +
   39   134  0   0.0%   0.893 GU:92   +
   12   134  0   0.0%   0.337 AU:92   +
    3    99  1   0.0%   0.001 GU:1    AU:90   +
   73   112  0   0.0%   0.191 CG:92   +
   57    61  0   0.0%   0.003 UG:92   +
   39   110  0   0.0%   0.548 GC:92   +
  109   138  0   0.0%   0.760 UG:91   --:1    +
    2   109  0   0.0%   0.000 AU:92   +
   26    78  0   0.0%   0.006 AU:92   +
   60    85  0   0.0%   0.413 GC:92   +
   41    49  0   0.0%   0.212 UA:92   +
   19   126  1   0.0%   0.214 CG:5    UG:86   +
   80   147  0   0.0%   1.950 UG:92   +
   41   132  0   0.0%   0.893 UG:92   +
   65    71  0   0.0%   0.125 AU:92   +
   37    88  0   0.0%   0.426 CG:92   +
   29   126  1   0.0%   0.845 CG:89   UG:2    +
   40   120  1   0.0%   0.559 GC:58   GU:33   +
   25   134  0   0.0%   0.329 AU:92   +
   81    99  0   0.0%   0.429 GU:92   +
   74    81  0   0.0%   0.599 UG:92   +
   87   147  0   0.0%   0.636 CG:92   +
   35    90  0   0.0%   0.511 GC:92   +
    3   109  1   0.0%   0.001 GU:1    AU:90   +
  101   146  1   0.0%   0.473 GU:1    AU:90   +
   66    71  0   0.0%   0.162 AU:92   +
   41   119  0   0.0%   0.604 UA:92   +
   40    73  0   0.0%   0.262 GC:92   +
   73   113  0   0.0%   0.271 CG:92   +
   50    68  0   0.0%   0.043 GC:92   +
   28   118  2   0.0%   0.666 GC:80   GU:9    AU:1    +
   72   114  0   0.0%   0.911 GC:92   +
   98   133  0   0.0%   0.461 GC:92   +
   99   132  0   0.0%   0.407 UG:92   +
   83   110  0   0.0%   0.383 GC:92   +
   42   113  0   0.0%   0.501 CG:92   +
  102   134  0   0.0%   0.401 AU:92   +
   89   124  1   0.0%   0.106 UG:3    UA:88   +
   39    74  0   0.0%   0.214 GU:92   +
   49    69  0   0.0%   0.001 AU:92   +
    2    99  0   0.0%   0.000 AU:92   +
   74   112  0   0.0%   0.263 UG:92   +
   73    98  0   0.0%   0.139 CG:92   +
   31   125  1   0.0%   0.342 GU:29   AU:62   +
   69   141  0   0.0%   0.087 UA:92   +
   14    81  1   0.0%   0.072 CG:6    UG:85   +
   88   109  0   0.0%   0.227 GU:92   +
   98   115  0   0.0%   0.305 GC:92   +
   33   146  1   0.0%   0.543 GU:1    AU:90   +
   88   133  0   0.0%   0.447 GC:92   +
   43   109  1   0.0%   0.277 GU:89   AU:2    +
   39    51  0   0.0%   0.169 GC:92   +
   49    54  0   0.0%   0.001 AU:92   +
   97   136  0   0.0%   0.263 CG:91   --:1    +
   40   109  0   0.0%   0.627 GU:92   +
   30    79  1   0.0%   0.244 CG:3    UG:88   +
   76   132  0   0.0%   0.506 CG:92   +
   40    77  0   0.0%   0.520 GC:92   +
   30   105  1   0.0%   0.433 CG:3    UG:88   +
   42   105  0   0.0%   0.345 CG:92   +
   15    80  0   0.0%   0.001 AU:92   +
   77    95  0   0.0%   0.179 CG:92   +
   73   108  0   0.0%   0.260 CG:92   +
   39    78  0   0.0%   0.484 GU:92   +
   40    90  0   0.0%   0.519 GC:92   +
   88   127  0   0.0%   0.308 GC:92   +
   17    83  1   0.0%   0.018 CG:88   UG:3    +
   74   107  0   0.0%   0.204 UA:92   +
   89   126  1   0.0%   0.305 CG:1    UG:90   +
   93   109  0   0.0%   0.144 AU:92   +
   59   138  0   0.0%   0.088 CG:91   --:1    +
  120   132  1   0.0%   0.770 CG:58   UG:33   +
   56    90  0   0.0%   0.126 GC:92   +
    3    36  1   0.0%   0.000 GU:1    AU:90   +
   51   138  0   0.0%   0.512 CG:91   --:1    +
   49    80  0   0.0%   1.154 AU:92   +
   78   108  0   0.0%   0.447 UG:92   +
   78   105  0   0.0%   0.318 UG:92   +
  109   136  0   0.0%   0.750 UG:91   --:1    +
   36   102  0   0.0%   0.270 UA:92   +
   40    97  0   0.0%   0.514 GC:92   +
   95   127  0   0.0%   0.389 GC:92   +
   77   113  0   0.0%   0.434 CG:92   +
   41    96  0   0.0%   0.568 UA:92   +
   72   115  0   0.0%   0.819 GC:92   +
   12    57  0   0.0%   0.002 AU:92   +
   94   128  1   0.0%   0.086 GC:90   GU:1    +
   41   106  0   0.0%   0.569 UA:92   +
   35    73  0   0.0%   0.238 GC:92   +
   20    89  1   0.0%   0.020 GU:57   AU:34   +
   25    36  0   0.0%   0.013 AU:92   +
   99   123  1   0.0%   0.060 UG:2    UA:89   +
   35    97  0   0.0%   0.506 GC:92   +
   79    97  0   0.0%   0.217 GC:92   +
   80    96  0   0.0%   1.134 UA:92   +
   42    95  0   0.0%   0.330 CG:92   +
   36    96  0   0.0%   0.270 UA:92   +
   51   105  0   0.0%   0.449 CG:92   +
   34    74  0   0.0%   0.007 AU:92   +
   42   108  0   0.0%   0.447 CG:92   +
  109   141  0   0.0%   0.671 UA:92   +
  123   134  1   0.0%   0.713 GU:2    AU:89   +
   39   143  0   0.0%   0.580 GC:92   +
   38    99  0   0.0%   0.158 AU:92   +
   78   112  0   0.0%   0.481 UG:92   +
   33   125  1   0.0%   0.239 GU:1    AU:90   +
   41    72  0   0.0%   0.253 UG:92   +
   72    99  0   0.0%   0.796 GU:92   +
  125   137  0   0.0%   0.594 UA:91   --:1    +
   40    52  0   0.0%   0.292 GC:92   +
   61    74  0   0.0%   0.267 GU:92   +
   73   132  0   0.0%   0.424 CG:92   +
   72   133  0   0.0%   1.068 GC:92   +
   52    61  0   0.0%   0.043 CG:92   +
   30   145  2   0.0%   0.536 CG:2    UG:57   UA:31   +
   15    78  0   0.0%   0.001 AU:92   +
   14    35  1   0.0%   0.071 CG:6    UG:85   +
   36    72  0   0.0%   0.239 UG:92   +
   87   113  0   0.0%   0.570 CG:92   +
   17    39  1   0.0%   0.011 CG:88   UG:3    +
   78   136  0   0.0%   0.569 UG:91   --:1    +
   64    74  1   0.0%   0.205 GU:2    AU:89   +
   79    90  0   0.0%   0.217 GC:92   +
   37    95  0   0.0%   0.379 CG:92   +
  125   145  1   0.0%   0.693 UG:59   UA:32   +
   14    44  3   0.0%   0.074 CG:6    UG:81   AU:1    UA:1    +
   72    77  0   0.0%   0.943 GC:92   +
    3    78  1   0.0%   0.000 GU:1    AU:90   +
   76   105  0   0.0%   0.172 CG:92   +
   32   125  1   0.0%   0.507 GU:37   AU:54   +
   47   126  1   0.0%   0.198 CG:5    UG:86   +
  101   125  1   0.0%   0.169 GU:1    AU:90   +
  124   146  1   0.0%   0.850 GU:3    AU:88   +
   85   147  0   0.0%   1.042 CG:92   +
   35    51  0   0.0%   0.231 GC:92   +
   25    41  0   0.0%   0.043 AU:92   +
   79   133  0   0.0%   0.810 GC:92   +
   36    50  0   0.0%   0.233 UG:92   +
   40   110  0   0.0%   0.532 GC:92   +
   79   109  0   0.0%   0.342 GU:92   +
   15    36  0   0.0%   0.002 AU:92   +
   97   138  0   0.0%   0.242 CG:91   --:1    +
  134   147  0   0.0%   2.063 UG:92   +
   50    59  0   0.0%   0.043 GC:92   +
   57    83  0   0.0%   0.497 UG:92   +
   81    97  0   0.0%   0.415 GC:92   +
   74   141  0   0.0%   0.207 UA:92   +
   78    88  0   0.0%   0.336 UG:92   +
   36    53  0   0.0%   0.232 UA:92   +
   38   134  0   0.0%   0.471 AU:92   +
   26    80  0   0.0%   0.008 AU:92   +
   72   109  0   0.0%   0.906 GU:92   +
   74    96  0   0.0%   0.203 UA:92   +
   41   147  0   0.0%   1.089 UG:92   +
   34    41  0   0.0%   0.211 AU:92   +
   80   132  0   0.0%   1.744 UG:92   +
   81   143  0   0.0%   0.770 GC:92   +
   50    78  0   0.0%   0.354 GU:92   +
    6    40  1   0.0%   0.072 CG:79   UG:12   +
   51   108  0   0.0%   0.562 CG:92   +
   78   103  0   0.0%   0.298 UA:92   +
   36   103  0   0.0%   0.270 UA:92   +
   32    47  2   0.0%   0.007 GC:3    GU:35   AU:52   +
   39   133  0   0.0%   0.850 GC:92   +
   90   147  0   0.0%   0.586 CG:92   +
   48   109  0   0.0%   0.143 AU:92   +
   46    67  1   0.0%   0.013 UG:1    UA:90   +
   35    54  0   0.0%   0.231 GU:92   +
   27   135  2   0.0%   0.671 GC:4    GU:83   AU:2    --:1    +
   50   109  0   0.0%   0.270 GU:92   +
   37   138  0   0.0%   0.459 CG:91   --:1    +
   78    98  0   0.0%   0.306 UG:92   +
   14    83  1   0.0%   0.073 CG:6    UG:85   +
   42    88  0   0.0%   0.378 CG:92   +
   33    46  1   0.0%   0.012 GU:1    AU:90   +
   65    74  0   0.0%   0.202 AU:92   +
   35    59  0   0.0%   0.231 GC:92   +
   90    98  0   0.0%   0.162 CG:92   +
   85   138  0   0.0%   0.636 CG:91   --:1    +
   40    68  0   0.0%   0.254 GC:92   +
   76   112  0   0.0%   0.218 CG:92   +
   79   114  0   0.0%   0.400 GC:92   +
   46   104  1   0.0%   0.022 UG:2    UA:89   +
   95   143  0   0.0%   0.217 GC:92   +
    2    78  0   0.0%   0.000 AU:92   +
    3    74  1   0.0%   0.000 GU:1    AU:90   +
   50   115  0   0.0%   0.185 GC:92   +
   14    98  1   0.0%   0.076 CG:6    UG:85   +
   34   109  0   0.0%   0.179 AU:92   +
  126   144  1   0.0%   1.120 GC:2    GU:89   +
   37    83  0   0.0%   0.581 CG:92   +
  114   136  0   0.0%   0.904 CG:91   --:1    +
   39    69  0   0.0%   0.207 GU:92   +
   14    79  1   0.0%   0.073 CG:6    UG:85   +
   37    56  0   0.0%   0.211 CG:92   +
   80   113  0   0.0%   1.361 UG:92   +
   32    46  1   0.0%   0.014 GU:38   AU:53   +
   36   107  0   0.0%   0.270 UA:92   +
   57   141  0   0.0%   0.207 UA:92   +
  120   147  1   0.0%   0.693 CG:58   UG:33   +
   94   118  1   0.0%   0.237 GC:81   GU:10   +
   36   123  1   0.0%   0.277 UG:2    UA:89   +
   93    99  0   0.0%   0.022 AU:92   +
   18    89  1   0.0%   0.005 GU:1    AU:90   +
   66   134  0   0.0%   0.366 AU:92   +
   80   141  0   0.0%   1.462 UA:92   +
    6    88  1   0.0%   0.081 CG:79   UG:12   +
   37   113  0   0.0%   0.487 CG:92   +
   80    98  0   0.0%   1.142 UG:92   +
  125   136  0   0.0%   0.695 UG:91   --:1    +
   83   120  1   0.0%   0.672 GC:58   GU:33   +
   97   147  0   0.0%   0.644 CG:92   +
   12    78  0   0.0%   0.003 AU:92   +
   16    78  1   0.0%   0.005 GU:1    AU:90   +
   39   120  1   0.0%   0.575 GC:58   GU:33   +
   71   141  0   0.0%   0.125 UA:92   +
   39    76  0   0.0%   0.208 GC:92   +
   51    60  0   0.0%   0.039 CG:92   +
   50   143  0   0.0%   0.162 GC:92   +
  119   134  0   0.0%   0.889 AU:92   +
   72    76  0   0.0%   0.927 GC:92   +
   43   139  2   0.0%   0.190 GC:21   GU:68   AU:1    +
   76    88  0   0.0%   0.198 CG:92   +
   51    95  0   0.0%   0.434 CG:92   +
   74   136  0   0.0%   0.273 UG:91   --:1    +
   36    55  0   0.0%   0.232 UA:92   +
   52   136  0   0.0%   0.503 CG:91   --:1    +
   46    63  1   0.0%   0.013 UG:2    UA:89   +
  125   138  0   0.0%   0.642 UG:91   --:1    +
   68    72  0   0.0%   0.864 CG:92   +
   87   132  0   0.0%   0.490 CG:92   +
   48    71  0   0.0%   0.005 AU:92   +
   74    93  0   0.0%   0.203 UA:92   +
   36   141  0   0.0%   0.281 UA:92   +
   26    41  0   0.0%   0.044 AU:92   +
    2    36  0   0.0%   0.000 AU:92   +
   17    56  1   0.0%   0.013 CG:88   UG:3    +
   55    71  0   0.0%   0.060 AU:92   +
  105   135  2   0.3%   0.497 GC:4    GU:85   --:1    +
   14    20  3   0.2%   0.090 CG:4    UG:52   UA:33   +
  135   145  3   0.1%   0.620 CG:3    UG:54   UA:31   --:1    +
   92   135  5   0.4%   0.176 GC:1    GU:7    AU:78   --:1    +
   94   133  1   0.4%   0.464 GC:91   +
   10   144  2   0.2%   0.079 GU:34   AU:56   +
   14   145  3   0.1%   0.103 CG:4    UG:55   UA:30   +
   20    47  3   0.1%   0.028 GC:2    GU:55   AU:32   +
    4   135  3   0.0%   0.399 GC:3    GU:48   AU:37   --:1    +
   10    19  4   0.2%   0.041 GC:1    GU:33   AU:54   +
  104   144  2   0.1%   0.320 GU:2    AU:88   +
   13   113  2   0.1%   0.217 CG:87   UG:3    +
   43   135  3   0.0%   0.234 GC:4    GU:83   AU:1    --:1    +
  126   133  1   0.3%   1.607 GC:91   +
    4   139  3   0.0%   0.396 GC:19   GU:34   AU:36   +
   10    47  3   0.0%   0.019 GC:2    GU:32   AU:55   +
   11    30  3   0.0%   0.074 GC:1    GU:4    AU:84   +
   22    30  3   0.0%   0.070 GC:1    GU:1    AU:87   +
   10    30  3   0.0%   0.085 GC:1    GU:33   AU:55   +
   28   120  3   0.0%   0.671 GC:56   GU:32   AU:1    +
   30   124  3   0.0%   0.420 CG:1    UG:2    UA:86   +
   44   125  3   0.0%   0.167 GU:87   UG:1    AU:1    +
   47   145  3   0.0%   0.127 CG:2    UG:58   UA:29   +
   13   112  2   0.1%   0.122 CG:87   UG:3    +
  120   145  4   0.1%   0.325 CG:55   UG:4    UA:29   +
   13   147  2   0.1%   0.484 CG:87   UG:3    +
   13   105  2   0.0%   0.060 CG:87   UG:3    +
   17    94  2   0.0%   0.021 CG:87   UG:3    +
   45   109  1   0.2%   0.253 AU:91   +
   13    98  2   0.0%   0.059 CG:87   UG:3    +
   13    35  2   0.0%   0.051 CG:87   UG:3    +
   20   130  4   0.1%   0.044 GC:50   GU:7    AU:31   +
   21   144  2   0.0%   0.214 GU:2    AU:88   +
   13   132  2   0.0%   0.400 CG:87   UG:3    +
  119   125  1   0.2%   0.738 AU:91   +
   10    14  4   0.1%   0.063 GC:3    GU:30   AU:55   +
  101   144  2   0.0%   0.188 GU:1    AU:89   +
   13    40  2   0.0%   0.050 CG:87   UG:3    +
   13    79  2   0.0%   0.053 CG:87   UG:3    +
    9   144  2   0.0%   0.191 GU:6    AU:84   +
   13    83  2   0.0%   0.054 CG:87   UG:3    +
   22   144  2   0.0%   0.179 GU:2    AU:88   +
   27    84  2   0.0%   0.389 GC:89   GU:1    +
  109   122  2   0.0%   0.414 UG:6    UA:84   +
   16   125  2   0.0%   0.184 GU:1    AU:89   +
  129   144  2   0.0%   0.343 GU:1    AU:89   +
   23   144  2   0.0%   0.294 GU:2    AU:88   +
   43   125  2   0.0%   0.329 GU:89   AU:1    +
   16   146  2   0.0%   0.375 GU:1    AU:89   +
   80   122  2   0.0%   1.537 UG:6    UA:84   +
  108   135  2   0.0%   0.814 GC:4    GU:85   --:1    +
  135   147  2   0.0%   1.178 CG:4    UG:85   --:1    +
   16    89  2   0.0%   0.006 GU:1    AU:89   +
   46   123  2   0.0%   0.034 UG:2    UA:88   +
   18   144  2   0.0%   0.089 GU:1    AU:89   +
   13    88  2   0.0%   0.052 CG:87   UG:3    +
   98   135  2   0.0%   0.241 GC:4    GU:85   --:1    +
    5   135  2   0.0%   0.691 GC:4    GU:85   --:1    +
  112   135  2   0.0%   0.826 GC:4    GU:85   --:1    +
   74   122  2   0.0%   0.207 UG:6    UA:84   +
   16    46  2   0.0%   0.006 GU:1    AU:89   +
   99   122  2   0.0%   0.165 UG:6    UA:84   +
   13    39  2   0.0%   0.048 CG:87   UG:3    +
   13    56  2   0.0%   0.051 CG:87   UG:3    +
   13    81  2   0.0%   0.052 CG:87   UG:3    +
   27    91  2   0.0%   0.591 GC:86   GU:4    +
   13    50  2   0.0%   0.052 CG:87   UG:3    +
  122   134  2   0.0%   0.818 GU:6    AU:84   +
   33   144  2   0.0%   0.253 GU:1    AU:89   +
   43   128  2   0.0%   0.167 GC:89   AU:1    +
  124   144  2   0.0%   0.578 GU:3    AU:87   +
   30   126  2   0.0%   0.605 CG:3    UG:87   +
   36   122  2   0.0%   0.280 UG:6    UA:84   +
   88   135  2   0.0%   0.227 GC:4    GU:85   --:1    +
   46    64  2   0.0%   0.013 UG:2    UA:88   +
   32   144  2   0.0%   0.522 GU:38   AU:52   +
  126   135  2   0.0%   1.044 GC:4    GU:85   --:1    +
   13    95  2   0.0%   0.052 CG:87   UG:3    +
   13    28  4   0.1%   0.127 CG:85   UG:2    UA:1    +
   82    89  1   0.1%   0.228 AU:91   +
  119   146  1   0.1%   0.674 AU:91   +
   32   135  4   0.0%   0.413 GC:2    GU:34   AU:51   --:1    +
   17    44  4   0.0%   0.016 CG:84   UG:3    AU:1    +
   77    94  1   0.1%   0.191 CG:91   +
   19    44  4   0.0%   0.028 CG:4    UG:83   UA:1    +
  109   142  1   0.1%   0.707 UA:91   +
   44   117  4   0.0%   0.006 GC:7    GU:80   AU:1    +
   25   146  1   0.1%   0.485 AU:91   +
   19    32  4   0.0%   0.024 CG:1    UG:37   UA:50   +
   44   120  4   0.0%   0.014 GC:57   GU:30   UA:1    +
    5    73  1   0.1%   0.140 GC:91   +
   14    32  4   0.0%   0.069 CG:3    UG:34   UA:51   +
   44   139  4   0.0%   0.028 GC:21   GU:66   AU:1    +
    4    47  4   0.0%   0.108 GC:1    GU:52   AU:35   +
   31    47  4   0.0%   0.009 GC:1    GU:28   AU:59   +
   47    63  4   0.0%   0.008 CG:1    UG:1    UA:86   +
   47    62  4   0.0%   0.008 CG:1    UG:22   UA:65   +
   62   135  4   0.0%   0.086 GC:2    GU:21   AU:64   --:1    +
   27   110  2   0.3%   0.639 GC:90   +
    9   135  6   0.3%   0.221 GU:6    AU:79   --:1    +
    5   143  1   0.1%   0.723 GC:91   +
   99   142  1   0.1%   0.090 UA:91   +
   14   122  6   0.0%   0.082 CG:1    UG:5    AU:1    UA:79   +
   19   131  3   0.1%   0.049 CG:2    UA:87   +
   36   142  1   0.1%   0.293 UA:91   +
  109   116  1   0.1%   0.437 UA:91   +
  111   125  1   0.0%   0.244 AU:91   +
  110   126  1   0.0%   0.539 CG:91   +
   83   148  1   0.0%   0.951 GC:91   +
   53   146  1   0.0%   0.551 AU:91   +
   46    75  1   0.0%   0.167 UA:91   +
  108   148  1   0.0%   1.050 GC:91   +
   57   142  1   0.0%   0.221 UA:91   +
   45    80  1   0.0%   1.197 AU:91   +
   17    27  3   0.0%   0.019 CG:86   UG:3    +
   25   125  1   0.0%   0.172 AU:91   +
   50   148  1   0.0%   0.512 GC:91   +
   45    74  1   0.0%   0.024 AU:91   +
  141   146  1   0.0%   1.294 AU:91   +
   35   148  1   0.0%   0.880 GC:91   +
   18   125  1   0.0%   0.169 AU:91   +
   19    23  3   0.0%   0.026 CG:2    UA:87   +
   10   135  5   0.0%   0.062 GC:1    GU:32   AU:53   --:1    +
   75   125  1   0.0%   0.386 AU:91   +
   13    44  5   0.0%   0.055 CG:83   GU:1    UG:3    +
   71   140  1   0.0%   0.129 UA:91   +
   94   115  1   0.0%   0.270 GC:91   +
   90    94  1   0.0%   0.088 CG:91   +
    5   115  1   0.0%   0.231 GC:91   +
    5   110  1   0.0%   0.142 GC:91   +
   86    94  1   0.0%   0.044 CG:91   +
   13    27  3   0.0%   0.046 CG:86   UG:3    +
  108   125  1   0.0%   0.498 GU:91   +
  109   126  1   0.0%   0.512 UG:91   +
   76    94  1   0.0%   0.156 CG:91   +
   89   119  1   0.0%   0.265 UA:91   +
   73   126  1   0.0%   0.322 CG:91   +
  122   144  4   0.1%   0.330 GU:6    AU:82   +
   80   142  1   0.0%   1.472 UA:91   +
   46    82  1   0.0%   0.175 UA:91   +
   41   126  1   0.0%   0.791 UG:91   +
  113   148  1   0.0%   1.135 GC:91   +
   94   110  1   0.0%   0.154 GC:91   +
   99   140  1   0.0%   0.066 UA:91   +
   98   148  1   0.0%   0.480 GC:91   +
    4   130  5   0.0%   0.124 GC:49   GU:4    AU:34   +
   89   106  1   0.0%   0.104 UA:91   +
   76   126  1   0.0%   0.405 CG:91   +
  105   148  1   0.0%   0.704 GC:91   +
    6    27  3   0.0%   0.002 CG:77   UG:12   +
   15   146  1   0.0%   0.355 AU:91   +
   41    45  1   0.0%   0.212 UA:91   +
    5    51  1   0.0%   0.121 GC:91   +
   89   137  1   0.0%   0.120 UA:90   --:1    +
    5    77  1   0.0%   0.128 GC:91   +
    2   146  1   0.0%   0.002 AU:91   +
   46   106  1   0.0%   0.024 UA:91   +
   25    46  1   0.0%   0.013 AU:91   +
   46   107  1   0.0%   0.024 UA:91   +
   85    94  1   0.0%   0.330 CG:91   +
   31   135  5   0.0%   0.243 GC:1    GU:27   AU:58   --:1    +
   43   118  3   0.0%   0.169 GC:79   GU:10   +
   78   140  1   0.0%   0.509 UA:91   +
   15   125  1   0.0%   0.157 AU:91   +
   51   126  1   0.0%   0.624 CG:91   +
   17    43  3   0.0%   0.015 CG:86   UG:3    +
   12    46  1   0.0%   0.004 AU:91   +
  111   146  1   0.0%   0.541 AU:91   +
   36   126  1   0.0%   0.463 UG:91   +
   45    71  1   0.0%   0.006 AU:91   +
  107   125  1   0.0%   0.182 AU:91   +
   46    70  1   0.0%   0.014 UA:91   +
   41   142  1   0.0%   0.610 UA:91   +
   46   137  1   0.0%   0.037 UA:90   --:1    +
   20   139  5   0.0%   0.091 GC:17   GU:40   AU:30   +
   74   126  1   0.0%   0.393 UG:91   +
   12   146  1   0.0%   0.406 AU:91   +
   88   148  1   0.0%   0.480 GC:91   +
  125   141  1   0.0%   0.565 UA:91   +
   26   125  1   0.0%   0.164 AU:91   +
   42   126  1   0.0%   0.551 CG:91   +
   12   125  1   0.0%   0.206 AU:91   +
    2   125  1   0.0%   0.001 AU:91   +
   36   116  1   0.0%   0.275 UA:91   +
   78   116  1   0.0%   0.366 UA:91   +
  112   148  1   0.0%   1.046 GC:91   +
   26    46  1   0.0%   0.013 AU:91   +
  102   146  1   0.0%   0.478 AU:91   +
   89    93  1   0.0%   0.062 UA:91   +
   10   117  5   0.0%   0.021 GC:2    GU:32   AU:53   +
   26   146  1   0.0%   0.468 AU:91   +
   41   116  1   0.0%   0.603 UA:91   +
   25    89  1   0.0%   0.043 AU:91   +
   89   111  1   0.0%   0.160 UA:91   +
   94   143  1   0.0%   0.112 GC:91   +
    5    76  1   0.0%   0.127 GC:91   +
   77   126  1   0.0%   0.429 CG:91   +
    5    86  1   0.0%   0.129 GC:91   +
   38   146  1   0.0%   0.610 AU:91   +
  112   125  1   0.0%   0.588 GU:91   +
   99   126  1   0.0%   0.259 UG:91   +
  106   125  1   0.0%   0.186 AU:91   +
   46    53  1   0.0%   0.014 UA:91   +
   37   126  1   0.0%   0.569 CG:91   +
   45    54  1   0.0%   0.001 AU:91   +
   79   148  1   0.0%   0.884 GC:91   +
    5   125  1   0.0%   0.231 GU:91   +
   81   148  1   0.0%   1.110 GC:91   +
   38   125  1   0.0%   0.307 AU:91   +
  123   144  3   0.0%   0.209 GU:2    AU:87   +
   35   125  1   0.0%   0.677 GU:91   +
  106   146  1   0.0%   0.503 AU:91   +
   32   117  5   0.0%   0.346 GC:2    GU:36   AU:49   +
   98   125  1   0.0%   0.277 GU:91   +
   94   114  1   0.0%   0.435 GC:91   +
  103   146  1   0.0%   0.480 AU:91   +
   88   125  1   0.0%   0.284 GU:91   +
   26    89  1   0.0%   0.041 AU:91   +
   12    89  1   0.0%   0.003 AU:91   +
  105   146  1   0.0%   0.811 GU:91   +
   97   126  1   0.0%   0.352 CG:91   +
   99   116  1   0.0%   0.189 UA:91   +
    5   146  1   0.0%   0.712 GU:91   +
   80   140  1   0.0%   1.464 UA:91   +
  113   125  1   0.0%   0.671 GU:91   +
   40   148  1   0.0%   0.904 GC:91   +
   39   148  1   0.0%   0.922 GC:91   +
  103   125  1   0.0%   0.175 AU:91   +
   38    46  1   0.0%   0.012 AU:91   +
   87   126  1   0.0%   0.343 CG:91   +
   53   125  1   0.0%   0.239 AU:91   +
   48   125  1   0.0%   0.183 AU:91   +
   36    45  1   0.0%   0.232 UA:91   +
  102   125  1   0.0%   0.174 AU:91   +
   89   107  1   0.0%   0.107 UA:91   +
   45   134  1   0.0%   0.444 AU:91   +
   43    91  3   0.0%   0.164 GC:85   GU:4    +
   15    46  1   0.0%   0.002 AU:91   +
   34   125  1   0.0%   0.230 AU:91   +
   45    69  1   0.0%   0.001 AU:91   +
   52   126  1   0.0%   0.622 CG:91   +
   85   126  1   0.0%   0.749 CG:91   +
  126   143  1   0.0%   0.952 GC:91   +
   74   116  1   0.0%   0.204 UA:91   +
   44   135  5   0.0%   0.070 GC:4    GU:81   AU:1    --:1    +
    5    37  1   0.0%   0.119 GC:91   +
   69   142  1   0.0%   0.095 UA:91   +
  125   132  1   0.0%   1.142 UG:91   +
   46    66  1   0.0%   0.013 UA:91   +
    5    42  1   0.0%   0.119 GC:91   +
    5    97  1   0.0%   0.129 GC:91   +
   13    94  3   0.0%   0.052 CG:86   UG:3    +
  116   134  1   0.0%   1.212 AU:91   +
   89   122  3   0.0%   0.212 UG:6    UA:83   +
   71   116  1   0.0%   0.123 UA:91   +
  109   140  1   0.0%   0.674 UA:91   +
  107   146  1   0.0%   0.676 AU:91   +
  105   125  1   0.0%   0.388 GU:91   +
   46   111  1   0.0%   0.034 UA:91   +
   52    94  1   0.0%   0.434 CG:91   +
  125   129  1   0.0%   0.683 UA:91   +
   81   146  1   0.0%   1.222 GU:91   +
   29    43  3   0.0%   0.456 CG:87   UG:2    +
   86   126  1   0.0%   0.334 CG:91   +
   82   125  1   0.0%   0.339 AU:91   +
    5    87  1   0.0%   0.129 GC:91   +
   40   125  1   0.0%   0.712 GU:91   +
   73    94  1   0.0%   0.133 CG:91   +
   46   122  3   0.0%   0.037 UG:6    UA:83   +
  132   146  1   0.0%   1.904 GU:91   +
   75    89  1   0.0%   0.260 AU:91   +
   27    86  2   0.2%   0.607 GC:90   +
   12   144  2   0.1%   0.143 AU:90   +
  107   144  2   0.1%   0.414 AU:90   +
   11   117  6   0.0%   0.010 GC:1    GU:4    AU:81   +
   14    31  6   0.0%   0.069 CG:1    UG:28   UA:57   +
   92   117  6   0.0%   0.093 GC:2    GU:6    AU:78   +
   31   117  6   0.0%   0.182 GC:1    GU:28   AU:57   +
   15   144  2   0.1%   0.094 AU:90   +
   20   120  7   0.0%   0.035 GC:52   GU:4    AU:29   +
   17    28  4   0.0%   0.084 CG:85   UG:3    +
    4   100  7   0.0%   0.122 GC:1    GU:47   AU:37   +
   13    43  4   0.0%   0.050 CG:85   UG:3    +
   11    19  5   0.1%   0.029 GU:5    AU:82   +
    6    43  4   0.0%   0.072 CG:76   UG:12   +
    9    30  4   0.0%   0.076 GU:6    AU:82   +
   20   100  7   0.0%   0.030 GC:1    GU:50   AU:34   +
   27    90  2   0.1%   0.601 GC:90   +
   34   144  2   0.1%   0.256 AU:90   +
   55   144  2   0.0%   0.305 AU:90   +
  100   145  7   0.0%   0.127 CG:1    UG:53   UA:31   +
   31   100  7   0.0%   0.185 GC:1    GU:22   AU:62   +
    4   120  8   0.0%   0.126 GC:51   GU:2    AU:31   +
    9    19  5   0.0%   0.013 GU:6    AU:81   +
   26   144  2   0.0%   0.179 AU:90   +
   27   143  2   0.0%   0.618 GC:90   +
   89   116  2   0.0%   0.235 UA:90   +
   89   142  2   0.0%   0.117 UA:90   +
   11    47  5   0.0%   0.008 GU:5    AU:82   +
  102   144  2   0.0%   0.193 AU:90   +
   27   114  2   0.0%   0.695 GC:90   +
   27   115  2   0.0%   0.609 GC:90   +
   44   118  5   0.0%   0.008 GC:77   GU:10   +
   27   133  2   0.0%   0.890 GC:90   +
  111   144  2   0.0%   0.270 AU:90   +
  103   144  2   0.0%   0.195 AU:90   +
   93   144  2   0.0%   0.211 AU:90   +
  106   144  2   0.0%   0.226 AU:90   +
   82   144  2   0.0%   0.401 AU:90   +
    2   144  2   0.0%   0.001 AU:90   +
   25   144  2   0.0%   0.181 AU:90   +
   27   127  2   0.0%   0.785 GC:90   +
   27    87  2   0.0%   0.587 GC:90   +
   89   140  2   0.0%   0.110 UA:90   +
   27    77  2   0.0%   0.388 GC:90   +
    9    47  5   0.0%   0.008 GU:6    AU:81   +
   22   117  5   0.0%   0.005 GC:2    AU:85   +
   94   148  2   0.0%   0.455 GC:90   +
   45    89  2   0.0%   0.151 AU:90   +
   27    76  2   0.0%   0.387 GC:90   +
   38   144  2   0.0%   0.324 AU:90   +
   96   144  2   0.0%   0.329 AU:90   +
   46   116  2   0.0%   0.034 UA:90   +
  119   144  2   0.0%   0.378 AU:90   +
   44    91  5   0.0%   0.003 GC:83   GU:4    +
   49   144  2   0.0%   0.245 AU:90   +
   48   144  2   0.0%   0.199 AU:90   +
    9    14  7   0.1%   0.059 GU:6    AU:79   +
   19    92  6   0.0%   0.028 UG:8    UA:78   +
    6    44  6   0.0%   0.072 CG:74   UG:12   +
   30   122  6   0.0%   0.424 UG:6    UA:80   +
   19   122  7   0.0%   0.039 UG:6    UA:79   +
    9   117  7   0.0%   0.014 GU:6    AU:79   +
   47   122  7   0.0%   0.014 UG:6    UA:79   +
   10   100  8   0.0%   0.025 GU:32   AU:52   +
   32   100  8   0.0%   0.350 GU:37   AU:47   +
   31   139 13   0.0%   0.202 GC:9    GU:20   AU:50   +
....((....................(((.......(((((.......(((.(((((.........)))))))))))))...))).((((....)))).............(((...........)))((((..........))))))....
